spk_ver/v00/v0000	SES146	0.41361	24.1786	23.7649
spk_ver/v00/v0001	SES002	-10.7466	12.4722	23.2188
spk_ver/v00/v0002	SES002	-6.41481	17.6553	24.0701
spk_ver/v00/v0003	SES002	-15.4692	6.87336	22.3425
spk_ver/v00/v0004	SES002	-5.4026	18.5269	23.9295
spk_ver/v00/v0005	SES002	-6.33546	16.8044	23.1399
spk_ver/v00/v0006	SES002	-7.11601	19.4412	26.5573
spk_ver/v00/v0007	SES002	-8.31623	13.5964	21.9127
spk_ver/v00/v0008	SES146	0.101471	23.5463	23.4449
spk_ver/v00/v0009	SES002	-2.17662	25.0759	27.2525
spk_ver/v00/v0010	SES002	-5.90259	17.6964	23.599
spk_ver/v00/v0011	SES002	-3.40687	18.2837	21.6906
spk_ver/v00/v0012	SES002	-6.12453	21.8023	27.9268
spk_ver/v00/v0013	SES002	-7.0018	19.3101	26.3119
spk_ver/v00/v0014	SES002	-2.54298	22.9649	25.5079
spk_ver/v00/v0015	SES002	-4.03134	22.05	26.0813
spk_ver/v00/v0016	SES275	0.411882	24.9937	24.5818
spk_ver/v00/v0017	SES002	-1.74249	24.3972	26.1397
spk_ver/v00/v0018	SES002	-16.7368	7.05511	23.7919
spk_ver/v00/v0019	SES002	-3.35997	20.8034	24.1634
spk_ver/v00/v0020	SES002	-13.5091	8.00477	21.5138
spk_ver/v00/v0021	SES002	-8.0783	15.3395	23.4178
spk_ver/v00/v0022	SES002	-4.19996	21.3157	25.5157
spk_ver/v00/v0023	SES002	-8.99965	17.1943	26.1939
spk_ver/v00/v0024	SES002	-11.2351	12.2774	23.5124
spk_ver/v00/v0025	SES002	-11.139	13.2096	24.3486
spk_ver/v00/v0026	SES002	-6.08452	18.6062	24.6907
spk_ver/v00/v0027	SES129	1.34413	25.5816	24.2374
spk_ver/v00/v0028	SES007	-3.09679	21.874	24.9708
spk_ver/v00/v0029	SES083	-0.82831	25.7374	26.5657
spk_ver/v00/v0030	SES019	2.47056	27.0607	24.5902
spk_ver/v00/v0031	SES007	-3.15036	20.916	24.0663
spk_ver/v00/v0032	SES270	0.569225	25.0958	24.5266
spk_ver/v00/v0033	SES007	-3.56246	21.7877	25.3502
spk_ver/v00/v0034	SES007	-5.02166	17.2104	22.2321
spk_ver/v00/v0035	SES007	-2.14587	23.3644	25.5102
spk_ver/v00/v0036	SES007	-3.70579	20.8475	24.5533
spk_ver/v00/v0037	SES007	-4.85793	20.9145	25.7724
spk_ver/v00/v0038	SES259	2.60997	28.8059	26.196
spk_ver/v00/v0039	SES007	-3.99722	18.6904	22.6876
spk_ver/v00/v0040	SES007	-5.1647	21.8673	27.032
spk_ver/v00/v0041	SES007	-3.53643	21.2735	24.8099
spk_ver/v00/v0042	SES007	-2.50948	18.5108	21.0203
spk_ver/v00/v0043	SES007	-3.03294	22.1695	25.2025
spk_ver/v00/v0044	SES007	-4.51991	23.4388	27.9587
spk_ver/v00/v0045	SES007	-2.00648	23.8917	25.8981
spk_ver/v00/v0046	SES007	-3.15204	22.3437	25.4957
spk_ver/v00/v0047	SES172	-0.103258	25.3613	25.4645
spk_ver/v00/v0048	SES105	1.58549	26.5128	24.9273
spk_ver/v00/v0049	SES007	-2.28346	24.2532	26.5366
spk_ver/v00/v0050	SES292	-0.538542	25.0757	25.6142
spk_ver/v00/v0051	SES007	-2.72917	21.325	24.0542
spk_ver/v00/v0052	SES068	0.406961	26.7108	26.3038
spk_ver/v00/v0053	SES008	-2.51888	24.2193	26.7382
spk_ver/v00/v0054	SES008	-7.75571	14.0663	21.822
spk_ver/v00/v0055	SES008	-3.1368	21.4067	24.5435
spk_ver/v00/v0056	SES008	-7.23612	18.4164	25.6525
spk_ver/v00/v0057	SES008	-5.24574	20.7488	25.9946
spk_ver/v00/v0058	SES083	0.34561	26.1661	25.8205
spk_ver/v00/v0059	SES158	1.11271	26.0143	24.9016
spk_ver/v00/v0060	SES008	-3.46884	21.0001	24.4689
spk_ver/v00/v0061	SES101	-1.34915	24.1905	25.5396
spk_ver/v00/v0062	SES008	-4.75499	18.8912	23.6462
spk_ver/v00/v0063	SES008	-4.18741	21.0484	25.2358
spk_ver/v00/v0064	SES117	1.29609	23.9048	22.6087
spk_ver/v00/v0065	SES149	1.77699	28.6435	26.8665
spk_ver/v00/v0066	SES008	-1.04927	24.6776	25.7268
spk_ver/v00/v0067	SES008	-3.38379	19.8952	23.279
spk_ver/v00/v0068	SES162	1.37627	24.6405	23.2642
spk_ver/v00/v0069	SES008	-7.78107	17.5431	25.3242
spk_ver/v00/v0070	SES008	-1.16964	24.2341	25.4038
spk_ver/v00/v0071	SES008	-4.83071	19.3112	24.1419
spk_ver/v00/v0072	SES008	-2.30863	25.6033	27.9119
spk_ver/v00/v0073	SES008	-3.70523	23.218	26.9232
spk_ver/v00/v0074	SES008	-4.91898	19.9459	24.8649
spk_ver/v00/v0075	SES008	-8.63545	15.8154	24.4508
spk_ver/v00/v0076	SES167	1.56402	26.2106	24.6466
spk_ver/v00/v0077	SES008	-3.44928	23.0088	26.4581
spk_ver/v00/v0078	SES177	0.0307617	26.1313	26.1005
spk_ver/v00/v0079	SES008	-2.92306	20.196	23.1191
spk_ver/v00/v0080	SES008	-4.64376	20.4986	25.1424
spk_ver/v00/v0081	SES008	-6.79755	16.0252	22.8228
spk_ver/v00/v0082	SES008	-3.71753	21.4505	25.168
spk_ver/v00/v0083	SES008	-7.7613	15.0807	22.842
spk_ver/v00/v0084	SES144	0.921247	26.3095	25.3882
spk_ver/v00/v0085	SES008	-3.44319	20.4312	23.8743
spk_ver/v00/v0086	SES008	-3.73487	23.602	27.3368
spk_ver/v00/v0087	SES008	-6.89351	17.6711	24.5646
spk_ver/v00/v0088	SES008	-4.11042	21.1359	25.2463
spk_ver/v00/v0089	SES008	-2.7818	19.9426	22.7244
spk_ver/v00/v0090	SES142	2.29333	24.2906	21.9972
spk_ver/v00/v0091	SES008	-6.87012	19.2109	26.081
spk_ver/v00/v0092	SES158	0.0570107	24.8075	24.7505
spk_ver/v00/v0093	SES014	-5.06106	21.6697	26.7308
spk_ver/v00/v0094	SES014	-6.55546	15.7498	22.3052
spk_ver/v00/v0095	SES014	-2.72295	25.3493	28.0723
spk_ver/v00/v0096	SES014	-10.4614	14.0856	24.547
spk_ver/v00/v0097	SES014	-3.59634	20.9509	24.5473
spk_ver/v00/v0098	SES014	-3.06825	24.2029	27.2712
spk_ver/v00/v0099	SES014	-6.48527	17.5586	24.0439
spk_ver/v01/v0100	SES127	-0.12347	25.1131	25.2365
spk_ver/v01/v0101	SES014	-9.70686	13.405	23.1118
spk_ver/v01/v0102	SES014	-12.3258	9.35304	21.6789
spk_ver/v01/v0103	SES014	-9.34459	14.0679	23.4125
spk_ver/v01/v0104	SES014	-9.20658	14.761	23.9676
spk_ver/v01/v0105	SES014	-6.05961	15.2676	21.3272
spk_ver/v01/v0106	SES014	-6.23026	17.1741	23.4044
spk_ver/v01/v0107	SES014	-10.1633	14.6738	24.8371
spk_ver/v01/v0108	SES014	-12.248	10.6664	22.9144
spk_ver/v01/v0109	SES014	-7.48915	14.1021	21.5912
spk_ver/v01/v0110	SES014	-6.14611	17.0135	23.1596
spk_ver/v01/v0111	SES014	-2.94397	23.6965	26.6405
spk_ver/v01/v0112	SES014	-8.44783	16.3835	24.8313
spk_ver/v01/v0113	SES104	0.244072	25.8808	25.6367
spk_ver/v01/v0114	SES082	0.3232	27.5088	27.1856
spk_ver/v01/v0115	SES087	1.03245	27.8369	26.8045
spk_ver/v01/v0116	SES014	-3.48755	22.6167	26.1042
spk_ver/v01/v0117	SES177	-0.332428	25.7366	26.069
spk_ver/v01/v0118	SES014	-7.31708	14.3575	21.6746
spk_ver/v01/v0119	SES014	-3.87989	21.5835	25.4634
spk_ver/v01/v0120	SES014	-14.0625	8.24732	22.3098
spk_ver/v01/v0121	SES146	-0.243046	24.8876	25.1306
spk_ver/v01/v0122	SES014	2.26565	29.7117	27.446
spk_ver/v01/v0123	SES014	-4.93275	21.441	26.3738
spk_ver/v01/v0124	SES014	-12.9064	11.2387	24.1451
spk_ver/v01/v0125	SES014	-7.98139	16.5904	24.5718
spk_ver/v01/v0126	SES016	-3.60177	20.249	23.8507
spk_ver/v01/v0127	SES016	-4.03395	17.4555	21.4894
spk_ver/v01/v0128	SES106	1.48973	27.1712	25.6814
spk_ver/v01/v0129	SES016	-5.86577	20.3258	26.1916
spk_ver/v01/v0130	SES016	-4.71427	18.6154	23.3296
spk_ver/v01/v0131	SES016	-7.35698	16.5769	23.9339
spk_ver/v01/v0132	SES016	-3.54282	21.4144	24.9572
spk_ver/v01/v0133	SES016	-4.7355	20.7961	25.5316
spk_ver/v01/v0134	SES016	-3.11323	23.9324	27.0457
spk_ver/v01/v0135	SES016	-5.68383	19.2355	24.9194
spk_ver/v01/v0136	SES016	-5.47665	17.8959	23.3725
spk_ver/v01/v0137	SES007	0.485233	23.3399	22.8547
spk_ver/v01/v0138	SES016	-2.08578	21.9586	24.0444
spk_ver/v01/v0139	SES016	-3.07387	22.0684	25.1423
spk_ver/v01/v0140	SES016	1.17615	26.6922	25.516
spk_ver/v01/v0141	SES016	-9.02242	12.7769	21.7993
spk_ver/v01/v0142	SES016	-8.5637	16.666	25.2297
spk_ver/v01/v0143	SES016	-6.73107	15.8053	22.5363
spk_ver/v01/v0144	SES016	-5.60824	20.8532	26.4615
spk_ver/v01/v0145	SES016	-5.53604	17.1006	22.6366
spk_ver/v01/v0146	SES016	-2.88684	22.8789	25.7658
spk_ver/v01/v0147	SES016	-3.25508	21.5156	24.7707
spk_ver/v01/v0148	SES127	-0.23369	24.0532	24.2869
spk_ver/v01/v0149	SES016	-5.18975	21.3555	26.5453
spk_ver/v01/v0150	SES016	-4.00673	21.5967	25.6034
spk_ver/v01/v0151	SES147	0.486588	22.3656	21.879
spk_ver/v01/v0152	SES016	-3.48472	20.8937	24.3784
spk_ver/v01/v0153	SES104	1.05931	28.2467	27.1874
spk_ver/v01/v0154	SES016	-4.64002	19.4227	24.0627
spk_ver/v01/v0155	SES016	-3.89673	19.012	22.9087
spk_ver/v01/v0156	SES019	-1.37136	21.2858	22.6571
spk_ver/v01/v0157	SES019	-5.5048	22.6432	28.148
spk_ver/v01/v0158	SES019	-1.89231	22.8336	24.7259
spk_ver/v01/v0159	SES007	0.56139	25.1578	24.5965
spk_ver/v01/v0160	SES019	-3.88094	23.2298	27.1107
spk_ver/v01/v0161	SES019	-4.52942	20.0672	24.5966
spk_ver/v01/v0162	SES019	-6.55103	20.8095	27.3606
spk_ver/v01/v0163	SES189	1.01151	25.1151	24.1035
spk_ver/v01/v0164	SES019	-3.71022	22.4313	26.1415
spk_ver/v01/v0165	SES019	-2.27571	19.8741	22.1498
spk_ver/v01/v0166	SES019	-7.29541	19.2717	26.5671
spk_ver/v01/v0167	SES019	-7.46074	16.8325	24.2932
spk_ver/v01/v0168	SES019	-4.17939	16.8074	20.9868
spk_ver/v01/v0169	SES019	-4.96145	19.7276	24.689
spk_ver/v01/v0170	SES270	0.707932	25.3807	24.6727
spk_ver/v01/v0171	SES019	-2.65481	22.7513	25.4061
spk_ver/v01/v0172	SES019	-7.8945	16.4204	24.3149
spk_ver/v01/v0173	SES206	0.846001	26.6047	25.7587
spk_ver/v01/v0174	SES019	-3.12091	21.3297	24.4506
spk_ver/v01/v0175	SES014	1.58434	28.7777	27.1933
spk_ver/v01/v0176	SES019	-7.23751	18.841	26.0785
spk_ver/v01/v0177	SES120	0.648619	24.7663	24.1177
spk_ver/v01/v0178	SES019	-2.9952	19.7511	22.7463
spk_ver/v01/v0179	SES019	-8.68029	18.1466	26.8269
spk_ver/v01/v0180	SES175	0.337599	24.4197	24.0821
spk_ver/v01/v0181	SES019	-7.29718	17.1542	24.4514
spk_ver/v01/v0182	SES019	-6.22854	20.2881	26.5167
spk_ver/v01/v0183	SES029	-3.708	21.2667	24.9748
spk_ver/v01/v0184	SES029	-7.268	18.5957	25.8637
spk_ver/v01/v0185	SES029	-2.66076	23.6243	26.285
spk_ver/v01/v0186	SES068	0.598261	26.9798	26.3815
spk_ver/v01/v0187	SES029	-5.27326	19.6361	24.9094
spk_ver/v01/v0188	SES029	-3.43428	23.3793	26.8136
spk_ver/v01/v0189	SES149	2.90163	30.224	27.3223
spk_ver/v01/v0190	SES029	-4.53961	22.2243	26.764
spk_ver/v01/v0191	SES029	-4.909	20.4479	25.3569
spk_ver/v01/v0192	SES183	1.07697	26.2091	25.1322
spk_ver/v01/v0193	SES029	-2.80911	22.7875	25.5966
spk_ver/v01/v0194	SES016	1.80662	26.4119	24.6053
spk_ver/v01/v0195	SES029	-4.69647	21.0972	25.7937
spk_ver/v01/v0196	SES029	-2.34735	20.8949	23.2423
spk_ver/v01/v0197	SES029	-4.75345	21.9352	26.6886
spk_ver/v01/v0198	SES146	0.393442	23.7864	23.393
spk_ver/v01/v0199	SES029	-5.75832	17.0103	22.7686
spk_ver/v02/v0200	SES029	-3.3324	21.0138	24.3462
spk_ver/v02/v0201	SES068	0.467888	27.108	26.6401
spk_ver/v02/v0202	SES148	1.84152	25.6218	23.7803
spk_ver/v02/v0203	SES029	-3.94948	22.1144	26.0639
spk_ver/v02/v0204	SES029	-2.82032	21.172	23.9923
spk_ver/v02/v0205	SES060	-0.0832157	27.5455	27.6287
spk_ver/v02/v0206	SES127	1.5566	27.8291	26.2725
spk_ver/v02/v0207	SES029	-4.41096	20.9618	25.3728
spk_ver/v02/v0208	SES048	1.69744	25.5765	23.879
spk_ver/v02/v0209	SES029	-2.30526	22.2028	24.5081
spk_ver/v02/v0210	SES029	-4.50155	20.4412	24.9427
spk_ver/v02/v0211	SES029	-4.47874	22.0961	26.5749
spk_ver/v02/v0212	SES042	-10.2856	12.6615	22.9471
spk_ver/v02/v0213	SES085	0.691925	25.8229	25.1309
spk_ver/v02/v0214	SES206	1.10836	27.9457	26.8374
spk_ver/v02/v0215	SES144	-0.00154114	25.0979	25.0995
spk_ver/v02/v0216	SES042	-4.20976	20.2999	24.5097
spk_ver/v02/v0217	SES042	-4.34053	16.5074	20.8479
spk_ver/v02/v0218	SES042	-3.1417	23.0471	26.1888
spk_ver/v02/v0219	SES206	0.479961	28.4482	27.9682
spk_ver/v02/v0220	SES019	4.11655	27.6268	23.5102
spk_ver/v02/v0221	SES007	0.0340042	25.4672	25.4332
spk_ver/v02/v0222	SES042	-9.7986	12.7835	22.5821
spk_ver/v02/v0223	SES147	0.718908	23.3538	22.6349
spk_ver/v02/v0224	SES105	0.878862	25.7596	24.8807
spk_ver/v02/v0225	SES042	-2.54897	22.4243	24.9733
spk_ver/v02/v0226	SES275	1.52067	26.6964	25.1757
spk_ver/v02/v0227	SES042	-5.35979	18.1941	23.5539
spk_ver/v02/v0228	SES042	-8.12507	17.0283	25.1533
spk_ver/v02/v0229	SES042	-7.79489	17.9622	25.7571
spk_ver/v02/v0230	SES085	-0.136236	28.1258	28.262
spk_ver/v02/v0231	SES014	2.53955	29.8294	27.2898
spk_ver/v02/v0232	SES042	-2.29615	23.7846	26.0808
spk_ver/v02/v0233	SES048	-7.05486	18.9073	25.9621
spk_ver/v02/v0234	SES048	-7.61479	16.9791	24.5938
spk_ver/v02/v0235	SES029	0.0972157	27.297	27.1997
spk_ver/v02/v0236	SES048	-4.28218	21.5163	25.7985
spk_ver/v02/v0237	SES048	-7.03436	17.4978	24.5322
spk_ver/v02/v0238	SES048	-4.39145	21.3794	25.7709
spk_ver/v02/v0239	SES060	1.12734	27.5066	26.3793
spk_ver/v02/v0240	SES048	-7.06051	17.2489	24.3094
spk_ver/v02/v0241	SES048	-5.81957	17.241	23.0606
spk_ver/v02/v0242	SES189	2.22413	25.5486	23.3245
spk_ver/v02/v0243	SES162	0.787233	25.2361	24.4489
spk_ver/v02/v0244	SES048	-7.83683	18.7978	26.6346
spk_ver/v02/v0245	SES048	-7.04778	17.4307	24.4785
spk_ver/v02/v0246	SES048	-6.19248	20.0411	26.2335
spk_ver/v02/v0247	SES048	-7.63271	16.4099	24.0426
spk_ver/v02/v0248	SES226	1.65964	27.0594	25.3998
spk_ver/v02/v0249	SES048	-3.02632	21.2728	24.2991
spk_ver/v02/v0250	SES048	-2.41872	22.0413	24.46
spk_ver/v02/v0251	SES048	-6.52032	16.8586	23.379
spk_ver/v02/v0252	SES060	-7.49827	15.4252	22.9234
spk_ver/v02/v0253	SES060	-8.23367	17.4863	25.72
spk_ver/v02/v0254	SES259	3.01719	28.7212	25.704
spk_ver/v02/v0255	SES060	-6.90567	17.0992	24.0049
spk_ver/v02/v0256	SES202	0.304808	24.3015	23.9967
spk_ver/v02/v0257	SES148	0.813847	26.163	25.3491
spk_ver/v02/v0258	SES060	-6.23767	14.6032	20.8409
spk_ver/v02/v0259	SES060	-3.03922	23.4063	26.4455
spk_ver/v02/v0260	SES060	-4.98151	20.7962	25.7777
spk_ver/v02/v0261	SES099	2.26086	27.9127	25.6519
spk_ver/v02/v0262	SES060	-5.86591	18.6589	24.5248
spk_ver/v02/v0263	SES060	-4.31416	22.2247	26.5389
spk_ver/v02/v0264	SES292	-0.397243	24.5369	24.9342
spk_ver/v02/v0265	SES060	-2.64305	22.1094	24.7524
spk_ver/v02/v0266	SES060	-9.08154	14.6687	23.7502
spk_ver/v02/v0267	SES060	-7.0123	17.1229	24.1352
spk_ver/v02/v0268	SES060	-8.2078	13.1362	21.344
spk_ver/v02/v0269	SES127	0.945179	25.8868	24.9416
spk_ver/v02/v0270	SES060	-4.19477	20.3907	24.5854
spk_ver/v02/v0271	SES060	-2.20177	22.5398	24.7416
spk_ver/v02/v0272	SES060	-5.34885	17.1259	22.4748
spk_ver/v02/v0273	SES087	1.03304	27.206	26.173
spk_ver/v02/v0274	SES146	-0.0268059	24.0461	24.0729
spk_ver/v02/v0275	SES060	-6.01302	17.8824	23.8954
spk_ver/v02/v0276	SES002	1.3756	27.3884	26.0128
spk_ver/v02/v0277	SES060	-3.54786	21.9631	25.5109
spk_ver/v02/v0278	SES060	-6.45242	17.9433	24.3957
spk_ver/v02/v0279	SES060	-6.80898	19.0383	25.8472
spk_ver/v02/v0280	SES129	2.94788	26.9656	24.0178
spk_ver/v02/v0281	SES162	1.05345	25.8963	24.8428
spk_ver/v02/v0282	SES060	-4.64437	20.7232	25.3675
spk_ver/v02/v0283	SES060	-5.00767	21.4838	26.4915
spk_ver/v02/v0284	SES062	-7.26733	13.6304	20.8978
spk_ver/v02/v0285	SES062	-6.77862	19.1416	25.9202
spk_ver/v02/v0286	SES120	-0.335642	23.4777	23.8133
spk_ver/v02/v0287	SES062	-4.86036	18.865	23.7253
spk_ver/v02/v0288	SES062	-5.17725	19.7097	24.8869
spk_ver/v02/v0289	SES062	-4.17929	23.0272	27.2065
spk_ver/v02/v0290	SES062	-3.65803	21.0277	24.6857
spk_ver/v02/v0291	SES275	0.160278	24.845	24.6847
spk_ver/v02/v0292	SES062	-5.14579	18.1852	23.331
spk_ver/v02/v0293	SES062	-7.04538	16.7727	23.8181
spk_ver/v02/v0294	SES062	-5.15964	20.3866	25.5462
spk_ver/v02/v0295	SES062	-3.45064	21.4085	24.8591
spk_ver/v02/v0296	SES062	-5.18724	19.3237	24.511
spk_ver/v02/v0297	SES062	-5.93199	19.2452	25.1772
spk_ver/v02/v0298	SES062	-3.80012	20.6489	24.4491
spk_ver/v02/v0299	SES062	-2.88098	22.5844	25.4653
spk_ver/v03/v0300	SES062	-6.70676	15.7129	22.4197
spk_ver/v03/v0301	SES062	-3.76919	21.6102	25.3794
spk_ver/v03/v0302	SES172	0.0614853	26.9222	26.8608
spk_ver/v03/v0303	SES062	-2.60413	23.6095	26.2137
spk_ver/v03/v0304	SES062	-3.54184	21.5572	25.099
spk_ver/v03/v0305	SES062	-3.26263	22.6257	25.8883
spk_ver/v03/v0306	SES062	-5.62895	16.1269	21.7559
spk_ver/v03/v0307	SES062	-5.01987	21.4334	26.4532
spk_ver/v03/v0308	SES062	-5.85974	18.2546	24.1143
spk_ver/v03/v0309	SES062	-4.24799	17.8138	22.0618
spk_ver/v03/v0310	SES125	1.0416	28.4972	27.4556
spk_ver/v03/v0311	SES062	-2.71408	22.5115	25.2256
spk_ver/v03/v0312	SES062	-7.37236	16.967	24.3394
spk_ver/v03/v0313	SES062	-3.56321	19.7802	23.3434
spk_ver/v03/v0314	SES068	-4.19968	21.3309	25.5306
spk_ver/v03/v0315	SES068	-3.63146	23.4725	27.104
spk_ver/v03/v0316	SES068	-6.68275	15.3912	22.0739
spk_ver/v03/v0317	SES068	-2.95944	19.0907	22.0502
spk_ver/v03/v0318	SES068	-4.68437	22.2717	26.9561
spk_ver/v03/v0319	SES068	-6.97719	16.1673	23.1445
spk_ver/v03/v0320	SES068	-1.97913	23.636	25.6152
spk_ver/v03/v0321	SES068	-1.95087	22.0367	23.9876
spk_ver/v03/v0322	SES068	-1.13508	22.3645	23.4996
spk_ver/v03/v0323	SES068	-2.62946	23.2715	25.9009
spk_ver/v03/v0324	SES144	-0.364735	22.0147	22.3795
spk_ver/v03/v0325	SES068	-4.08706	21.4436	25.5307
spk_ver/v03/v0326	SES068	-1.72364	24.8255	26.5491
spk_ver/v03/v0327	SES068	-2.58165	22.1144	24.6961
spk_ver/v03/v0328	SES068	-5.22696	19.3467	24.5737
spk_ver/v03/v0329	SES068	-3.4611	21.0888	24.5499
spk_ver/v03/v0330	SES180	0.341511	24.4153	24.0738
spk_ver/v03/v0331	SES068	-1.39707	23.2869	24.684
spk_ver/v03/v0332	SES275	1.17378	26.2974	25.1236
spk_ver/v03/v0333	SES062	0.650856	28.0991	27.4482
spk_ver/v03/v0334	SES270	0.974569	24.8933	23.9187
spk_ver/v03/v0335	SES068	-6.75579	16.1334	22.8892
spk_ver/v03/v0336	SES068	-3.18445	23.885	27.0694
spk_ver/v03/v0337	SES068	-3.45422	19.996	23.4502
spk_ver/v03/v0338	SES068	-3.79072	18.2732	22.0639
spk_ver/v03/v0339	SES068	-2.074	22.8695	24.9435
spk_ver/v03/v0340	SES068	-3.52123	18.891	22.4122
spk_ver/v03/v0341	SES016	1.18347	27.5192	26.3357
spk_ver/v03/v0342	SES068	-4.42046	19.4713	23.8918
spk_ver/v03/v0343	SES068	-3.09631	20.7843	23.8806
spk_ver/v03/v0344	SES125	1.18257	27.3577	26.1751
spk_ver/v03/v0345	SES187	-0.0652523	24.494	24.5593
spk_ver/v03/v0346	SES068	-4.96497	20.2615	25.2264
spk_ver/v03/v0347	SES143	1.45396	23.81	22.3561
spk_ver/v03/v0348	SES292	0.141972	25.4314	25.2894
spk_ver/v03/v0349	SES082	-6.89578	19.2949	26.1907
spk_ver/v03/v0350	SES101	-0.178133	26.288	26.4662
spk_ver/v03/v0351	SES082	-2.13912	22.7081	24.8472
spk_ver/v03/v0352	SES082	-2.7552	21.015	23.7702
spk_ver/v03/v0353	SES082	-4.63815	20.8054	25.4435
spk_ver/v03/v0354	SES082	-11.9355	9.25521	21.1907
spk_ver/v03/v0355	SES083	0.634968	27.7681	27.1331
spk_ver/v03/v0356	SES082	-3.79151	20.2299	24.0214
spk_ver/v03/v0357	SES082	-6.28188	16.724	23.0059
spk_ver/v03/v0358	SES082	-3.81092	20.8237	24.6347
spk_ver/v03/v0359	SES117	0.461744	21.5184	21.0567
spk_ver/v03/v0360	SES082	-8.07453	18.3616	26.4361
spk_ver/v03/v0361	SES082	-3.35173	21.8149	25.1666
spk_ver/v03/v0362	SES007	0.559727	25.1151	24.5554
spk_ver/v03/v0363	SES082	-4.29225	20.2269	24.5191
spk_ver/v03/v0364	SES019	2.4752	27.5077	25.0325
spk_ver/v03/v0365	SES082	-2.12088	22.5061	24.627
spk_ver/v03/v0366	SES226	1.59484	26.8896	25.2948
spk_ver/v03/v0367	SES167	1.97689	27.7757	25.7989
spk_ver/v03/v0368	SES082	-4.74241	21.3915	26.1339
spk_ver/v03/v0369	SES042	3.08373	31.4486	28.3649
spk_ver/v03/v0370	SES042	1.73346	30.228	28.4945
spk_ver/v03/v0371	SES082	-7.81357	16.9793	24.7928
spk_ver/v03/v0372	SES082	-2.90606	23.9217	26.8277
spk_ver/v03/v0373	SES082	-7.39883	16.9804	24.3792
spk_ver/v03/v0374	SES083	-2.46596	25.8603	28.3262
spk_ver/v03/v0375	SES292	0.26273	25.5788	25.316
spk_ver/v03/v0376	SES083	-4.39982	22.6125	27.0123
spk_ver/v03/v0377	SES083	-5.65598	18.6231	24.2791
spk_ver/v03/v0378	SES083	-4.24879	19.5049	23.7537
spk_ver/v03/v0379	SES083	-2.06985	23.0713	25.1412
spk_ver/v03/v0380	SES083	-4.89715	19.0654	23.9626
spk_ver/v03/v0381	SES083	-3.66772	20.2589	23.9266
spk_ver/v03/v0382	SES148	0.112513	26.1487	26.0362
spk_ver/v03/v0383	SES083	-2.69805	22.9715	25.6696
spk_ver/v03/v0384	SES226	0.922945	26.8498	25.9268
spk_ver/v03/v0385	SES226	1.67787	27.8816	26.2037
spk_ver/v03/v0386	SES087	1.08067	27.456	26.3753
spk_ver/v03/v0387	SES029	0.270985	25.4092	25.1382
spk_ver/v03/v0388	SES147	0.869194	24.8275	23.9583
spk_ver/v03/v0389	SES083	-5.41048	18.0521	23.4625
spk_ver/v03/v0390	SES189	2.1217	26.3107	24.189
spk_ver/v03/v0391	SES083	-3.00655	21.6251	24.6316
spk_ver/v03/v0392	SES083	-1.38464	25.2149	26.5996
spk_ver/v03/v0393	SES083	-4.46889	20.953	25.4218
spk_ver/v03/v0394	SES083	-4.86455	19.651	24.5156
spk_ver/v03/v0395	SES083	-3.24426	21.6065	24.8507
spk_ver/v03/v0396	SES014	2.90318	30.6089	27.7057
spk_ver/v03/v0397	SES085	-1.32033	25.5132	26.8336
spk_ver/v03/v0398	SES085	-2.34715	25.1221	27.4692
spk_ver/v03/v0399	SES085	-3.80895	21.17	24.979
spk_ver/v04/v0400	SES106	0.873228	27.468	26.5947
spk_ver/v04/v0401	SES085	-4.96886	19.8021	24.771
spk_ver/v04/v0402	SES085	-7.95878	15.6489	23.6077
spk_ver/v04/v0403	SES085	-0.639509	24.9743	25.6138
spk_ver/v04/v0404	SES180	0.978254	25.4483	24.4701
spk_ver/v04/v0405	SES129	1.71217	27.9929	26.2808
spk_ver/v04/v0406	SES085	-6.1886	18.9451	25.1337
spk_ver/v04/v0407	SES146	-0.243103	22.7218	22.9649
spk_ver/v04/v0408	SES085	-1.66708	23.9177	25.5848
spk_ver/v04/v0409	SES085	-3.14481	20.5465	23.6913
spk_ver/v04/v0410	SES085	-5.04126	22.3516	27.3928
spk_ver/v04/v0411	SES292	-0.0119171	24.1238	24.1357
spk_ver/v04/v0412	SES085	-1.90996	25.1441	27.0541
spk_ver/v04/v0413	SES125	1.8759	28.5501	26.6742
spk_ver/v04/v0414	SES085	-4.17799	17.9116	22.0895
spk_ver/v04/v0415	SES085	-3.26506	22.1695	25.4346
spk_ver/v04/v0416	SES085	-2.30041	23.6299	25.9303
spk_ver/v04/v0417	SES062	0.318094	27.7102	27.3921
spk_ver/v04/v0418	SES060	1.37267	26.8092	25.4365
spk_ver/v04/v0419	SES085	-1.4814	23.7486	25.23
spk_ver/v04/v0420	SES085	-7.23118	19.0624	26.2936
spk_ver/v04/v0421	SES085	-5.72664	16.7998	22.5265
spk_ver/v04/v0422	SES085	-1.85201	20.2436	22.0956
spk_ver/v04/v0423	SES085	-5.52454	19.0263	24.5508
spk_ver/v04/v0424	SES085	-4.49486	17.0882	21.5831
spk_ver/v04/v0425	SES183	0.21007	25.3139	25.1038
spk_ver/v04/v0426	SES085	-5.04868	18.984	24.0327
spk_ver/v04/v0427	SES087	-4.07001	19.5566	23.6266
spk_ver/v04/v0428	SES162	0.0419979	25.0553	25.0133
spk_ver/v04/v0429	SES087	-2.33008	23.4765	25.8066
spk_ver/v04/v0430	SES087	-6.21599	18.0579	24.2738
spk_ver/v04/v0431	SES087	-6.64524	17.8128	24.458
spk_ver/v04/v0432	SES087	-3.41161	21.535	24.9466
spk_ver/v04/v0433	SES087	-4.84876	20.8127	25.6614
spk_ver/v04/v0434	SES142	3.0019	25.8545	22.8526
spk_ver/v04/v0435	SES087	-6.65368	16.6882	23.3419
spk_ver/v04/v0436	SES099	1.29612	27.6764	26.3802
spk_ver/v04/v0437	SES087	-2.75787	24.3276	27.0854
spk_ver/v04/v0438	SES087	-6.44599	18.3191	24.7651
spk_ver/v04/v0439	SES087	-2.80002	23.3012	26.1012
spk_ver/v04/v0440	SES087	-4.63939	21.324	25.9634
spk_ver/v04/v0441	SES087	-7.93937	15.8666	23.806
spk_ver/v04/v0442	SES187	1.0413	24.6007	23.5594
spk_ver/v04/v0443	SES172	1.37209	27.3612	25.9891
spk_ver/v04/v0444	SES087	-3.02925	22.2387	25.2679
spk_ver/v04/v0445	SES087	-3.27967	22.3655	25.6452
spk_ver/v04/v0446	SES087	-1.45724	24.7598	26.217
spk_ver/v04/v0447	SES087	-2.91121	23.1066	26.0178
spk_ver/v04/v0448	SES106	1.61562	25.7723	24.1567
spk_ver/v04/v0449	SES146	0.61907	24.2765	23.6574
spk_ver/v04/v0450	SES087	-6.46025	16.8687	23.329
spk_ver/v04/v0451	SES087	-2.86918	22.0335	24.9027
spk_ver/v04/v0452	SES007	0.897032	25.3157	24.4186
spk_ver/v04/v0453	SES087	-4.09141	20.2186	24.31
spk_ver/v04/v0454	SES087	-8.18396	16.9426	25.1266
spk_ver/v04/v0455	SES180	0.237717	24.6042	24.3664
spk_ver/v04/v0456	SES099	-7.01989	17.4388	24.4587
spk_ver/v04/v0457	SES042	1.89964	29.2641	27.3645
spk_ver/v04/v0458	SES099	-1.10198	23.2804	24.3823
spk_ver/v04/v0459	SES099	-9.31181	14.5641	23.8759
spk_ver/v04/v0460	SES099	-8.23082	14.6968	22.9276
spk_ver/v04/v0461	SES099	-4.17514	21.8893	26.0644
spk_ver/v04/v0462	SES082	2.15781	28.6433	26.4855
spk_ver/v04/v0463	SES099	-1.46618	24.6725	26.1387
spk_ver/v04/v0464	SES099	-0.640255	25.1613	25.8016
spk_ver/v04/v0465	SES099	-8.83016	15.4471	24.2772
spk_ver/v04/v0466	SES099	-2.05313	22.9491	25.0022
spk_ver/v04/v0467	SES099	-0.843538	24.1878	25.0314
spk_ver/v04/v0468	SES129	2.21914	27.3847	25.1656
spk_ver/v04/v0469	SES101	0.238571	25.5511	25.3125
spk_ver/v04/v0470	SES099	-7.00327	17.029	24.0322
spk_ver/v04/v0471	SES172	1.24221	27.1215	25.8793
spk_ver/v04/v0472	SES099	-1.89402	23.0814	24.9754
spk_ver/v04/v0473	SES270	2.62894	28.0805	25.4516
spk_ver/v04/v0474	SES099	-5.78311	20.4621	26.2452
spk_ver/v04/v0475	SES099	-3.59947	23.6077	27.2072
spk_ver/v04/v0476	SES099	-4.67896	17.3152	21.9942
spk_ver/v04/v0477	SES002	1.28648	27.7923	26.5059
spk_ver/v04/v0478	SES099	-0.771603	23.9301	24.7017
spk_ver/v04/v0479	SES007	-0.885735	23.6804	24.5661
spk_ver/v04/v0480	SES101	-6.67215	19.7073	26.3795
spk_ver/v04/v0481	SES101	-5.19245	16.923	22.1155
spk_ver/v04/v0482	SES175	-0.486719	23.8628	24.3495
spk_ver/v04/v0483	SES101	-4.21847	19.6461	23.8646
spk_ver/v04/v0484	SES101	-6.4586	21.7212	28.1798
spk_ver/v04/v0485	SES101	-2.87276	19.8422	22.7149
spk_ver/v04/v0486	SES101	-3.08727	20.281	23.3683
spk_ver/v04/v0487	SES101	-3.10634	21.6487	24.755
spk_ver/v04/v0488	SES101	-7.59916	17.2927	24.8919
spk_ver/v04/v0489	SES147	1.07769	22.0636	20.9859
spk_ver/v04/v0490	SES085	-1.23212	24.1632	25.3953
spk_ver/v04/v0491	SES101	-3.22659	21.1039	24.3305
spk_ver/v04/v0492	SES101	-5.34108	17.1518	22.4929
spk_ver/v04/v0493	SES101	-3.66779	23.4792	27.147
spk_ver/v04/v0494	SES101	-3.65165	19.3214	22.9731
spk_ver/v04/v0495	SES101	-2.58572	24.4136	26.9994
spk_ver/v04/v0496	SES101	-4.01672	22.0064	26.0231
spk_ver/v04/v0497	SES014	2.17691	29.3374	27.1605
spk_ver/v04/v0498	SES101	-3.99845	22.4527	26.4511
spk_ver/v04/v0499	SES101	-3.5039	22.2821	25.786
spk_ver/v05/v0500	SES085	-0.415367	26.9661	27.3815
spk_ver/v05/v0501	SES101	-5.91014	20.0785	25.9887
spk_ver/v05/v0502	SES275	0.738316	25.0225	24.2842
spk_ver/v05/v0503	SES117	0.493004	23.1256	22.6326
spk_ver/v05/v0504	SES101	-5.48767	19.9009	25.3886
spk_ver/v05/v0505	SES101	-3.08172	22.3997	25.4814
spk_ver/v05/v0506	SES101	-3.3392	20.4215	23.7607
spk_ver/v05/v0507	SES048	0.641975	26.9583	26.3163
spk_ver/v05/v0508	SES117	-0.0829582	21.9144	21.9973
spk_ver/v05/v0509	SES202	1.74584	25.1085	23.3627
spk_ver/v05/v0510	SES104	-4.0345	18.7425	22.777
spk_ver/v05/v0511	SES008	0.57406	24.0342	23.4602
spk_ver/v05/v0512	SES104	-3.08777	19.9819	23.0697
spk_ver/v05/v0513	SES104	-3.76305	22.7898	26.5529
spk_ver/v05/v0514	SES104	-6.64432	19.9773	26.6216
spk_ver/v05/v0515	SES104	-11.4593	13.4257	24.885
spk_ver/v05/v0516	SES104	-4.65949	17.662	22.3215
spk_ver/v05/v0517	SES060	0.633888	28.7394	28.1055
spk_ver/v05/v0518	SES104	-11.2421	11.7646	23.0067
spk_ver/v05/v0519	SES104	-13.1521	8.84231	21.9945
spk_ver/v05/v0520	SES104	-1.41391	25.6114	27.0253
spk_ver/v05/v0521	SES008	1.58053	27.6362	26.0556
spk_ver/v05/v0522	SES068	1.08219	27.2812	26.199
spk_ver/v05/v0523	SES087	1.04251	28.5352	27.4927
spk_ver/v05/v0524	SES104	-3.164	21.4323	24.5963
spk_ver/v05/v0525	SES104	-2.19151	22.7311	24.9226
spk_ver/v05/v0526	SES104	-2.82759	22.9143	25.7419
spk_ver/v05/v0527	SES083	0.661522	26.4241	25.7626
spk_ver/v05/v0528	SES148	0.908018	24.6892	23.7812
spk_ver/v05/v0529	SES104	-4.77517	20.1298	24.905
spk_ver/v05/v0530	SES104	-7.83769	17.673	25.5107
spk_ver/v05/v0531	SES125	1.2206	28.0501	26.8295
spk_ver/v05/v0532	SES104	-12.0058	10.193	22.1988
spk_ver/v05/v0533	SES149	3.02573	29.8199	26.7941
spk_ver/v05/v0534	SES104	-6.76058	18.6503	25.4109
spk_ver/v05/v0535	SES187	-0.0350552	23.6204	23.6554
spk_ver/v05/v0536	SES104	-3.29009	21.6595	24.9496
spk_ver/v05/v0537	SES104	-3.78392	20.0823	23.8662
spk_ver/v05/v0538	SES167	1.36746	25.4735	24.106
spk_ver/v05/v0539	SES104	-2.70283	19.4226	22.1254
spk_ver/v05/v0540	SES104	-9.1872	17.9237	27.1109
spk_ver/v05/v0541	SES183	1.29437	25.1943	23.8999
spk_ver/v05/v0542	SES104	-2.77275	21.8504	24.6232
spk_ver/v05/v0543	SES104	-8.85252	16.4406	25.2931
spk_ver/v05/v0544	SES105	-6.51189	17.1819	23.6937
spk_ver/v05/v0545	SES105	-4.43042	19.4862	23.9166
spk_ver/v05/v0546	SES105	-4.87519	19.3104	24.1856
spk_ver/v05/v0547	SES105	-4.72494	18.8744	23.5994
spk_ver/v05/v0548	SES019	3.50806	27.3977	23.8896
spk_ver/v05/v0549	SES105	-3.72256	21.3057	25.0282
spk_ver/v05/v0550	SES105	-4.48491	18.5751	23.06
spk_ver/v05/v0551	SES202	2.68717	23.4429	20.7557
spk_ver/v05/v0552	SES105	-6.62666	17.3792	24.0059
spk_ver/v05/v0553	SES105	-1.97161	25.1214	27.0931
spk_ver/v05/v0554	SES105	-2.97238	22.9978	25.9702
spk_ver/v05/v0555	SES105	-4.12336	19.559	23.6823
spk_ver/v05/v0556	SES082	0.42664	26.8739	26.4472
spk_ver/v05/v0557	SES105	-5.97464	20.7095	26.6841
spk_ver/v05/v0558	SES014	1.64552	27.5092	25.8637
spk_ver/v05/v0559	SES105	-3.04616	22.5314	25.5776
spk_ver/v05/v0560	SES177	-0.1605	25.3019	25.4624
spk_ver/v05/v0561	SES189	3.11669	20.0468	16.9301
spk_ver/v05/v0562	SES105	-4.00962	20.265	24.2746
spk_ver/v05/v0563	SES099	1.37645	25.0853	23.7089
spk_ver/v05/v0564	SES105	-4.48462	20.7621	25.2467
spk_ver/v05/v0565	SES105	-4.86925	19.7134	24.5826
spk_ver/v05/v0566	SES105	-5.69438	17.9127	23.607
spk_ver/v05/v0567	SES142	1.82631	24.5251	22.6988
spk_ver/v05/v0568	SES048	0.719044	25.1008	24.3817
spk_ver/v05/v0569	SES105	-5.54154	21.583	27.1245
spk_ver/v05/v0570	SES105	-2.42898	22.8738	25.3028
spk_ver/v05/v0571	SES105	-4.5243	18.4534	22.9777
spk_ver/v05/v0572	SES105	-5.54607	17.0506	22.5966
spk_ver/v05/v0573	SES105	-6.29451	18.2096	24.5041
spk_ver/v05/v0574	SES105	-1.89889	23.1525	25.0513
spk_ver/v05/v0575	SES105	-2.87269	21.662	24.5347
spk_ver/v05/v0576	SES106	-7.53409	15.9342	23.4683
spk_ver/v05/v0577	SES106	-7.10088	17.1365	24.2374
spk_ver/v05/v0578	SES106	-5.47422	20.8469	26.3211
spk_ver/v05/v0579	SES106	-7.25351	17.3601	24.6136
spk_ver/v05/v0580	SES106	-2.68034	24.1732	26.8536
spk_ver/v05/v0581	SES106	-10.8743	14.0415	24.9159
spk_ver/v05/v0582	SES106	-2.9326	21.3229	24.2555
spk_ver/v05/v0583	SES106	-2.40872	25.0743	27.483
spk_ver/v05/v0584	SES106	-7.34604	16.2162	23.5622
spk_ver/v05/v0585	SES106	-2.00926	19.5512	21.5605
spk_ver/v05/v0586	SES106	-6.89629	16.7261	23.6224
spk_ver/v05/v0587	SES106	-4.03915	18.831	22.8702
spk_ver/v05/v0588	SES106	-8.5267	17.2682	25.7949
spk_ver/v05/v0589	SES106	-7.64951	18.5417	26.1912
spk_ver/v05/v0590	SES082	0.119913	25.8597	25.7398
spk_ver/v05/v0591	SES180	0.394253	24.0086	23.6143
spk_ver/v05/v0592	SES106	-2.79866	21.5741	24.3728
spk_ver/v05/v0593	SES106	-11.393	11.5358	22.9288
spk_ver/v05/v0594	SES292	0.463949	26.3489	25.8849
spk_ver/v05/v0595	SES106	-2.2922	22.4802	24.7724
spk_ver/v05/v0596	SES106	-10.3792	14.9053	25.2845
spk_ver/v05/v0597	SES106	-8.70691	15.1077	23.8146
spk_ver/v05/v0598	SES042	1.46354	27.7966	26.333
spk_ver/v05/v0599	SES106	-8.31139	15.0203	23.3317
spk_ver/v06/v0600	SES106	-1.55673	21.6228	23.1795
spk_ver/v06/v0601	SES106	-3.32192	21.2172	24.5391
spk_ver/v06/v0602	SES106	-4.75954	20.1746	24.9341
spk_ver/v06/v0603	SES106	-7.53262	15.8563	23.3889
spk_ver/v06/v0604	SES106	-6.531	18.2798	24.8108
spk_ver/v06/v0605	SES106	-10.8673	11.1658	22.0331
spk_ver/v06/v0606	SES048	1.79515	27.4946	25.6994
spk_ver/v06/v0607	SES167	1.98003	27.7232	25.7432
spk_ver/v06/v0608	SES106	-6.50901	18.2555	24.7645
spk_ver/v06/v0609	SES143	0.855608	24.2748	23.4192
spk_ver/v06/v0610	SES106	-17.2491	4.79726	22.0463
spk_ver/v06/v0611	SES106	-7.06672	17.3651	24.4318
spk_ver/v06/v0612	SES106	-8.93227	13.9257	22.858
spk_ver/v06/v0613	SES117	-1.43185	24.5738	26.0057
spk_ver/v06/v0614	SES117	-5.18309	20.6161	25.7991
spk_ver/v06/v0615	SES117	-2.5639	21.4571	24.021
spk_ver/v06/v0616	SES106	2.00518	29.7143	27.7091
spk_ver/v06/v0617	SES142	2.7091	23.853	21.1439
spk_ver/v06/v0618	SES048	1.80278	28.1265	26.3237
spk_ver/v06/v0619	SES175	0.467146	24.1039	23.6367
spk_ver/v06/v0620	SES180	0.0362358	25.9031	25.8668
spk_ver/v06/v0621	SES117	-1.70858	20.1894	21.898
spk_ver/v06/v0622	SES029	-0.146143	25.0343	25.1805
spk_ver/v06/v0623	SES117	-2.75653	21.7012	24.4577
spk_ver/v06/v0624	SES117	-5.20696	19.0882	24.2951
spk_ver/v06/v0625	SES117	-2.40132	20.5048	22.9061
spk_ver/v06/v0626	SES106	1.03783	27.1603	26.1225
spk_ver/v06/v0627	SES226	2.55769	28.4208	25.8631
spk_ver/v06/v0628	SES117	-1.45858	22.3387	23.7972
spk_ver/v06/v0629	SES117	-5.20606	24.0009	29.2069
spk_ver/v06/v0630	SES117	-4.82535	19.9933	24.8187
spk_ver/v06/v0631	SES117	-6.16447	15.5067	21.6712
spk_ver/v06/v0632	SES117	-2.96448	23.4743	26.4388
spk_ver/v06/v0633	SES099	1.77103	27.1968	25.4258
spk_ver/v06/v0634	SES105	1.8013	27.7119	25.9106
spk_ver/v06/v0635	SES167	-0.091898	25.0877	25.1796
spk_ver/v06/v0636	SES117	-1.90367	22.7798	24.6835
spk_ver/v06/v0637	SES202	1.81326	24.9019	23.0886
spk_ver/v06/v0638	SES117	-3.71527	22.187	25.9023
spk_ver/v06/v0639	SES167	1.99758	25.5315	23.534
spk_ver/v06/v0640	SES117	-2.46389	22.7561	25.22
spk_ver/v06/v0641	SES117	-3.7741	20.9585	24.7326
spk_ver/v06/v0642	SES101	0.39953	26.9535	26.554
spk_ver/v06/v0643	SES068	0.25857	26.2767	26.0182
spk_ver/v06/v0644	SES120	-4.22786	19.249	23.4769
spk_ver/v06/v0645	SES120	-3.31598	20.5718	23.8877
spk_ver/v06/v0646	SES172	-0.558237	25.4653	26.0236
spk_ver/v06/v0647	SES120	-4.46798	21.02	25.488
spk_ver/v06/v0648	SES120	-1.73658	24.6587	26.3953
spk_ver/v06/v0649	SES120	-3.84009	19.0578	22.8979
spk_ver/v06/v0650	SES087	1.32754	27.4734	26.1459
spk_ver/v06/v0651	SES120	-2.73151	22.1551	24.8866
spk_ver/v06/v0652	SES104	0.0702934	23.6252	23.555
spk_ver/v06/v0653	SES129	1.70933	27.4087	25.6994
spk_ver/v06/v0654	SES120	-4.59953	19.2036	23.8032
spk_ver/v06/v0655	SES120	-2.23248	21.6274	23.8598
spk_ver/v06/v0656	SES120	-2.85357	22.1603	25.0139
spk_ver/v06/v0657	SES147	0.466654	23.2034	22.7367
spk_ver/v06/v0658	SES120	-3.42054	21.3408	24.7613
spk_ver/v06/v0659	SES120	-3.28581	22.8487	26.1345
spk_ver/v06/v0660	SES120	-1.58584	23.6092	25.195
spk_ver/v06/v0661	SES120	-2.60308	19.5833	22.1864
spk_ver/v06/v0662	SES120	-2.65207	22.7497	25.4018
spk_ver/v06/v0663	SES120	-3.19414	17.5216	20.7157
spk_ver/v06/v0664	SES147	0.695694	24.8397	24.144
spk_ver/v06/v0665	SES162	0.858019	24.9028	24.0448
spk_ver/v06/v0666	SES120	-3.60792	21.648	25.2559
spk_ver/v06/v0667	SES120	-2.03756	23.7806	25.8181
spk_ver/v06/v0668	SES120	0.713509	25.4514	24.7379
spk_ver/v06/v0669	SES142	2.218	25.8544	23.6364
spk_ver/v06/v0670	SES106	2.35415	28.1587	25.8045
spk_ver/v06/v0671	SES183	1.66556	24.9067	23.2412
spk_ver/v06/v0672	SES120	-2.47925	22.2772	24.7565
spk_ver/v06/v0673	SES029	-0.473717	26.0909	26.5646
spk_ver/v06/v0674	SES120	-2.17354	21.7416	23.9151
spk_ver/v06/v0675	SES008	1.74289	27.0284	25.2856
spk_ver/v06/v0676	SES125	-7.06462	14.8071	21.8717
spk_ver/v06/v0677	SES143	0.747225	23.8786	23.1313
spk_ver/v06/v0678	SES125	-9.15779	13.5792	22.737
spk_ver/v06/v0679	SES162	0.383619	25.3205	24.9369
spk_ver/v06/v0680	SES125	-4.72603	20.1792	24.9053
spk_ver/v06/v0681	SES125	-3.50014	21.6707	25.1708
spk_ver/v06/v0682	SES125	-6.94496	19.9319	26.8769
spk_ver/v06/v0683	SES226	1.21919	26.6045	25.3854
spk_ver/v06/v0684	SES125	-5.61594	17.8793	23.4952
spk_ver/v06/v0685	SES125	-7.26053	16.6378	23.8983
spk_ver/v06/v0686	SES120	0.720303	26.7475	26.0272
spk_ver/v06/v0687	SES125	-6.68814	14.4143	21.1025
spk_ver/v06/v0688	SES158	1.22014	26.5615	25.3414
spk_ver/v06/v0689	SES125	-7.87981	15.6375	23.5173
spk_ver/v06/v0690	SES105	1.71964	26.6127	24.8931
spk_ver/v06/v0691	SES125	-2.15292	22.6479	24.8008
spk_ver/v06/v0692	SES125	-4.17668	21.0675	25.2442
spk_ver/v06/v0693	SES180	1.79534	26.1068	24.3114
spk_ver/v06/v0694	SES125	-12.7756	11.9086	24.6842
spk_ver/v06/v0695	SES125	-4.59386	21.8681	26.462
spk_ver/v06/v0696	SES125	-9.45031	16.3942	25.8445
spk_ver/v06/v0697	SES125	-9.11377	13.4316	22.5453
spk_ver/v06/v0698	SES083	-0.214277	26.9048	27.119
spk_ver/v06/v0699	SES125	-7.03966	18.5247	25.5644
spk_ver/v07/v0700	SES014	1.65247	29.7756	28.1231
spk_ver/v07/v0701	SES125	-6.55969	20.5919	27.1515
spk_ver/v07/v0702	SES127	-2.70352	22.0188	24.7224
spk_ver/v07/v0703	SES127	-1.70989	21.209	22.9189
spk_ver/v07/v0704	SES206	1.52794	28.2207	26.6928
spk_ver/v07/v0705	SES127	-3.53713	21.1765	24.7137
spk_ver/v07/v0706	SES127	-4.7527	21.2084	25.9611
spk_ver/v07/v0707	SES127	-5.06568	20.6256	25.6913
spk_ver/v07/v0708	SES275	0.488865	26.4015	25.9126
spk_ver/v07/v0709	SES127	-4.17124	21.4993	25.6706
spk_ver/v07/v0710	SES105	0.806009	26.2959	25.4899
spk_ver/v07/v0711	SES127	-2.61965	21.2285	23.8482
spk_ver/v07/v0712	SES127	-3.11445	21.6455	24.7599
spk_ver/v07/v0713	SES127	-3.39584	19.7924	23.1883
spk_ver/v07/v0714	SES019	4.19825	27.6597	23.4615
spk_ver/v07/v0715	SES127	-5.25585	17.8928	23.1487
spk_ver/v07/v0716	SES148	0.559746	24.9711	24.4114
spk_ver/v07/v0717	SES162	0.96616	26.8285	25.8624
spk_ver/v07/v0718	SES189	0.548794	23.7693	23.2205
spk_ver/v07/v0719	SES149	0.538654	28.3791	27.8404
spk_ver/v07/v0720	SES175	0.222012	24.7644	24.5424
spk_ver/v07/v0721	SES127	-4.74825	20.9561	25.7044
spk_ver/v07/v0722	SES127	-1.84624	22.8704	24.7166
spk_ver/v07/v0723	SES127	-3.39325	21.6093	25.0026
spk_ver/v07/v0724	SES127	-4.67991	21.0257	25.7056
spk_ver/v07/v0725	SES127	-3.63717	20.7048	24.342
spk_ver/v07/v0726	SES259	2.18178	28.3008	26.119
spk_ver/v07/v0727	SES127	-3.67507	20.9228	24.5979
spk_ver/v07/v0728	SES127	-1.12998	25.5848	26.7148
spk_ver/v07/v0729	SES127	-5.35795	18.5896	23.9476
spk_ver/v07/v0730	SES127	-5.24051	17.1989	22.4394
spk_ver/v07/v0731	SES129	-3.48025	23.3915	26.8717
spk_ver/v07/v0732	SES129	-3.55045	20.6807	24.2311
spk_ver/v07/v0733	SES129	-6.25379	15.944	22.1978
spk_ver/v07/v0734	SES129	-10.6956	10.9997	21.6952
spk_ver/v07/v0735	SES183	0.847725	25.4732	24.6254
spk_ver/v07/v0736	SES129	-4.78246	18.873	23.6554
spk_ver/v07/v0737	SES129	-3.89422	20.4843	24.3785
spk_ver/v07/v0738	SES129	-7.29529	17.2965	24.5918
spk_ver/v07/v0739	SES129	-5.94158	17.0774	23.0189
spk_ver/v07/v0740	SES167	-0.955502	26.0315	26.987
spk_ver/v07/v0741	SES129	-4.75045	18.1524	22.9028
spk_ver/v07/v0742	SES129	-4.67721	23.5261	28.2033
spk_ver/v07/v0743	SES129	-3.38671	22.017	25.4037
spk_ver/v07/v0744	SES129	-8.65731	13.5562	22.2135
spk_ver/v07/v0745	SES180	1.74899	25.8768	24.1278
spk_ver/v07/v0746	SES129	-3.58524	23.9838	27.569
spk_ver/v07/v0747	SES292	-0.657457	25.752	26.4095
spk_ver/v07/v0748	SES202	1.34962	23.28	21.9304
spk_ver/v07/v0749	SES270	1.10511	26.76	25.6549
spk_ver/v07/v0750	SES129	-5.21516	21.7588	26.974
spk_ver/v07/v0751	SES129	-6.06382	20.8945	26.9583
spk_ver/v07/v0752	SES060	-0.457588	25.4442	25.9018
spk_ver/v07/v0753	SES129	-6.92391	17.39	24.3139
spk_ver/v07/v0754	SES129	-10.289	10.1942	20.4831
spk_ver/v07/v0755	SES129	-6.16224	18.9769	25.1391
spk_ver/v07/v0756	SES175	-0.0718403	23.5452	23.6171
spk_ver/v07/v0757	SES129	-5.29186	17.4602	22.752
spk_ver/v07/v0758	SES129	-6.69097	17.4992	24.1902
spk_ver/v07/v0759	SES129	-5.37067	20.9039	26.2746
spk_ver/v07/v0760	SES129	-5.22386	19.6187	24.8426
spk_ver/v07/v0761	SES129	-4.90448	22.2755	27.18
spk_ver/v07/v0762	SES172	-0.0225201	24.289	24.3115
spk_ver/v07/v0763	SES129	-5.01111	18.5472	23.5583
spk_ver/v07/v0764	SES129	-5.93211	18.9844	24.9165
spk_ver/v07/v0765	SES175	0.518017	24.6456	24.1276
spk_ver/v07/v0766	SES129	-5.86378	20.8046	26.6683
spk_ver/v07/v0767	SES129	-5.27867	18.3185	23.5971
spk_ver/v07/v0768	SES042	1.617	29.1711	27.5541
spk_ver/v07/v0769	SES099	1.28818	26.6936	25.4054
spk_ver/v07/v0770	SES142	-4.33047	19.7079	24.0384
spk_ver/v07/v0771	SES142	-3.14512	22.1667	25.3119
spk_ver/v07/v0772	SES101	0.184706	26.6164	26.4317
spk_ver/v07/v0773	SES142	-9.13601	14.0316	23.1676
spk_ver/v07/v0774	SES142	-6.6176	15.8028	22.4204
spk_ver/v07/v0775	SES142	-3.01845	21.529	24.5474
spk_ver/v07/v0776	SES142	-4.92229	21.1546	26.0769
spk_ver/v07/v0777	SES142	-6.19817	19.805	26.0032
spk_ver/v07/v0778	SES142	-2.13633	20.7776	22.914
spk_ver/v07/v0779	SES142	-11.8183	13.436	25.2543
spk_ver/v07/v0780	SES142	-5.04019	16.6147	21.6548
spk_ver/v07/v0781	SES142	-10.7942	15.2633	26.0574
spk_ver/v07/v0782	SES101	0.676943	24.9254	24.2485
spk_ver/v07/v0783	SES142	-6.02429	18.47	24.4943
spk_ver/v07/v0784	SES187	1.57714	24.9677	23.3906
spk_ver/v07/v0785	SES143	0.405367	21.5264	21.121
spk_ver/v07/v0786	SES142	-7.27516	18.1621	25.4373
spk_ver/v07/v0787	SES144	0.000875473	24.9571	24.9562
spk_ver/v07/v0788	SES275	0.939156	25.8241	24.8849
spk_ver/v07/v0789	SES142	-4.12585	20.248	24.3739
spk_ver/v07/v0790	SES099	2.35864	28.4265	26.0678
spk_ver/v07/v0791	SES142	-8.6428	15.9159	24.5587
spk_ver/v07/v0792	SES142	-6.37832	21.6284	28.0067
spk_ver/v07/v0793	SES142	-8.59347	16.6435	25.237
spk_ver/v07/v0794	SES014	1.50231	28.1326	26.6303
spk_ver/v07/v0795	SES142	-9.58485	16.2046	25.7895
spk_ver/v07/v0796	SES142	-3.98867	21.8647	25.8533
spk_ver/v07/v0797	SES143	-1.80717	23.2527	25.0599
spk_ver/v07/v0798	SES206	0.766769	27.9981	27.2313
spk_ver/v07/v0799	SES143	-3.90837	18.1379	22.0462
spk_ver/v08/v0800	SES143	-2.54778	21.5672	24.115
spk_ver/v08/v0801	SES143	-2.54673	23.957	26.5038
spk_ver/v08/v0802	SES143	-3.26841	19.7881	23.0565
spk_ver/v08/v0803	SES143	-3.67867	19.8165	23.4951
spk_ver/v08/v0804	SES143	-2.88679	20.0172	22.904
spk_ver/v08/v0805	SES143	-3.57531	20.1017	23.677
spk_ver/v08/v0806	SES143	-2.9846	19.8218	22.8064
spk_ver/v08/v0807	SES177	0.122906	25.2072	25.0843
spk_ver/v08/v0808	SES149	1.26861	27.467	26.1984
spk_ver/v08/v0809	SES143	-5.19355	20.6543	25.8478
spk_ver/v08/v0810	SES158	1.57962	25.5968	24.0172
spk_ver/v08/v0811	SES143	-2.76169	18.9348	21.6965
spk_ver/v08/v0812	SES062	1.73976	29.3911	27.6514
spk_ver/v08/v0813	SES259	1.75636	28.1207	26.3643
spk_ver/v08/v0814	SES143	-5.84955	21.1019	26.9514
spk_ver/v08/v0815	SES143	-4.29746	20.491	24.7885
spk_ver/v08/v0816	SES143	-2.4068	22.4686	24.8754
spk_ver/v08/v0817	SES144	-0.638987	25.8522	26.4912
spk_ver/v08/v0818	SES143	-3.41619	21.4752	24.8914
spk_ver/v08/v0819	SES143	-3.61352	21.8675	25.481
spk_ver/v08/v0820	SES143	-3.32552	22.3616	25.6871
spk_ver/v08/v0821	SES143	-1.97279	22.0845	24.0573
spk_ver/v08/v0822	SES143	-4.84617	19.9185	24.7647
spk_ver/v08/v0823	SES104	1.73819	28.0092	26.271
spk_ver/v08/v0824	SES143	-4.94728	21.6203	26.5675
spk_ver/v08/v0825	SES143	-3.37129	21.7965	25.1678
spk_ver/v08/v0826	SES144	-5.4939	19.0829	24.5768
spk_ver/v08/v0827	SES144	-3.53393	22.1667	25.7006
spk_ver/v08/v0828	SES144	-1.564	24.4383	26.0023
spk_ver/v08/v0829	SES172	0.419418	24.8854	24.466
spk_ver/v08/v0830	SES144	-1.39745	22.8951	24.2926
spk_ver/v08/v0831	SES183	0.543394	25.3517	24.8083
spk_ver/v08/v0832	SES144	-5.58864	17.8576	23.4463
spk_ver/v08/v0833	SES144	-5.96518	20.0595	26.0247
spk_ver/v08/v0834	SES144	-1.83675	22.7429	24.5796
spk_ver/v08/v0835	SES144	-3.80336	20.1539	23.9572
spk_ver/v08/v0836	SES144	-2.92919	22.1836	25.1127
spk_ver/v08/v0837	SES144	-3.24154	24.6286	27.8702
spk_ver/v08/v0838	SES144	-3.69921	20.9486	24.6478
spk_ver/v08/v0839	SES085	0.400805	26.4171	26.0163
spk_ver/v08/v0840	SES144	-1.86662	22.4123	24.2789
spk_ver/v08/v0841	SES144	-5.60985	15.8067	21.4165
spk_ver/v08/v0842	SES144	-5.82379	20.4704	26.2942
spk_ver/v08/v0843	SES144	-1.15019	24.7708	25.921
spk_ver/v08/v0844	SES144	-4.30847	21.0971	25.4056
spk_ver/v08/v0845	SES144	-4.72586	23.4198	28.1456
spk_ver/v08/v0846	SES104	0.940838	27.047	26.1061
spk_ver/v08/v0847	SES144	-4.31949	20.6137	24.9332
spk_ver/v08/v0848	SES144	-4.2052	18.3187	22.5239
spk_ver/v08/v0849	SES144	-6.86682	18.9457	25.8125
spk_ver/v08/v0850	SES144	-5.34303	21.0559	26.3989
spk_ver/v08/v0851	SES144	-2.58958	22.2946	24.8842
spk_ver/v08/v0852	SES144	-1.76279	24.2936	26.0564
spk_ver/v08/v0853	SES144	-4.38243	21.1841	25.5665
spk_ver/v08/v0854	SES144	-1.84243	22.7005	24.5429
spk_ver/v08/v0855	SES144	-0.789085	25.3378	26.1268
spk_ver/v08/v0856	SES082	-1.18629	21.8123	22.9986
spk_ver/v08/v0857	SES142	1.9882	26.195	24.2068
spk_ver/v08/v0858	SES144	-2.0689	20.3166	22.3855
spk_ver/v08/v0859	SES144	-2.27919	22.2898	24.569
spk_ver/v08/v0860	SES146	-5.07562	19.8059	24.8816
spk_ver/v08/v0861	SES146	-4.96032	19.2474	24.2077
spk_ver/v08/v0862	SES146	-5.1323	18.8601	23.9924
spk_ver/v08/v0863	SES146	-4.91177	17.9951	22.9069
spk_ver/v08/v0864	SES146	-4.69191	22.3759	27.0678
spk_ver/v08/v0865	SES008	2.34121	25.3643	23.0231
spk_ver/v08/v0866	SES142	1.15963	25.5585	24.3989
spk_ver/v08/v0867	SES146	-4.80679	20.3563	25.1631
spk_ver/v08/v0868	SES082	1.97397	30.1614	28.1874
spk_ver/v08/v0869	SES146	-2.43432	23.9233	26.3576
spk_ver/v08/v0870	SES146	-4.01496	18.1112	22.1261
spk_ver/v08/v0871	SES146	-4.74042	20.194	24.9344
spk_ver/v08/v0872	SES146	-4.83515	17.9556	22.7907
spk_ver/v08/v0873	SES082	1.05279	28.8294	27.7766
spk_ver/v08/v0874	SES146	-4.5112	19.8	24.3112
spk_ver/v08/v0875	SES144	-0.36371	23.8941	24.2578
spk_ver/v08/v0876	SES146	-3.6473	25.4891	29.1364
spk_ver/v08/v0877	SES146	-4.66441	19.5921	24.2566
spk_ver/v08/v0878	SES146	-3.63647	21.9236	25.56
spk_ver/v08/v0879	SES146	-4.07229	20.7277	24.8
spk_ver/v08/v0880	SES146	-4.30801	20.209	24.517
spk_ver/v08/v0881	SES143	0.87941	23.3509	22.4714
spk_ver/v08/v0882	SES146	-2.60751	22.7746	25.3821
spk_ver/v08/v0883	SES147	-2.61378	23.3579	25.9716
spk_ver/v08/v0884	SES147	-2.25998	23.1055	25.3655
spk_ver/v08/v0885	SES016	0.860357	26.7295	25.8691
spk_ver/v08/v0886	SES147	-2.08463	22.2853	24.3699
spk_ver/v08/v0887	SES147	-3.24028	21.9926	25.2329
spk_ver/v08/v0888	SES147	-2.69269	19.4045	22.0972
spk_ver/v08/v0889	SES019	1.42358	25.5498	24.1262
spk_ver/v08/v0890	SES147	-2.60108	21.1523	23.7534
spk_ver/v08/v0891	SES147	-3.34552	21.6338	24.9793
spk_ver/v08/v0892	SES147	-2.44252	20.4292	22.8717
spk_ver/v08/v0893	SES270	1.81616	23.9108	22.0946
spk_ver/v08/v0894	SES029	0.00844193	25.0184	25.01
spk_ver/v08/v0895	SES147	-3.09682	19.5239	22.6207
spk_ver/v08/v0896	SES117	0.441113	22.8417	22.4006
spk_ver/v08/v0897	SES183	1.84977	22.7453	20.8955
spk_ver/v08/v0898	SES147	-5.92757	21.5373	27.4649
spk_ver/v08/v0899	SES147	-3.32497	18.5309	21.8559
spk_ver/v09/v0900	SES087	0.543394	27.8602	27.3169
spk_ver/v09/v0901	SES147	-7.19096	17.4806	24.6716
spk_ver/v09/v0902	SES147	-4.85409	19.75	24.6041
spk_ver/v09/v0903	SES147	-2.42159	22.0297	24.4513
spk_ver/v09/v0904	SES147	-4.18438	22.0122	26.1966
spk_ver/v09/v0905	SES143	0.561958	23.4406	22.8787
spk_ver/v09/v0906	SES149	0.393085	27.6228	27.2297
spk_ver/v09/v0907	SES148	-1.49068	24.8907	26.3814
spk_ver/v09/v0908	SES148	-2.11452	23.3569	25.4714
spk_ver/v09/v0909	SES106	2.60343	25.3934	22.79
spk_ver/v09/v0910	SES148	-2.02353	21.0368	23.0604
spk_ver/v09/v0911	SES148	-4.65049	21.0077	25.6582
spk_ver/v09/v0912	SES142	-0.0888538	23.4208	23.5096
spk_ver/v09/v0913	SES148	-4.6139	19.0771	23.691
spk_ver/v09/v0914	SES148	-4.6307	20.9687	25.5994
spk_ver/v09/v0915	SES148	-4.20159	19.4249	23.6265
spk_ver/v09/v0916	SES148	-4.54224	17.7072	22.2495
spk_ver/v09/v0917	SES148	0.510427	25.5009	24.9904
spk_ver/v09/v0918	SES148	-1.48032	23.9826	25.4629
spk_ver/v09/v0919	SES270	1.48063	26.0094	24.5287
spk_ver/v09/v0920	SES148	-2.82321	23.1245	25.9477
spk_ver/v09/v0921	SES148	-4.41802	21.6919	26.1099
spk_ver/v09/v0922	SES129	1.35054	28.9284	27.5778
spk_ver/v09/v0923	SES117	0.211575	24.6973	24.4857
spk_ver/v09/v0924	SES042	2.64716	29.5387	26.8916
spk_ver/v09/v0925	SES148	-6.16684	17.524	23.6909
spk_ver/v09/v0926	SES148	-6.54889	17.2311	23.7799
spk_ver/v09/v0927	SES144	-0.339409	24.7659	25.1053
spk_ver/v09/v0928	SES007	0.565729	24.6894	24.1236
spk_ver/v09/v0929	SES148	-3.90875	23.152	27.0608
spk_ver/v09/v0930	SES148	-1.48964	24.2987	25.7883
spk_ver/v09/v0931	SES148	-4.76161	17.6976	22.4592
spk_ver/v09/v0932	SES202	0.42058	25.2505	24.8299
spk_ver/v09/v0933	SES148	-1.81177	24.9051	26.7169
spk_ver/v09/v0934	SES148	-5.26442	20.4975	25.7619
spk_ver/v09/v0935	SES060	0.942701	27.3985	26.4558
spk_ver/v09/v0936	SES060	1.09656	26.0378	24.9412
spk_ver/v09/v0937	SES148	-3.26169	23.1631	26.4248
spk_ver/v09/v0938	SES148	-2.93302	23.1782	26.1112
spk_ver/v09/v0939	SES148	-4.13084	22.3801	26.5109
spk_ver/v09/v0940	SES148	-3.86368	21.9551	25.8188
spk_ver/v09/v0941	SES149	-4.37418	19.7998	24.174
spk_ver/v09/v0942	SES149	-4.48011	21.6441	26.1242
spk_ver/v09/v0943	SES149	-4.68873	19.9459	24.6346
spk_ver/v09/v0944	SES149	-3.59248	20.772	24.3645
spk_ver/v09/v0945	SES105	1.06775	27.3599	26.2921
spk_ver/v09/v0946	SES149	-5.25753	21.7701	27.0276
spk_ver/v09/v0947	SES149	-6.71491	16.45	23.1649
spk_ver/v09/v0948	SES149	-5.85849	19.9808	25.8393
spk_ver/v09/v0949	SES149	-3.34593	24.2262	27.5722
spk_ver/v09/v0950	SES226	0.998348	28.2995	27.3012
spk_ver/v09/v0951	SES149	-5.412	18.7724	24.1844
spk_ver/v09/v0952	SES149	-5.13596	18.6637	23.7997
spk_ver/v09/v0953	SES062	1.58587	27.963	26.3771
spk_ver/v09/v0954	SES149	-6.16973	17.5482	23.7179
spk_ver/v09/v0955	SES048	-0.260626	25.9692	26.2299
spk_ver/v09/v0956	SES158	-1.82098	24.7213	26.5423
spk_ver/v09/v0957	SES158	-7.77881	15.4468	23.2256
spk_ver/v09/v0958	SES158	-2.32703	24.5898	26.9169
spk_ver/v09/v0959	SES158	-3.77673	20.7981	24.5748
spk_ver/v09/v0960	SES158	-5.816	16.6997	22.5156
spk_ver/v09/v0961	SES147	1.00241	24.317	23.3146
spk_ver/v09/v0962	SES158	-9.84581	13.5864	23.4322
spk_ver/v09/v0963	SES292	-0.11216	25.6077	25.7198
spk_ver/v09/v0964	SES060	0.828409	27.0269	26.1985
spk_ver/v09/v0965	SES002	0.84341	26.356	25.5126
spk_ver/v09/v0966	SES149	2.11137	29.9635	27.8521
spk_ver/v09/v0967	SES158	-9.5089	14.678	24.1869
spk_ver/v09/v0968	SES158	-3.49713	19.6292	23.1263
spk_ver/v09/v0969	SES275	-0.481083	23.5502	24.0312
spk_ver/v09/v0970	SES158	-6.69407	19.5017	26.1958
spk_ver/v09/v0971	SES158	-6.28879	18.3707	24.6595
spk_ver/v09/v0972	SES002	0.74255	27.1963	26.4538
spk_ver/v09/v0973	SES158	-7.3197	17.1833	24.503
spk_ver/v09/v0974	SES202	0.964827	24.4215	23.4567
spk_ver/v09/v0975	SES158	-8.51065	13.5013	22.0119
spk_ver/v09/v0976	SES158	-0.52482	26.1618	26.6866
spk_ver/v09/v0977	SES162	-3.0818	23.2143	26.2961
spk_ver/v09/v0978	SES162	-7.15206	17.1574	24.3094
spk_ver/v09/v0979	SES162	-7.51993	17.6558	25.1757
spk_ver/v09/v0980	SES162	-3.67074	18.9525	22.6233
spk_ver/v09/v0981	SES162	-4.8731	17.8295	22.7026
spk_ver/v09/v0982	SES259	3.31994	29.469	26.149
spk_ver/v09/v0983	SES162	-5.84822	14.2474	20.0957
spk_ver/v09/v0984	SES162	-2.85586	24.0222	26.8781
spk_ver/v09/v0985	SES162	-2.43749	22.4902	24.9277
spk_ver/v09/v0986	SES062	0.915163	27.9812	27.066
spk_ver/v09/v0987	SES162	-2.1349	22.8564	24.9914
spk_ver/v09/v0988	SES162	-5.81689	19.5888	25.4057
spk_ver/v09/v0989	SES162	-6.64009	15.4099	22.05
spk_ver/v09/v0990	SES162	-4.59544	20.5318	25.1272
spk_ver/v09/v0991	SES087	1.06955	27.6457	26.5762
spk_ver/v09/v0992	SES120	-0.300919	23.032	23.3329
spk_ver/v09/v0993	SES162	-6.10181	20.5556	26.6574
spk_ver/v09/v0994	SES162	-3.28638	21.7093	24.9957
spk_ver/v09/v0995	SES162	-6.93205	20.5912	27.5232
spk_ver/v09/v0996	SES162	-4.01509	23.3594	27.3744
spk_ver/v09/v0997	SES162	-7.06685	19.2478	26.3146
spk_ver/v09/v0998	SES162	-4.43596	18.4709	22.9068
spk_ver/v09/v0999	SES162	-3.47557	23.8842	27.3598
spk_ver/v10/v1000	SES162	-8.02407	17.3359	25.3599
spk_ver/v10/v1001	SES148	1.24463	24.5588	23.3142
spk_ver/v10/v1002	SES162	-1.88197	20.9153	22.7973
spk_ver/v10/v1003	SES162	-3.23314	21.6087	24.8418
spk_ver/v10/v1004	SES162	-4.12785	19.0576	23.1855
spk_ver/v10/v1005	SES162	-6.62768	17.5261	24.1538
spk_ver/v10/v1006	SES162	-4.84806	19.2995	24.1475
spk_ver/v10/v1007	SES162	-4.14784	20.5538	24.7016
spk_ver/v10/v1008	SES162	-6.85997	14.9189	21.7789
spk_ver/v10/v1009	SES162	-7.93515	17.9263	25.8614
spk_ver/v10/v1010	SES167	-3.58262	19.1647	22.7474
spk_ver/v10/v1011	SES167	-1.56347	22.2235	23.787
spk_ver/v10/v1012	SES167	-3.08249	20.3607	23.4432
spk_ver/v10/v1013	SES167	-7.26028	18.2015	25.4618
spk_ver/v10/v1014	SES167	-3.0041	23.1739	26.178
spk_ver/v10/v1015	SES167	-3.00034	21.2916	24.292
spk_ver/v10/v1016	SES167	-3.48035	21.6813	25.1617
spk_ver/v10/v1017	SES167	-3.08424	20.5217	23.6059
spk_ver/v10/v1018	SES167	-3.70472	22.1631	25.8678
spk_ver/v10/v1019	SES167	-4.10024	20.3192	24.4194
spk_ver/v10/v1020	SES167	-7.37301	16.1956	23.5686
spk_ver/v10/v1021	SES167	-3.22375	18.9376	22.1614
spk_ver/v10/v1022	SES167	-4.61986	20.3931	25.013
spk_ver/v10/v1023	SES167	-3.60544	20.7291	24.3345
spk_ver/v10/v1024	SES167	-6.22714	16.7579	22.9851
spk_ver/v10/v1025	SES167	-2.48419	24.0881	26.5723
spk_ver/v10/v1026	SES167	-5.03179	19.8075	24.8392
spk_ver/v10/v1027	SES167	-3.94041	22.5828	26.5232
spk_ver/v10/v1028	SES167	-7.40067	16.739	24.1396
spk_ver/v10/v1029	SES167	-5.3394	19.9455	25.2849
spk_ver/v10/v1030	SES167	-4.5339	21.6409	26.1748
spk_ver/v10/v1031	SES167	-6.84548	17.0182	23.8637
spk_ver/v10/v1032	SES167	-5.87066	21.3761	27.2468
spk_ver/v10/v1033	SES167	-8.77738	18.9463	27.7237
spk_ver/v10/v1034	SES002	0.85741	28.1998	27.3424
spk_ver/v10/v1035	SES167	-3.02198	23.2792	26.3012
spk_ver/v10/v1036	SES083	0.7227	27.4172	26.6945
spk_ver/v10/v1037	SES167	-3.98667	19.9716	23.9583
spk_ver/v10/v1038	SES167	-3.5617	18.687	22.2487
spk_ver/v10/v1039	SES167	-4.0813	20.0828	24.1641
spk_ver/v10/v1040	SES167	-6.67615	16.5942	23.2703
spk_ver/v10/v1041	SES167	-2.49779	22.0109	24.5087
spk_ver/v10/v1042	SES087	1.31706	27.2486	25.9315
spk_ver/v10/v1043	SES029	0.295015	25.1636	24.8686
spk_ver/v10/v1044	SES206	0.299553	27.8522	27.5526
spk_ver/v10/v1045	SES172	-2.79363	20.88	23.6736
spk_ver/v10/v1046	SES172	0.927029	26.3664	25.4394
spk_ver/v10/v1047	SES172	-2.27056	23.4972	25.7678
spk_ver/v10/v1048	SES259	2.91331	29.5616	26.6483
spk_ver/v10/v1049	SES172	-5.87362	21.0688	26.9425
spk_ver/v10/v1050	SES120	0.467548	25.0839	24.6164
spk_ver/v10/v1051	SES172	-4.48472	20.45	24.9347
spk_ver/v10/v1052	SES172	-3.99878	20.4832	24.482
spk_ver/v10/v1053	SES172	-7.42567	16.9645	24.3902
spk_ver/v10/v1054	SES172	-3.9826	20.0244	24.007
spk_ver/v10/v1055	SES189	1.68536	25.0718	23.3865
spk_ver/v10/v1056	SES172	-5.1468	20.9922	26.139
spk_ver/v10/v1057	SES172	-2.94211	21.3474	24.2895
spk_ver/v10/v1058	SES172	-2.48771	21.778	24.2657
spk_ver/v10/v1059	SES172	-4.47846	20.5884	25.0668
spk_ver/v10/v1060	SES029	-0.0413094	27.0845	27.1259
spk_ver/v10/v1061	SES175	-7.8809	16.827	24.7079
spk_ver/v10/v1062	SES187	-0.135248	26.2695	26.4047
spk_ver/v10/v1063	SES019	2.85803	26.2362	23.3782
spk_ver/v10/v1064	SES175	-5.74883	19.8501	25.599
spk_ver/v10/v1065	SES175	-6.44636	19.668	26.1143
spk_ver/v10/v1066	SES175	-6.61804	15.5809	22.199
spk_ver/v10/v1067	SES175	-3.62065	21.0575	24.6782
spk_ver/v10/v1068	SES175	-4.08326	18.9275	23.0107
spk_ver/v10/v1069	SES016	2.28086	27.6667	25.3858
spk_ver/v10/v1070	SES175	-3.63633	20.0071	23.6435
spk_ver/v10/v1071	SES175	-2.30354	24.2018	26.5053
spk_ver/v10/v1072	SES175	-5.74356	19.809	25.5525
spk_ver/v10/v1073	SES029	-0.395164	24.8568	25.252
spk_ver/v10/v1074	SES175	-3.68185	21.6844	25.3663
spk_ver/v10/v1075	SES175	-1.90978	24.6152	26.525
spk_ver/v10/v1076	SES175	-1.84684	25.3396	27.1864
spk_ver/v10/v1077	SES175	-4.4604	23.2562	27.7166
spk_ver/v10/v1078	SES127	0.577431	26.6975	26.1201
spk_ver/v10/v1079	SES175	-5.45823	22.0418	27.5
spk_ver/v10/v1080	SES175	-3.22788	18.8396	22.0675
spk_ver/v10/v1081	SES175	-5.71567	19.2167	24.9324
spk_ver/v10/v1082	SES175	-4.00618	22.7333	26.7395
spk_ver/v10/v1083	SES007	0.961548	24.3671	23.4056
spk_ver/v10/v1084	SES068	0.112091	26.9343	26.8222
spk_ver/v10/v1085	SES008	0.755733	27.5113	26.7555
spk_ver/v10/v1086	SES175	-2.78384	24.5167	27.3005
spk_ver/v10/v1087	SES175	-3.56357	20.9415	24.5051
spk_ver/v10/v1088	SES008	2.03835	27.2094	25.171
spk_ver/v10/v1089	SES177	-3.43262	24.661	28.0937
spk_ver/v10/v1090	SES177	-5.39364	19.979	25.3727
spk_ver/v10/v1091	SES177	-5.01147	19.2328	24.2443
spk_ver/v10/v1092	SES177	-1.73806	22.4953	24.2333
spk_ver/v10/v1093	SES177	-5.35914	20.4038	25.7629
spk_ver/v10/v1094	SES002	1.04421	29.1095	28.0653
spk_ver/v10/v1095	SES104	1.66564	28.7656	27.1
spk_ver/v10/v1096	SES177	-2.03528	22.8102	24.8455
spk_ver/v10/v1097	SES177	-2.40202	18.7091	21.1112
spk_ver/v10/v1098	SES177	-3.00417	22.6029	25.6071
spk_ver/v10/v1099	SES177	-1.79451	22.9258	24.7203
spk_ver/v11/v1100	SES177	-5.01933	19.6273	24.6466
spk_ver/v11/v1101	SES085	-0.619051	25.7151	26.3341
spk_ver/v11/v1102	SES187	0.437531	25.3974	24.9599
spk_ver/v11/v1103	SES177	-2.91916	20.1185	23.0377
spk_ver/v11/v1104	SES177	0.20118	26.0658	25.8646
spk_ver/v11/v1105	SES177	-1.5639	23.7408	25.3047
spk_ver/v11/v1106	SES177	-3.93618	21.7578	25.694
spk_ver/v11/v1107	SES177	-1.74155	23.8461	25.5876
spk_ver/v11/v1108	SES177	-1.97498	23.9853	25.9603
spk_ver/v11/v1109	SES125	1.12908	27.4656	26.3366
spk_ver/v11/v1110	SES177	-4.53329	20.5837	25.117
spk_ver/v11/v1111	SES177	-2.08062	23.8711	25.9517
spk_ver/v11/v1112	SES177	-4.2107	21.583	25.7937
spk_ver/v11/v1113	SES177	-6.074	20.0037	26.0778
spk_ver/v11/v1114	SES177	-2.36713	20.8113	23.1785
spk_ver/v11/v1115	SES177	-4.22461	17.9004	22.125
spk_ver/v11/v1116	SES085	0.287895	27.6254	27.3375
spk_ver/v11/v1117	SES147	-0.131681	23.6327	23.7644
spk_ver/v11/v1118	SES177	-1.66325	21.4439	23.1072
spk_ver/v11/v1119	SES177	-3.64208	20.5607	24.2028
spk_ver/v11/v1120	SES180	-8.0344	16.719	24.7534
spk_ver/v11/v1121	SES189	1.04193	23.7012	22.6593
spk_ver/v11/v1122	SES117	0.611626	21.5497	20.9381
spk_ver/v11/v1123	SES129	2.60182	28.8311	26.2292
spk_ver/v11/v1124	SES180	-2.52522	21.8406	24.3659
spk_ver/v11/v1125	SES180	-2.24734	24.0578	26.3051
spk_ver/v11/v1126	SES180	-2.47708	22.9083	25.3854
spk_ver/v11/v1127	SES180	-3.99778	21.1463	25.1441
spk_ver/v11/v1128	SES016	0.805428	25.4354	24.6299
spk_ver/v11/v1129	SES158	0.2661	25.8299	25.5638
spk_ver/v11/v1130	SES180	-4.32179	21.2975	25.6193
spk_ver/v11/v1131	SES180	-5.56313	23.3433	28.9064
spk_ver/v11/v1132	SES180	-2.9906	20.1757	23.1663
spk_ver/v11/v1133	SES180	-6.18432	20.4199	26.6042
spk_ver/v11/v1134	SES180	-3.30273	20.537	23.8397
spk_ver/v11/v1135	SES180	-4.19047	21.5887	25.7791
spk_ver/v11/v1136	SES180	-6.56437	14.7777	21.342
spk_ver/v11/v1137	SES148	0.299332	25.187	24.8876
spk_ver/v11/v1138	SES104	1.86081	30.6578	28.797
spk_ver/v11/v1139	SES180	-5.5991	17.4083	23.0074
spk_ver/v11/v1140	SES083	1.01403	26.3271	25.313
spk_ver/v11/v1141	SES180	-6.15909	19.2929	25.452
spk_ver/v11/v1142	SES180	-3.23497	22.0561	25.2911
spk_ver/v11/v1143	SES180	-4.55582	18.1049	22.6607
spk_ver/v11/v1144	SES099	1.06003	26.6694	25.6094
spk_ver/v11/v1145	SES180	-3.724	19.849	23.573
spk_ver/v11/v1146	SES183	-3.71963	21.5361	25.2557
spk_ver/v11/v1147	SES183	-1.95925	24.0617	26.0209
spk_ver/v11/v1148	SES183	-6.1671	16.4323	22.5994
spk_ver/v11/v1149	SES183	-8.06134	18.6211	26.6824
spk_ver/v11/v1150	SES183	-7.44907	17.0873	24.5364
spk_ver/v11/v1151	SES082	1.56943	27.2161	25.6467
spk_ver/v11/v1152	SES183	-3.00572	19.8457	22.8514
spk_ver/v11/v1153	SES183	-2.80908	21.7879	24.597
spk_ver/v11/v1154	SES002	1.24069	29.4406	28.1999
spk_ver/v11/v1155	SES183	-3.01268	20.1755	23.1881
spk_ver/v11/v1156	SES183	-6.28903	16.8516	23.1406
spk_ver/v11/v1157	SES183	-4.75818	24.1447	28.9028
spk_ver/v11/v1158	SES183	-1.80864	24.1359	25.9445
spk_ver/v11/v1159	SES183	-2.48311	22.7341	25.2172
spk_ver/v11/v1160	SES183	-6.77462	18.6002	25.3748
spk_ver/v11/v1161	SES183	-4.86285	17.0556	21.9185
spk_ver/v11/v1162	SES105	1.62264	26.9856	25.3629
spk_ver/v11/v1163	SES183	-5.46065	20.4785	25.9392
spk_ver/v11/v1164	SES259	3.066	28.4467	25.3807
spk_ver/v11/v1165	SES183	-2.93819	20.9826	23.9207
spk_ver/v11/v1166	SES183	-7.4701	18.3779	25.848
spk_ver/v11/v1167	SES183	-2.89409	19.6365	22.5306
spk_ver/v11/v1168	SES183	-2.76957	23.0102	25.7798
spk_ver/v11/v1169	SES183	-7.28687	19.1643	26.4512
spk_ver/v11/v1170	SES183	-5.06197	20.7205	25.7825
spk_ver/v11/v1171	SES183	-9.06681	15.6882	24.755
spk_ver/v11/v1172	SES187	-3.67509	20.8582	24.5333
spk_ver/v11/v1173	SES019	3.63366	25.7606	22.127
spk_ver/v11/v1174	SES187	-5.30068	17.2286	22.5293
spk_ver/v11/v1175	SES187	-3.55688	19.0573	22.6142
spk_ver/v11/v1176	SES083	-0.419102	27.175	27.5941
spk_ver/v11/v1177	SES187	-6.27241	17.2327	23.5051
spk_ver/v11/v1178	SES187	-5.78783	18.8448	24.6326
spk_ver/v11/v1179	SES187	-2.9282	22.0253	24.9535
spk_ver/v11/v1180	SES187	-1.59283	22.2356	23.8285
spk_ver/v11/v1181	SES187	-6.74893	20.5893	27.3382
spk_ver/v11/v1182	SES187	-2.27216	23.3496	25.6218
spk_ver/v11/v1183	SES187	-4.15387	19.6327	23.7865
spk_ver/v11/v1184	SES187	-1.22937	22.8021	24.0314
spk_ver/v11/v1185	SES127	1.00414	25.5182	24.5141
spk_ver/v11/v1186	SES187	-1.61303	23.0134	24.6264
spk_ver/v11/v1187	SES187	-2.43534	23.8606	26.2959
spk_ver/v11/v1188	SES187	-2.50276	20.5701	23.0729
spk_ver/v11/v1189	SES042	1.00675	28.7213	27.7146
spk_ver/v11/v1190	SES187	-2.10813	21.3834	23.4915
spk_ver/v11/v1191	SES187	-5.10268	17.1335	22.2362
spk_ver/v11/v1192	SES187	-5.33059	18.0461	23.3767
spk_ver/v11/v1193	SES183	0.92244	25.9425	25.02
spk_ver/v11/v1194	SES187	-2.98587	19.7707	22.7566
spk_ver/v11/v1195	SES187	-4.55828	20.1352	24.6934
spk_ver/v11/v1196	SES146	0.654615	24.4438	23.7891
spk_ver/v11/v1197	SES189	-5.91124	21.6399	27.5511
spk_ver/v11/v1198	SES175	1.14593	25.2878	24.1419
spk_ver/v11/v1199	SES189	-6.08268	16.9396	23.0223
spk_ver/v12/v1200	SES189	-3.44693	23.7685	27.2154
spk_ver/v12/v1201	SES177	0.44676	26.559	26.1122
spk_ver/v12/v1202	SES189	-3.12275	19.1615	22.2843
spk_ver/v12/v1203	SES143	0.726639	24.2143	23.4877
spk_ver/v12/v1204	SES189	-3.46324	21.2437	24.707
spk_ver/v12/v1205	SES189	-3.39108	24.5177	27.9088
spk_ver/v12/v1206	SES189	-6.24812	17.6167	23.8648
spk_ver/v12/v1207	SES189	-4.25672	20.8876	25.1444
spk_ver/v12/v1208	SES189	-4.77583	22.9428	27.7186
spk_ver/v12/v1209	SES189	-6.40998	16.763	23.1729
spk_ver/v12/v1210	SES189	-1.68159	21.0744	22.756
spk_ver/v12/v1211	SES062	1.57926	28.5783	26.999
spk_ver/v12/v1212	SES189	-3.73833	21.0314	24.7698
spk_ver/v12/v1213	SES048	1.30419	27.2925	25.9883
spk_ver/v12/v1214	SES042	3.38717	30.931	27.5438
spk_ver/v12/v1215	SES008	1.74247	26.8654	25.1229
spk_ver/v12/v1216	SES202	-7.46717	20.421	27.8882
spk_ver/v12/v1217	SES202	-4.68434	18.7606	23.4449
spk_ver/v12/v1218	SES085	0.784349	29.4896	28.7052
spk_ver/v12/v1219	SES202	-3.54219	22.3939	25.9361
spk_ver/v12/v1220	SES202	-3.7265	22.4607	26.1872
spk_ver/v12/v1221	SES202	-2.76892	21.3005	24.0694
spk_ver/v12/v1222	SES202	-9.73447	14.4896	24.2241
spk_ver/v12/v1223	SES158	0.711855	25.9995	25.2877
spk_ver/v12/v1224	SES202	-3.73005	19.344	23.074
spk_ver/v12/v1225	SES202	-5.7509	20.2696	26.0205
spk_ver/v12/v1226	SES202	-5.03387	20.4457	25.4796
spk_ver/v12/v1227	SES202	-4.6132	21.1885	25.8017
spk_ver/v12/v1228	SES177	0.355583	25.2641	24.9086
spk_ver/v12/v1229	SES202	-4.98213	20.8601	25.8423
spk_ver/v12/v1230	SES202	-2.90356	21.4016	24.3051
spk_ver/v12/v1231	SES202	-5.18452	21.362	26.5465
spk_ver/v12/v1232	SES202	-3.60405	18.2058	21.8098
spk_ver/v12/v1233	SES206	1.3414	29.2215	27.8801
spk_ver/v12/v1234	SES202	-8.3947	15.8919	24.2866
spk_ver/v12/v1235	SES202	-3.79912	22.4954	26.2945
spk_ver/v12/v1236	SES125	2.27491	27.6836	25.4087
spk_ver/v12/v1237	SES127	0.912298	26.7894	25.8771
spk_ver/v12/v1238	SES202	2.54001	26.0863	23.5463
spk_ver/v12/v1239	SES167	1.20071	26.8485	25.6478
spk_ver/v12/v1240	SES206	-9.69538	15.0282	24.7236
spk_ver/v12/v1241	SES206	-9.99428	13.0974	23.0917
spk_ver/v12/v1242	SES206	-2.25155	24.8307	27.0822
spk_ver/v12/v1243	SES206	-4.86215	20.359	25.2211
spk_ver/v12/v1244	SES259	2.44509	27.1224	24.6773
spk_ver/v12/v1245	SES206	-5.16247	20.3671	25.5296
spk_ver/v12/v1246	SES206	-4.54293	21.5455	26.0884
spk_ver/v12/v1247	SES206	-2.6539	22.62	25.2739
spk_ver/v12/v1248	SES206	-11.3666	10.8397	22.2062
spk_ver/v12/v1249	SES270	3.04804	25.9668	22.9188
spk_ver/v12/v1250	SES206	-8.87122	14.4637	23.3349
spk_ver/v12/v1251	SES206	-3.95539	22.1834	26.1388
spk_ver/v12/v1252	SES206	-4.30397	20.2483	24.5522
spk_ver/v12/v1253	SES206	-2.37193	23.8273	26.1993
spk_ver/v12/v1254	SES206	-3.92335	20.4166	24.34
spk_ver/v12/v1255	SES125	1.23547	27.4198	26.1843
spk_ver/v12/v1256	SES206	-9.64099	15.2793	24.9203
spk_ver/v12/v1257	SES206	-6.07912	19.6587	25.7379
spk_ver/v12/v1258	SES206	-2.76731	22.9479	25.7152
spk_ver/v12/v1259	SES206	-8.69323	15.0955	23.7887
spk_ver/v12/v1260	SES206	-14.0085	8.45646	22.465
spk_ver/v12/v1261	SES206	-9.40919	15.4544	24.8636
spk_ver/v12/v1262	SES206	-9.55599	14.5153	24.0713
spk_ver/v12/v1263	SES206	-5.15549	20.3952	25.5507
spk_ver/v12/v1264	SES149	1.05207	27.1502	26.0982
spk_ver/v12/v1265	SES206	-2.39723	20.28	22.6772
spk_ver/v12/v1266	SES206	-9.80994	14.1405	23.9504
spk_ver/v12/v1267	SES206	-2.83117	19.1134	21.9446
spk_ver/v12/v1268	SES206	-4.65682	20.5895	25.2464
spk_ver/v12/v1269	SES206	-17.4566	3.28451	20.7412
spk_ver/v12/v1270	SES206	-12.3933	7.82341	20.2167
spk_ver/v12/v1271	SES226	-6.40705	15.7323	22.1394
spk_ver/v12/v1272	SES226	-1.80983	26.0677	27.8775
spk_ver/v12/v1273	SES226	-6.83581	19.8513	26.6871
spk_ver/v12/v1274	SES226	-5.97231	16.9329	22.9052
spk_ver/v12/v1275	SES226	-0.864594	22.0396	22.9042
spk_ver/v12/v1276	SES226	-5.85201	18.5742	24.4262
spk_ver/v12/v1277	SES226	-1.99006	24.4544	26.4444
spk_ver/v12/v1278	SES226	-1.34263	23.5874	24.9301
spk_ver/v12/v1279	SES226	-6.57003	19.793	26.3631
spk_ver/v12/v1280	SES226	-4.28248	21.9091	26.1916
spk_ver/v12/v1281	SES226	-2.58518	21.6434	24.2285
spk_ver/v12/v1282	SES226	-3.24584	22.4717	25.7176
spk_ver/v12/v1283	SES143	0.937485	24.1678	23.2303
spk_ver/v12/v1284	SES226	-5.75152	21.979	27.7305
spk_ver/v12/v1285	SES226	-2.22341	23.5246	25.748
spk_ver/v12/v1286	SES226	-2.47139	21.2894	23.7608
spk_ver/v12/v1287	SES226	-3.84051	22.1468	25.9873
spk_ver/v12/v1288	SES226	-6.58508	17.6065	24.1916
spk_ver/v12/v1289	SES104	1.14542	26.4846	25.3392
spk_ver/v12/v1290	SES008	2.89182	25.4898	22.598
spk_ver/v12/v1291	SES226	-1.88361	23.1374	25.021
spk_ver/v12/v1292	SES259	-6.63755	17.5976	24.2352
spk_ver/v12/v1293	SES062	1.17607	27.7596	26.5835
spk_ver/v12/v1294	SES099	1.33453	25.1666	23.832
spk_ver/v12/v1295	SES158	0.877834	25.8806	25.0028
spk_ver/v12/v1296	SES259	-5.98792	20.7686	26.7565
spk_ver/v12/v1297	SES259	-7.71926	16.5357	24.255
spk_ver/v12/v1298	SES259	-5.70451	20.4187	26.1232
spk_ver/v12/v1299	SES259	-7.06832	19.219	26.2873
spk_ver/v13/v1300	SES120	1.24923	24.9638	23.7146
spk_ver/v13/v1301	SES259	-9.71129	13.9858	23.6971
spk_ver/v13/v1302	SES259	-9.37852	14.0467	23.4252
spk_ver/v13/v1303	SES129	1.69654	27.3411	25.6446
spk_ver/v13/v1304	SES259	-5.21849	17.9386	23.1571
spk_ver/v13/v1305	SES259	-10.602	12.8614	23.4634
spk_ver/v13/v1306	SES106	0.561136	26.9967	26.4355
spk_ver/v13/v1307	SES259	-7.59708	16.0883	23.6853
spk_ver/v13/v1308	SES259	-2.70784	22.0698	24.7776
spk_ver/v13/v1309	SES259	-8.28866	17.1967	25.4853
spk_ver/v13/v1310	SES259	-6.51977	20.0046	26.5244
spk_ver/v13/v1311	SES259	-6.51068	19.6373	26.148
spk_ver/v13/v1312	SES259	-5.83622	20.6754	26.5116
spk_ver/v13/v1313	SES144	0.251366	25.9888	25.7374
spk_ver/v13/v1314	SES259	-8.49068	15.2915	23.7822
spk_ver/v13/v1315	SES162	1.77142	26.1901	24.4187
spk_ver/v13/v1316	SES206	0.130651	27.3599	27.2292
spk_ver/v13/v1317	SES175	0.142277	23.6592	23.5169
spk_ver/v13/v1318	SES259	-9.50417	14.0761	23.5802
spk_ver/v13/v1319	SES259	-10.6849	13.1234	23.8084
spk_ver/v13/v1320	SES270	-0.865484	24.4987	25.3642
spk_ver/v13/v1321	SES101	-0.227901	26.083	26.3109
spk_ver/v13/v1322	SES177	0.400053	26.3475	25.9475
spk_ver/v13/v1323	SES127	0.105627	26.8314	26.7258
spk_ver/v13/v1324	SES270	-8.14079	15.2553	23.396
spk_ver/v13/v1325	SES062	1.20552	28.3205	27.115
spk_ver/v13/v1326	SES270	0.325354	24.4301	24.1047
spk_ver/v13/v1327	SES120	-0.41404	22.5797	22.9938
spk_ver/v13/v1328	SES270	-5.91423	17.0635	22.9777
spk_ver/v13/v1329	SES270	-6.47065	21.12	27.5906
spk_ver/v13/v1330	SES270	-0.588207	23.7757	24.3639
spk_ver/v13/v1331	SES270	-5.89637	21.3285	27.2249
spk_ver/v13/v1332	SES270	-1.45139	25.6768	27.1282
spk_ver/v13/v1333	SES270	-4.42171	20.5178	24.9395
spk_ver/v13/v1334	SES270	-4.92139	22.1035	27.0249
spk_ver/v13/v1335	SES270	-0.324408	25.3199	25.6443
spk_ver/v13/v1336	SES270	-2.48686	21.8996	24.3865
spk_ver/v13/v1337	SES016	1.57484	26.755	25.1801
spk_ver/v13/v1338	SES270	-8.5724	18.5976	27.17
spk_ver/v13/v1339	SES002	0.855438	27.7788	26.9233
spk_ver/v13/v1340	SES105	1.98887	26.6525	24.6636
spk_ver/v13/v1341	SES275	-4.52785	18.8318	23.3596
spk_ver/v13/v1342	SES187	1.10163	25.5014	24.3998
spk_ver/v13/v1343	SES275	-6.05281	17.1689	23.2217
spk_ver/v13/v1344	SES275	-5.28591	19.0512	24.3371
spk_ver/v13/v1345	SES275	-3.89458	20.1555	24.05
spk_ver/v13/v1346	SES275	-7.59624	18.6427	26.239
spk_ver/v13/v1347	SES275	-5.24419	17.0352	22.2794
spk_ver/v13/v1348	SES180	-0.112272	25.2049	25.3172
spk_ver/v13/v1349	SES275	-6.0482	15.9363	21.9845
spk_ver/v13/v1350	SES275	-1.57376	24.8355	26.4092
spk_ver/v13/v1351	SES275	-5.81819	12.8486	18.6668
spk_ver/v13/v1352	SES275	-3.08694	22.2964	25.3834
spk_ver/v13/v1353	SES275	-2.38284	19.5257	21.9086
spk_ver/v13/v1354	SES189	0.388439	23.3156	22.9271
spk_ver/v13/v1355	SES068	0.508295	28.3543	27.846
spk_ver/v13/v1356	SES275	-5.06474	18.1155	23.1802
spk_ver/v13/v1357	SES048	-0.353655	25.3461	25.6997
spk_ver/v13/v1358	SES226	1.81073	29.266	27.4552
spk_ver/v13/v1359	SES016	0.240118	26.4927	26.2526
spk_ver/v13/v1360	SES275	-4.02622	19.0328	23.059
spk_ver/v13/v1361	SES068	1.14845	28.7749	27.6264
spk_ver/v13/v1362	SES275	-5.60682	19.39	24.9968
spk_ver/v13/v1363	SES275	-4.92274	19.2946	24.2174
spk_ver/v13/v1364	SES275	-6.99899	15.1241	22.1231
spk_ver/v13/v1365	SES275	-4.12355	21.0988	25.2224
spk_ver/v13/v1366	SES187	0.0436993	25.2792	25.2355
spk_ver/v13/v1367	SES275	-5.95806	18.136	24.094
spk_ver/v13/v1368	SES125	1.32648	26.9705	25.644
spk_ver/v13/v1369	SES275	-3.08048	18.8262	21.9067
spk_ver/v13/v1370	SES292	-3.64863	21.876	25.5246
spk_ver/v13/v1371	SES292	-2.77414	23.3531	26.1272
spk_ver/v13/v1372	SES292	-2.69705	20.8772	23.5742
spk_ver/v13/v1373	SES292	-2.7647	20.7568	23.5215
spk_ver/v13/v1374	SES101	1.03222	25.2403	24.2081
spk_ver/v13/v1375	SES292	-3.57307	21.6037	25.1768
spk_ver/v13/v1376	SES292	-3.45343	21.609	25.0625
spk_ver/v13/v1377	SES292	-6.42219	17.5664	23.9886
spk_ver/v13/v1378	SES292	-2.19903	23.0234	25.2224
spk_ver/v13/v1379	SES292	-3.07836	20.8224	23.9008
spk_ver/v13/v1380	SES292	-2.95441	22.8644	25.8188
spk_ver/v13/v1381	SES292	-2.27042	27.2672	29.5376
spk_ver/v13/v1382	SES292	-4.68042	18.0653	22.7457
spk_ver/v13/v1383	SES292	-2.04364	22.9941	25.0377
spk_ver/v13/v1384	SES292	-3.08842	21.5726	24.661
spk_ver/v13/v1385	SES292	-2.16446	23.087	25.2515
spk_ver/v13/v1386	SES292	-2.82401	21.0255	23.8495
spk_ver/v13/v1387	SES158	1.45018	24.6332	23.1831
spk_ver/v13/v1388	SES292	-1.53897	25.1948	26.7337
spk_ver/v13/v1389	SES292	-2.01948	26.8075	28.827
spk_ver/v13/v1390	SES292	-2.58155	23.4067	25.9882
spk_ver/v13/v1391	SES292	-3.49249	21.4855	24.978
spk_ver/v13/v1392	SES292	-3.65202	21.089	24.741
spk_ver/v13/v1393	SES292	-3.37354	22.3818	25.7553
spk_ver/v13/v1394	SES292	-4.27988	20.1456	24.4255
spk_ver/v13/v1395	SES292	-2.60856	23.1024	25.711
spk_ver/v13/v1396	SES117	0.915846	22.4626	21.5468
spk_ver/v13/v1397	SES292	-4.43385	21.8514	26.2853
spk_ver/v13/v1398	SES292	-2.98663	20.796	23.7826
spk_ver/v13/v1399	SES292	-0.941763	24.6905	25.6323
