BLOCK00/SES002/SA002S12	SES002	1.5661	27.5557	25.9896
BLOCK00/SES002/SA002S13	SES002	1.19429	26.3739	25.1796
BLOCK00/SES002/SA002S23	SES002	1.35245	27.7746	26.4222
BLOCK00/SES002/SA002S26	SES002	0.938242	28.5248	27.5866
BLOCK00/SES002/SA002S28	SES002	0.59074	26.1132	25.5224
BLOCK00/SES007/SA007S14	SES007	1.78021	28.0819	26.3017
BLOCK00/SES007/SA007S15	SES007	0.197811	25.5541	25.3563
BLOCK00/SES007/SA007S24	SES007	1.24717	25.9527	24.7055
BLOCK00/SES007/SA007S27	SES007	0.388777	24.6798	24.291
BLOCK00/SES007/SA007S29	SES007	0.0116653	25.9296	25.918
BLOCK00/SES008/SA008S11	SES008	1.08911	25.478	24.3888
BLOCK00/SES008/SA008S12	SES008	-0.186256	24.1605	24.3468
BLOCK00/SES008/SA008S19	SES008	1.59619	27.6117	26.0155
BLOCK00/SES008/SA008S22	SES008	0.504932	24.438	23.933
BLOCK00/SES008/SA008S29	SES008	1.2506	26.5473	25.2967
BLOCK01/SES014/SA014S10	SES014	3.00567	27.1055	24.0998
BLOCK01/SES014/SA014S12	SES014	4.21908	30.9228	26.7037
BLOCK01/SES014/SA014S24	SES014	1.63169	28.3659	26.7342
BLOCK01/SES014/SA014S26	SES014	2.19666	31.0617	28.865
BLOCK01/SES014/SA014S28	SES014	4.27022	30.9565	26.6863
BLOCK01/SES016/SA016S12	SES016	1.23538	23.469	22.2337
BLOCK01/SES016/SA016S13	SES016	1.01526	25.7937	24.7785
BLOCK01/SES016/SA016S22	SES016	0.531099	25.043	24.5119
BLOCK01/SES016/SA016S25	SES016	1.90701	28.6643	26.7573
BLOCK01/SES016/SA016S27	SES016	1.1739	28.8132	27.6394
BLOCK01/SES019/SA019S13	SES019	3.25808	26.1908	22.9327
BLOCK01/SES019/SA019S14	SES019	2.90626	26.17	23.2637
BLOCK01/SES019/SA019S22	SES019	3.34771	26.0575	22.7098
BLOCK01/SES019/SA019S25	SES019	3.00116	27.0136	24.0125
BLOCK01/SES019/SA019S29	SES019	3.52051	27.6998	24.1793
BLOCK02/SES029/SA029S11	SES029	1.00411	26.6564	25.6523
BLOCK02/SES029/SA029S12	SES029	0.303905	26.9875	26.6836
BLOCK02/SES029/SA029S20	SES029	0.450308	25.7223	25.272
BLOCK02/SES029/SA029S25	SES029	0.818645	27.0126	26.194
BLOCK02/SES029/SA029S28	SES029	-0.30356	25.9332	26.2368
BLOCK04/SES042/SA042S12	SES042	1.72858	28.8416	27.113
BLOCK04/SES042/SA042S15	SES042	2.86395	29.3107	26.4467
BLOCK04/SES042/SA042S22	SES042	3.25817	32.0271	28.7689
BLOCK04/SES042/SA042S25	SES042	1.41027	28.185	26.7747
BLOCK04/SES042/SA042S27	SES042	1.62538	30.1903	28.5649
BLOCK04/SES048/SA048S11	SES048	1.46919	27.4663	25.9971
BLOCK04/SES048/SA048S12	SES048	0.566368	27.5644	26.9981
BLOCK04/SES048/SA048S20	SES048	0.694294	27.843	27.1487
BLOCK04/SES048/SA048S23	SES048	1.95508	26.6084	24.6533
BLOCK04/SES048/SA048S27	SES048	0.951086	28.9592	28.0082
BLOCK06/SES060/SA060S11	SES060	0.858112	26.3533	25.4952
BLOCK06/SES060/SA060S12	SES060	-1.31523	23.1075	24.4227
BLOCK06/SES060/SA060S22	SES060	-0.295158	23.765	24.0601
BLOCK06/SES060/SA060S24	SES060	0.894264	27.3585	26.4642
BLOCK06/SES060/SA060S28	SES060	1.50608	29.6421	28.1361
BLOCK06/SES062/SA062S10	SES062	0.869663	27.6039	26.7343
BLOCK06/SES062/SA062S11	SES062	1.36414	27.0732	25.7091
BLOCK06/SES062/SA062S21	SES062	1.6268	30.5674	28.9406
BLOCK06/SES062/SA062S26	SES062	0.533339	28.1443	27.611
BLOCK06/SES062/SA062S29	SES062	1.28609	28.7792	27.4932
BLOCK06/SES068/SA068S14	SES068	0.00354767	25.9386	25.9351
BLOCK06/SES068/SA068S15	SES068	0.943874	27.8235	26.8797
BLOCK06/SES068/SA068S23	SES068	1.10951	26.2778	25.1683
BLOCK06/SES068/SA068S27	SES068	1.48408	28.5868	27.1027
BLOCK06/SES068/SA068S29	SES068	0.0379868	26.3865	26.3485
BLOCK08/SES082/SA082S12	SES082	-0.142202	25.8071	25.9493
BLOCK08/SES082/SA082S14	SES082	-0.496237	25.1954	25.6916
BLOCK08/SES082/SA082S21	SES082	0.0911331	25.2915	25.2003
BLOCK08/SES082/SA082S24	SES082	0.141644	27.2382	27.0965
BLOCK08/SES082/SA082S28	SES082	-0.00610924	25.8743	25.8804
BLOCK08/SES083/SA083S14	SES083	-0.586416	25.7753	26.3617
BLOCK08/SES083/SA083S15	SES083	0.521219	27.7334	27.2121
BLOCK08/SES083/SA083S24	SES083	-0.251383	25.8494	26.1008
BLOCK08/SES083/SA083S26	SES083	0.436607	26.3625	25.9259
BLOCK08/SES083/SA083S29	SES083	-0.0326309	27.3097	27.3423
BLOCK08/SES085/SA085S10	SES085	-0.41177	26.4095	26.8212
BLOCK08/SES085/SA085S13	SES085	0.260691	25.3619	25.1012
BLOCK08/SES085/SA085S22	SES085	-1.72725	24.599	26.3263
BLOCK08/SES085/SA085S26	SES085	-0.483755	25.3927	25.8764
BLOCK08/SES085/SA085S28	SES085	0.823765	27.0629	26.2392
BLOCK08/SES087/SA087S15	SES087	0.919336	26.7199	25.8005
BLOCK08/SES087/SA087S16	SES087	1.36498	27.4429	26.0779
BLOCK08/SES087/SA087S24	SES087	1.40528	27.6817	26.2764
BLOCK08/SES087/SA087S26	SES087	1.44293	29.2176	27.7747
BLOCK08/SES087/SA087S29	SES087	1.44745	26.9907	25.5432
BLOCK09/SES099/SA099S15	SES099	1.73731	26.9104	25.1731
BLOCK09/SES099/SA099S16	SES099	1.45948	26.3372	24.8778
BLOCK09/SES099/SA099S24	SES099	1.45117	27.4659	26.0147
BLOCK09/SES099/SA099S26	SES099	1.97614	27.4644	25.4882
BLOCK09/SES099/SA099S29	SES099	1.81227	28.3601	26.5478
BLOCK10/SES101/SA101S11	SES101	-0.00157928	26.1242	26.1257
BLOCK10/SES101/SA101S13	SES101	1.46782	28.9462	27.4783
BLOCK10/SES101/SA101S22	SES101	0.696617	25.3557	24.6591
BLOCK10/SES101/SA101S24	SES101	0.831272	26.3638	25.5325
BLOCK10/SES101/SA101S28	SES101	-0.373644	24.4425	24.8162
BLOCK10/SES104/SA104S11	SES104	1.71376	29.7767	28.0629
BLOCK10/SES104/SA104S12	SES104	1.16272	26.9779	25.8152
BLOCK10/SES104/SA104S21	SES104	1.46149	27.5856	26.1242
BLOCK10/SES104/SA104S24	SES104	1.14865	27.8742	26.7255
BLOCK10/SES104/SA104S28	SES104	1.35703	28.0697	26.7127
BLOCK10/SES105/SA105S12	SES105	0.245409	25.4217	25.1763
BLOCK10/SES105/SA105S13	SES105	1.43262	26.6318	25.1992
BLOCK10/SES105/SA105S22	SES105	0.586584	24.8325	24.2459
BLOCK10/SES105/SA105S26	SES105	1.67871	26.9886	25.3098
BLOCK10/SES105/SA105S29	SES105	1.22329	27.2752	26.052
BLOCK10/SES106/SA106S09	SES106	0.370209	25.2082	24.838
BLOCK10/SES106/SA106S11	SES106	1.60891	27.9929	26.384
BLOCK10/SES106/SA106S22	SES106	2.97156	27.5754	24.6038
BLOCK10/SES106/SA106S27	SES106	0.978207	25.7959	24.8177
BLOCK10/SES106/SA106S29	SES106	1.03233	25.3281	24.2958
BLOCK11/SES117/SA117S12	SES117	-0.152288	24.1097	24.262
BLOCK11/SES117/SA117S13	SES117	-0.37435	25.1791	25.5534
BLOCK11/SES117/SA117S23	SES117	1.58889	22.5196	20.9307
BLOCK11/SES117/SA117S25	SES117	0.602085	23.3709	22.7688
BLOCK11/SES117/SA117S28	SES117	0.817358	23.3067	22.4893
BLOCK12/SES120/SA120S08	SES120	0.959463	22.5511	21.5916
BLOCK12/SES120/SA120S11	SES120	0.872868	22.8702	21.9974
BLOCK12/SES120/SA120S22	SES120	-0.427401	25.459	25.8864
BLOCK12/SES120/SA120S24	SES120	0.701376	23.8601	23.1587
BLOCK12/SES120/SA120S28	SES120	0.45685	21.6109	21.154
BLOCK12/SES125/SA125S13	SES125	1.97467	27.3803	25.4056
BLOCK12/SES125/SA125S14	SES125	0.638327	26.3545	25.7161
BLOCK12/SES125/SA125S25	SES125	1.96848	27.9581	25.9897
BLOCK12/SES125/SA125S27	SES125	2.60478	29.3856	26.7808
BLOCK12/SES125/SA125S29	SES125	1.52659	26.6374	25.1108
BLOCK12/SES127/SA127S11	SES127	0.897684	25.4434	24.5457
BLOCK12/SES127/SA127S12	SES127	0.0807571	25.7383	25.6576
BLOCK12/SES127/SA127S23	SES127	0.00350571	24.9617	24.9582
BLOCK12/SES127/SA127S25	SES127	-0.639545	23.6766	24.3162
BLOCK12/SES127/SA127S27	SES127	0.564329	25.0099	24.4456
BLOCK12/SES129/SA129S11	SES129	2.12567	28.5376	26.4119
BLOCK12/SES129/SA129S12	SES129	1.68277	27.8332	26.1505
BLOCK12/SES129/SA129S22	SES129	1.47354	27.4732	25.9997
BLOCK12/SES129/SA129S27	SES129	2.06141	28.0784	26.017
BLOCK12/SES129/SA129S29	SES129	1.59523	28.5596	26.9644
BLOCK14/SES142/SA142S11	SES142	2.17501	24.4107	22.2357
BLOCK14/SES142/SA142S12	SES142	-0.0219116	22.412	22.4339
BLOCK14/SES142/SA142S24	SES142	2.23636	25.2318	22.9954
BLOCK14/SES142/SA142S27	SES142	2.43819	26.4475	24.0093
BLOCK14/SES142/SA142S29	SES142	3.32641	26.5751	23.2487
BLOCK14/SES143/SA143S12	SES143	0.746283	24.0889	23.3426
BLOCK14/SES143/SA143S13	SES143	0.531012	23.7529	23.2219
BLOCK14/SES143/SA143S23	SES143	1.31618	23.5501	22.2339
BLOCK14/SES143/SA143S25	SES143	1.18427	25.1001	23.9159
BLOCK14/SES143/SA143S28	SES143	1.04408	24.224	23.18
BLOCK14/SES144/SA144S09	SES144	1.14581	26.4514	25.3055
BLOCK14/SES144/SA144S11	SES144	0.836647	25.654	24.8173
BLOCK14/SES144/SA144S21	SES144	0.0882111	24.912	24.8238
BLOCK14/SES144/SA144S25	SES144	0.177387	24.5899	24.4125
BLOCK14/SES144/SA144S29	SES144	-0.478848	25.0138	25.4926
BLOCK14/SES146/SA146S14	SES146	0.179928	24.0497	23.8697
BLOCK14/SES146/SA146S15	SES146	0.600834	24.88	24.2792
BLOCK14/SES146/SA146S24	SES146	0.488857	24.3114	23.8226
BLOCK14/SES146/SA146S26	SES146	0.603888	24.7949	24.191
BLOCK14/SES146/SA146S29	SES146	0.25691	23.3474	23.0905
BLOCK14/SES147/SA147S11	SES147	1.08724	24.5397	23.4525
BLOCK14/SES147/SA147S13	SES147	1.85616	25.5218	23.6657
BLOCK14/SES147/SA147S23	SES147	0.205128	23.9863	23.7812
BLOCK14/SES147/SA147S26	SES147	0.953022	24.4771	23.524
BLOCK14/SES147/SA147S28	SES147	1.52317	24.343	22.8199
BLOCK14/SES148/SA148S10	SES148	1.12863	25.6354	24.5068
BLOCK14/SES148/SA148S12	SES148	1.09984	24.8757	23.7758
BLOCK14/SES148/SA148S22	SES148	1.94251	26.9819	25.0394
BLOCK14/SES148/SA148S26	SES148	-0.514421	25.6967	26.2111
BLOCK14/SES148/SA148S29	SES148	0.82551	25.3858	24.5603
BLOCK14/SES149/SA149S13	SES149	-0.0769615	26.0689	26.1458
BLOCK14/SES149/SA149S14	SES149	0.486708	27.3214	26.8347
BLOCK14/SES149/SA149S24	SES149	1.39447	27.9814	26.5869
BLOCK14/SES149/SA149S26	SES149	2.76068	29.2688	26.5081
BLOCK14/SES149/SA149S28	SES149	2.51633	29.7817	27.2654
BLOCK15/SES158/SA158S13	SES158	1.15557	25.6099	24.4543
BLOCK15/SES158/SA158S14	SES158	2.39362	25.0385	22.6448
BLOCK15/SES158/SA158S23	SES158	1.20549	26.1054	24.8999
BLOCK15/SES158/SA158S26	SES158	2.43053	25.8304	23.3999
BLOCK15/SES158/SA158S28	SES158	0.631552	25.0811	24.4496
BLOCK16/SES162/SA162S10	SES162	0.643484	24.5293	23.8858
BLOCK16/SES162/SA162S11	SES162	0.78957	26.726	25.9364
BLOCK16/SES162/SA162S21	SES162	1.44136	26.3693	24.9279
BLOCK16/SES162/SA162S24	SES162	0.717619	25.8227	25.1051
BLOCK16/SES162/SA162S27	SES162	1.10124	25.0306	23.9293
BLOCK16/SES167/SA167S14	SES167	0.334703	26.9866	26.6519
BLOCK16/SES167/SA167S15	SES167	0.500994	25.3372	24.8362
BLOCK16/SES167/SA167S21	SES167	1.80361	26.6352	24.8316
BLOCK16/SES167/SA167S25	SES167	2.11682	26.0883	23.9715
BLOCK16/SES167/SA167S29	SES167	3.22416	28.4539	25.2298
BLOCK17/SES172/SA172S12	SES172	1.50148	26.3827	24.8813
BLOCK17/SES172/SA172S13	SES172	1.20579	25.7355	24.5297
BLOCK17/SES172/SA172S23	SES172	0.5501	26.6704	26.1203
BLOCK17/SES172/SA172S27	SES172	0.927324	26.7888	25.8614
BLOCK17/SES172/SA172S29	SES172	1.59353	26.7043	25.1107
BLOCK17/SES175/SA175S11	SES175	0.806501	25.807	25.0005
BLOCK17/SES175/SA175S13	SES175	0.907974	26.1171	25.2091
BLOCK17/SES175/SA175S23	SES175	0.971037	25.5902	24.6192
BLOCK17/SES175/SA175S25	SES175	-0.528069	22.6071	23.1352
BLOCK17/SES175/SA175S28	SES175	0.225992	25.1579	24.9319
BLOCK17/SES177/SA177S15	SES177	0.108107	25.954	25.8459
BLOCK17/SES177/SA177S17	SES177	0.0777302	25.8148	25.7371
BLOCK17/SES177/SA177S23	SES177	-0.48469	24.3962	24.8809
BLOCK17/SES177/SA177S26	SES177	-0.0423222	27.3359	27.3782
BLOCK17/SES177/SA177S28	SES177	0.101032	25.685	25.584
BLOCK18/SES180/SA180S13	SES180	0.277134	24.6607	24.3835
BLOCK18/SES180/SA180S15	SES180	1.01538	25.1811	24.1657
BLOCK18/SES180/SA180S24	SES180	0.178148	26.5135	26.3353
BLOCK18/SES180/SA180S26	SES180	0.743416	25.9603	25.2169
BLOCK18/SES180/SA180S29	SES180	1.02684	25.6533	24.6265
BLOCK18/SES183/SA183S13	SES183	1.57649	24.8595	23.283
BLOCK18/SES183/SA183S14	SES183	-0.204687	23.9001	24.1048
BLOCK18/SES183/SA183S24	SES183	1.31314	24.0369	22.7238
BLOCK18/SES183/SA183S27	SES183	1.19091	25.0427	23.8518
BLOCK18/SES183/SA183S29	SES183	0.86105	25.5477	24.6866
BLOCK18/SES187/SA187S13	SES187	0.798441	24.6077	23.8093
BLOCK18/SES187/SA187S14	SES187	0.429398	23.5861	23.1567
BLOCK18/SES187/SA187S24	SES187	1.20873	23.0963	21.8876
BLOCK18/SES187/SA187S27	SES187	0.371973	23.7665	23.3946
BLOCK18/SES187/SA187S29	SES187	0.593122	24.4526	23.8595
BLOCK18/SES189/SA189S10	SES189	1.57686	24.8254	23.2485
BLOCK18/SES189/SA189S13	SES189	2.44681	23.8945	21.4477
BLOCK18/SES189/SA189S24	SES189	2.54092	25.3332	22.7923
BLOCK18/SES189/SA189S26	SES189	1.41016	25.5629	24.1528
BLOCK18/SES189/SA189S29	SES189	1.53918	24.8447	23.3055
BLOCK20/SES202/SA202S12	SES202	1.6155	22.3398	20.7243
BLOCK20/SES202/SA202S14	SES202	3.06089	25.2836	22.2227
BLOCK20/SES202/SA202S24	SES202	1.26937	24.7849	23.5156
BLOCK20/SES202/SA202S27	SES202	1.57092	25.9773	24.4064
BLOCK20/SES202/SA202S29	SES202	1.77149	25.9422	24.1707
BLOCK20/SES206/SA206S15	SES206	-0.976898	26.2487	27.2256
BLOCK20/SES206/SA206S17	SES206	1.15836	28.7144	27.5561
BLOCK20/SES206/SA206S24	SES206	2.01912	29.4999	27.4808
BLOCK20/SES206/SA206S27	SES206	1.7471	27.7999	26.0528
BLOCK20/SES206/SA206S29	SES206	1.60609	29.8271	28.221
BLOCK22/SES226/SA226S12	SES226	0.898603	25.5177	24.6191
BLOCK22/SES226/SA226S13	SES226	-1.60843	23.1649	24.7733
BLOCK22/SES226/SA226S20	SES226	0.678553	26.0431	25.3646
BLOCK22/SES226/SA226S23	SES226	1.06183	26.9061	25.8442
BLOCK22/SES226/SA226S28	SES226	1.50767	26.8773	25.3697
BLOCK25/SES259/SA259S13	SES259	4.3333	29.6598	25.3265
BLOCK25/SES259/SA259S14	SES259	3.24622	27.3948	24.1486
BLOCK25/SES259/SA259S22	SES259	2.66666	28.3167	25.65
BLOCK25/SES259/SA259S24	SES259	2.07219	28.7781	26.7059
BLOCK25/SES259/SA259S28	SES259	2.87845	28.896	26.0175
BLOCK27/SES270/SA270S14	SES270	2.34278	25.3013	22.9585
BLOCK27/SES270/SA270S16	SES270	0.140711	24.2372	24.0965
BLOCK27/SES270/SA270S22	SES270	1.97641	26.7079	24.7315
BLOCK27/SES270/SA270S26	SES270	0.675581	24.1665	23.4909
BLOCK27/SES270/SA270S28	SES270	1.13309	26.0452	24.9121
BLOCK27/SES275/SA275S17	SES275	1.77736	26.4367	24.6594
BLOCK27/SES275/SA275S18	SES275	0.208429	25.274	25.0655
BLOCK27/SES275/SA275S24	SES275	0.569323	24.9281	24.3587
BLOCK27/SES275/SA275S26	SES275	1.39847	26.7676	25.3691
BLOCK27/SES275/SA275S28	SES275	0.244001	26.4012	26.1572
BLOCK29/SES292/SA292S10	SES292	-0.0715427	26.3163	26.3879
BLOCK29/SES292/SA292S12	SES292	-0.143166	24.5192	24.6623
BLOCK29/SES292/SA292S22	SES292	-0.0199471	26.0812	26.1011
BLOCK29/SES292/SA292S24	SES292	0.0260315	26.1234	26.0973
BLOCK29/SES292/SA292S27	SES292	-0.436646	25.8137	26.2503
BLOCK00/SES001/SA001S14	SES062	-2.9026	21.3783	24.2809
BLOCK00/SES001/SA001S14	SES082	-4.1193	20.1616	24.2809
BLOCK00/SES001/SA001S14	SES106	-3.55793	20.7229	24.2809
BLOCK00/SES001/SA001S14	SES206	-3.28556	20.9953	24.2809
BLOCK00/SES001/SA001S15	SES062	-3.32761	23.118	26.4456
BLOCK00/SES001/SA001S15	SES104	-3.9372	22.5084	26.4456
BLOCK00/SES001/SA001S15	SES106	-2.7218	23.7238	26.4456
BLOCK00/SES001/SA001S15	SES206	-2.96541	23.4802	26.4456
BLOCK00/SES001/SA001S24	SES062	-3.87294	20.6087	24.4816
BLOCK00/SES001/SA001S24	SES082	-3.67428	20.8074	24.4816
BLOCK00/SES001/SA001S24	SES087	-3.15203	21.3296	24.4816
BLOCK00/SES001/SA001S24	SES206	-2.63451	21.8471	24.4816
BLOCK00/SES001/SA001S27	SES062	-3.14458	23.0582	26.2027
BLOCK00/SES001/SA001S27	SES082	-2.89337	23.3094	26.2027
BLOCK00/SES001/SA001S27	SES087	-2.94396	23.2588	26.2027
BLOCK00/SES001/SA001S27	SES206	-3.11037	23.0924	26.2027
BLOCK00/SES001/SA001S29	SES062	-4.16538	20.1326	24.298
BLOCK00/SES001/SA001S29	SES082	-2.96356	21.3345	24.298
BLOCK00/SES001/SA001S29	SES158	-2.28224	22.0158	24.298
BLOCK00/SES001/SA001S29	SES206	-3.23706	21.061	24.298
BLOCK00/SES003/SA003S11	SES002	-2.50394	22.3871	24.891
BLOCK00/SES003/SA003S11	SES019	-3.27247	21.6186	24.891
BLOCK00/SES003/SA003S11	SES082	-1.52785	23.3632	24.891
BLOCK00/SES003/SA003S11	SES125	-2.7986	22.0924	24.891
BLOCK00/SES003/SA003S15	SES016	-3.57689	23.3638	26.9407
BLOCK00/SES003/SA003S15	SES019	-3.37304	23.5676	26.9407
BLOCK00/SES003/SA003S15	SES062	-3.01229	23.9284	26.9407
BLOCK00/SES003/SA003S15	SES206	-2.72634	24.2143	26.9407
BLOCK00/SES003/SA003S22	SES002	-3.29031	22.0245	25.3148
BLOCK00/SES003/SA003S22	SES062	-2.07314	23.2417	25.3148
BLOCK00/SES003/SA003S22	SES082	-3.04668	22.2682	25.3148
BLOCK00/SES003/SA003S22	SES087	-3.0524	22.2624	25.3148
BLOCK00/SES003/SA003S25	SES062	-4.31546	20.7397	25.0551
BLOCK00/SES003/SA003S25	SES082	-3.41368	21.6415	25.0551
BLOCK00/SES003/SA003S25	SES087	-2.78983	22.2653	25.0551
BLOCK00/SES003/SA003S25	SES206	-2.97148	22.0837	25.0551
BLOCK00/SES003/SA003S29	SES002	-3.03651	21.3826	24.4191
BLOCK00/SES003/SA003S29	SES062	-3.85069	20.5684	24.4191
BLOCK00/SES003/SA003S29	SES082	-2.47948	21.9396	24.4191
BLOCK00/SES003/SA003S29	SES087	-3.18436	21.2348	24.4191
BLOCK00/SES004/SA004S12	SES083	-3.19247	21.0871	24.2796
BLOCK00/SES004/SA004S12	SES148	-3.81158	20.468	24.2796
BLOCK00/SES004/SA004S12	SES172	-1.61866	22.6609	24.2796
BLOCK00/SES004/SA004S12	SES292	-2.73716	21.5424	24.2796
BLOCK00/SES004/SA004S17	SES083	-2.68208	20.9344	23.6164
BLOCK00/SES004/SA004S17	SES162	-2.00638	21.6101	23.6164
BLOCK00/SES004/SA004S17	SES172	-1.99092	21.6255	23.6164
BLOCK00/SES004/SA004S17	SES292	-2.27486	21.3416	23.6164
BLOCK00/SES004/SA004S24	SES083	-3.37159	20.9966	24.3682
BLOCK00/SES004/SA004S24	SES148	-3.81065	20.5575	24.3682
BLOCK00/SES004/SA004S24	SES172	-1.86064	22.5075	24.3682
BLOCK00/SES004/SA004S24	SES292	-1.91889	22.4493	24.3682
BLOCK00/SES004/SA004S26	SES083	-3.3804	20.0524	23.4328
BLOCK00/SES004/SA004S26	SES127	-2.0975	21.3353	23.4328
BLOCK00/SES004/SA004S26	SES148	-4.60931	18.8235	23.4328
BLOCK00/SES004/SA004S26	SES292	-3.24657	20.1862	23.4328
BLOCK00/SES004/SA004S28	SES083	-3.58042	21.1199	24.7003
BLOCK00/SES004/SA004S28	SES127	-2.98694	21.7133	24.7003
BLOCK00/SES004/SA004S28	SES187	-2.48659	22.2137	24.7003
BLOCK00/SES004/SA004S28	SES292	-3.7307	20.9696	24.7003
BLOCK00/SES006/SA006S10	SES014	-6.83831	13.343	20.1813
BLOCK00/SES006/SA006S10	SES158	-2.82028	17.361	20.1813
BLOCK00/SES006/SA006S10	SES226	-4.69458	15.4867	20.1813
BLOCK00/SES006/SA006S10	SES270	-2.35885	17.8225	20.1813
BLOCK00/SES006/SA006S11	SES158	-2.2415	19.5637	21.8052
BLOCK00/SES006/SA006S11	SES226	-3.75075	18.0544	21.8052
BLOCK00/SES006/SA006S11	SES270	-1.77675	20.0284	21.8052
BLOCK00/SES006/SA006S11	SES275	-3.75507	18.0501	21.8052
BLOCK00/SES006/SA006S23	SES062	-3.71357	20.2657	23.9792
BLOCK00/SES006/SA006S23	SES105	-4.44743	19.5318	23.9792
BLOCK00/SES006/SA006S23	SES158	-2.28948	21.6898	23.9792
BLOCK00/SES006/SA006S23	SES275	-3.59554	20.3837	23.9792
BLOCK00/SES006/SA006S26	SES104	-4.79764	18.6147	23.4123
BLOCK00/SES006/SA006S26	SES158	-2.02048	21.3918	23.4123
BLOCK00/SES006/SA006S26	SES270	-1.1033	22.309	23.4123
BLOCK00/SES006/SA006S26	SES275	-3.70361	19.7087	23.4123
BLOCK00/SES006/SA006S28	SES007	-3.28601	18.6485	21.9345
BLOCK00/SES006/SA006S28	SES105	-3.95994	17.9746	21.9345
BLOCK00/SES006/SA006S28	SES158	-2.3505	19.584	21.9345
BLOCK00/SES006/SA006S28	SES275	-3.69393	18.2406	21.9345
BLOCK00/SES009/SA009S12	SES083	-3.31745	22.5384	25.8559
BLOCK00/SES009/SA009S12	SES148	-3.57905	22.2768	25.8559
BLOCK00/SES009/SA009S12	SES177	-1.75432	24.1015	25.8559
BLOCK00/SES009/SA009S12	SES292	-2.33638	23.5195	25.8559
BLOCK00/SES009/SA009S15	SES007	-0.438601	26.7994	27.238
BLOCK00/SES009/SA009S15	SES099	-4.24736	22.9906	27.238
BLOCK00/SES009/SA009S15	SES148	-3.45689	23.7811	27.238
BLOCK00/SES009/SA009S15	SES172	-3.06463	24.1734	27.238
BLOCK00/SES009/SA009S24	SES146	-2.06362	24.6391	26.7027
BLOCK00/SES009/SA009S24	SES148	-3.60617	23.0965	26.7027
BLOCK00/SES009/SA009S24	SES177	-1.24324	25.4595	26.7027
BLOCK00/SES009/SA009S24	SES292	-1.7943	24.9084	26.7027
BLOCK00/SES009/SA009S26	SES083	-3.62573	22.1805	25.8063
BLOCK00/SES009/SA009S26	SES101	-3.13388	22.6724	25.8063
BLOCK00/SES009/SA009S26	SES120	-2.83047	22.9758	25.8063
BLOCK00/SES009/SA009S26	SES177	-2.19694	23.6093	25.8063
BLOCK00/SES009/SA009S29	SES083	-3.21758	22.9928	26.2104
BLOCK00/SES009/SA009S29	SES101	-2.99329	23.2171	26.2104
BLOCK00/SES009/SA009S29	SES177	-2.03341	24.177	26.2104
BLOCK00/SES009/SA009S29	SES292	-1.92115	24.2893	26.2104
BLOCK01/SES011/SA011S10	SES019	-2.65831	23.444	26.1023
BLOCK01/SES011/SA011S10	SES042	-1.92271	24.1796	26.1023
BLOCK01/SES011/SA011S10	SES082	-2.62317	23.4791	26.1023
BLOCK01/SES011/SA011S10	SES206	-2.53696	23.5653	26.1023
BLOCK01/SES011/SA011S11	SES019	-3.01839	21.2232	24.2416
BLOCK01/SES011/SA011S11	SES042	-1.69324	22.5484	24.2416
BLOCK01/SES011/SA011S11	SES082	-2.00482	22.2368	24.2416
BLOCK01/SES011/SA011S11	SES206	-3.29168	20.9499	24.2416
BLOCK01/SES011/SA011S22	SES019	-2.01512	22.3774	24.3925
BLOCK01/SES011/SA011S22	SES042	-1.75443	22.6381	24.3925
BLOCK01/SES011/SA011S22	SES082	-2.67181	21.7207	24.3925
BLOCK01/SES011/SA011S22	SES206	-3.16158	21.2309	24.3925
BLOCK01/SES011/SA011S24	SES019	-2.78641	22.3007	25.0871
BLOCK01/SES011/SA011S24	SES042	-2.0042	23.083	25.0871
BLOCK01/SES011/SA011S24	SES104	-3.2582	21.829	25.0871
BLOCK01/SES011/SA011S24	SES206	-2.80662	22.2805	25.0871
BLOCK01/SES011/SA011S27	SES082	-0.95607	23.1837	24.1398
BLOCK01/SES011/SA011S27	SES087	-3.08553	21.0543	24.1398
BLOCK01/SES011/SA011S27	SES125	-2.36736	21.7724	24.1398
BLOCK01/SES011/SA011S27	SES206	-2.1128	22.027	24.1398
BLOCK01/SES012/SA012S11	SES007	-2.04255	26.2751	28.3176
BLOCK01/SES012/SA012S11	SES082	-3.12377	25.1938	28.3176
BLOCK01/SES012/SA012S11	SES083	-3.34527	24.9723	28.3176
BLOCK01/SES012/SA012S11	SES206	-2.9241	25.3935	28.3176
BLOCK01/SES012/SA012S14	SES082	-2.00852	25.6756	27.6841
BLOCK01/SES012/SA012S14	SES087	-3.28133	24.4027	27.6841
BLOCK01/SES012/SA012S14	SES206	-2.34957	25.3345	27.6841
BLOCK01/SES012/SA012S14	SES292	-3.1413	24.5428	27.6841
BLOCK01/SES012/SA012S24	SES082	-0.963747	25.1405	26.1042
BLOCK01/SES012/SA012S24	SES087	-2.22205	23.8821	26.1042
BLOCK01/SES012/SA012S24	SES120	-3.02934	23.0749	26.1042
BLOCK01/SES012/SA012S24	SES206	-1.75768	24.3465	26.1042
BLOCK01/SES012/SA012S26	SES019	-6.13065	21.5285	27.6592
BLOCK01/SES012/SA012S26	SES082	-2.85432	24.8048	27.6592
BLOCK01/SES012/SA012S26	SES206	-1.15801	26.5012	27.6592
BLOCK01/SES012/SA012S26	SES292	-2.10608	25.5531	27.6592
BLOCK01/SES012/SA012S29	SES062	-2.77656	24.95	27.7266
BLOCK01/SES012/SA012S29	SES082	-1.97487	25.7517	27.7266
BLOCK01/SES012/SA012S29	SES083	-4.17972	23.5469	27.7266
BLOCK01/SES012/SA012S29	SES206	-2.34799	25.3786	27.7266
BLOCK01/SES013/SA013S16	SES062	-5.01739	19.628	24.6454
BLOCK01/SES013/SA013S16	SES106	-3.05727	21.5881	24.6454
BLOCK01/SES013/SA013S16	SES206	-3.36133	21.2841	24.6454
BLOCK01/SES013/SA013S16	SES226	-2.11513	22.5303	24.6454
BLOCK01/SES013/SA013S17	SES062	-3.63861	23.0544	26.693
BLOCK01/SES013/SA013S17	SES106	-3.76766	22.9253	26.693
BLOCK01/SES013/SA013S17	SES206	-2.84016	23.8528	26.693
BLOCK01/SES013/SA013S17	SES226	-1.73331	24.9597	26.693
BLOCK01/SES013/SA013S23	SES104	-3.41129	22.5628	25.9741
BLOCK01/SES013/SA013S23	SES106	-2.52331	23.4508	25.9741
BLOCK01/SES013/SA013S23	SES206	-2.94193	23.0322	25.9741
BLOCK01/SES013/SA013S23	SES270	-2.34969	23.6244	25.9741
BLOCK01/SES013/SA013S25	SES042	-2.6311	24.3121	26.9432
BLOCK01/SES013/SA013S25	SES104	-2.84834	24.0948	26.9432
BLOCK01/SES013/SA013S25	SES106	-2.14829	24.7949	26.9432
BLOCK01/SES013/SA013S25	SES206	-2.28845	24.6547	26.9432
BLOCK01/SES013/SA013S29	SES062	-4.99211	20.9027	25.8948
BLOCK01/SES013/SA013S29	SES104	-4.52311	21.3717	25.8948
BLOCK01/SES013/SA013S29	SES106	-2.81635	23.0784	25.8948
BLOCK01/SES013/SA013S29	SES206	-2.8824	23.0124	25.8948
BLOCK02/SES021/SA021S13	SES016	-4.81501	22.1165	26.9316
BLOCK02/SES021/SA021S13	SES029	-2.98657	23.945	26.9316
BLOCK02/SES021/SA021S13	SES087	-2.99543	23.9361	26.9316
BLOCK02/SES021/SA021S13	SES206	-3.26904	23.6625	26.9316
BLOCK02/SES021/SA021S15	SES087	-2.13983	25.9311	28.0709
BLOCK02/SES021/SA021S15	SES125	-1.90319	26.1678	28.0709
BLOCK02/SES021/SA021S15	SES206	-2.24524	25.8257	28.0709
BLOCK02/SES021/SA021S15	SES226	-2.69831	25.3726	28.0709
BLOCK02/SES021/SA021S23	SES062	-4.02154	21.2416	25.2631
BLOCK02/SES021/SA021S23	SES087	-2.50085	22.7623	25.2631
BLOCK02/SES021/SA021S23	SES206	-2.81787	22.4452	25.2631
BLOCK02/SES021/SA021S23	SES226	-2.2872	22.9759	25.2631
BLOCK02/SES021/SA021S27	SES002	-2.2351	25.017	27.2521
BLOCK02/SES021/SA021S27	SES016	-6.1409	21.1112	27.2521
BLOCK02/SES021/SA021S27	SES019	-3.0373	24.2148	27.2521
BLOCK02/SES021/SA021S27	SES062	-3.04643	24.2057	27.2521
BLOCK02/SES021/SA021S29	SES087	-2.70341	23.9539	26.6573
BLOCK02/SES021/SA021S29	SES125	-1.80453	24.8527	26.6573
BLOCK02/SES021/SA021S29	SES206	-2.79686	23.8604	26.6573
BLOCK02/SES021/SA021S29	SES226	-3.7058	22.9515	26.6573
BLOCK04/SES043/SA043S09	SES083	-3.61777	20.7799	24.3977
BLOCK04/SES043/SA043S09	SES101	-3.08438	21.3133	24.3977
BLOCK04/SES043/SA043S09	SES144	-1.94767	22.45	24.3977
BLOCK04/SES043/SA043S09	SES172	-3.99934	20.3983	24.3977
BLOCK04/SES043/SA043S11	SES083	-1.91957	24.4003	26.3198
BLOCK04/SES043/SA043S11	SES101	-1.74529	24.5746	26.3198
BLOCK04/SES043/SA043S11	SES144	-1.32607	24.9938	26.3198
BLOCK04/SES043/SA043S11	SES172	-2.06222	24.2576	26.3198
BLOCK04/SES043/SA043S23	SES083	-2.11153	23.2093	25.3209
BLOCK04/SES043/SA043S23	SES144	-1.00897	24.3119	25.3209
BLOCK04/SES043/SA043S23	SES177	-2.37186	22.949	25.3209
BLOCK04/SES043/SA043S23	SES275	-2.03008	23.2908	25.3209
BLOCK04/SES043/SA043S26	SES083	-2.64343	22.821	25.4645
BLOCK04/SES043/SA043S26	SES101	-2.3107	23.1538	25.4645
BLOCK04/SES043/SA043S26	SES144	-1.10966	24.3548	25.4645
BLOCK04/SES043/SA043S26	SES177	-2.1848	23.2797	25.4645
BLOCK04/SES043/SA043S28	SES016	-2.92204	23.6429	26.565
BLOCK04/SES043/SA043S28	SES083	-1.89033	24.6746	26.565
BLOCK04/SES043/SA043S28	SES101	-1.47506	25.0899	26.565
BLOCK04/SES043/SA043S28	SES144	-2.07057	24.4944	26.565
BLOCK04/SES044/SA044S10	SES127	-3.29076	18.1793	21.47
BLOCK04/SES044/SA044S10	SES144	-2.10379	19.3663	21.47
BLOCK04/SES044/SA044S10	SES147	-3.43126	18.0388	21.47
BLOCK04/SES044/SA044S10	SES148	-3.41098	18.0591	21.47
BLOCK04/SES044/SA044S11	SES101	-2.09879	21.4802	23.579
BLOCK04/SES044/SA044S11	SES144	-1.69043	21.8885	23.579
BLOCK04/SES044/SA044S11	SES147	-3.14088	20.4381	23.579
BLOCK04/SES044/SA044S11	SES177	-3.11372	20.4652	23.579
BLOCK04/SES044/SA044S24	SES007	-3.62781	20.7018	24.3296
BLOCK04/SES044/SA044S24	SES101	-2.34104	21.9885	24.3296
BLOCK04/SES044/SA044S24	SES147	-3.87934	20.4502	24.3296
BLOCK04/SES044/SA044S24	SES177	-2.59959	21.73	24.3296
BLOCK04/SES044/SA044S26	SES007	-2.53994	21.0187	23.5586
BLOCK04/SES044/SA044S26	SES016	-2.14383	21.4148	23.5586
BLOCK04/SES044/SA044S26	SES101	-1.60263	21.956	23.5586
BLOCK04/SES044/SA044S26	SES147	-2.36121	21.1974	23.5586
BLOCK04/SES044/SA044S29	SES007	-3.32484	20.7017	24.0266
BLOCK04/SES044/SA044S29	SES101	-0.894281	23.1323	24.0266
BLOCK04/SES044/SA044S29	SES147	-2.88962	21.1369	24.0266
BLOCK04/SES044/SA044S29	SES177	-2.20427	21.8223	24.0266
BLOCK04/SES046/SA046S13	SES101	-3.08326	19.9041	22.9874
BLOCK04/SES046/SA046S13	SES144	-1.77571	21.2117	22.9874
BLOCK04/SES046/SA046S13	SES147	-2.87888	20.1085	22.9874
BLOCK04/SES046/SA046S13	SES177	-3.18609	19.8013	22.9874
BLOCK04/SES046/SA046S15	SES048	-1.65137	24.3611	26.0125
BLOCK04/SES046/SA046S15	SES083	-1.53453	24.478	26.0125
BLOCK04/SES046/SA046S15	SES120	-4.08925	21.9233	26.0125
BLOCK04/SES046/SA046S15	SES148	-3.05588	22.9566	26.0125
BLOCK04/SES046/SA046S22	SES101	-1.77318	22.5475	24.3207
BLOCK04/SES046/SA046S22	SES144	-1.82336	22.4973	24.3207
BLOCK04/SES046/SA046S22	SES147	-3.47663	20.844	24.3207
BLOCK04/SES046/SA046S22	SES172	-2.2875	22.0332	24.3207
BLOCK04/SES046/SA046S25	SES083	-2.73925	20.537	23.2763
BLOCK04/SES046/SA046S25	SES127	-2.52421	20.7521	23.2763
BLOCK04/SES046/SA046S25	SES144	-2.79551	20.4808	23.2763
BLOCK04/SES046/SA046S25	SES148	-3.41476	19.8615	23.2763
BLOCK04/SES046/SA046S28	SES007	-3.59735	21.4699	25.0672
BLOCK04/SES046/SA046S28	SES105	-2.98066	22.0866	25.0672
BLOCK04/SES046/SA046S28	SES147	-2.35423	22.713	25.0672
BLOCK04/SES046/SA046S28	SES148	-2.09955	22.9677	25.0672
BLOCK04/SES049/SA049S16	SES104	-4.25051	20.3726	24.6231
BLOCK04/SES049/SA049S16	SES106	-3.33847	21.2847	24.6231
BLOCK04/SES049/SA049S16	SES120	-3.7774	20.8457	24.6231
BLOCK04/SES049/SA049S16	SES206	-2.46749	22.1556	24.6231
BLOCK04/SES049/SA049S18	SES099	-1.87905	22.6041	24.4831
BLOCK04/SES049/SA049S18	SES104	-3.51158	20.9716	24.4831
BLOCK04/SES049/SA049S18	SES125	-3.6325	20.8506	24.4831
BLOCK04/SES049/SA049S18	SES206	-2.52805	21.9551	24.4831
BLOCK04/SES049/SA049S25	SES087	-2.67195	23.0041	25.676
BLOCK04/SES049/SA049S25	SES104	-1.5485	24.1275	25.676
BLOCK04/SES049/SA049S25	SES125	-2.66832	23.0077	25.676
BLOCK04/SES049/SA049S25	SES206	-1.79548	23.8805	25.676
BLOCK04/SES049/SA049S27	SES099	-2.21255	22.7902	25.0027
BLOCK04/SES049/SA049S27	SES104	-2.20998	22.7927	25.0027
BLOCK04/SES049/SA049S27	SES125	-3.05632	21.9464	25.0027
BLOCK04/SES049/SA049S27	SES206	-2.31147	22.6913	25.0027
BLOCK04/SES049/SA049S29	SES099	-1.57485	24.8098	26.3846
BLOCK04/SES049/SA049S29	SES104	-1.85344	24.5312	26.3846
BLOCK04/SES049/SA049S29	SES125	-2.36117	24.0234	26.3846
BLOCK04/SES049/SA049S29	SES206	-1.45416	24.9304	26.3846
BLOCK06/SES063/SA063S09	SES068	-2.09247	25.0591	27.1515
BLOCK06/SES063/SA063S09	SES083	-1.55449	25.597	27.1515
BLOCK06/SES063/SA063S09	SES177	-1.87178	25.2797	27.1515
BLOCK06/SES063/SA063S09	SES187	-1.57847	25.5731	27.1515
BLOCK06/SES063/SA063S10	SES068	-2.30518	23.4133	25.7185
BLOCK06/SES063/SA063S10	SES083	-1.0394	24.6791	25.7185
BLOCK06/SES063/SA063S10	SES172	-1.42543	24.2931	25.7185
BLOCK06/SES063/SA063S10	SES187	-2.11172	23.6068	25.7185
BLOCK06/SES063/SA063S20	SES068	-3.62091	21.1328	24.7537
BLOCK06/SES063/SA063S20	SES083	-2.89472	21.859	24.7537
BLOCK06/SES063/SA063S20	SES172	-1.76951	22.9842	24.7537
BLOCK06/SES063/SA063S20	SES187	-1.92395	22.8298	24.7537
BLOCK06/SES063/SA063S24	SES029	-2.99254	22.066	25.0585
BLOCK06/SES063/SA063S24	SES083	-2.04099	23.0176	25.0585
BLOCK06/SES063/SA063S24	SES177	-1.22526	23.8333	25.0585
BLOCK06/SES063/SA063S24	SES189	-1.52808	23.5305	25.0585
BLOCK06/SES063/SA063S27	SES083	-1.73566	23.2695	25.0052
BLOCK06/SES063/SA063S27	SES172	-1.59746	23.4077	25.0052
BLOCK06/SES063/SA063S27	SES187	-1.9436	23.0616	25.0052
BLOCK06/SES063/SA063S27	SES292	-3.17159	21.8336	25.0052
BLOCK06/SES067/SA067S12	SES083	-2.97251	22.7607	25.7332
BLOCK06/SES067/SA067S12	SES172	-2.73088	23.0023	25.7332
BLOCK06/SES067/SA067S12	SES202	-1.36572	24.3675	25.7332
BLOCK06/SES067/SA067S12	SES292	-2.90667	22.8265	25.7332
BLOCK06/SES067/SA067S14	SES085	-3.39111	23.6174	27.0085
BLOCK06/SES067/SA067S14	SES177	-2.75092	24.2576	27.0085
BLOCK06/SES067/SA067S14	SES183	-2.64878	24.3598	27.0085
BLOCK06/SES067/SA067S14	SES202	-1.71193	25.2966	27.0085
BLOCK06/SES067/SA067S21	SES144	-1.73386	23.2598	24.9936
BLOCK06/SES067/SA067S21	SES177	-1.00931	23.9843	24.9936
BLOCK06/SES067/SA067S21	SES183	-1.34658	23.647	24.9936
BLOCK06/SES067/SA067S21	SES189	-1.25862	23.735	24.9936
BLOCK06/SES067/SA067S25	SES085	-1.09899	23.9453	25.0443
BLOCK06/SES067/SA067S25	SES177	-1.94781	23.0965	25.0443
BLOCK06/SES067/SA067S25	SES183	-1.55894	23.4854	25.0443
BLOCK06/SES067/SA067S25	SES202	-2.3892	22.6551	25.0443
BLOCK06/SES067/SA067S29	SES085	-1.46869	24.1403	25.609
BLOCK06/SES067/SA067S29	SES177	-1.98924	23.6198	25.609
BLOCK06/SES067/SA067S29	SES183	-0.920332	24.6887	25.609
BLOCK06/SES067/SA067S29	SES202	-1.19071	24.4183	25.609
BLOCK06/SES069/SA069S12	SES029	-4.10606	22.7109	26.8169
BLOCK06/SES069/SA069S12	SES082	-1.65657	25.1604	26.8169
BLOCK06/SES069/SA069S12	SES087	-3.02573	23.7912	26.8169
BLOCK06/SES069/SA069S12	SES206	-2.02015	24.7968	26.8169
BLOCK06/SES069/SA069S13	SES029	-3.93072	22.7288	26.6596
BLOCK06/SES069/SA069S13	SES087	-2.8428	23.8168	26.6596
BLOCK06/SES069/SA069S13	SES206	-2.54019	24.1194	26.6596
BLOCK06/SES069/SA069S13	SES226	-1.74025	24.9193	26.6596
BLOCK06/SES069/SA069S23	SES029	-2.55365	26.5862	29.1398
BLOCK06/SES069/SA069S23	SES087	-2.16813	26.9717	29.1398
BLOCK06/SES069/SA069S23	SES206	-3.32677	25.8131	29.1398
BLOCK06/SES069/SA069S23	SES226	-1.47513	27.6647	29.1398
BLOCK06/SES069/SA069S25	SES087	-2.30437	24.9834	27.2878
BLOCK06/SES069/SA069S25	SES206	-4.02472	23.2631	27.2878
BLOCK06/SES069/SA069S25	SES226	-2.09403	25.1938	27.2878
BLOCK06/SES069/SA069S25	SES270	-2.86802	24.4198	27.2878
BLOCK06/SES069/SA069S27	SES087	-3.11353	24.3034	27.4169
BLOCK06/SES069/SA069S27	SES206	-1.57274	25.8441	27.4169
BLOCK06/SES069/SA069S27	SES226	-1.33275	26.0841	27.4169
BLOCK06/SES069/SA069S27	SES270	-2.20959	25.2073	27.4169
BLOCK08/SES081/SA081S11	SES060	-2.96412	21.1328	24.097
BLOCK08/SES081/SA081S11	SES062	-3.07425	21.0227	24.097
BLOCK08/SES081/SA081S11	SES117	-3.95126	20.1457	24.097
BLOCK08/SES081/SA081S11	SES162	-3.12622	20.9707	24.097
BLOCK08/SES081/SA081S13	SES016	-2.53879	23.9701	26.5089
BLOCK08/SES081/SA081S13	SES060	-0.870733	25.6382	26.5089
BLOCK08/SES081/SA081S13	SES068	-2.04868	24.4602	26.5089
BLOCK08/SES081/SA081S13	SES129	-3.5389	22.97	26.5089
BLOCK08/SES081/SA081S24	SES060	-1.87942	23.2656	25.145
BLOCK08/SES081/SA081S24	SES068	-1.75935	23.3857	25.145
BLOCK08/SES081/SA081S24	SES117	-3.19079	21.9542	25.145
BLOCK08/SES081/SA081S24	SES275	-2.87966	22.2654	25.145
BLOCK08/SES081/SA081S27	SES007	-2.16963	21.8924	24.062
BLOCK08/SES081/SA081S27	SES060	-2.27078	21.7912	24.062
BLOCK08/SES081/SA081S27	SES117	-1.62229	22.4397	24.062
BLOCK08/SES081/SA081S27	SES275	-2.71773	21.3443	24.062
BLOCK08/SES081/SA081S29	SES007	-1.90276	23.6388	25.5415
BLOCK08/SES081/SA081S29	SES060	-1.68931	23.8522	25.5415
BLOCK08/SES081/SA081S29	SES117	-2.16787	23.3737	25.5415
BLOCK08/SES081/SA081S29	SES275	-2.59219	22.9494	25.5415
BLOCK08/SES086/SA086S11	SES029	-5.14421	20.6199	25.7641
BLOCK08/SES086/SA086S11	SES082	-2.38082	23.3833	25.7641
BLOCK08/SES086/SA086S11	SES087	-1.95589	23.8082	25.7641
BLOCK08/SES086/SA086S11	SES206	-3.02843	22.7356	25.7641
BLOCK08/SES086/SA086S12	SES029	-3.66612	23.3535	27.0196
BLOCK08/SES086/SA086S12	SES082	-2.96062	24.059	27.0196
BLOCK08/SES086/SA086S12	SES087	-1.55176	25.4678	27.0196
BLOCK08/SES086/SA086S12	SES206	-2.5995	24.4201	27.0196
BLOCK08/SES086/SA086S20	SES029	-4.04149	23.229	27.2705
BLOCK08/SES086/SA086S20	SES082	-3.59778	23.6727	27.2705
BLOCK08/SES086/SA086S20	SES087	-0.938023	26.3325	27.2705
BLOCK08/SES086/SA086S20	SES206	-1.78088	25.4896	27.2705
BLOCK08/SES086/SA086S24	SES087	-1.12322	25.2347	26.3579
BLOCK08/SES086/SA086S24	SES104	-3.1141	23.2438	26.3579
BLOCK08/SES086/SA086S24	SES120	-4.02462	22.3333	26.3579
BLOCK08/SES086/SA086S24	SES206	-1.14017	25.2177	26.3579
BLOCK08/SES086/SA086S28	SES029	-3.19935	23.2078	26.4072
BLOCK08/SES086/SA086S28	SES082	-2.87208	23.5351	26.4072
BLOCK08/SES086/SA086S28	SES087	-1.72361	24.6836	26.4072
BLOCK08/SES086/SA086S28	SES206	-2.005	24.4022	26.4072
BLOCK08/SES089/SA089S13	SES087	-2.52772	22.3695	24.8973
BLOCK08/SES089/SA089S13	SES206	-2.66681	22.2304	24.8973
BLOCK08/SES089/SA089S13	SES226	-2.2332	22.6641	24.8973
BLOCK08/SES089/SA089S13	SES270	-3.81781	21.0795	24.8973
BLOCK08/SES089/SA089S14	SES062	-3.49557	22.3413	25.8369
BLOCK08/SES089/SA089S14	SES087	-1.25045	24.5864	25.8369
BLOCK08/SES089/SA089S14	SES206	-2.41086	23.426	25.8369
BLOCK08/SES089/SA089S14	SES226	-1.8166	24.0203	25.8369
BLOCK08/SES089/SA089S23	SES087	-2.29783	20.7699	23.0678
BLOCK08/SES089/SA089S23	SES206	-2.90344	20.1643	23.0678
BLOCK08/SES089/SA089S23	SES226	-2.11221	20.9556	23.0678
BLOCK08/SES089/SA089S23	SES270	-4.40744	18.6603	23.0678
BLOCK08/SES089/SA089S25	SES062	-3.43804	21.7492	25.1872
BLOCK08/SES089/SA089S25	SES087	-2.32963	22.8576	25.1872
BLOCK08/SES089/SA089S25	SES206	-3.55615	21.6311	25.1872
BLOCK08/SES089/SA089S25	SES226	-1.88253	23.3047	25.1872
BLOCK08/SES089/SA089S28	SES062	-2.92263	22.686	25.6086
BLOCK08/SES089/SA089S28	SES087	-2.10517	23.5034	25.6086
BLOCK08/SES089/SA089S28	SES206	-2.4767	23.1319	25.6086
BLOCK08/SES089/SA089S28	SES226	-1.50935	24.0993	25.6086
BLOCK09/SES097/SA097S11	SES099	-0.620321	24.3856	25.0059
BLOCK09/SES097/SA097S11	SES125	-2.90416	22.1017	25.0059
BLOCK09/SES097/SA097S11	SES206	-2.39436	22.6116	25.0059
BLOCK09/SES097/SA097S11	SES226	-1.18817	23.8177	25.0059
BLOCK09/SES097/SA097S14	SES062	-2.61474	21.3313	23.946
BLOCK09/SES097/SA097S14	SES099	-1.21827	22.7277	23.946
BLOCK09/SES097/SA097S14	SES104	-2.3809	21.5651	23.946
BLOCK09/SES097/SA097S14	SES206	-2.81409	21.1319	23.946
BLOCK09/SES097/SA097S22	SES099	0.18854	24.7786	24.5901
BLOCK09/SES097/SA097S22	SES206	-2.31493	22.2751	24.5901
BLOCK09/SES097/SA097S22	SES226	-2.34392	22.2462	24.5901
BLOCK09/SES097/SA097S22	SES270	-0.859131	23.7309	24.5901
BLOCK09/SES097/SA097S26	SES099	-1.37114	24.6774	26.0486
BLOCK09/SES097/SA097S26	SES120	-2.87161	23.177	26.0486
BLOCK09/SES097/SA097S26	SES206	-2.61378	23.4348	26.0486
BLOCK09/SES097/SA097S26	SES226	-3.68472	22.3639	26.0486
BLOCK09/SES097/SA097S28	SES099	-1.80886	23.3008	25.1096
BLOCK09/SES097/SA097S28	SES120	-2.61866	22.491	25.1096
BLOCK09/SES097/SA097S28	SES206	-3.24788	21.8617	25.1096
BLOCK09/SES097/SA097S28	SES226	-4.01827	21.0914	25.1096
BLOCK09/SES098/SA098S11	SES127	-3.15382	19.8086	22.9624
BLOCK09/SES098/SA098S11	SES144	-3.1174	19.845	22.9624
BLOCK09/SES098/SA098S11	SES147	-1.7638	21.1986	22.9624
BLOCK09/SES098/SA098S11	SES148	-4.68075	18.2817	22.9624
BLOCK09/SES098/SA098S12	SES127	-5.47686	15.1814	20.6583
BLOCK09/SES098/SA098S12	SES144	-4.54313	16.1152	20.6583
BLOCK09/SES098/SA098S12	SES147	-2.95327	17.705	20.6583
BLOCK09/SES098/SA098S12	SES189	-2.17994	18.4783	20.6583
BLOCK09/SES098/SA098S20	SES127	-5.26955	17.1088	22.3784
BLOCK09/SES098/SA098S20	SES147	-1.97989	20.3985	22.3784
BLOCK09/SES098/SA098S20	SES148	-5.98837	16.39	22.3784
BLOCK09/SES098/SA098S20	SES292	-4.78354	17.5948	22.3784
BLOCK09/SES098/SA098S23	SES127	-3.59934	20.3198	23.9192
BLOCK09/SES098/SA098S23	SES147	-1.95288	21.9663	23.9192
BLOCK09/SES098/SA098S23	SES187	-2.78968	21.1295	23.9192
BLOCK09/SES098/SA098S23	SES292	-3.49247	20.4267	23.9192
BLOCK09/SES098/SA098S27	SES127	-3.47235	19.3616	22.8339
BLOCK09/SES098/SA098S27	SES147	-3.40767	19.4263	22.8339
BLOCK09/SES098/SA098S27	SES148	-4.6412	18.1928	22.8339
BLOCK09/SES098/SA098S27	SES292	-2.86805	19.9659	22.8339
BLOCK10/SES102/SA102S13	SES101	-1.2969	22.2925	23.5894
BLOCK10/SES102/SA102S13	SES105	-2.11123	21.4782	23.5894
BLOCK10/SES102/SA102S13	SES120	-2.71398	20.8754	23.5894
BLOCK10/SES102/SA102S13	SES158	-4.76262	18.8268	23.5894
BLOCK10/SES102/SA102S14	SES007	-1.81632	24.0229	25.8393
BLOCK10/SES102/SA102S14	SES101	-1.32919	24.5101	25.8393
BLOCK10/SES102/SA102S14	SES105	-1.63058	24.2087	25.8393
BLOCK10/SES102/SA102S14	SES147	-4.4581	21.3812	25.8393
BLOCK10/SES102/SA102S22	SES007	-2.62263	23.4264	26.049
BLOCK10/SES102/SA102S22	SES101	-1.30703	24.742	26.049
BLOCK10/SES102/SA102S22	SES105	-1.56796	24.481	26.049
BLOCK10/SES102/SA102S22	SES158	-3.87916	22.1698	26.049
BLOCK10/SES102/SA102S25	SES007	-2.00124	24.3944	26.3956
BLOCK10/SES102/SA102S25	SES101	-1.19608	25.1995	26.3956
BLOCK10/SES102/SA102S25	SES105	-1.90459	24.491	26.3956
BLOCK10/SES102/SA102S25	SES147	-4.62503	21.7706	26.3956
BLOCK10/SES102/SA102S27	SES007	-2.10919	22.7392	24.8484
BLOCK10/SES102/SA102S27	SES101	-0.876745	23.9716	24.8484
BLOCK10/SES102/SA102S27	SES105	-2.24167	22.6067	24.8484
BLOCK10/SES102/SA102S27	SES147	-3.78373	21.0646	24.8484
BLOCK10/SES103/SA103S14	SES105	-3.84539	21.1654	25.0107
BLOCK10/SES103/SA103S14	SES106	-2.34041	22.6703	25.0107
BLOCK10/SES103/SA103S14	SES120	-3.88639	21.1244	25.0107
BLOCK10/SES103/SA103S14	SES206	-3.9439	21.0668	25.0107
BLOCK10/SES103/SA103S15	SES099	-2.47418	19.7995	22.2737
BLOCK10/SES103/SA103S15	SES101	-4.36198	17.9117	22.2737
BLOCK10/SES103/SA103S15	SES104	-3.14855	19.1251	22.2737
BLOCK10/SES103/SA103S15	SES125	-2.34545	19.9282	22.2737
BLOCK10/SES103/SA103S24	SES104	-2.41525	22.9977	25.4129
BLOCK10/SES103/SA103S24	SES125	-2.81881	22.5941	25.4129
BLOCK10/SES103/SA103S24	SES148	-4.43422	20.9787	25.4129
BLOCK10/SES103/SA103S24	SES158	-1.96314	23.4498	25.4129
BLOCK10/SES103/SA103S26	SES104	-3.65244	20.1767	23.8291
BLOCK10/SES103/SA103S26	SES106	-2.06444	21.7647	23.8291
BLOCK10/SES103/SA103S26	SES125	-3.35265	20.4765	23.8291
BLOCK10/SES103/SA103S26	SES148	-5.36534	18.4638	23.8291
BLOCK10/SES103/SA103S28	SES104	-4.17204	18.1192	22.2912
BLOCK10/SES103/SA103S28	SES106	-1.81713	20.4741	22.2912
BLOCK10/SES103/SA103S28	SES125	-3.80802	18.4832	22.2912
BLOCK10/SES103/SA103S28	SES206	-4.81809	17.4731	22.2912
BLOCK12/SES121/SA121S12	SES042	-4.39859	16.8821	21.2807
BLOCK12/SES121/SA121S12	SES087	-3.50546	17.7753	21.2807
BLOCK12/SES121/SA121S12	SES105	-2.25696	19.0238	21.2807
BLOCK12/SES121/SA121S12	SES206	-3.06069	18.22	21.2807
BLOCK12/SES121/SA121S14	SES007	-3.00401	19.5205	22.5245
BLOCK12/SES121/SA121S14	SES105	-2.66005	19.8645	22.5245
BLOCK12/SES121/SA121S14	SES106	-2.76437	19.7602	22.5245
BLOCK12/SES121/SA121S14	SES206	-3.56114	18.9634	22.5245
BLOCK12/SES121/SA121S23	SES105	-3.13679	17.9175	21.0542
BLOCK12/SES121/SA121S23	SES106	-2.22758	18.8267	21.0542
BLOCK12/SES121/SA121S23	SES120	-2.88866	18.1656	21.0542
BLOCK12/SES121/SA121S23	SES206	-3.44887	17.6054	21.0542
BLOCK12/SES121/SA121S25	SES007	-2.62303	18.2002	20.8232
BLOCK12/SES121/SA121S25	SES105	-2.96988	17.8534	20.8232
BLOCK12/SES121/SA121S25	SES106	-3.13853	17.6847	20.8232
BLOCK12/SES121/SA121S25	SES206	-3.81879	17.0045	20.8232
BLOCK12/SES121/SA121S27	SES087	-2.22103	20.6796	22.9006
BLOCK12/SES121/SA121S27	SES105	-4.41451	18.4861	22.9006
BLOCK12/SES121/SA121S27	SES120	-1.81871	21.0819	22.9006
BLOCK12/SES121/SA121S27	SES206	-2.51433	20.3863	22.9006
BLOCK12/SES124/SA124S16	SES042	-1.14523	23.2864	24.4316
BLOCK12/SES124/SA124S16	SES082	-2.29819	22.1334	24.4316
BLOCK12/SES124/SA124S16	SES183	-3.85655	20.575	24.4316
BLOCK12/SES124/SA124S16	SES206	-3.39098	21.0406	24.4316
BLOCK12/SES124/SA124S17	SES105	-3.85041	18.7891	22.6396
BLOCK12/SES124/SA124S17	SES149	-5.16951	17.47	22.6396
BLOCK12/SES124/SA124S17	SES158	-3.79398	18.8456	22.6396
BLOCK12/SES124/SA124S17	SES275	-2.82645	19.8131	22.6396
BLOCK12/SES124/SA124S23	SES105	-3.96768	21.9989	25.9666
BLOCK12/SES124/SA124S23	SES125	-1.00305	24.9635	25.9666
BLOCK12/SES124/SA124S23	SES129	-3.86182	22.1047	25.9666
BLOCK12/SES124/SA124S23	SES158	-1.68164	24.2849	25.9666
BLOCK12/SES124/SA124S26	SES105	-5.19924	20.2818	25.4811
BLOCK12/SES124/SA124S26	SES125	-2.7255	22.7556	25.4811
BLOCK12/SES124/SA124S26	SES129	-3.90535	21.5757	25.4811
BLOCK12/SES124/SA124S26	SES158	-2.35065	23.1304	25.4811
BLOCK12/SES124/SA124S28	SES104	-2.13044	23.7112	25.8416
BLOCK12/SES124/SA124S28	SES106	-2.26179	23.5799	25.8416
BLOCK12/SES124/SA124S28	SES125	-0.964266	24.8774	25.8416
BLOCK12/SES124/SA124S28	SES275	-3.81989	22.0217	25.8416
BLOCK12/SES126/SA126S13	SES007	-2.73408	20.731	23.465
BLOCK12/SES126/SA126S13	SES162	-2.40814	21.0569	23.465
BLOCK12/SES126/SA126S13	SES177	-1.96409	21.501	23.465
BLOCK12/SES126/SA126S13	SES180	-2.99466	20.4704	23.465
BLOCK12/SES126/SA126S14	SES144	-3.02824	22.9838	26.0121
BLOCK12/SES126/SA126S14	SES148	-2.97671	23.0353	26.0121
BLOCK12/SES126/SA126S14	SES177	-1.46655	24.5455	26.0121
BLOCK12/SES126/SA126S14	SES180	-3.23292	22.7791	26.0121
BLOCK12/SES126/SA126S20	SES007	-2.66832	22.1409	24.8092
BLOCK12/SES126/SA126S20	SES162	-3.56643	21.2427	24.8092
BLOCK12/SES126/SA126S20	SES172	-4.67647	20.1327	24.8092
BLOCK12/SES126/SA126S20	SES180	-3.08759	21.7216	24.8092
BLOCK12/SES126/SA126S24	SES120	-1.63895	23.9632	25.6021
BLOCK12/SES126/SA126S24	SES162	-2.76574	22.8364	25.6021
BLOCK12/SES126/SA126S24	SES177	-2.01038	23.5917	25.6021
BLOCK12/SES126/SA126S24	SES180	-1.8536	23.7485	25.6021
BLOCK12/SES126/SA126S26	SES120	-1.57891	22.3754	23.9543
BLOCK12/SES126/SA126S26	SES177	-2.10058	21.8538	23.9543
BLOCK12/SES126/SA126S26	SES180	-2.90142	21.0529	23.9543
BLOCK12/SES126/SA126S26	SES202	-3.4813	20.473	23.9543
BLOCK12/SES128/SA128S10	SES087	-3.94325	21.5128	25.456
BLOCK12/SES128/SA128S10	SES206	-3.14848	22.3076	25.456
BLOCK12/SES128/SA128S10	SES226	-2.18045	23.2756	25.456
BLOCK12/SES128/SA128S10	SES270	-2.26353	23.1925	25.456
BLOCK12/SES128/SA128S12	SES120	-2.26947	22.6397	24.9091
BLOCK12/SES128/SA128S12	SES158	-2.8714	22.0377	24.9091
BLOCK12/SES128/SA128S12	SES206	-2.5533	22.3558	24.9091
BLOCK12/SES128/SA128S12	SES226	-2.54601	22.3631	24.9091
BLOCK12/SES128/SA128S21	SES106	-4.30937	19.1799	23.4893
BLOCK12/SES128/SA128S21	SES120	-3.57497	19.9143	23.4893
BLOCK12/SES128/SA128S21	SES206	-3.79374	19.6956	23.4893
BLOCK12/SES128/SA128S21	SES226	-2.65327	20.8361	23.4893
BLOCK12/SES128/SA128S24	SES087	-2.947	21.3727	24.3197
BLOCK12/SES128/SA128S24	SES120	-1.76223	22.5575	24.3197
BLOCK12/SES128/SA128S24	SES206	-2.47787	21.8419	24.3197
BLOCK12/SES128/SA128S24	SES226	-2.93403	21.3857	24.3197
BLOCK12/SES128/SA128S27	SES099	-2.30599	23.2724	25.5784
BLOCK12/SES128/SA128S27	SES120	-2.29636	23.282	25.5784
BLOCK12/SES128/SA128S27	SES206	-2.4341	23.1443	25.5784
BLOCK12/SES128/SA128S27	SES226	-3.05478	22.5236	25.5784
BLOCK13/SES130/SA130S13	SES143	-2.35739	21.8877	24.2451
BLOCK13/SES130/SA130S13	SES144	-1.21664	23.0285	24.2451
BLOCK13/SES130/SA130S13	SES146	-1.66965	22.5755	24.2451
BLOCK13/SES130/SA130S13	SES275	-3.12781	21.1173	24.2451
BLOCK13/SES130/SA130S15	SES143	-3.05983	22.7664	25.8263
BLOCK13/SES130/SA130S15	SES144	-1.48922	24.337	25.8263
BLOCK13/SES130/SA130S15	SES146	-2.01443	23.8118	25.8263
BLOCK13/SES130/SA130S15	SES275	-2.2409	23.5854	25.8263
BLOCK13/SES130/SA130S23	SES127	-4.69318	19.511	24.2042
BLOCK13/SES130/SA130S23	SES144	-2.2986	21.9055	24.2042
BLOCK13/SES130/SA130S23	SES146	-1.95224	22.2519	24.2042
BLOCK13/SES130/SA130S23	SES162	-2.30539	21.8988	24.2042
BLOCK13/SES130/SA130S25	SES127	-2.6195	23.002	25.6215
BLOCK13/SES130/SA130S25	SES144	-1.47908	24.1425	25.6215
BLOCK13/SES130/SA130S25	SES146	-1.65964	23.9619	25.6215
BLOCK13/SES130/SA130S25	SES275	-1.88399	23.7375	25.6215
BLOCK13/SES130/SA130S28	SES127	-2.37837	22.3983	24.7766
BLOCK13/SES130/SA130S28	SES144	-1.96405	22.8126	24.7766
BLOCK13/SES130/SA130S28	SES146	-1.87342	22.9032	24.7766
BLOCK13/SES130/SA130S28	SES275	-1.62512	23.1515	24.7766
BLOCK13/SES131/SA131S13	SES002	-2.33797	20.3406	22.6786
BLOCK13/SES131/SA131S13	SES007	-3.26626	19.4123	22.6786
BLOCK13/SES131/SA131S13	SES099	-3.44031	19.2383	22.6786
BLOCK13/SES131/SA131S13	SES105	-2.62872	20.0499	22.6786
BLOCK13/SES131/SA131S14	SES104	-1.83579	23.106	24.9418
BLOCK13/SES131/SA131S14	SES106	-2.51282	22.4289	24.9418
BLOCK13/SES131/SA131S14	SES125	-3.38703	21.5547	24.9418
BLOCK13/SES131/SA131S14	SES148	-3.21511	21.7266	24.9418
BLOCK13/SES131/SA131S20	SES104	-4.18114	17.8978	22.0789
BLOCK13/SES131/SA131S20	SES106	-2.29805	19.7808	22.0789
BLOCK13/SES131/SA131S20	SES125	-4.53516	17.5437	22.0789
BLOCK13/SES131/SA131S20	SES148	-3.00037	19.0785	22.0789
BLOCK13/SES131/SA131S22	SES099	-2.77957	21.4169	24.1965
BLOCK13/SES131/SA131S22	SES104	-3.0119	21.1846	24.1965
BLOCK13/SES131/SA131S22	SES125	-3.83108	20.3654	24.1965
BLOCK13/SES131/SA131S22	SES206	-3.45269	20.7438	24.1965
BLOCK13/SES131/SA131S29	SES087	-3.4571	19.5891	23.0462
BLOCK13/SES131/SA131S29	SES104	-4.39213	18.654	23.0462
BLOCK13/SES131/SA131S29	SES125	-4.15789	18.8883	23.0462
BLOCK13/SES131/SA131S29	SES206	-3.19432	19.8518	23.0462
BLOCK13/SES132/SA132S11	SES083	-3.45702	22.4013	25.8584
BLOCK13/SES132/SA132S11	SES120	-1.08554	24.7728	25.8584
BLOCK13/SES132/SA132S11	SES127	-1.70609	24.1523	25.8584
BLOCK13/SES132/SA132S11	SES275	-2.37114	23.4872	25.8584
BLOCK13/SES132/SA132S12	SES083	-2.76818	23.748	26.5162
BLOCK13/SES132/SA132S12	SES143	-1.95181	24.5644	26.5162
BLOCK13/SES132/SA132S12	SES144	-2.16085	24.3553	26.5162
BLOCK13/SES132/SA132S12	SES148	-2.39883	24.1174	26.5162
BLOCK13/SES132/SA132S22	SES062	-1.59152	23.6348	25.2263
BLOCK13/SES132/SA132S22	SES083	-2.62088	22.6054	25.2263
BLOCK13/SES132/SA132S22	SES127	-1.53074	23.6956	25.2263
BLOCK13/SES132/SA132S22	SES275	-1.48282	23.7435	25.2263
BLOCK13/SES132/SA132S24	SES007	-1.87923	24.7959	26.6751
BLOCK13/SES132/SA132S24	SES083	-2.90051	23.7746	26.6751
BLOCK13/SES132/SA132S24	SES127	-2.35453	24.3206	26.6751
BLOCK13/SES132/SA132S24	SES275	-2.27201	24.4031	26.6751
BLOCK13/SES132/SA132S27	SES083	-2.99154	21.9861	24.9777
BLOCK13/SES132/SA132S27	SES120	-0.741495	24.2362	24.9777
BLOCK13/SES132/SA132S27	SES127	-2.45934	22.5183	24.9777
BLOCK13/SES132/SA132S27	SES275	-2.62357	22.3541	24.9777
BLOCK14/SES141/SA141S09	SES143	-2.39402	22.9216	25.3156
BLOCK14/SES141/SA141S09	SES144	-1.64406	23.6715	25.3156
BLOCK14/SES141/SA141S09	SES162	-2.39549	22.9201	25.3156
BLOCK14/SES141/SA141S09	SES180	-2.27283	23.0428	25.3156
BLOCK14/SES141/SA141S15	SES127	-2.76394	22.3063	25.0702
BLOCK14/SES141/SA141S15	SES144	-2.81069	22.2595	25.0702
BLOCK14/SES141/SA141S15	SES162	-2.68788	22.3824	25.0702
BLOCK14/SES141/SA141S15	SES180	-2.73761	22.3326	25.0702
BLOCK14/SES141/SA141S24	SES127	-2.75286	22.8012	25.554
BLOCK14/SES141/SA141S24	SES144	-3.35474	22.1993	25.554
BLOCK14/SES141/SA141S24	SES162	-2.70099	22.853	25.554
BLOCK14/SES141/SA141S24	SES183	-2.85835	22.6957	25.554
BLOCK14/SES141/SA141S26	SES142	-2.14877	22.4651	24.6139
BLOCK14/SES141/SA141S26	SES144	-2.72766	21.8862	24.6139
BLOCK14/SES141/SA141S26	SES172	-2.29661	22.3173	24.6139
BLOCK14/SES141/SA141S26	SES180	-2.69509	21.9188	24.6139
BLOCK14/SES141/SA141S29	SES127	-1.64244	23.3153	24.9577
BLOCK14/SES141/SA141S29	SES142	-0.980106	23.9776	24.9577
BLOCK14/SES141/SA141S29	SES144	-2.88307	22.0747	24.9577
BLOCK14/SES141/SA141S29	SES180	-2.15873	22.799	24.9577
BLOCK15/SES157/SA157S08	SES083	-3.7133	21.8	25.5133
BLOCK15/SES157/SA157S08	SES127	-2.77172	22.7416	25.5133
BLOCK15/SES157/SA157S08	SES148	-2.43896	23.0743	25.5133
BLOCK15/SES157/SA157S08	SES292	-2.41568	23.0976	25.5133
BLOCK15/SES157/SA157S11	SES083	-3.48614	22.7121	26.1983
BLOCK15/SES157/SA157S11	SES127	-2.38445	23.8138	26.1983
BLOCK15/SES157/SA157S11	SES148	-2.85227	23.346	26.1983
BLOCK15/SES157/SA157S11	SES292	-3.17311	23.0252	26.1983
BLOCK15/SES157/SA157S21	SES127	-1.67876	24.2944	25.9732
BLOCK15/SES157/SA157S21	SES148	-1.21179	24.7614	25.9732
BLOCK15/SES157/SA157S21	SES158	-5.66545	20.3077	25.9732
BLOCK15/SES157/SA157S21	SES292	-2.5715	23.4017	25.9732
BLOCK15/SES157/SA157S24	SES127	-2.40197	24.1865	26.5885
BLOCK15/SES157/SA157S24	SES148	-2.49894	24.0895	26.5885
BLOCK15/SES157/SA157S24	SES183	-3.35874	23.2297	26.5885
BLOCK15/SES157/SA157S24	SES292	-2.79152	23.7969	26.5885
BLOCK15/SES157/SA157S26	SES007	-1.49403	25.1033	26.5973
BLOCK15/SES157/SA157S26	SES127	-1.34164	25.2557	26.5973
BLOCK15/SES157/SA157S26	SES147	-3.04084	23.5565	26.5973
BLOCK15/SES157/SA157S26	SES148	-2.02189	24.5755	26.5973
BLOCK16/SES161/SA161S10	SES007	-3.11555	21.619	24.7345
BLOCK16/SES161/SA161S10	SES105	-2.63176	22.1028	24.7345
BLOCK16/SES161/SA161S10	SES158	-2.59839	22.1361	24.7345
BLOCK16/SES161/SA161S10	SES275	-2.63111	22.1034	24.7345
BLOCK16/SES161/SA161S12	SES007	-3.1835	20.5328	23.7163
BLOCK16/SES161/SA161S12	SES105	-3.63138	20.085	23.7163
BLOCK16/SES161/SA161S12	SES158	-2.87414	20.8422	23.7163
BLOCK16/SES161/SA161S12	SES275	-2.67567	21.0407	23.7163
BLOCK16/SES161/SA161S20	SES007	-2.8541	20.5649	23.419
BLOCK16/SES161/SA161S20	SES105	-3.0437	20.3753	23.419
BLOCK16/SES161/SA161S20	SES158	-2.92821	20.4908	23.419
BLOCK16/SES161/SA161S20	SES275	-2.61218	20.8068	23.419
BLOCK16/SES161/SA161S23	SES007	-3.78068	20.5143	24.295
BLOCK16/SES161/SA161S23	SES105	-2.61699	21.678	24.295
BLOCK16/SES161/SA161S23	SES148	-2.92508	21.3699	24.295
BLOCK16/SES161/SA161S23	SES158	-3.32182	20.9731	24.295
BLOCK16/SES161/SA161S28	SES007	-3.46062	21.6755	25.1361
BLOCK16/SES161/SA161S28	SES105	-3.44113	21.695	25.1361
BLOCK16/SES161/SA161S28	SES158	-2.42321	22.7129	25.1361
BLOCK16/SES161/SA161S28	SES206	-2.43327	22.7029	25.1361
BLOCK16/SES164/SA164S11	SES104	-3.06564	22.8597	25.9253
BLOCK16/SES164/SA164S11	SES125	-2.29816	23.6272	25.9253
BLOCK16/SES164/SA164S11	SES158	-0.807768	25.1176	25.9253
BLOCK16/SES164/SA164S11	SES206	-3.06369	22.8617	25.9253
BLOCK16/SES164/SA164S13	SES099	-2.56148	21.3664	23.9279
BLOCK16/SES164/SA164S13	SES104	-3.74092	20.187	23.9279
BLOCK16/SES164/SA164S13	SES125	-3.41156	20.5163	23.9279
BLOCK16/SES164/SA164S13	SES206	-2.60065	21.3272	23.9279
BLOCK16/SES164/SA164S24	SES002	-1.49751	23.5166	25.0141
BLOCK16/SES164/SA164S24	SES099	-2.67246	22.3416	25.0141
BLOCK16/SES164/SA164S24	SES125	-3.62519	21.3889	25.0141
BLOCK16/SES164/SA164S24	SES226	-2.08572	22.9283	25.0141
BLOCK16/SES164/SA164S27	SES087	-2.56804	21.4306	23.9986
BLOCK16/SES164/SA164S27	SES125	-2.96137	21.0373	23.9986
BLOCK16/SES164/SA164S27	SES206	-3.29967	20.699	23.9986
BLOCK16/SES164/SA164S27	SES226	-1.93345	22.0652	23.9986
BLOCK16/SES164/SA164S29	SES002	-0.967535	22.7309	23.6985
BLOCK16/SES164/SA164S29	SES019	-2.95758	20.7409	23.6985
BLOCK16/SES164/SA164S29	SES125	-2.72328	20.9752	23.6985
BLOCK16/SES164/SA164S29	SES226	-2.68277	21.0157	23.6985
BLOCK16/SES169/SA169S13	SES117	-2.27374	22.7891	25.0629
BLOCK16/SES169/SA169S13	SES144	-2.09913	22.9637	25.0629
BLOCK16/SES169/SA169S13	SES146	-1.64626	23.4166	25.0629
BLOCK16/SES169/SA169S13	SES162	-2.24044	22.8224	25.0629
BLOCK16/SES169/SA169S14	SES144	-2.68101	22.4884	25.1694
BLOCK16/SES169/SA169S14	SES148	-2.74344	22.4259	25.1694
BLOCK16/SES169/SA169S14	SES177	-1.61036	23.559	25.1694
BLOCK16/SES169/SA169S14	SES180	-2.98773	22.1817	25.1694
BLOCK16/SES169/SA169S24	SES117	-2.63795	20.9536	23.5915
BLOCK16/SES169/SA169S24	SES144	-1.51668	22.0748	23.5915
BLOCK16/SES169/SA169S24	SES146	-1.42546	22.1661	23.5915
BLOCK16/SES169/SA169S24	SES162	-2.16484	21.4267	23.5915
BLOCK16/SES169/SA169S27	SES127	-1.66721	23.083	24.7502
BLOCK16/SES169/SA169S27	SES129	-2.66854	22.0816	24.7502
BLOCK16/SES169/SA169S27	SES144	-2.48411	22.2661	24.7502
BLOCK16/SES169/SA169S27	SES146	-0.818401	23.9318	24.7502
BLOCK16/SES169/SA169S29	SES144	-1.86908	23.6837	25.5527
BLOCK16/SES169/SA169S29	SES162	-1.1997	24.353	25.5527
BLOCK16/SES169/SA169S29	SES177	-2.87519	22.6776	25.5527
BLOCK16/SES169/SA169S29	SES180	-1.45517	24.0976	25.5527
BLOCK17/SES171/SA171S12	SES083	-2.98203	21.7076	24.6896
BLOCK17/SES171/SA171S12	SES148	-3.2755	21.4141	24.6896
BLOCK17/SES171/SA171S12	SES172	-2.23862	22.451	24.6896
BLOCK17/SES171/SA171S12	SES292	-3.16083	21.5288	24.6896
BLOCK17/SES171/SA171S15	SES148	-3.32688	19.4748	22.8017
BLOCK17/SES171/SA171S15	SES177	-2.2339	20.5678	22.8017
BLOCK17/SES171/SA171S15	SES180	-4.22215	18.5796	22.8017
BLOCK17/SES171/SA171S15	SES292	-4.03084	18.7709	22.8017
BLOCK17/SES171/SA171S22	SES007	-2.56917	23.6256	26.1947
BLOCK17/SES171/SA171S22	SES148	-2.62543	23.5693	26.1947
BLOCK17/SES171/SA171S22	SES177	-0.598816	25.5959	26.1947
BLOCK17/SES171/SA171S22	SES180	-3.69765	22.4971	26.1947
BLOCK17/SES171/SA171S25	SES101	-3.84501	19.1236	22.9686
BLOCK17/SES171/SA171S25	SES120	-3.96342	19.0052	22.9686
BLOCK17/SES171/SA171S25	SES177	-2.48455	20.484	22.9686
BLOCK17/SES171/SA171S25	SES180	-4.3171	18.6515	22.9686
BLOCK17/SES171/SA171S27	SES177	-2.02848	22.349	24.3775
BLOCK17/SES171/SA171S27	SES180	-3.6207	20.7568	24.3775
BLOCK17/SES171/SA171S27	SES189	-2.02342	22.3541	24.3775
BLOCK17/SES171/SA171S27	SES292	-3.4894	20.8881	24.3775
BLOCK17/SES173/SA173S13	SES162	-4.05185	20.3394	24.3913
BLOCK17/SES173/SA173S13	SES177	-2.42217	21.9691	24.3913
BLOCK17/SES173/SA173S13	SES180	-3.65399	20.7373	24.3913
BLOCK17/SES173/SA173S13	SES292	-2.39069	22.0006	24.3913
BLOCK17/SES173/SA173S14	SES007	-2.95031	20.5622	23.5126
BLOCK17/SES173/SA173S14	SES162	-4.00374	19.5088	23.5126
BLOCK17/SES173/SA173S14	SES177	-1.85134	21.6612	23.5126
BLOCK17/SES173/SA173S14	SES180	-4.13258	19.38	23.5126
BLOCK17/SES173/SA173S24	SES144	-3.72654	19.2615	22.988
BLOCK17/SES173/SA173S24	SES162	-3.49338	19.4946	22.988
BLOCK17/SES173/SA173S24	SES177	-1.90962	21.0784	22.988
BLOCK17/SES173/SA173S24	SES180	-3.7965	19.1915	22.988
BLOCK17/SES173/SA173S27	SES162	-5.10744	18.3627	23.4702
BLOCK17/SES173/SA173S27	SES177	-2.49192	20.9782	23.4702
BLOCK17/SES173/SA173S27	SES180	-3.10186	20.3683	23.4702
BLOCK17/SES173/SA173S27	SES292	-1.61145	21.8587	23.4702
BLOCK17/SES173/SA173S29	SES162	-3.5787	20.0688	23.6475
BLOCK17/SES173/SA173S29	SES175	-2.2472	21.4003	23.6475
BLOCK17/SES173/SA173S29	SES177	-2.145	21.5025	23.6475
BLOCK17/SES173/SA173S29	SES292	-3.20553	20.442	23.6475
BLOCK18/SES182/SA182S10	SES144	-2.36239	22.9103	25.2727
BLOCK18/SES182/SA182S10	SES177	-1.77463	23.498	25.2727
BLOCK18/SES182/SA182S10	SES180	-3.47619	21.7965	25.2727
BLOCK18/SES182/SA182S10	SES275	-1.25417	24.0185	25.2727
BLOCK18/SES182/SA182S12	SES144	-2.36658	21.993	24.3596
BLOCK18/SES182/SA182S12	SES177	-1.86076	22.4989	24.3596
BLOCK18/SES182/SA182S12	SES180	-2.56468	21.795	24.3596
BLOCK18/SES182/SA182S12	SES275	-1.72021	22.6394	24.3596
BLOCK18/SES182/SA182S21	SES117	-1.58636	22.0732	23.6596
BLOCK18/SES182/SA182S21	SES144	-2.54646	21.1131	23.6596
BLOCK18/SES182/SA182S21	SES162	-1.36324	22.2964	23.6596
BLOCK18/SES182/SA182S21	SES180	-3.01714	20.6425	23.6596
BLOCK18/SES182/SA182S23	SES117	-1.86395	22.0416	23.9055
BLOCK18/SES182/SA182S23	SES144	-2.94839	20.9571	23.9055
BLOCK18/SES182/SA182S23	SES180	-2.72677	21.1788	23.9055
BLOCK18/SES182/SA182S23	SES275	-1.6462	22.2593	23.9055
BLOCK18/SES182/SA182S25	SES007	-0.710331	23.9138	24.6242
BLOCK18/SES182/SA182S25	SES162	-1.91343	22.7107	24.6242
BLOCK18/SES182/SA182S25	SES177	-1.77425	22.8499	24.6242
BLOCK18/SES182/SA182S25	SES180	-2.79768	21.8265	24.6242
BLOCK18/SES184/SA184S12	SES177	-2.51029	22.3698	24.8801
BLOCK18/SES184/SA184S12	SES180	-2.8021	22.078	24.8801
BLOCK18/SES184/SA184S12	SES189	-4.02146	20.8586	24.8801
BLOCK18/SES184/SA184S12	SES292	-3.26375	21.6164	24.8801
BLOCK18/SES184/SA184S13	SES101	-2.46075	21.7743	24.2351
BLOCK18/SES184/SA184S13	SES177	-1.93928	22.2958	24.2351
BLOCK18/SES184/SA184S13	SES180	-2.86224	21.3728	24.2351
BLOCK18/SES184/SA184S13	SES292	-2.78174	21.4533	24.2351
BLOCK18/SES184/SA184S22	SES177	-2.63818	22.4746	25.1127
BLOCK18/SES184/SA184S22	SES180	-3.08684	22.0259	25.1127
BLOCK18/SES184/SA184S22	SES189	-3.75393	21.3588	25.1127
BLOCK18/SES184/SA184S22	SES292	-2.94645	22.1663	25.1127
BLOCK18/SES184/SA184S25	SES101	-1.95364	24.2603	26.2139
BLOCK18/SES184/SA184S25	SES177	-2.71004	23.5039	26.2139
BLOCK18/SES184/SA184S25	SES180	-3.30185	22.912	26.2139
BLOCK18/SES184/SA184S25	SES292	-2.26082	23.9531	26.2139
BLOCK18/SES184/SA184S27	SES083	-2.38046	21.3087	23.6892
BLOCK18/SES184/SA184S27	SES177	-1.69554	21.9937	23.6892
BLOCK18/SES184/SA184S27	SES202	-2.44528	21.2439	23.6892
BLOCK18/SES184/SA184S27	SES292	-2.31023	21.379	23.6892
BLOCK20/SES204/SA204S12	SES062	-2.36642	24.1567	26.5231
BLOCK20/SES204/SA204S12	SES083	-4.31334	22.2098	26.5231
BLOCK20/SES204/SA204S12	SES206	-2.89381	23.6293	26.5231
BLOCK20/SES204/SA204S12	SES226	-3.94972	22.5734	26.5231
BLOCK20/SES204/SA204S14	SES068	-3.48289	23.9182	27.4011
BLOCK20/SES204/SA204S14	SES087	-1.47523	25.9259	27.4011
BLOCK20/SES204/SA204S14	SES206	-3.64202	23.7591	27.4011
BLOCK20/SES204/SA204S14	SES226	-4.52862	22.8725	27.4011
BLOCK20/SES204/SA204S22	SES068	-3.20095	23.4424	26.6433
BLOCK20/SES204/SA204S22	SES082	-4.51855	22.1248	26.6433
BLOCK20/SES204/SA204S22	SES083	-5.11954	21.5238	26.6433
BLOCK20/SES204/SA204S22	SES206	-3.43107	23.2123	26.6433
BLOCK20/SES204/SA204S25	SES062	-3.22714	23.358	26.5851
BLOCK20/SES204/SA204S25	SES083	-4.37394	22.2112	26.5851
BLOCK20/SES204/SA204S25	SES206	-2.13135	24.4538	26.5851
BLOCK20/SES204/SA204S25	SES226	-4.41586	22.1693	26.5851
BLOCK20/SES204/SA204S27	SES068	-3.09087	23.422	26.5129
BLOCK20/SES204/SA204S27	SES082	-4.06819	22.4447	26.5129
BLOCK20/SES204/SA204S27	SES087	-2.17169	24.3412	26.5129
BLOCK20/SES204/SA204S27	SES206	-2.85235	23.6605	26.5129
BLOCK20/SES207/SA207S10	SES127	-2.67992	21.4478	24.1277
BLOCK20/SES207/SA207S10	SES183	-2.99094	21.1367	24.1277
BLOCK20/SES207/SA207S10	SES189	-3.2066	20.9211	24.1277
BLOCK20/SES207/SA207S10	SES292	-2.49603	21.6317	24.1277
BLOCK20/SES207/SA207S11	SES127	-3.29388	20.0438	23.3377
BLOCK20/SES207/SA207S11	SES183	-3.02682	20.3109	23.3377
BLOCK20/SES207/SA207S11	SES187	-3.19135	20.1464	23.3377
BLOCK20/SES207/SA207S11	SES292	-1.74193	21.5958	23.3377
BLOCK20/SES207/SA207S25	SES068	-2.93413	20.9318	23.8659
BLOCK20/SES207/SA207S25	SES083	-3.18109	20.6849	23.8659
BLOCK20/SES207/SA207S25	SES127	-1.88781	21.9781	23.8659
BLOCK20/SES207/SA207S25	SES187	-2.28837	21.5776	23.8659
BLOCK20/SES207/SA207S27	SES127	-3.36959	19.2013	22.5709
BLOCK20/SES207/SA207S27	SES183	-1.93441	20.6365	22.5709
BLOCK20/SES207/SA207S27	SES187	-2.5847	19.9862	22.5709
BLOCK20/SES207/SA207S27	SES292	-3.19337	19.3775	22.5709
BLOCK20/SES207/SA207S29	SES083	-2.93833	21.3649	24.3032
BLOCK20/SES207/SA207S29	SES085	-2.01873	22.2845	24.3032
BLOCK20/SES207/SA207S29	SES172	-2.20984	22.0934	24.3032
BLOCK20/SES207/SA207S29	SES189	-3.19757	21.1057	24.3032
BLOCK22/SES221/SA221S12	SES068	-3.3909	20.412	23.8029
BLOCK22/SES221/SA221S12	SES143	-2.79921	21.0037	23.8029
BLOCK22/SES221/SA221S12	SES175	-2.67548	21.1274	23.8029
BLOCK22/SES221/SA221S12	SES202	-2.22056	21.5823	23.8029
BLOCK22/SES221/SA221S15	SES085	-2.36942	20.6619	23.0313
BLOCK22/SES221/SA221S15	SES143	-3.37507	19.6563	23.0313
BLOCK22/SES221/SA221S15	SES175	-2.72261	20.3087	23.0313
BLOCK22/SES221/SA221S15	SES187	-2.38296	20.6484	23.0313
BLOCK22/SES221/SA221S23	SES068	-3.77745	20.7376	24.515
BLOCK22/SES221/SA221S23	SES143	-3.0694	21.4456	24.515
BLOCK22/SES221/SA221S23	SES175	-1.56225	22.9528	24.515
BLOCK22/SES221/SA221S23	SES189	-1.12929	23.3857	24.515
BLOCK22/SES221/SA221S27	SES085	-2.53984	21.7128	24.2527
BLOCK22/SES221/SA221S27	SES143	-2.67401	21.5787	24.2527
BLOCK22/SES221/SA221S27	SES175	-1.89241	22.3603	24.2527
BLOCK22/SES221/SA221S27	SES189	-0.1485	24.1042	24.2527
BLOCK22/SES221/SA221S29	SES085	-4.59735	17.8468	22.4442
BLOCK22/SES221/SA221S29	SES143	-3.8436	18.6006	22.4442
BLOCK22/SES221/SA221S29	SES175	-1.86716	20.577	22.4442
BLOCK22/SES221/SA221S29	SES187	-1.7373	20.7069	22.4442
BLOCK22/SES223/SA223S11	SES143	-1.67025	19.8261	21.4963
BLOCK22/SES223/SA223S11	SES144	-3.98224	17.5141	21.4963
BLOCK22/SES223/SA223S11	SES175	-2.15761	19.3387	21.4963
BLOCK22/SES223/SA223S11	SES187	-2.90412	18.5922	21.4963
BLOCK22/SES223/SA223S13	SES068	-2.86694	18.474	21.341
BLOCK22/SES223/SA223S13	SES143	-3.23223	18.1087	21.341
BLOCK22/SES223/SA223S13	SES146	-3.46387	17.8771	21.341
BLOCK22/SES223/SA223S13	SES202	-3.33568	18.0053	21.341
BLOCK22/SES223/SA223S22	SES143	-2.22039	19.7823	22.0026
BLOCK22/SES223/SA223S22	SES144	-4.28735	17.7153	22.0026
BLOCK22/SES223/SA223S22	SES175	-3.25275	18.7499	22.0026
BLOCK22/SES223/SA223S22	SES187	-2.8252	19.1774	22.0026
BLOCK22/SES223/SA223S25	SES068	-3.71122	18.4143	22.1255
BLOCK22/SES223/SA223S25	SES143	-2.63439	19.4911	22.1255
BLOCK22/SES223/SA223S25	SES175	-3.14595	18.9795	22.1255
BLOCK22/SES223/SA223S25	SES187	-2.53341	19.5921	22.1255
BLOCK22/SES223/SA223S27	SES143	-2.26775	18.8278	21.0955
BLOCK22/SES223/SA223S27	SES146	-3.05777	18.0378	21.0955
BLOCK22/SES223/SA223S27	SES187	-2.8084	18.2871	21.0955
BLOCK22/SES223/SA223S27	SES292	-3.76795	17.3276	21.0955
BLOCK27/SES273/SA273S12	SES099	-1.28773	27.1259	28.4136
BLOCK27/SES273/SA273S12	SES104	-1.94337	26.4702	28.4136
BLOCK27/SES273/SA273S12	SES125	-2.66656	25.747	28.4136
BLOCK27/SES273/SA273S12	SES206	-1.535	26.8786	28.4136
BLOCK27/SES273/SA273S13	SES099	-1.86217	26.8602	28.7223
BLOCK27/SES273/SA273S13	SES104	-2.02953	26.6928	28.7223
BLOCK27/SES273/SA273S13	SES206	-2.15726	26.5651	28.7223
BLOCK27/SES273/SA273S13	SES292	-2.92315	25.7992	28.7223
BLOCK27/SES273/SA273S21	SES099	-1.00837	27.5683	28.5767
BLOCK27/SES273/SA273S21	SES148	-4.68783	23.8889	28.5767
BLOCK27/SES273/SA273S21	SES149	-1.94204	26.6346	28.5767
BLOCK27/SES273/SA273S21	SES177	-2.88431	25.6924	28.5767
BLOCK27/SES273/SA273S25	SES104	-2.69937	25.9053	28.6046
BLOCK27/SES273/SA273S25	SES125	-3.0323	25.5723	28.6046
BLOCK27/SES273/SA273S25	SES158	-1.47796	27.1267	28.6046
BLOCK27/SES273/SA273S25	SES206	-1.56446	27.0402	28.6046
BLOCK27/SES273/SA273S27	SES099	-1.07376	26.0667	27.1404
BLOCK27/SES273/SA273S27	SES104	-1.96162	25.1788	27.1404
BLOCK27/SES273/SA273S27	SES149	-1.58368	25.5567	27.1404
BLOCK27/SES273/SA273S27	SES275	-3.05269	24.0877	27.1404
BLOCK27/SES274/SA274S10	SES105	-2.94744	23.6984	26.6459
BLOCK27/SES274/SA274S10	SES125	-3.9534	22.6925	26.6459
BLOCK27/SES274/SA274S10	SES129	-1.66777	24.9781	26.6459
BLOCK27/SES274/SA274S10	SES158	-4.01105	22.6348	26.6459
BLOCK27/SES274/SA274S11	SES105	-2.2181	25.9286	28.1467
BLOCK27/SES274/SA274S11	SES149	-2.72525	25.4214	28.1467
BLOCK27/SES274/SA274S11	SES158	-3.7209	24.4258	28.1467
BLOCK27/SES274/SA274S11	SES275	-1.84393	26.3027	28.1467
BLOCK27/SES274/SA274S21	SES105	-3.22533	23.2977	26.523
BLOCK27/SES274/SA274S21	SES129	-1.66453	24.8585	26.523
BLOCK27/SES274/SA274S21	SES149	-3.21021	23.3128	26.523
BLOCK27/SES274/SA274S21	SES158	-5.36131	21.1617	26.523
BLOCK27/SES274/SA274S24	SES105	-2.90205	25.6486	28.5506
BLOCK27/SES274/SA274S24	SES129	-1.07509	27.4755	28.5506
BLOCK27/SES274/SA274S24	SES149	-2.58289	25.9677	28.5506
BLOCK27/SES274/SA274S24	SES158	-4.90417	23.6465	28.5506
BLOCK27/SES274/SA274S29	SES105	-2.4619	23.3766	25.8385
BLOCK27/SES274/SA274S29	SES106	-4.88983	20.9487	25.8385
BLOCK27/SES274/SA274S29	SES120	-2.09108	23.7474	25.8385
BLOCK27/SES274/SA274S29	SES275	-2.15391	23.6846	25.8385
BLOCK27/SES276/SA276S16	SES148	-3.00997	21.8116	24.8215
BLOCK27/SES276/SA276S16	SES172	-3.72379	21.0977	24.8215
BLOCK27/SES276/SA276S16	SES180	-4.5696	20.2519	24.8215
BLOCK27/SES276/SA276S16	SES292	-2.06925	22.7523	24.8215
BLOCK27/SES276/SA276S17	SES101	-2.30041	23.4006	25.701
BLOCK27/SES276/SA276S17	SES177	-2.30985	23.3912	25.701
BLOCK27/SES276/SA276S17	SES180	-2.71356	22.9875	25.701
BLOCK27/SES276/SA276S17	SES292	-2.86542	22.8356	25.701
BLOCK27/SES276/SA276S24	SES101	-2.00159	24.7769	26.7785
BLOCK27/SES276/SA276S24	SES177	-1.8954	24.8831	26.7785
BLOCK27/SES276/SA276S24	SES180	-3.16366	23.6148	26.7785
BLOCK27/SES276/SA276S24	SES292	-3.55792	23.2206	26.7785
BLOCK27/SES276/SA276S26	SES101	-3.96926	22.6681	26.6374
BLOCK27/SES276/SA276S26	SES177	-1.65221	24.9852	26.6374
BLOCK27/SES276/SA276S26	SES180	-2.01083	24.6266	26.6374
BLOCK27/SES276/SA276S26	SES292	-1.83752	24.7999	26.6374
BLOCK27/SES276/SA276S28	SES101	-2.43021	23.3631	25.7933
BLOCK27/SES276/SA276S28	SES177	-3.03052	22.7627	25.7933
BLOCK27/SES276/SA276S28	SES180	-1.94282	23.8504	25.7933
BLOCK27/SES276/SA276S28	SES292	-2.49409	23.2992	25.7933
BLOCK27/SES277/SA277S12	SES101	-2.14146	20.4566	22.5981
BLOCK27/SES277/SA277S12	SES177	-2.77024	19.8278	22.5981
BLOCK27/SES277/SA277S12	SES180	-4.44811	18.15	22.5981
BLOCK27/SES277/SA277S12	SES292	-3.63861	18.9595	22.5981
BLOCK27/SES277/SA277S14	SES177	-1.62853	20.7485	22.377
BLOCK27/SES277/SA277S14	SES180	-3.48746	18.8896	22.377
BLOCK27/SES277/SA277S14	SES189	-1.24655	21.1305	22.377
BLOCK27/SES277/SA277S14	SES292	-3.88862	18.4884	22.377
BLOCK27/SES277/SA277S21	SES177	-1.83574	22.5473	24.3831
BLOCK27/SES277/SA277S21	SES180	-4.04097	20.3421	24.3831
BLOCK27/SES277/SA277S21	SES189	-1.45222	22.9308	24.3831
BLOCK27/SES277/SA277S21	SES292	-3.86507	20.518	24.3831
BLOCK27/SES277/SA277S24	SES144	-2.99107	19.1614	22.1525
BLOCK27/SES277/SA277S24	SES177	-2.91219	19.2403	22.1525
BLOCK27/SES277/SA277S24	SES180	-4.0681	18.0844	22.1525
BLOCK27/SES277/SA277S24	SES189	-1.42442	20.7281	22.1525
BLOCK27/SES277/SA277S29	SES177	-2.28061	23.3034	25.584
BLOCK27/SES277/SA277S29	SES180	-3.71059	21.8734	25.584
BLOCK27/SES277/SA277S29	SES202	-2.35349	23.2305	25.584
BLOCK27/SES277/SA277S29	SES292	-4.1666	21.4174	25.584
BLOCK27/SES279/SA279S09	SES120	-2.86999	23.2096	26.0796
BLOCK27/SES279/SA279S09	SES146	-2.96742	23.1122	26.0796
BLOCK27/SES279/SA279S09	SES206	-2.65374	23.4259	26.0796
BLOCK27/SES279/SA279S09	SES226	-4.33035	21.7493	26.0796
BLOCK27/SES279/SA279S10	SES099	-1.37497	24.9461	26.3211
BLOCK27/SES279/SA279S10	SES206	-2.07526	24.2458	26.3211
BLOCK27/SES279/SA279S10	SES226	-3.81165	22.5095	26.3211
BLOCK27/SES279/SA279S10	SES292	-1.36922	24.9519	26.3211
BLOCK27/SES279/SA279S20	SES099	-2.77461	23.6924	26.467
BLOCK27/SES279/SA279S20	SES206	-1.46557	25.0015	26.467
BLOCK27/SES279/SA279S20	SES226	-3.56937	22.8977	26.467
BLOCK27/SES279/SA279S20	SES292	-1.46647	25.0006	26.467
BLOCK27/SES279/SA279S26	SES099	-2.26098	23.7793	26.0402
BLOCK27/SES279/SA279S26	SES206	-1.76314	24.2771	26.0402
BLOCK27/SES279/SA279S26	SES226	-3.38755	22.6527	26.0402
BLOCK27/SES279/SA279S26	SES292	-0.931864	25.1084	26.0402
BLOCK27/SES279/SA279S28	SES099	-2.29011	26.3184	28.6086
BLOCK27/SES279/SA279S28	SES120	-2.39009	26.2185	28.6086
BLOCK27/SES279/SA279S28	SES177	-2.75979	25.8488	28.6086
BLOCK27/SES279/SA279S28	SES206	-2.08024	26.5283	28.6086
BLOCK29/SES290/SA290S12	SES162	-3.32722	21.968	25.2952
BLOCK29/SES290/SA290S12	SES177	-3.09568	22.1996	25.2952
BLOCK29/SES290/SA290S12	SES180	-2.8795	22.4157	25.2952
BLOCK29/SES290/SA290S12	SES292	-3.97845	21.3168	25.2952
BLOCK29/SES290/SA290S13	SES007	-2.52062	22.0801	24.6007
BLOCK29/SES290/SA290S13	SES162	-3.85283	20.7479	24.6007
BLOCK29/SES290/SA290S13	SES177	-1.25001	23.3507	24.6007
BLOCK29/SES290/SA290S13	SES180	-2.70128	21.8995	24.6007
BLOCK29/SES290/SA290S22	SES177	-1.49628	22.3001	23.7964
BLOCK29/SES290/SA290S22	SES180	-2.36667	21.4297	23.7964
BLOCK29/SES290/SA290S22	SES202	-2.44304	21.3533	23.7964
BLOCK29/SES290/SA290S22	SES292	-2.42524	21.3711	23.7964
BLOCK29/SES290/SA290S25	SES162	-2.96431	22.386	25.3503
BLOCK29/SES290/SA290S25	SES177	-2.67562	22.6747	25.3503
BLOCK29/SES290/SA290S25	SES180	-2.78831	22.562	25.3503
BLOCK29/SES290/SA290S25	SES292	-2.62016	22.7302	25.3503
BLOCK29/SES290/SA290S29	SES177	-1.58073	23.1274	24.7082
BLOCK29/SES290/SA290S29	SES180	-2.28654	22.4216	24.7082
BLOCK29/SES290/SA290S29	SES275	-2.75734	21.9508	24.7082
BLOCK29/SES290/SA290S29	SES292	-2.11357	22.5946	24.7082
BLOCK29/SES291/SA291S11	SES105	-4.56412	20.1733	24.7374
BLOCK29/SES291/SA291S11	SES125	-2.26201	22.4754	24.7374
BLOCK29/SES291/SA291S11	SES158	-2.00285	22.7345	24.7374
BLOCK29/SES291/SA291S11	SES275	-4.39605	20.3413	24.7374
BLOCK29/SES291/SA291S12	SES158	-0.916765	25.0224	25.9392
BLOCK29/SES291/SA291S12	SES226	-3.15662	22.7826	25.9392
BLOCK29/SES291/SA291S12	SES270	-0.285852	25.6534	25.9392
BLOCK29/SES291/SA291S12	SES275	-5.80915	20.1301	25.9392
BLOCK29/SES291/SA291S22	SES082	-2.78556	22.5061	25.2917
BLOCK29/SES291/SA291S22	SES158	-1.91795	23.3737	25.2917
BLOCK29/SES291/SA291S22	SES259	-2.70166	22.59	25.2917
BLOCK29/SES291/SA291S22	SES275	-4.24404	21.0477	25.2917
BLOCK29/SES291/SA291S24	SES104	-0.835548	26.2142	27.0497
BLOCK29/SES291/SA291S24	SES125	-2.04441	25.0053	27.0497
BLOCK29/SES291/SA291S24	SES158	-0.971323	26.0784	27.0497
BLOCK29/SES291/SA291S24	SES275	-5.18167	21.868	27.0497
BLOCK29/SES291/SA291S27	SES158	-0.824085	25.5271	26.3512
BLOCK29/SES291/SA291S27	SES172	-6.0418	20.3094	26.3512
BLOCK29/SES291/SA291S27	SES275	-5.81765	20.5335	26.3512
BLOCK29/SES291/SA291S27	SES292	-3.46511	22.8861	26.3512
Threshold search:
THR	-6.83832117161	9	0(0)	1(1000)
THR	-6.7266049598939	8.991	0(0)	0.999(999)
THR	-6.6148887481778	8.991	0(0)	0.999(999)
THR	-6.5031725364617	8.991	0(0)	0.999(999)
THR	-6.3914563247456	8.991	0(0)	0.999(999)
THR	-6.2797401130295	8.991	0(0)	0.999(999)
THR	-6.1680239013134	8.991	0(0)	0.999(999)
THR	-6.0563076895973	8.973	0(0)	0.997(997)
THR	-5.9445914778812	8.955	0(0)	0.995(995)
THR	-5.8328752661651	8.955	0(0)	0.995(995)
THR	-5.721159054449	8.937	0(0)	0.993(993)
THR	-5.6094428427329	8.928	0(0)	0.992(992)
THR	-5.4977266310168	8.928	0(0)	0.992(992)
THR	-5.3860104193007	8.919	0(0)	0.991(991)
THR	-5.2742942075846	8.901	0(0)	0.989(989)
THR	-5.1625779958685	8.865	0(0)	0.985(985)
THR	-5.0508617841524	8.838	0(0)	0.982(982)
THR	-4.9391455724363	8.82	0(0)	0.98(980)
THR	-4.8274293607202	8.802	0(0)	0.978(978)
THR	-4.7157131490041	8.757	0(0)	0.973(973)
THR	-4.603996937288	8.685	0(0)	0.965(965)
THR	-4.4922807255719	8.613	0(0)	0.957(957)
THR	-4.3805645138558	8.523	0(0)	0.947(947)
THR	-4.2688483021397	8.451	0(0)	0.939(939)
THR	-4.1571320904236	8.361	0(0)	0.929(929)
THR	-4.0454158787075	8.298	0(0)	0.922(922)
THR	-3.9336996669914	8.091	0(0)	0.899(899)
THR	-3.8219834552753	7.938	0(0)	0.882(882)
THR	-3.7102672435592	7.686	0(0)	0.854(854)
THR	-3.5985510318431	7.488	0(0)	0.832(832)
THR	-3.486834820127	7.29	0(0)	0.81(810)
THR	-3.3751186084109	7.011	0(0)	0.779(779)
THR	-3.2634023966948	6.723	0(0)	0.747(747)
THR	-3.1516861849787	6.417	0(0)	0.713(713)
THR	-3.0399699732626	6.021	0(0)	0.669(669)
THR	-2.92825376154649	5.562	0(0)	0.618(618)
THR	-2.81653754983039	5.103	0(0)	0.567(567)
THR	-2.70482133811429	4.662	0(0)	0.518(518)
THR	-2.59310512639819	4.167	0(0)	0.463(463)
THR	-2.48138891468209	3.852	0(0)	0.428(428)
THR	-2.36967270296599	3.519	0(0)	0.391(391)
THR	-2.25795649124989	2.952	0(0)	0.328(328)
THR	-2.14624027953379	2.61	0(0)	0.29(290)
THR	-2.03452406781769	2.268	0(0)	0.252(252)
THR	-1.92280785610159	1.872	0(0)	0.208(208)
THR	-1.81109164438549	1.521	0(0)	0.169(169)
THR	-1.69937543266939	1.264	0.004(1)	0.14(140)
THR	-1.58765922095329	0.998	0.008(2)	0.11(110)
THR	-1.47594300923719	0.746	0.008(2)	0.082(82)
THR	-1.36422679752109	0.593	0.008(2)	0.065(65)
THR	-1.25251058580499	0.498	0.012(3)	0.054(54)
THR	-1.14079437408889	0.372	0.012(3)	0.04(40)
THR	-1.02907816237279	0.282	0.012(3)	0.03(30)
THR	-0.917361950656695	0.169	0.016(4)	0.017(17)
THR	-0.805645738940595	0.088	0.016(4)	0.008(8)
THR	-0.693929527224495	0.07	0.016(4)	0.006(6)
THR	-0.582213315508395	0.06	0.024(6)	0.004(4)
THR	-0.470497103792295	0.084	0.048(12)	0.004(4)
THR	-0.358780892076195	0.095	0.068(17)	0.003(3)
THR	-0.247064680360095	0.098	0.08(20)	0.002(2)
THR	-0.135348468643995	0.109	0.1(25)	0.001(1)
THR	-0.0236322569278946	0.125	0.116(29)	0.001(1)
THR	0.0880839547882054	0.169	0.16(40)	0.001(1)
THR	0.199800166504305	0.2	0.2(50)	0(0)
THR	0.311516378220405	0.236	0.236(59)	0(0)
THR	0.423232589936505	0.252	0.252(63)	0(0)
THR	0.534948801652605	0.3	0.3(75)	0(0)
THR	0.646665013368705	0.352	0.352(88)	0(0)
THR	0.758381225084805	0.384	0.384(96)	0(0)
THR	0.870097436800905	0.432	0.432(108)	0(0)
THR	0.981813648517005	0.488	0.488(122)	0(0)
THR	1.09352986023311	0.524	0.524(131)	0(0)
THR	1.20524607194921	0.58	0.58(145)	0(0)
THR	1.31696228366531	0.624	0.624(156)	0(0)
THR	1.42867849538141	0.66	0.66(165)	0(0)
THR	1.54039470709751	0.728	0.728(182)	0(0)
THR	1.6521109188136	0.784	0.784(196)	0(0)
THR	1.7638271305297	0.808	0.808(202)	0(0)
THR	1.8755433422458	0.832	0.832(208)	0(0)
THR	1.9872595539619	0.86	0.86(215)	0(0)
THR	2.098975765678	0.872	0.872(218)	0(0)
THR	2.2106919773941	0.888	0.888(222)	0(0)
THR	2.32240818911021	0.892	0.892(223)	0(0)
THR	2.43412440082631	0.904	0.904(226)	0(0)
THR	2.54584061254241	0.92	0.92(230)	0(0)
THR	2.65755682425851	0.924	0.924(231)	0(0)
THR	2.76927303597461	0.932	0.932(233)	0(0)
THR	2.88098924769071	0.94	0.94(235)	0(0)
THR	2.99270545940681	0.948	0.948(237)	0(0)
THR	3.10442167112291	0.96	0.96(240)	0(0)
THR	3.21613788283901	0.96	0.96(240)	0(0)
THR	3.32785409455511	0.98	0.98(245)	0(0)
THR	3.43957030627121	0.984	0.984(246)	0(0)
THR	3.55128651798731	0.988	0.988(247)	0(0)
THR	3.66300272970341	0.988	0.988(247)	0(0)
THR	3.77471894141951	0.988	0.988(247)	0(0)
THR	3.88643515313561	0.988	0.988(247)	0(0)
THR	3.99815136485171	0.988	0.988(247)	0(0)
THR	4.10986757656781	0.988	0.988(247)	0(0)
THR	4.22158378828391	0.992	0.992(248)	0(0)
THR	4.33330000000001	1	1(250)	0(0)


==============================================
THR: -0.582213315508395
Missed:     6/250=0.0240
FalseAlarm: 4/1000=0.0040
----------------------------------------------
==> CostDetection: 6.0
==============================================
