spk_ver/v00/v0000	SES146	1.38274	-77.0502	-78.433
spk_ver/v00/v0001	SES002	-21.291	-106.265	-84.9736
spk_ver/v00/v0002	SES002	-12.2139	-93.697	-81.4831
spk_ver/v00/v0003	SES002	-17.4306	-102.708	-85.2778
spk_ver/v00/v0004	SES002	0.236092	-77.6925	-77.9286
spk_ver/v00/v0005	SES002	-18.5612	-99.0968	-80.5356
spk_ver/v00/v0006	SES002	-6.65521	-84.8513	-78.1961
spk_ver/v00/v0007	SES002	-9.33277	-91.7438	-82.411
spk_ver/v00/v0008	SES146	1.55862	-80.5065	-82.0652
spk_ver/v00/v0009	SES002	0.488365	-74.552	-75.0403
spk_ver/v00/v0010	SES002	-1.15679	-74.9989	-73.8421
spk_ver/v00/v0011	SES002	0.135956	-77.3663	-77.5023
spk_ver/v00/v0012	SES002	-12.2304	-89.9776	-77.7473
spk_ver/v00/v0013	SES002	-5.37006	-81.7497	-76.3796
spk_ver/v00/v0014	SES002	0.845184	-73.9102	-74.7554
spk_ver/v00/v0015	SES002	0.352409	-73.3525	-73.7049
spk_ver/v00/v0016	SES275	0.452385	-79.4523	-79.9047
spk_ver/v00/v0017	SES002	2.24119	-71.6245	-73.8657
spk_ver/v00/v0018	SES002	-15.6271	-97.3777	-81.7506
spk_ver/v00/v0019	SES002	0.745399	-78.3644	-79.1098
spk_ver/v00/v0020	SES002	-14.051	-97.2425	-83.1915
spk_ver/v00/v0021	SES002	-18.0755	-99.0701	-80.9946
spk_ver/v00/v0022	SES002	-0.241928	-76.925	-76.683
spk_ver/v00/v0023	SES002	-9.29527	-86.264	-76.9687
spk_ver/v00/v0024	SES002	-27.3204	-115.094	-87.7733
spk_ver/v00/v0025	SES002	-9.87539	-90.3043	-80.4289
spk_ver/v00/v0026	SES002	-4.43245	-82.0549	-77.6224
spk_ver/v00/v0027	SES129	2.04459	-78.5845	-80.6291
spk_ver/v00/v0028	SES007	-3.02888	-82.0234	-78.9945
spk_ver/v00/v0029	SES083	0.0414276	-76.8028	-76.8442
spk_ver/v00/v0030	SES019	2.57829	-75.0078	-77.5861
spk_ver/v00/v0031	SES007	-4.28173	-85.2912	-81.0094
spk_ver/v00/v0032	SES270	2.55534	-71.8964	-74.4517
spk_ver/v00/v0033	SES007	-3.65126	-84.1029	-80.4516
spk_ver/v00/v0034	SES007	-5.84096	-89.9424	-84.1014
spk_ver/v00/v0035	SES007	-1.57099	-78.7432	-77.1722
spk_ver/v00/v0036	SES007	-0.251335	-73.6978	-73.4464
spk_ver/v00/v0037	SES007	-3.9919	-83.5059	-79.514
spk_ver/v00/v0038	SES259	2.47375	-70.6162	-73.0899
spk_ver/v00/v0039	SES007	-5.33135	-89.0099	-83.6785
spk_ver/v00/v0040	SES007	-2.92294	-80.9523	-78.0294
spk_ver/v00/v0041	SES007	-2.0819	-76.7385	-74.6566
spk_ver/v00/v0042	SES007	-1.42743	-79.7724	-78.3449
spk_ver/v00/v0043	SES007	-0.513107	-74.674	-74.1609
spk_ver/v00/v0044	SES007	-3.00021	-77.7741	-74.7739
spk_ver/v00/v0045	SES007	-2.04759	-81.3181	-79.2705
spk_ver/v00/v0046	SES007	-1.08896	-80.4966	-79.4076
spk_ver/v00/v0047	SES172	1.08223	-78.995	-80.0773
spk_ver/v00/v0048	SES105	1.28739	-76.2928	-77.5802
spk_ver/v00/v0049	SES007	-1.47116	-79.2241	-77.7529
spk_ver/v00/v0050	SES292	-0.122932	-77.4435	-77.3206
spk_ver/v00/v0051	SES007	-3.66029	-82.1628	-78.5025
spk_ver/v00/v0052	SES068	1.68621	-76.2987	-77.985
spk_ver/v00/v0053	SES008	-0.897194	-77.4577	-76.5606
spk_ver/v00/v0054	SES008	-8.45122	-91.5726	-83.1214
spk_ver/v00/v0055	SES008	-5.4492	-85.4857	-80.0365
spk_ver/v00/v0056	SES008	-6.15543	-83.6217	-77.4662
spk_ver/v00/v0057	SES008	-6.40784	-82.247	-75.8391
spk_ver/v00/v0058	SES083	0.771393	-76.2362	-77.0076
spk_ver/v00/v0059	SES158	2.70545	-71.5458	-74.2512
spk_ver/v00/v0060	SES008	-2.76808	-81.6529	-78.8848
spk_ver/v00/v0061	SES101	0.32988	-79.0935	-79.4234
spk_ver/v00/v0062	SES008	-4.04968	-85.6692	-81.6195
spk_ver/v00/v0063	SES008	-3.03722	-81.7407	-78.7035
spk_ver/v00/v0064	SES117	1.79576	-80.9149	-82.7107
spk_ver/v00/v0065	SES149	1.0173	-74.3617	-75.379
spk_ver/v00/v0066	SES008	-3.69406	-82.7524	-79.0584
spk_ver/v00/v0067	SES008	-5.75125	-83.5527	-77.8014
spk_ver/v00/v0068	SES162	3.14078	-78.5862	-81.7269
spk_ver/v00/v0069	SES008	-6.64014	-87.4111	-80.7709
spk_ver/v00/v0070	SES008	-0.62529	-80.2395	-79.6142
spk_ver/v00/v0071	SES008	-2.3978	-82.839	-80.4412
spk_ver/v00/v0072	SES008	-0.821793	-79.7085	-78.8867
spk_ver/v00/v0073	SES008	-2.86366	-81.3173	-78.4537
spk_ver/v00/v0074	SES008	-5.25762	-83.0876	-77.8299
spk_ver/v00/v0075	SES008	-8.09219	-83.9233	-75.8311
spk_ver/v00/v0076	SES167	0.398125	-81.4497	-81.8478
spk_ver/v00/v0077	SES008	-2.36904	-80.514	-78.145
spk_ver/v00/v0078	SES177	1.4526	-75.6466	-77.0992
spk_ver/v00/v0079	SES008	-2.50602	-85.0477	-82.5416
spk_ver/v00/v0080	SES008	-5.70165	-84.4937	-78.792
spk_ver/v00/v0081	SES008	-6.12384	-87.3365	-81.2127
spk_ver/v00/v0082	SES008	-2.08991	-76.862	-74.7721
spk_ver/v00/v0083	SES008	-5.95988	-83.7255	-77.7657
spk_ver/v00/v0084	SES144	0.635826	-77.4127	-78.0486
spk_ver/v00/v0085	SES008	-3.21128	-83.6966	-80.4853
spk_ver/v00/v0086	SES008	-2.58273	-78.4981	-75.9153
spk_ver/v00/v0087	SES008	-7.02426	-85.7452	-78.7209
spk_ver/v00/v0088	SES008	-5.76901	-86.7907	-81.0216
spk_ver/v00/v0089	SES008	-1.26284	-80.519	-79.2562
spk_ver/v00/v0090	SES142	3.44237	-77.8054	-81.2478
spk_ver/v00/v0091	SES008	-4.73546	-80.514	-75.7786
spk_ver/v00/v0092	SES158	1.66585	-74.563	-76.2288
spk_ver/v00/v0093	SES014	-4.66661	-79.7275	-75.0609
spk_ver/v00/v0094	SES014	-1.45927	-79.6649	-78.2056
spk_ver/v00/v0095	SES014	2.00153	-75.1496	-77.1511
spk_ver/v00/v0096	SES014	-1.54214	-76.9698	-75.4276
spk_ver/v00/v0097	SES014	0.569115	-80.5098	-81.0789
spk_ver/v00/v0098	SES014	0.180214	-76.8086	-76.9888
spk_ver/v00/v0099	SES014	-11.8015	-90.9662	-79.1648
spk_ver/v01/v0100	SES127	1.41813	-78.7984	-80.2165
spk_ver/v01/v0101	SES014	-8.76701	-88.8538	-80.0868
spk_ver/v01/v0102	SES014	-18.0042	-101.693	-83.6892
spk_ver/v01/v0103	SES014	-4.48203	-80.7737	-76.2916
spk_ver/v01/v0104	SES014	-10.5156	-90.0428	-79.5272
spk_ver/v01/v0105	SES014	-0.717918	-81.9399	-81.222
spk_ver/v01/v0106	SES014	-1.54042	-74.7741	-73.2337
spk_ver/v01/v0107	SES014	-14.7806	-95.6642	-80.8836
spk_ver/v01/v0108	SES014	-15.8572	-101.24	-85.3831
spk_ver/v01/v0109	SES014	-8.12349	-89.3059	-81.1824
spk_ver/v01/v0110	SES014	-0.867561	-82.5675	-81.6999
spk_ver/v01/v0111	SES014	1.95797	-75.5872	-77.5452
spk_ver/v01/v0112	SES014	-10.1956	-88.5673	-78.3717
spk_ver/v01/v0113	SES104	2.32099	-73.855	-76.176
spk_ver/v01/v0114	SES082	1.26904	-74.5935	-75.8626
spk_ver/v01/v0115	SES087	1.36961	-75.1944	-76.564
spk_ver/v01/v0116	SES014	1.86288	-77.7416	-79.6045
spk_ver/v01/v0117	SES177	2.39409	-75.4632	-77.8573
spk_ver/v01/v0118	SES014	-7.8777	-91.5124	-83.6347
spk_ver/v01/v0119	SES014	1.72116	-76.4231	-78.1443
spk_ver/v01/v0120	SES014	-15.5525	-98.5519	-82.9995
spk_ver/v01/v0121	SES146	0.454109	-77.2631	-77.7172
spk_ver/v01/v0122	SES014	3.41227	-72.8819	-76.2941
spk_ver/v01/v0123	SES014	-0.0985107	-75.9858	-75.8873
spk_ver/v01/v0124	SES014	-11.522	-93.6961	-82.1741
spk_ver/v01/v0125	SES014	-7.01083	-84.1203	-77.1095
spk_ver/v01/v0126	SES016	-1.24202	-83.353	-82.1109
spk_ver/v01/v0127	SES016	-1.2911	-82.7164	-81.4253
spk_ver/v01/v0128	SES106	2.98241	-72.7342	-75.7166
spk_ver/v01/v0129	SES016	-3.94431	-78.9255	-74.9812
spk_ver/v01/v0130	SES016	-1.72256	-83.0506	-81.3281
spk_ver/v01/v0131	SES016	-4.49216	-79.5771	-75.0849
spk_ver/v01/v0132	SES016	-0.252197	-80.6984	-80.4462
spk_ver/v01/v0133	SES016	-2.35841	-82.385	-80.0266
spk_ver/v01/v0134	SES016	-2.47356	-79.3991	-76.9256
spk_ver/v01/v0135	SES016	-4.04861	-87.2207	-83.1721
spk_ver/v01/v0136	SES016	-3.55212	-86.4087	-82.8565
spk_ver/v01/v0137	SES007	0.922791	-77.397	-78.3198
spk_ver/v01/v0138	SES016	-0.816078	-81.9133	-81.0972
spk_ver/v01/v0139	SES016	-0.895462	-80.2156	-79.3202
spk_ver/v01/v0140	SES016	1.78768	-78.1938	-79.9815
spk_ver/v01/v0141	SES016	-11.3133	-99.2263	-87.913
spk_ver/v01/v0142	SES016	-3.3844	-82.5796	-79.1952
spk_ver/v01/v0143	SES016	-7.31404	-90.3493	-83.0352
spk_ver/v01/v0144	SES016	-1.95016	-80.0833	-78.1332
spk_ver/v01/v0145	SES016	-3.76549	-80.5305	-76.765
spk_ver/v01/v0146	SES016	-22.8763	-103.023	-80.1469
spk_ver/v01/v0147	SES016	-1.37925	-81.6209	-80.2416
spk_ver/v01/v0148	SES127	1.08658	-80.2613	-81.3479
spk_ver/v01/v0149	SES016	-3.11305	-80.4172	-77.3042
spk_ver/v01/v0150	SES016	-3.23426	-81.4095	-78.1752
spk_ver/v01/v0151	SES147	0.0676041	-81.1832	-81.2508
spk_ver/v01/v0152	SES016	-2.56919	-81.979	-79.4098
spk_ver/v01/v0153	SES104	2.37029	-76.8532	-79.2235
spk_ver/v01/v0154	SES016	-2.90837	-84.0749	-81.1665
spk_ver/v01/v0155	SES016	-3.19489	-84.9699	-81.775
spk_ver/v01/v0156	SES019	0.474281	-80.5136	-80.9879
spk_ver/v01/v0157	SES019	-2.70761	-77.4374	-74.7298
spk_ver/v01/v0158	SES019	0.00112915	-75.3685	-75.3697
spk_ver/v01/v0159	SES007	0.630882	-76.0808	-76.7117
spk_ver/v01/v0160	SES019	-0.306602	-77.3694	-77.0628
spk_ver/v01/v0161	SES019	0.0368805	-82.1967	-82.2336
spk_ver/v01/v0162	SES019	-10.0484	-90.1289	-80.0805
spk_ver/v01/v0163	SES189	3.99792	-77.6651	-81.663
spk_ver/v01/v0164	SES019	0.0488968	-79.2485	-79.2974
spk_ver/v01/v0165	SES019	1.05011	-74.9641	-76.0142
spk_ver/v01/v0166	SES019	-7.02831	-84.2206	-77.1923
spk_ver/v01/v0167	SES019	-9.23458	-88.2361	-79.0015
spk_ver/v01/v0168	SES019	-5.73832	-90.1908	-84.4525
spk_ver/v01/v0169	SES019	-0.315331	-77.33	-77.0147
spk_ver/v01/v0170	SES270	2.45301	-72.8835	-75.3365
spk_ver/v01/v0171	SES019	0.0115051	-77.0948	-77.1063
spk_ver/v01/v0172	SES019	-11.1063	-91.4753	-80.369
spk_ver/v01/v0173	SES206	1.16036	-75.7717	-76.9321
spk_ver/v01/v0174	SES019	0.319901	-75.456	-75.7759
spk_ver/v01/v0175	SES014	2.3916	-74.716	-77.1076
spk_ver/v01/v0176	SES019	-7.01308	-82.7395	-75.7265
spk_ver/v01/v0177	SES120	0.680023	-77.1852	-77.8652
spk_ver/v01/v0178	SES019	-0.093689	-77.1861	-77.0924
spk_ver/v01/v0179	SES019	-12.021	-91.3542	-79.3332
spk_ver/v01/v0180	SES175	1.70819	-80.6532	-82.3613
spk_ver/v01/v0181	SES019	-10.3727	-89.6562	-79.2835
spk_ver/v01/v0182	SES019	-4.15743	-80.6638	-76.5064
spk_ver/v01/v0183	SES029	-4.00562	-81.6047	-77.5991
spk_ver/v01/v0184	SES029	-4.46272	-80.349	-75.8863
spk_ver/v01/v0185	SES029	-3.50426	-80.3041	-76.7998
spk_ver/v01/v0186	SES068	1.00433	-78.0605	-79.0648
spk_ver/v01/v0187	SES029	-4.94436	-79.7414	-74.7971
spk_ver/v01/v0188	SES029	-3.00074	-79.9605	-76.9597
spk_ver/v01/v0189	SES149	0.323395	-74.3345	-74.6579
spk_ver/v01/v0190	SES029	-3.1813	-84.9675	-81.7862
spk_ver/v01/v0191	SES029	-4.19366	-83.2476	-79.0539
spk_ver/v01/v0192	SES183	1.25791	-76.4766	-77.7345
spk_ver/v01/v0193	SES029	-2.04641	-80.0464	-78
spk_ver/v01/v0194	SES016	1.21984	-78.0074	-79.2272
spk_ver/v01/v0195	SES029	-2.49559	-81.6574	-79.1618
spk_ver/v01/v0196	SES029	-1.10636	-81.2514	-80.145
spk_ver/v01/v0197	SES029	-5.40205	-79.3512	-73.9492
spk_ver/v01/v0198	SES146	0.0921783	-78.8079	-78.9001
spk_ver/v01/v0199	SES029	-6.40204	-81.3089	-74.9068
spk_ver/v02/v0200	SES029	-4.76694	-85.2529	-80.486
spk_ver/v02/v0201	SES068	1.99053	-75.8584	-77.8489
spk_ver/v02/v0202	SES148	1.13388	-80.8513	-81.9851
spk_ver/v02/v0203	SES029	-3.41332	-81.0533	-77.64
spk_ver/v02/v0204	SES029	-1.26508	-80.2646	-78.9995
spk_ver/v02/v0205	SES060	0.940285	-76.1179	-77.0582
spk_ver/v02/v0206	SES127	1.31382	-77.8691	-79.1829
spk_ver/v02/v0207	SES029	-4.29424	-81.0238	-76.7296
spk_ver/v02/v0208	SES048	3.50822	-78.7398	-82.248
spk_ver/v02/v0209	SES029	-3.11273	-82.6445	-79.5318
spk_ver/v02/v0210	SES029	-6.91859	-83.5863	-76.6678
spk_ver/v02/v0211	SES029	-4.1028	-77.1348	-73.032
spk_ver/v02/v0212	SES042	-16.8049	-100.044	-83.2391
spk_ver/v02/v0213	SES085	1.25742	-81.4731	-82.7305
spk_ver/v02/v0214	SES206	1.8172	-72.6062	-74.4234
spk_ver/v02/v0215	SES144	-0.375938	-79.8747	-79.4987
spk_ver/v02/v0216	SES042	-0.789856	-79.2978	-78.508
spk_ver/v02/v0217	SES042	-0.434006	-79.4938	-79.0598
spk_ver/v02/v0218	SES042	-3.78077	-84.6419	-80.8611
spk_ver/v02/v0219	SES206	1.15977	-72.3869	-73.5467
spk_ver/v02/v0220	SES019	3.27106	-72.7993	-76.0703
spk_ver/v02/v0221	SES007	0.809288	-77.4179	-78.2272
spk_ver/v02/v0222	SES042	-14.968	-95.4321	-80.4641
spk_ver/v02/v0223	SES147	0.41655	-79.7087	-80.1252
spk_ver/v02/v0224	SES105	0.598129	-79.5802	-80.1783
spk_ver/v02/v0225	SES042	0.326408	-78.9424	-79.2688
spk_ver/v02/v0226	SES275	1.39989	-77.9107	-79.3106
spk_ver/v02/v0227	SES042	-2.73044	-80.8201	-78.0897
spk_ver/v02/v0228	SES042	-8.40226	-87.0003	-78.598
spk_ver/v02/v0229	SES042	-16.45	-96.8851	-80.4351
spk_ver/v02/v0230	SES085	-0.386948	-77.3175	-76.9305
spk_ver/v02/v0231	SES014	2.30356	-71.6284	-73.9319
spk_ver/v02/v0232	SES042	1.27188	-73.8037	-75.0756
spk_ver/v02/v0233	SES048	-2.7481	-78.5275	-75.7794
spk_ver/v02/v0234	SES048	-7.86642	-91.1145	-83.2481
spk_ver/v02/v0235	SES029	0.554398	-78.0159	-78.5703
spk_ver/v02/v0236	SES048	-3.63714	-83.8239	-80.1868
spk_ver/v02/v0237	SES048	-3.31169	-77.6074	-74.2957
spk_ver/v02/v0238	SES048	-5.02563	-84.8545	-79.8289
spk_ver/v02/v0239	SES060	0.966179	-77.0192	-77.9854
spk_ver/v02/v0240	SES048	-7.62352	-88.7282	-81.1047
spk_ver/v02/v0241	SES048	-7.38828	-89.1637	-81.7754
spk_ver/v02/v0242	SES189	5.77763	-79.7659	-85.5435
spk_ver/v02/v0243	SES162	2.3299	-78.0457	-80.3756
spk_ver/v02/v0244	SES048	-3.46461	-82.589	-79.1244
spk_ver/v02/v0245	SES048	-3.14672	-78.6479	-75.5011
spk_ver/v02/v0246	SES048	-2.9614	-79.8116	-76.8502
spk_ver/v02/v0247	SES048	-2.82766	-82.3882	-79.5606
spk_ver/v02/v0248	SES226	2.44329	-75.1103	-77.5536
spk_ver/v02/v0249	SES048	-4.74258	-86.3898	-81.6473
spk_ver/v02/v0250	SES048	-2.29314	-80.8384	-78.5453
spk_ver/v02/v0251	SES048	-5.12581	-90.2485	-85.1227
spk_ver/v02/v0252	SES060	-6.32114	-88.9748	-82.6536
spk_ver/v02/v0253	SES060	-4.54342	-79.7324	-75.189
spk_ver/v02/v0254	SES259	3.38363	-72.8116	-76.1953
spk_ver/v02/v0255	SES060	-3.49419	-83.1956	-79.7014
spk_ver/v02/v0256	SES202	1.29376	-80.6665	-81.9602
spk_ver/v02/v0257	SES148	0.775566	-80.9569	-81.7324
spk_ver/v02/v0258	SES060	-6.47868	-89.0643	-82.5856
spk_ver/v02/v0259	SES060	-2.12516	-79.1342	-77.0091
spk_ver/v02/v0260	SES060	-1.94812	-81.9163	-79.9682
spk_ver/v02/v0261	SES099	2.80508	-72.3295	-75.1346
spk_ver/v02/v0262	SES060	-2.17702	-80.5928	-78.4158
spk_ver/v02/v0263	SES060	-13.4283	-94.9467	-81.5183
spk_ver/v02/v0264	SES292	0.847496	-79.727	-80.5745
spk_ver/v02/v0265	SES060	-0.256638	-78.6881	-78.4315
spk_ver/v02/v0266	SES060	-5.61772	-82.9129	-77.2952
spk_ver/v02/v0267	SES060	-9.99484	-91.3307	-81.3359
spk_ver/v02/v0268	SES060	-5.02286	-84.8131	-79.7902
spk_ver/v02/v0269	SES127	2.05103	-75.9926	-78.0437
spk_ver/v02/v0270	SES060	-2.03042	-81.2067	-79.1763
spk_ver/v02/v0271	SES060	0.443146	-78.9931	-79.4362
spk_ver/v02/v0272	SES060	-4.65897	-81.5114	-76.8525
spk_ver/v02/v0273	SES087	1.95606	-76.465	-78.4211
spk_ver/v02/v0274	SES146	0.0716782	-75.32	-75.3916
spk_ver/v02/v0275	SES060	-5.79274	-86.6374	-80.8447
spk_ver/v02/v0276	SES002	2.37851	-72.8388	-75.2173
spk_ver/v02/v0277	SES060	-0.18187	-79.6376	-79.4557
spk_ver/v02/v0278	SES060	-5.55586	-82.2738	-76.718
spk_ver/v02/v0279	SES060	-5.78326	-80.1372	-74.3539
spk_ver/v02/v0280	SES129	2.08276	-77.6837	-79.7665
spk_ver/v02/v0281	SES162	2.31961	-76.8806	-79.2002
spk_ver/v02/v0282	SES060	-4.32864	-80.0149	-75.6863
spk_ver/v02/v0283	SES060	-1.42165	-79.0563	-77.6347
spk_ver/v02/v0284	SES062	-3.03944	-81.0613	-78.0219
spk_ver/v02/v0285	SES062	-3.3299	-80.1601	-76.8302
spk_ver/v02/v0286	SES120	0.400375	-78.5946	-78.995
spk_ver/v02/v0287	SES062	-4.23198	-86.4995	-82.2675
spk_ver/v02/v0288	SES062	-4.07827	-79.4043	-75.326
spk_ver/v02/v0289	SES062	-4.05166	-79.526	-75.4743
spk_ver/v02/v0290	SES062	-3.77458	-82.3065	-78.5319
spk_ver/v02/v0291	SES275	0.580704	-78.0216	-78.6023
spk_ver/v02/v0292	SES062	-3.70952	-84.0828	-80.3733
spk_ver/v02/v0293	SES062	-4.48888	-85.398	-80.9091
spk_ver/v02/v0294	SES062	-2.73128	-77.2678	-74.5365
spk_ver/v02/v0295	SES062	-2.19928	-80.85	-78.6507
spk_ver/v02/v0296	SES062	-3.39118	-81.9061	-78.5149
spk_ver/v02/v0297	SES062	-4.03356	-82.31	-78.2764
spk_ver/v02/v0298	SES062	-4.10088	-79.8679	-75.767
spk_ver/v02/v0299	SES062	-1.78445	-78.9856	-77.2012
spk_ver/v03/v0300	SES062	-5.30751	-88.2796	-82.9721
spk_ver/v03/v0301	SES062	-2.39718	-80.555	-78.1578
spk_ver/v03/v0302	SES172	0.515907	-77.3308	-77.8467
spk_ver/v03/v0303	SES062	-1.76976	-77.445	-75.6752
spk_ver/v03/v0304	SES062	-1.16409	-78.9001	-77.7361
spk_ver/v03/v0305	SES062	-3.89759	-82.0697	-78.1721
spk_ver/v03/v0306	SES062	-5.02055	-89.4957	-84.4752
spk_ver/v03/v0307	SES062	-3.85143	-78.7102	-74.8588
spk_ver/v03/v0308	SES062	-5.44012	-85.8066	-80.3665
spk_ver/v03/v0309	SES062	-3.24633	-86.0706	-82.8243
spk_ver/v03/v0310	SES125	2.9448	-71.451	-74.3958
spk_ver/v03/v0311	SES062	-6.08425	-89.0525	-82.9682
spk_ver/v03/v0312	SES062	-4.52066	-83.7356	-79.215
spk_ver/v03/v0313	SES062	-3.31419	-82.427	-79.1128
spk_ver/v03/v0314	SES068	-4.53825	-79.8841	-75.3458
spk_ver/v03/v0315	SES068	-5.09916	-82.8577	-77.7585
spk_ver/v03/v0316	SES068	-5.202	-89.1758	-83.9738
spk_ver/v03/v0317	SES068	-4.68056	-85.3311	-80.6506
spk_ver/v03/v0318	SES068	-6.18823	-83.4907	-77.3024
spk_ver/v03/v0319	SES068	-6.91281	-83.4494	-76.5366
spk_ver/v03/v0320	SES068	-3.00178	-82.434	-79.4322
spk_ver/v03/v0321	SES068	-0.67775	-79.7629	-79.0851
spk_ver/v03/v0322	SES068	-2.62408	-81.2844	-78.6603
spk_ver/v03/v0323	SES068	-3.37746	-81.2873	-77.9098
spk_ver/v03/v0324	SES144	0.536751	-78.4267	-78.9635
spk_ver/v03/v0325	SES068	-4.14552	-82.0158	-77.8703
spk_ver/v03/v0326	SES068	0.145073	-75.178	-75.3231
spk_ver/v03/v0327	SES068	-2.72337	-80.5818	-77.8584
spk_ver/v03/v0328	SES068	-4.32589	-80.0883	-75.7624
spk_ver/v03/v0329	SES068	-2.646	-80.9375	-78.2915
spk_ver/v03/v0330	SES180	0.744667	-78.9702	-79.7149
spk_ver/v03/v0331	SES068	0.019043	-78.2699	-78.2889
spk_ver/v03/v0332	SES275	1.76768	-77.9472	-79.7149
spk_ver/v03/v0333	SES062	1.23076	-77.1601	-78.3908
spk_ver/v03/v0334	SES270	3.29581	-72.4283	-75.7241
spk_ver/v03/v0335	SES068	-7.35567	-82.3053	-74.9496
spk_ver/v03/v0336	SES068	-0.699081	-77.2994	-76.6003
spk_ver/v03/v0337	SES068	-3.80963	-83.0935	-79.2839
spk_ver/v03/v0338	SES068	-1.83427	-83.0579	-81.2236
spk_ver/v03/v0339	SES068	-0.919159	-79.2572	-78.3381
spk_ver/v03/v0340	SES068	-6.21581	-86.1305	-79.9147
spk_ver/v03/v0341	SES016	0.704315	-78.2424	-78.9467
spk_ver/v03/v0342	SES068	-6.21017	-82.4828	-76.2726
spk_ver/v03/v0343	SES068	-1.26768	-80.3495	-79.0818
spk_ver/v03/v0344	SES125	3.33379	-72.9907	-76.3245
spk_ver/v03/v0345	SES187	1.4072	-80.3717	-81.7789
spk_ver/v03/v0346	SES068	-1.27005	-83.3851	-82.115
spk_ver/v03/v0347	SES143	0.597672	-76.4649	-77.0626
spk_ver/v03/v0348	SES292	1.60871	-78.8316	-80.4403
spk_ver/v03/v0349	SES082	-3.38344	-79.1619	-75.7784
spk_ver/v03/v0350	SES101	0.291046	-76.8834	-77.1744
spk_ver/v03/v0351	SES082	0.85778	-73.7842	-74.642
spk_ver/v03/v0352	SES082	-0.498001	-79.0848	-78.5868
spk_ver/v03/v0353	SES082	-5.91114	-86.0765	-80.1654
spk_ver/v03/v0354	SES082	-11.2433	-93.2016	-81.9583
spk_ver/v03/v0355	SES083	0.991096	-75.2309	-76.222
spk_ver/v03/v0356	SES082	-0.946777	-79.4925	-78.5457
spk_ver/v03/v0357	SES082	-11.3213	-97.0319	-85.7106
spk_ver/v03/v0358	SES082	0.466354	-75.5617	-76.028
spk_ver/v03/v0359	SES117	2.38747	-80.6225	-83.01
spk_ver/v03/v0360	SES082	-5.81005	-83.3678	-77.5577
spk_ver/v03/v0361	SES082	-0.406342	-76.5021	-76.0957
spk_ver/v03/v0362	SES007	1.01134	-75.7978	-76.8092
spk_ver/v03/v0363	SES082	-0.198158	-79.6807	-79.4826
spk_ver/v03/v0364	SES019	2.13298	-73.8912	-76.0242
spk_ver/v03/v0365	SES082	0.388077	-79.1417	-79.5298
spk_ver/v03/v0366	SES226	2.61067	-73.138	-75.7487
spk_ver/v03/v0367	SES167	1.71911	-79.7788	-81.4979
spk_ver/v03/v0368	SES082	0.125961	-75.8466	-75.9725
spk_ver/v03/v0369	SES042	5.20844	-68.6985	-73.9069
spk_ver/v03/v0370	SES042	3.67277	-68.909	-72.5818
spk_ver/v03/v0371	SES082	-6.44747	-85.3203	-78.8728
spk_ver/v03/v0372	SES082	0.081398	-72.7922	-72.8736
spk_ver/v03/v0373	SES082	-6.97983	-86.0287	-79.0489
spk_ver/v03/v0374	SES083	-0.136353	-73.5611	-73.4247
spk_ver/v03/v0375	SES292	1.1223	-78.2762	-79.3985
spk_ver/v03/v0376	SES083	-2.13441	-77.9729	-75.8385
spk_ver/v03/v0377	SES083	-2.67648	-79.6796	-77.0031
spk_ver/v03/v0378	SES083	-0.493263	-79.6749	-79.1816
spk_ver/v03/v0379	SES083	0.419464	-78.4092	-78.8287
spk_ver/v03/v0380	SES083	-1.62915	-84.2074	-82.5782
spk_ver/v03/v0381	SES083	-2.72213	-83.9578	-81.2357
spk_ver/v03/v0382	SES148	-0.827621	-81.5687	-80.7411
spk_ver/v03/v0383	SES083	-0.827812	-77.1752	-76.3474
spk_ver/v03/v0384	SES226	2.85062	-74.8091	-77.6597
spk_ver/v03/v0385	SES226	2.3354	-76.2692	-78.6046
spk_ver/v03/v0386	SES087	1.98436	-77.8401	-79.8244
spk_ver/v03/v0387	SES029	0.371475	-78.415	-78.7865
spk_ver/v03/v0388	SES147	0.633102	-78.9625	-79.5956
spk_ver/v03/v0389	SES083	-3.45811	-81.6722	-78.2141
spk_ver/v03/v0390	SES189	3.3576	-76.6915	-80.0491
spk_ver/v03/v0391	SES083	-0.793625	-79.8556	-79.062
spk_ver/v03/v0392	SES083	0.147842	-76.5316	-76.6794
spk_ver/v03/v0393	SES083	-1.92763	-82.4735	-80.5458
spk_ver/v03/v0394	SES083	-1.83551	-75.6214	-73.7859
spk_ver/v03/v0395	SES083	-1.20152	-82.1737	-80.9722
spk_ver/v03/v0396	SES014	3.4286	-72.1383	-75.5669
spk_ver/v03/v0397	SES085	-1.05802	-79.7908	-78.7328
spk_ver/v03/v0398	SES085	-1.88869	-76.6302	-74.7415
spk_ver/v03/v0399	SES085	-5.51148	-82.3972	-76.8857
spk_ver/v04/v0400	SES106	2.86416	-72.4862	-75.3503
spk_ver/v04/v0401	SES085	-4.39336	-80.0049	-75.6115
spk_ver/v04/v0402	SES085	-6.88191	-83.068	-76.1861
spk_ver/v04/v0403	SES085	-1.55339	-79.5898	-78.0364
spk_ver/v04/v0404	SES180	1.77123	-76.4072	-78.1784
spk_ver/v04/v0405	SES129	2.01309	-77.8612	-79.8743
spk_ver/v04/v0406	SES085	-5.20765	-84.1152	-78.9076
spk_ver/v04/v0407	SES146	-0.0413589	-79.3534	-79.3121
spk_ver/v04/v0408	SES085	-0.55864	-79.1016	-78.543
spk_ver/v04/v0409	SES085	-4.53265	-82.8103	-78.2776
spk_ver/v04/v0410	SES085	-4.55518	-85.0084	-80.4532
spk_ver/v04/v0411	SES292	1.1919	-81.4065	-82.5984
spk_ver/v04/v0412	SES085	-1.96602	-78.1687	-76.2027
spk_ver/v04/v0413	SES125	3.0471	-73.8013	-76.8484
spk_ver/v04/v0414	SES085	-5.08977	-87.7618	-82.672
spk_ver/v04/v0415	SES085	-2.04121	-83.2353	-81.1941
spk_ver/v04/v0416	SES085	-4.22064	-83.311	-79.0903
spk_ver/v04/v0417	SES062	0.0367203	-76.3989	-76.4356
spk_ver/v04/v0418	SES060	1.20905	-75.8662	-77.0752
spk_ver/v04/v0419	SES085	-1.28696	-80.3606	-79.0737
spk_ver/v04/v0420	SES085	-4.61613	-76.8181	-72.2019
spk_ver/v04/v0421	SES085	-6.37418	-84.1477	-77.7735
spk_ver/v04/v0422	SES085	-2.43842	-81.8514	-79.4129
spk_ver/v04/v0423	SES085	-5.42619	-82.1859	-76.7597
spk_ver/v04/v0424	SES085	-4.30928	-80.41	-76.1007
spk_ver/v04/v0425	SES183	0.184616	-79.052	-79.2367
spk_ver/v04/v0426	SES085	-4.6212	-82.8862	-78.265
spk_ver/v04/v0427	SES087	-0.0431976	-81.0874	-81.0442
spk_ver/v04/v0428	SES162	2.18011	-78.4136	-80.5937
spk_ver/v04/v0429	SES087	0.45385	-79.9419	-80.3958
spk_ver/v04/v0430	SES087	-9.95567	-89.2342	-79.2785
spk_ver/v04/v0431	SES087	-14.5515	-94.5631	-80.0116
spk_ver/v04/v0432	SES087	-1.44023	-76.3234	-74.8831
spk_ver/v04/v0433	SES087	-11.742	-90.0318	-78.2898
spk_ver/v04/v0434	SES142	4.17114	-75.7701	-79.9413
spk_ver/v04/v0435	SES087	-11.8312	-92.9789	-81.1476
spk_ver/v04/v0436	SES099	1.89986	-74.2353	-76.1352
spk_ver/v04/v0437	SES087	-5.61797	-83.8792	-78.2612
spk_ver/v04/v0438	SES087	-9.04827	-86.9139	-77.8657
spk_ver/v04/v0439	SES087	0.0833511	-74.6128	-74.6961
spk_ver/v04/v0440	SES087	-7.67735	-84.9064	-77.2291
spk_ver/v04/v0441	SES087	-12.4105	-93.1111	-80.7006
spk_ver/v04/v0442	SES187	2.53935	-81.5806	-84.12
spk_ver/v04/v0443	SES172	1.63117	-78.7712	-80.4024
spk_ver/v04/v0444	SES087	-4.20287	-78.3757	-74.1728
spk_ver/v04/v0445	SES087	1.38502	-79.5994	-80.9844
spk_ver/v04/v0446	SES087	-0.877815	-74.5873	-73.7094
spk_ver/v04/v0447	SES087	1.1078	-80.9305	-82.0382
spk_ver/v04/v0448	SES106	3.00809	-71.1344	-74.1425
spk_ver/v04/v0449	SES146	-0.00609589	-78.2132	-78.2071
spk_ver/v04/v0450	SES087	-12.8155	-95.2048	-82.3894
spk_ver/v04/v0451	SES087	-1.19888	-75.8445	-74.6456
spk_ver/v04/v0452	SES007	1.17724	-76.9099	-78.0871
spk_ver/v04/v0453	SES087	-0.791359	-76.1278	-75.3364
spk_ver/v04/v0454	SES087	-10.9502	-89.9935	-79.0433
spk_ver/v04/v0455	SES180	1.16304	-78.2083	-79.3714
spk_ver/v04/v0456	SES099	-7.88297	-87.6049	-79.7219
spk_ver/v04/v0457	SES042	3.03748	-70.3884	-73.4258
spk_ver/v04/v0458	SES099	0.976364	-76.7821	-77.7584
spk_ver/v04/v0459	SES099	-12.2443	-94.4596	-82.2153
spk_ver/v04/v0460	SES099	-7.72358	-88.9627	-81.2392
spk_ver/v04/v0461	SES099	2.05961	-78.8885	-80.9481
spk_ver/v04/v0462	SES082	2.95045	-73.7374	-76.6879
spk_ver/v04/v0463	SES099	1.59146	-73.7075	-75.299
spk_ver/v04/v0464	SES099	2.1341	-74.3476	-76.4817
spk_ver/v04/v0465	SES099	-12.2636	-92.0258	-79.7622
spk_ver/v04/v0466	SES099	0.694405	-79.3248	-80.0192
spk_ver/v04/v0467	SES099	0.507904	-76.7851	-77.293
spk_ver/v04/v0468	SES129	1.44183	-77.756	-79.1978
spk_ver/v04/v0469	SES101	-0.0847092	-77.9287	-77.844
spk_ver/v04/v0470	SES099	-18.0528	-100.217	-82.1644
spk_ver/v04/v0471	SES172	0.0676041	-78.2249	-78.2925
spk_ver/v04/v0472	SES099	1.35008	-73.0625	-74.4126
spk_ver/v04/v0473	SES270	3.28653	-69.6484	-72.9349
spk_ver/v04/v0474	SES099	-4.3306	-80.963	-76.6324
spk_ver/v04/v0475	SES099	-1.40079	-79.4805	-78.0797
spk_ver/v04/v0476	SES099	-0.379402	-79.7511	-79.3717
spk_ver/v04/v0477	SES002	2.53672	-72.6903	-75.227
spk_ver/v04/v0478	SES099	1.79103	-74.1561	-75.9471
spk_ver/v04/v0479	SES007	-0.614388	-78.4163	-77.8019
spk_ver/v04/v0480	SES101	-5.05972	-82.3519	-77.2921
spk_ver/v04/v0481	SES101	-4.05569	-86.6853	-82.6296
spk_ver/v04/v0482	SES175	1.09138	-82.3201	-83.4115
spk_ver/v04/v0483	SES101	-3.67514	-77.7637	-74.0885
spk_ver/v04/v0484	SES101	-5.854	-84.0262	-78.1722
spk_ver/v04/v0485	SES101	-3.28753	-83.0971	-79.8095
spk_ver/v04/v0486	SES101	-2.14302	-83.4636	-81.3206
spk_ver/v04/v0487	SES101	-3.32383	-84.3864	-81.0626
spk_ver/v04/v0488	SES101	-5.28584	-80.933	-75.6471
spk_ver/v04/v0489	SES147	0.406593	-78.3762	-78.7828
spk_ver/v04/v0490	SES085	2.69437	-80.8736	-83.568
spk_ver/v04/v0491	SES101	-2.48863	-86.018	-83.5294
spk_ver/v04/v0492	SES101	-5.34001	-90.2085	-84.8685
spk_ver/v04/v0493	SES101	-5.66479	-77.5587	-71.8939
spk_ver/v04/v0494	SES101	-5.49751	-88.3104	-82.8129
spk_ver/v04/v0495	SES101	-0.484344	-78.6821	-78.1977
spk_ver/v04/v0496	SES101	-3.31575	-82.6865	-79.3708
spk_ver/v04/v0497	SES014	3.18102	-74.0223	-77.2033
spk_ver/v04/v0498	SES101	-4.20828	-79.3656	-75.1573
spk_ver/v04/v0499	SES101	-2.05054	-79.1707	-77.1202
spk_ver/v05/v0500	SES085	0.17923	-78.6495	-78.8287
spk_ver/v05/v0501	SES101	-5.48215	-85.8662	-80.3841
spk_ver/v05/v0502	SES275	0.851585	-77.3082	-78.1598
spk_ver/v05/v0503	SES117	1.62219	-79.3211	-80.9433
spk_ver/v05/v0504	SES101	-5.58408	-84.4935	-78.9094
spk_ver/v05/v0505	SES101	-1.75575	-80.4661	-78.7104
spk_ver/v05/v0506	SES101	-3.17926	-81.9438	-78.7646
spk_ver/v05/v0507	SES048	1.94754	-73.4626	-75.4102
spk_ver/v05/v0508	SES117	0.280128	-81.2288	-81.5089
spk_ver/v05/v0509	SES202	4.01625	-78.0825	-82.0987
spk_ver/v05/v0510	SES104	-40.139	-125.713	-85.574
spk_ver/v05/v0511	SES008	0.00312042	-83.3745	-83.3776
spk_ver/v05/v0512	SES104	1.37114	-76.2583	-77.6295
spk_ver/v05/v0513	SES104	0.494774	-75.3736	-75.8684
spk_ver/v05/v0514	SES104	-12.3243	-91.1539	-78.8296
spk_ver/v05/v0515	SES104	-15.7034	-97.3959	-81.6925
spk_ver/v05/v0516	SES104	-4.62015	-87.879	-83.2588
spk_ver/v05/v0517	SES060	0.540947	-78.0976	-78.6385
spk_ver/v05/v0518	SES104	-13.6921	-95.8177	-82.1256
spk_ver/v05/v0519	SES104	-15.6651	-98.8967	-83.2316
spk_ver/v05/v0520	SES104	2.08604	-73.9633	-76.0493
spk_ver/v05/v0521	SES008	1.23978	-75.8931	-77.1328
spk_ver/v05/v0522	SES068	1.22494	-77.2505	-78.4755
spk_ver/v05/v0523	SES087	2.52719	-75.3037	-77.8309
spk_ver/v05/v0524	SES104	1.43517	-75.9362	-77.3714
spk_ver/v05/v0525	SES104	1.3615	-73.7389	-75.1004
spk_ver/v05/v0526	SES104	-0.509377	-75.4402	-74.9308
spk_ver/v05/v0527	SES083	0.869926	-78.0265	-78.8964
spk_ver/v05/v0528	SES148	0.865471	-80.1066	-80.972
spk_ver/v05/v0529	SES104	0.742683	-74.3631	-75.1058
spk_ver/v05/v0530	SES104	-7.28475	-84.2849	-77.0002
spk_ver/v05/v0531	SES125	3.26042	-70.7294	-73.9898
spk_ver/v05/v0532	SES104	-15.5355	-97.7414	-82.2059
spk_ver/v05/v0533	SES149	2.01628	-75.597	-77.6133
spk_ver/v05/v0534	SES104	-17.3113	-99.5302	-82.219
spk_ver/v05/v0535	SES187	1.1432	-78.4135	-79.5567
spk_ver/v05/v0536	SES104	0.324707	-77.3327	-77.6574
spk_ver/v05/v0537	SES104	0.896126	-77.1272	-78.0233
spk_ver/v05/v0538	SES167	2.60104	-81.2588	-83.8599
spk_ver/v05/v0539	SES104	1.34128	-77.2739	-78.6152
spk_ver/v05/v0540	SES104	-12.3808	-90.139	-77.7582
spk_ver/v05/v0541	SES183	0.264282	-79.9334	-80.1977
spk_ver/v05/v0542	SES104	1.85378	-78.8874	-80.7411
spk_ver/v05/v0543	SES104	-11.8532	-94.9059	-83.0527
spk_ver/v05/v0544	SES105	-3.78975	-83.0382	-79.2484
spk_ver/v05/v0545	SES105	-2.14394	-79.0753	-76.9314
spk_ver/v05/v0546	SES105	-2.74509	-80.717	-77.9719
spk_ver/v05/v0547	SES105	-5.05418	-86.2758	-81.2216
spk_ver/v05/v0548	SES019	2.71692	-72.2284	-74.9453
spk_ver/v05/v0549	SES105	-4.87138	-86.8561	-81.9847
spk_ver/v05/v0550	SES105	-2.99688	-86.6811	-83.6842
spk_ver/v05/v0551	SES202	4.20023	-77.4139	-81.6141
spk_ver/v05/v0552	SES105	-5.0509	-85.4887	-80.4378
spk_ver/v05/v0553	SES105	-0.19194	-77.7329	-77.5409
spk_ver/v05/v0554	SES105	-3.46377	-80.4164	-76.9526
spk_ver/v05/v0555	SES105	-2.72826	-80.282	-77.5537
spk_ver/v05/v0556	SES082	1.8597	-73.9018	-75.7615
spk_ver/v05/v0557	SES105	-3.07675	-79.3671	-76.2904
spk_ver/v05/v0558	SES014	3.36474	-73.2812	-76.6459
spk_ver/v05/v0559	SES105	-2.25105	-79.2287	-76.9776
spk_ver/v05/v0560	SES177	0.067482	-77.7626	-77.8301
spk_ver/v05/v0561	SES189	10.509	-84.9855	-95.4945
spk_ver/v05/v0562	SES105	-1.61769	-78.5124	-76.8947
spk_ver/v05/v0563	SES099	2.28035	-77.2368	-79.5172
spk_ver/v05/v0564	SES105	-2.69395	-80.3833	-77.6894
spk_ver/v05/v0565	SES105	-2.36046	-80.3933	-78.0328
spk_ver/v05/v0566	SES105	-3.24774	-86.0022	-82.7544
spk_ver/v05/v0567	SES142	3.09801	-77.8629	-80.9609
spk_ver/v05/v0568	SES048	1.24337	-77.1315	-78.3749
spk_ver/v05/v0569	SES105	-3.5929	-80.6281	-77.0352
spk_ver/v05/v0570	SES105	-0.125656	-78.3716	-78.2459
spk_ver/v05/v0571	SES105	-6.9762	-89.345	-82.3688
spk_ver/v05/v0572	SES105	-2.732	-81.1291	-78.3971
spk_ver/v05/v0573	SES105	-2.90039	-82.0363	-79.1359
spk_ver/v05/v0574	SES105	-3.20754	-81.1888	-77.9812
spk_ver/v05/v0575	SES105	-4.14225	-85.7922	-81.65
spk_ver/v05/v0576	SES106	-10.964	-92.5957	-81.6317
spk_ver/v05/v0577	SES106	-3.19627	-79.5651	-76.3688
spk_ver/v05/v0578	SES106	-12.9062	-92.616	-79.7098
spk_ver/v05/v0579	SES106	-9.46604	-87.927	-78.461
spk_ver/v05/v0580	SES106	1.09093	-75.6702	-76.7612
spk_ver/v05/v0581	SES106	-10.649	-92.247	-81.598
spk_ver/v05/v0582	SES106	-0.535362	-79.6388	-79.1035
spk_ver/v05/v0583	SES106	1.39907	-73.8596	-75.2587
spk_ver/v05/v0584	SES106	-11.9382	-94.5626	-82.6244
spk_ver/v05/v0585	SES106	2.20245	-75.3072	-77.5097
spk_ver/v05/v0586	SES106	-10.7095	-90.0812	-79.3718
spk_ver/v05/v0587	SES106	-5.9908	-85.0616	-79.0708
spk_ver/v05/v0588	SES106	-6.58626	-83.0501	-76.4639
spk_ver/v05/v0589	SES106	-11.7781	-90.3067	-78.5287
spk_ver/v05/v0590	SES082	1.25285	-76.523	-77.7759
spk_ver/v05/v0591	SES180	1.12064	-81.341	-82.4617
spk_ver/v05/v0592	SES106	-0.0436249	-77.2667	-77.2231
spk_ver/v05/v0593	SES106	-12.4734	-94.5366	-82.0632
spk_ver/v05/v0594	SES292	1.37557	-79.3648	-80.7404
spk_ver/v05/v0595	SES106	0.825684	-73.6282	-74.4539
spk_ver/v05/v0596	SES106	-12.6662	-94.1991	-81.5329
spk_ver/v05/v0597	SES106	-11.083	-91.2556	-80.1726
spk_ver/v05/v0598	SES042	3.74739	-69.1592	-72.9066
spk_ver/v05/v0599	SES106	-9.97314	-91.9975	-82.0243
spk_ver/v06/v0600	SES106	1.9793	-72.0751	-74.0544
spk_ver/v06/v0601	SES106	-0.169449	-75.0539	-74.8845
spk_ver/v06/v0602	SES106	-4.39164	-84.2114	-79.8197
spk_ver/v06/v0603	SES106	-10.0419	-91.3791	-81.3372
spk_ver/v06/v0604	SES106	-7.14462	-84.8954	-77.7508
spk_ver/v06/v0605	SES106	-9.25588	-90.6152	-81.3594
spk_ver/v06/v0606	SES048	2.29856	-71.4291	-73.7277
spk_ver/v06/v0607	SES167	2.76003	-77.4127	-80.1727
spk_ver/v06/v0608	SES106	-12.6256	-93.1301	-80.5044
spk_ver/v06/v0609	SES143	0.767029	-81.5587	-82.3257
spk_ver/v06/v0610	SES106	-14.5152	-99.324	-84.8088
spk_ver/v06/v0611	SES106	-3.65533	-79.7796	-76.1243
spk_ver/v06/v0612	SES106	-13.6249	-93.8011	-80.1762
spk_ver/v06/v0613	SES117	-1.51676	-80.3926	-78.8758
spk_ver/v06/v0614	SES117	-4.62943	-78.7556	-74.1262
spk_ver/v06/v0615	SES117	-1.17204	-82.1084	-80.9364
spk_ver/v06/v0616	SES106	2.86249	-71.541	-74.4035
spk_ver/v06/v0617	SES142	4.80138	-77.5759	-82.3772
spk_ver/v06/v0618	SES048	1.96807	-72.6362	-74.6042
spk_ver/v06/v0619	SES175	2.35999	-81.3599	-83.7199
spk_ver/v06/v0620	SES180	0.983215	-76.622	-77.6052
spk_ver/v06/v0621	SES117	0.268906	-83.8513	-84.1202
spk_ver/v06/v0622	SES029	0.668655	-79.5356	-80.2042
spk_ver/v06/v0623	SES117	-0.208092	-79.7014	-79.4933
spk_ver/v06/v0624	SES117	-4.00748	-84.1054	-80.0979
spk_ver/v06/v0625	SES117	-0.278625	-84.255	-83.9764
spk_ver/v06/v0626	SES106	2.55888	-71.7444	-74.3033
spk_ver/v06/v0627	SES226	1.42275	-73.6427	-75.0655
spk_ver/v06/v0628	SES117	1.15181	-81.8867	-83.0385
spk_ver/v06/v0629	SES117	-4.47199	-82.4221	-77.9501
spk_ver/v06/v0630	SES117	-4.56682	-81.4784	-76.9116
spk_ver/v06/v0631	SES117	-4.3247	-86.6623	-82.3376
spk_ver/v06/v0632	SES117	-1.41366	-76.1729	-74.7592
spk_ver/v06/v0633	SES099	3.3896	-73.2643	-76.6539
spk_ver/v06/v0634	SES105	1.06792	-74.6941	-75.762
spk_ver/v06/v0635	SES167	0.873581	-79.4891	-80.3627
spk_ver/v06/v0636	SES117	-1.61558	-78.8579	-77.2423
spk_ver/v06/v0637	SES202	3.06293	-79.4914	-82.5544
spk_ver/v06/v0638	SES117	-2.97723	-81.4076	-78.4304
spk_ver/v06/v0639	SES167	2.56211	-77.4129	-79.975
spk_ver/v06/v0640	SES117	-3.32323	-82.7178	-79.3946
spk_ver/v06/v0641	SES117	-3.2685	-81.9675	-78.699
spk_ver/v06/v0642	SES101	1.18135	-74.9156	-76.097
spk_ver/v06/v0643	SES068	1.42003	-77.5852	-79.0052
spk_ver/v06/v0644	SES120	-3.09105	-76.9093	-73.8182
spk_ver/v06/v0645	SES120	-2.92752	-83.2529	-80.3254
spk_ver/v06/v0646	SES172	1.76381	-78.9479	-80.7117
spk_ver/v06/v0647	SES120	-0.97863	-80.6344	-79.6558
spk_ver/v06/v0648	SES120	-0.576622	-76.7298	-76.1532
spk_ver/v06/v0649	SES120	-2.53003	-81.8216	-79.2915
spk_ver/v06/v0650	SES087	2.06657	-75.8667	-77.9332
spk_ver/v06/v0651	SES120	-2.14371	-82.6164	-80.4727
spk_ver/v06/v0652	SES104	0.232521	-77.7154	-77.9479
spk_ver/v06/v0653	SES129	1.82736	-77.4239	-79.2513
spk_ver/v06/v0654	SES120	-1.94022	-81.2609	-79.3207
spk_ver/v06/v0655	SES120	-1.8242	-81.8009	-79.9767
spk_ver/v06/v0656	SES120	-1.42982	-82.0771	-80.6473
spk_ver/v06/v0657	SES147	-0.591286	-79.5225	-78.9312
spk_ver/v06/v0658	SES120	-2.03236	-79.6571	-77.6247
spk_ver/v06/v0659	SES120	-2.11655	-77.6332	-75.5166
spk_ver/v06/v0660	SES120	-0.368744	-77.8483	-77.4796
spk_ver/v06/v0661	SES120	-3.23855	-83.8495	-80.611
spk_ver/v06/v0662	SES120	-0.798721	-80.8077	-80.009
spk_ver/v06/v0663	SES120	-3.53854	-85.4571	-81.9186
spk_ver/v06/v0664	SES147	-0.480789	-81.0387	-80.5579
spk_ver/v06/v0665	SES162	2.13038	-76.8223	-78.9526
spk_ver/v06/v0666	SES120	-1.85432	-81.3303	-79.4759
spk_ver/v06/v0667	SES120	-1.71616	-78.2102	-76.494
spk_ver/v06/v0668	SES120	1.53062	-77.2603	-78.791
spk_ver/v06/v0669	SES142	5.33335	-76.7564	-82.0897
spk_ver/v06/v0670	SES106	2.95863	-71.0246	-73.9833
spk_ver/v06/v0671	SES183	1.56615	-78.8766	-80.4427
spk_ver/v06/v0672	SES120	-3.61292	-79.7141	-76.1011
spk_ver/v06/v0673	SES029	0.392975	-81.6365	-82.0295
spk_ver/v06/v0674	SES120	-1.31252	-79.7988	-78.4862
spk_ver/v06/v0675	SES008	2.4651	-80.8722	-83.3373
spk_ver/v06/v0676	SES125	-12.7128	-97.9461	-85.2334
spk_ver/v06/v0677	SES143	0.742416	-80.581	-81.3234
spk_ver/v06/v0678	SES125	-9.70199	-91.1678	-81.4658
spk_ver/v06/v0679	SES162	1.67846	-77.2821	-78.9606
spk_ver/v06/v0680	SES125	-4.44961	-83.6225	-79.1729
spk_ver/v06/v0681	SES125	0.872871	-73.5489	-74.4218
spk_ver/v06/v0682	SES125	-8.97115	-85.886	-76.9149
spk_ver/v06/v0683	SES226	2.04898	-74.8474	-76.8963
spk_ver/v06/v0684	SES125	-7.48292	-87.0266	-79.5437
spk_ver/v06/v0685	SES125	-12.4564	-91.9295	-79.4731
spk_ver/v06/v0686	SES120	0.776512	-75.7548	-76.5313
spk_ver/v06/v0687	SES125	-1.57788	-87.8187	-86.2408
spk_ver/v06/v0688	SES158	2.28847	-71.3959	-73.6844
spk_ver/v06/v0689	SES125	-4.12536	-84.6256	-80.5002
spk_ver/v06/v0690	SES105	1.09731	-79.3448	-80.4421
spk_ver/v06/v0691	SES125	-0.872414	-79.5404	-78.668
spk_ver/v06/v0692	SES125	-1.06049	-80.0261	-78.9656
spk_ver/v06/v0693	SES180	1.52643	-77.2124	-78.7388
spk_ver/v06/v0694	SES125	-14.339	-97.607	-83.268
spk_ver/v06/v0695	SES125	-0.666336	-76.9084	-76.242
spk_ver/v06/v0696	SES125	-13.5258	-94.2695	-80.7437
spk_ver/v06/v0697	SES125	-12.9156	-94.9093	-81.9937
spk_ver/v06/v0698	SES083	0.559929	-78.3941	-78.954
spk_ver/v06/v0699	SES125	-7.98202	-88.4838	-80.5018
spk_ver/v07/v0700	SES014	2.8418	-78.7869	-81.6288
spk_ver/v07/v0701	SES125	-6.5881	-84.5575	-77.9694
spk_ver/v07/v0702	SES127	-0.340973	-81.3916	-81.0506
spk_ver/v07/v0703	SES127	-1.9554	-83.3913	-81.4359
spk_ver/v07/v0704	SES206	2.47609	-74.0096	-76.4857
spk_ver/v07/v0705	SES127	-1.7559	-81.234	-79.4781
spk_ver/v07/v0706	SES127	-1.99338	-84.5435	-82.5501
spk_ver/v07/v0707	SES127	-5.51408	-80.8532	-75.3391
spk_ver/v07/v0708	SES275	-0.182953	-77.2153	-77.0323
spk_ver/v07/v0709	SES127	-2.16826	-79.4627	-77.2945
spk_ver/v07/v0710	SES105	0.984085	-77.3907	-78.3748
spk_ver/v07/v0711	SES127	-3.81146	-80.6711	-76.8596
spk_ver/v07/v0712	SES127	-0.710892	-79.1156	-78.4047
spk_ver/v07/v0713	SES127	-24.6566	-105.234	-80.5778
spk_ver/v07/v0714	SES019	3.29465	-72.7859	-76.0806
spk_ver/v07/v0715	SES127	-2.58607	-82.8241	-80.238
spk_ver/v07/v0716	SES148	0.293182	-81.1282	-81.4214
spk_ver/v07/v0717	SES162	2.43649	-76.4581	-78.8945
spk_ver/v07/v0718	SES189	2.69233	-80.8041	-83.4964
spk_ver/v07/v0719	SES149	-1.20782	-75.0101	-73.8023
spk_ver/v07/v0720	SES175	2.20885	-81.2385	-83.4473
spk_ver/v07/v0721	SES127	-6.51363	-83.8	-77.2864
spk_ver/v07/v0722	SES127	-1.86771	-79.4389	-77.5712
spk_ver/v07/v0723	SES127	-2.11812	-81.9853	-79.8672
spk_ver/v07/v0724	SES127	-3.57646	-85.1136	-81.5371
spk_ver/v07/v0725	SES127	-0.995499	-79.8624	-78.8669
spk_ver/v07/v0726	SES259	2.90903	-69.5409	-72.45
spk_ver/v07/v0727	SES127	-3.27323	-79.1387	-75.8655
spk_ver/v07/v0728	SES127	0.0674667	-78.5771	-78.6446
spk_ver/v07/v0729	SES127	-6.33446	-84.171	-77.8366
spk_ver/v07/v0730	SES127	-2.12599	-81.6852	-79.5592
spk_ver/v07/v0731	SES129	-1.23615	-80.1422	-78.906
spk_ver/v07/v0732	SES129	-8.10339	-90.0083	-81.9049
spk_ver/v07/v0733	SES129	-9.91998	-93.8803	-83.9603
spk_ver/v07/v0734	SES129	-12.5461	-100.4	-87.8543
spk_ver/v07/v0735	SES183	0.0694809	-76.9148	-76.9842
spk_ver/v07/v0736	SES129	-5.58572	-86.7504	-81.1647
spk_ver/v07/v0737	SES129	-4.09068	-82.387	-78.2963
spk_ver/v07/v0738	SES129	-5.61861	-85.1632	-79.5446
spk_ver/v07/v0739	SES129	-9.06137	-92.6429	-83.5815
spk_ver/v07/v0740	SES167	-1.96619	-78.6373	-76.6711
spk_ver/v07/v0741	SES129	-8.80914	-88.9707	-80.1615
spk_ver/v07/v0742	SES129	-3.62646	-80.027	-76.4005
spk_ver/v07/v0743	SES129	-2.84361	-79.3133	-76.4697
spk_ver/v07/v0744	SES129	-11.2187	-94.7165	-83.4978
spk_ver/v07/v0745	SES180	1.55327	-78.5314	-80.0847
spk_ver/v07/v0746	SES129	-1.89125	-77.2025	-75.3113
spk_ver/v07/v0747	SES292	0.7257	-78.4777	-79.2034
spk_ver/v07/v0748	SES202	3.55494	-77.704	-81.259
spk_ver/v07/v0749	SES270	2.02164	-72.8574	-74.8791
spk_ver/v07/v0750	SES129	-2.07322	-81.3497	-79.2765
spk_ver/v07/v0751	SES129	-4.23852	-78.0268	-73.7883
spk_ver/v07/v0752	SES060	-0.858437	-80.4722	-79.6138
spk_ver/v07/v0753	SES129	-10.0006	-88.7714	-78.7708
spk_ver/v07/v0754	SES129	-18.7846	-107.635	-88.8503
spk_ver/v07/v0755	SES129	-6.75149	-85.223	-78.4715
spk_ver/v07/v0756	SES175	1.02881	-81.2259	-82.2547
spk_ver/v07/v0757	SES129	-5.94495	-81.7527	-75.8077
spk_ver/v07/v0758	SES129	-4.82566	-79.5359	-74.7102
spk_ver/v07/v0759	SES129	-4.27296	-81.4873	-77.2143
spk_ver/v07/v0760	SES129	-5.76063	-85.8348	-80.0742
spk_ver/v07/v0761	SES129	-4.11683	-80.0822	-75.9653
spk_ver/v07/v0762	SES172	0.750458	-80.2367	-80.9871
spk_ver/v07/v0763	SES129	-4.5273	-80.8467	-76.3194
spk_ver/v07/v0764	SES129	-8.63667	-87.9863	-79.3497
spk_ver/v07/v0765	SES175	1.25767	-79.1927	-80.4503
spk_ver/v07/v0766	SES129	-4.2889	-80.3615	-76.0726
spk_ver/v07/v0767	SES129	-5.53167	-85.9147	-80.3831
spk_ver/v07/v0768	SES042	2.81805	-70.3547	-73.1727
spk_ver/v07/v0769	SES099	2.01796	-74.4301	-76.4481
spk_ver/v07/v0770	SES142	-7.35493	-87.1868	-79.8319
spk_ver/v07/v0771	SES142	-6.87077	-84.0695	-77.1987
spk_ver/v07/v0772	SES101	0.360649	-78.4991	-78.8598
spk_ver/v07/v0773	SES142	-10.3007	-88.2592	-77.9585
spk_ver/v07/v0774	SES142	-3.96029	-83.7945	-79.8342
spk_ver/v07/v0775	SES142	-3.5761	-82.5646	-78.9885
spk_ver/v07/v0776	SES142	-3.52689	-82.1015	-78.5747
spk_ver/v07/v0777	SES142	-3.02519	-80.5932	-77.568
spk_ver/v07/v0778	SES142	-0.537483	-82.509	-81.9715
spk_ver/v07/v0779	SES142	-10.7495	-85.4118	-74.6623
spk_ver/v07/v0780	SES142	-23.8221	-107.573	-83.751
spk_ver/v07/v0781	SES142	-9.31016	-85.6716	-76.3615
spk_ver/v07/v0782	SES101	0.648926	-78.5908	-79.2397
spk_ver/v07/v0783	SES142	-6.83195	-80.9004	-74.0685
spk_ver/v07/v0784	SES187	1.48568	-78.6023	-80.088
spk_ver/v07/v0785	SES143	0.170868	-78.0613	-78.2321
spk_ver/v07/v0786	SES142	-3.10492	-85.0456	-81.9407
spk_ver/v07/v0787	SES144	0.333992	-79.1524	-79.4864
spk_ver/v07/v0788	SES275	0.63839	-75.879	-76.5174
spk_ver/v07/v0789	SES142	-5.0581	-83.5295	-78.4714
spk_ver/v07/v0790	SES099	3.1116	-76.1272	-79.2388
spk_ver/v07/v0791	SES142	-9.70569	-87.1124	-77.4067
spk_ver/v07/v0792	SES142	-8.1989	-86.057	-77.8581
spk_ver/v07/v0793	SES142	-9.04038	-88.3895	-79.3491
spk_ver/v07/v0794	SES014	2.91494	-73.4977	-76.4126
spk_ver/v07/v0795	SES142	-20.0555	-100.849	-80.7936
spk_ver/v07/v0796	SES142	-6.19636	-82.9983	-76.8019
spk_ver/v07/v0797	SES143	-1.66249	-79.7459	-78.0834
spk_ver/v07/v0798	SES206	1.68753	-74.2454	-75.933
spk_ver/v07/v0799	SES143	-6.35399	-89.6377	-83.2837
spk_ver/v08/v0800	SES143	-2.02895	-80.5546	-78.5256
spk_ver/v08/v0801	SES143	-0.926163	-80.8341	-79.9079
spk_ver/v08/v0802	SES143	-5.76605	-86.4382	-80.6721
spk_ver/v08/v0803	SES143	-4.86762	-82.6318	-77.7641
spk_ver/v08/v0804	SES143	-4.78239	-84.6344	-79.852
spk_ver/v08/v0805	SES143	-5.53571	-85.1664	-79.6307
spk_ver/v08/v0806	SES143	-4.07401	-83.932	-79.858
spk_ver/v08/v0807	SES177	-0.0364609	-80.0434	-80.007
spk_ver/v08/v0808	SES149	-0.218399	-73.7334	-73.515
spk_ver/v08/v0809	SES143	-6.4302	-84.7069	-78.2767
spk_ver/v08/v0810	SES158	2.96414	-72.8429	-75.807
spk_ver/v08/v0811	SES143	-4.31161	-85.6498	-81.3382
spk_ver/v08/v0812	SES062	1.29066	-77.4466	-78.7372
spk_ver/v08/v0813	SES259	2.77588	-70.1976	-72.9735
spk_ver/v08/v0814	SES143	-5.97534	-83.5303	-77.5549
spk_ver/v08/v0815	SES143	-5.48726	-83.0051	-77.5179
spk_ver/v08/v0816	SES143	-1.36775	-78.5045	-77.1367
spk_ver/v08/v0817	SES144	-0.252052	-80.0132	-79.7611
spk_ver/v08/v0818	SES143	-1.1011	-82.6889	-81.5878
spk_ver/v08/v0819	SES143	-3.91015	-81.2626	-77.3524
spk_ver/v08/v0820	SES143	-1.51154	-77.7753	-76.2637
spk_ver/v08/v0821	SES143	-1.64168	-81.3168	-79.6751
spk_ver/v08/v0822	SES143	-5.02757	-83.4829	-78.4553
spk_ver/v08/v0823	SES104	2.09715	-74.3809	-76.4781
spk_ver/v08/v0824	SES143	-2.24194	-80.2226	-77.9807
spk_ver/v08/v0825	SES143	-4.76085	-81.5383	-76.7774
spk_ver/v08/v0826	SES144	-4.31697	-82.3929	-78.0759
spk_ver/v08/v0827	SES144	-0.83049	-76.9478	-76.1173
spk_ver/v08/v0828	SES144	-0.793678	-80.9439	-80.1502
spk_ver/v08/v0829	SES172	-0.184647	-81.1742	-80.9895
spk_ver/v08/v0830	SES144	-0.538292	-78.8427	-78.3044
spk_ver/v08/v0831	SES183	0.731087	-79.8238	-80.5549
spk_ver/v08/v0832	SES144	-4.85537	-81.6238	-76.7684
spk_ver/v08/v0833	SES144	-4.68153	-80.7055	-76.024
spk_ver/v08/v0834	SES144	-0.420113	-79.4829	-79.0628
spk_ver/v08/v0835	SES144	-2.8474	-81.6106	-78.7632
spk_ver/v08/v0836	SES144	-2.60714	-77.9332	-75.3261
spk_ver/v08/v0837	SES144	-3.06772	-75.9579	-72.8901
spk_ver/v08/v0838	SES144	-3.51681	-80.1926	-76.6758
spk_ver/v08/v0839	SES085	-0.53862	-80.2141	-79.6755
spk_ver/v08/v0840	SES144	-0.0280838	-82.6332	-82.6051
spk_ver/v08/v0841	SES144	-4.33339	-89.2492	-84.9158
spk_ver/v08/v0842	SES144	-3.41471	-78.293	-74.8783
spk_ver/v08/v0843	SES144	-0.471062	-77.9997	-77.5286
spk_ver/v08/v0844	SES144	-2.43114	-77.5249	-75.0937
spk_ver/v08/v0845	SES144	-3.52322	-79.0055	-75.4823
spk_ver/v08/v0846	SES104	2.53152	-73.6537	-76.1852
spk_ver/v08/v0847	SES144	-2.11042	-80.4048	-78.2944
spk_ver/v08/v0848	SES144	-2.11225	-86.62	-84.5078
spk_ver/v08/v0849	SES144	-5.83891	-83.2771	-77.4381
spk_ver/v08/v0850	SES144	-3.30049	-77.9813	-74.6808
spk_ver/v08/v0851	SES144	-2.62194	-82.1528	-79.5309
spk_ver/v08/v0852	SES144	-0.209564	-77.2657	-77.0561
spk_ver/v08/v0853	SES144	-3.68023	-79.3774	-75.6971
spk_ver/v08/v0854	SES144	-1.25152	-79.9726	-78.721
spk_ver/v08/v0855	SES144	-0.521851	-79.1253	-78.6034
spk_ver/v08/v0856	SES082	0.68927	-78.3677	-79.057
spk_ver/v08/v0857	SES142	3.61443	-78.1574	-81.7718
spk_ver/v08/v0858	SES144	-1.13015	-83.543	-82.4128
spk_ver/v08/v0859	SES144	-1.09677	-79.8388	-78.742
spk_ver/v08/v0860	SES146	-1.83476	-79.4685	-77.6338
spk_ver/v08/v0861	SES146	-1.24638	-79.1221	-77.8757
spk_ver/v08/v0862	SES146	-1.83787	-82.0649	-80.227
spk_ver/v08/v0863	SES146	-3.07272	-80.442	-77.3693
spk_ver/v08/v0864	SES146	-1.88426	-79.1249	-77.2406
spk_ver/v08/v0865	SES008	2.6986	-78.5387	-81.2373
spk_ver/v08/v0866	SES142	2.65968	-77.812	-80.4717
spk_ver/v08/v0867	SES146	-1.21545	-78.7007	-77.4852
spk_ver/v08/v0868	SES082	2.76016	-73.1426	-75.9028
spk_ver/v08/v0869	SES146	-0.794014	-79.3885	-78.5945
spk_ver/v08/v0870	SES146	-1.73049	-85.3868	-83.6563
spk_ver/v08/v0871	SES146	-1.73563	-76.9606	-75.2249
spk_ver/v08/v0872	SES146	-2.7714	-78.8755	-76.1041
spk_ver/v08/v0873	SES082	2.6971	-74.9915	-77.6886
spk_ver/v08/v0874	SES146	-1.79588	-82.8974	-81.1015
spk_ver/v08/v0875	SES144	-0.216576	-80.1277	-79.9112
spk_ver/v08/v0876	SES146	-1.04813	-79.0015	-77.9534
spk_ver/v08/v0877	SES146	-1.6907	-78.766	-77.0753
spk_ver/v08/v0878	SES146	-0.783035	-78.0979	-77.3148
spk_ver/v08/v0879	SES146	-3.62913	-84.0968	-80.4676
spk_ver/v08/v0880	SES146	-3.37386	-83.1825	-79.8087
spk_ver/v08/v0881	SES143	1.0577	-79.7734	-80.8311
spk_ver/v08/v0882	SES146	-1.0993	-77.833	-76.7337
spk_ver/v08/v0883	SES147	-2.84929	-81.7657	-78.9164
spk_ver/v08/v0884	SES147	-1.00827	-80.5989	-79.5906
spk_ver/v08/v0885	SES016	1.07241	-78.6923	-79.7647
spk_ver/v08/v0886	SES147	-1.63118	-81.5482	-79.9171
spk_ver/v08/v0887	SES147	-3.14137	-80.9177	-77.7764
spk_ver/v08/v0888	SES147	-2.01888	-83.3297	-81.3108
spk_ver/v08/v0889	SES019	1.8353	-74.8084	-76.6437
spk_ver/v08/v0890	SES147	-2.83556	-84.9465	-82.111
spk_ver/v08/v0891	SES147	-3.91255	-81.3485	-77.436
spk_ver/v08/v0892	SES147	-1.74417	-83.2321	-81.488
spk_ver/v08/v0893	SES270	3.08866	-73.9166	-77.0053
spk_ver/v08/v0894	SES029	0.330696	-82.2096	-82.5403
spk_ver/v08/v0895	SES147	-2.03275	-84.8827	-82.85
spk_ver/v08/v0896	SES117	0.416374	-82.3986	-82.815
spk_ver/v08/v0897	SES183	1.65877	-81.2771	-82.9358
spk_ver/v08/v0898	SES147	-5.19546	-78.8142	-73.6187
spk_ver/v08/v0899	SES147	-1.93854	-86.4255	-84.487
spk_ver/v09/v0900	SES087	0.393143	-73.6524	-74.0456
spk_ver/v09/v0901	SES147	-6.12832	-85.0277	-78.8993
spk_ver/v09/v0902	SES147	-5.26711	-82.077	-76.8099
spk_ver/v09/v0903	SES147	-1.99086	-79.8982	-77.9074
spk_ver/v09/v0904	SES147	-4.91987	-81.7722	-76.8523
spk_ver/v09/v0905	SES143	0.907547	-80.5226	-81.4301
spk_ver/v09/v0906	SES149	0.502754	-78.8859	-79.3887
spk_ver/v09/v0907	SES148	-0.753708	-76.861	-76.1073
spk_ver/v09/v0908	SES148	-1.50916	-82.6233	-81.1141
spk_ver/v09/v0909	SES106	3.01118	-71.3966	-74.4077
spk_ver/v09/v0910	SES148	-2.43317	-84.3372	-81.904
spk_ver/v09/v0911	SES148	-2.74385	-82.4154	-79.6715
spk_ver/v09/v0912	SES142	2.17502	-80.6321	-82.8071
spk_ver/v09/v0913	SES148	-3.78096	-84.5608	-80.7798
spk_ver/v09/v0914	SES148	-4.46578	-80.1229	-75.6572
spk_ver/v09/v0915	SES148	-4.23506	-86.9581	-82.723
spk_ver/v09/v0916	SES148	-3.04392	-86.6859	-83.642
spk_ver/v09/v0917	SES148	0.100494	-80.4459	-80.5464
spk_ver/v09/v0918	SES148	-0.486549	-79.1425	-78.6559
spk_ver/v09/v0919	SES270	2.84601	-73.224	-76.07
spk_ver/v09/v0920	SES148	-2.645	-75.8303	-73.1853
spk_ver/v09/v0921	SES148	-3.06141	-80.3029	-77.2415
spk_ver/v09/v0922	SES129	1.55008	-75.8443	-77.3944
spk_ver/v09/v0923	SES117	0.654045	-78.4885	-79.1425
spk_ver/v09/v0924	SES042	4.3977	-70.2509	-74.6486
spk_ver/v09/v0925	SES148	-5.21497	-80.942	-75.7271
spk_ver/v09/v0926	SES148	-4.486	-84.6554	-80.1694
spk_ver/v09/v0927	SES144	0.566185	-77.2883	-77.8545
spk_ver/v09/v0928	SES007	-0.342529	-80.4571	-80.1146
spk_ver/v09/v0929	SES148	-3.57748	-83.0932	-79.5157
spk_ver/v09/v0930	SES148	-1.34508	-82.52	-81.1749
spk_ver/v09/v0931	SES148	-4.27458	-85.1157	-80.8411
spk_ver/v09/v0932	SES202	3.57557	-79.1307	-82.7062
spk_ver/v09/v0933	SES148	-1.87313	-80.4157	-78.5426
spk_ver/v09/v0934	SES148	-4.88482	-82.8294	-77.9446
spk_ver/v09/v0935	SES060	0.659416	-77.0304	-77.6898
spk_ver/v09/v0936	SES060	1.48212	-78.5198	-80.0019
spk_ver/v09/v0937	SES148	-2.43201	-81.7597	-79.3277
spk_ver/v09/v0938	SES148	-3.14301	-81.7729	-78.6299
spk_ver/v09/v0939	SES148	-3.31264	-77.5308	-74.2182
spk_ver/v09/v0940	SES148	-2.3746	-81.8404	-79.4658
spk_ver/v09/v0941	SES149	-3.62853	-80.1711	-76.5425
spk_ver/v09/v0942	SES149	-9.93419	-88.6089	-78.6747
spk_ver/v09/v0943	SES149	-8.48507	-90.473	-81.9879
spk_ver/v09/v0944	SES149	-2.59756	-77.1947	-74.5971
spk_ver/v09/v0945	SES105	0.570076	-75.8694	-76.4394
spk_ver/v09/v0946	SES149	-1.25392	-77.5901	-76.3362
spk_ver/v09/v0947	SES149	-10.439	-90.5638	-80.1248
spk_ver/v09/v0948	SES149	-8.87894	-87.7571	-78.8781
spk_ver/v09/v0949	SES149	-6.45798	-81.3306	-74.8726
spk_ver/v09/v0950	SES226	2.20306	-72.2631	-74.4661
spk_ver/v09/v0951	SES149	-11.7326	-91.3848	-79.6522
spk_ver/v09/v0952	SES149	-3.56966	-79.06	-75.4903
spk_ver/v09/v0953	SES062	0.707626	-78.1481	-78.8558
spk_ver/v09/v0954	SES149	-10.6763	-90.2313	-79.555
spk_ver/v09/v0955	SES048	1.5864	-74.2386	-75.825
spk_ver/v09/v0956	SES158	0.63147	-74.2674	-74.8989
spk_ver/v09/v0957	SES158	-4.48373	-85.955	-81.4713
spk_ver/v09/v0958	SES158	0.76825	-71.9646	-72.7328
spk_ver/v09/v0959	SES158	-0.550278	-76.5673	-76.017
spk_ver/v09/v0960	SES158	-6.78145	-90.6591	-83.8777
spk_ver/v09/v0961	SES147	0.228165	-78.8699	-79.0981
spk_ver/v09/v0962	SES158	-9.87247	-91.9293	-82.0568
spk_ver/v09/v0963	SES292	0.100372	-84.0854	-84.1858
spk_ver/v09/v0964	SES060	0.929672	-75.1594	-76.0891
spk_ver/v09/v0965	SES002	2.09368	-74.2383	-76.332
spk_ver/v09/v0966	SES149	0.776527	-73.17	-73.9465
spk_ver/v09/v0967	SES158	-8.36481	-90.5757	-82.2108
spk_ver/v09/v0968	SES158	-0.790672	-79.3956	-78.6049
spk_ver/v09/v0969	SES275	0.786003	-81.8933	-82.6793
spk_ver/v09/v0970	SES158	-10.1551	-90.9118	-80.7567
spk_ver/v09/v0971	SES158	-7.80264	-86.0362	-78.2335
spk_ver/v09/v0972	SES002	2.73715	-72.4114	-75.1486
spk_ver/v09/v0973	SES158	-10.5664	-89.9496	-79.3832
spk_ver/v09/v0974	SES202	2.35342	-79.104	-81.4574
spk_ver/v09/v0975	SES158	-11.3722	-92.989	-81.6168
spk_ver/v09/v0976	SES158	1.31784	-72.6074	-73.9252
spk_ver/v09/v0977	SES162	-0.531677	-79.9324	-79.4007
spk_ver/v09/v0978	SES162	-5.08929	-81.1489	-76.0596
spk_ver/v09/v0979	SES162	-6.69695	-83.5378	-76.8408
spk_ver/v09/v0980	SES162	-3.20677	-87.4534	-84.2466
spk_ver/v09/v0981	SES162	-0.946808	-85.1548	-84.208
spk_ver/v09/v0982	SES259	3.27386	-70.3001	-73.574
spk_ver/v09/v0983	SES162	-3.30134	-79.7895	-76.4882
spk_ver/v09/v0984	SES162	-1.61806	-81.737	-80.119
spk_ver/v09/v0985	SES162	0.444412	-77.1119	-77.5563
spk_ver/v09/v0986	SES062	-0.117325	-77.2146	-77.0973
spk_ver/v09/v0987	SES162	0.361992	-77.6021	-77.9641
spk_ver/v09/v0988	SES162	-5.19281	-86.4683	-81.2755
spk_ver/v09/v0989	SES162	-4.16354	-82.5038	-78.3403
spk_ver/v09/v0990	SES162	-2.72476	-82.9501	-80.2253
spk_ver/v09/v0991	SES087	2.32844	-76.7143	-79.0428
spk_ver/v09/v0992	SES120	0.194626	-78.546	-78.7406
spk_ver/v09/v0993	SES162	-3.34439	-75.8912	-72.5468
spk_ver/v09/v0994	SES162	-0.168808	-81.0844	-80.9155
spk_ver/v09/v0995	SES162	-3.3924	-79.2194	-75.827
spk_ver/v09/v0996	SES162	-0.716858	-78.4871	-77.7703
spk_ver/v09/v0997	SES162	-4.00706	-78.5195	-74.5125
spk_ver/v09/v0998	SES162	-2.75899	-82.6954	-79.9365
spk_ver/v09/v0999	SES162	0.985359	-77.4127	-78.398
spk_ver/v10/v1000	SES162	-3.52866	-75.7675	-72.2389
spk_ver/v10/v1001	SES148	0.372971	-81.4861	-81.8591
spk_ver/v10/v1002	SES162	1.35755	-79.2533	-80.6108
spk_ver/v10/v1003	SES162	-2.2563	-85.0459	-82.7896
spk_ver/v10/v1004	SES162	-0.351402	-78.8889	-78.5375
spk_ver/v10/v1005	SES162	-4.67329	-81.192	-76.5187
spk_ver/v10/v1006	SES162	-4.46568	-84.852	-80.3864
spk_ver/v10/v1007	SES162	-0.0503616	-79.2682	-79.2178
spk_ver/v10/v1008	SES162	-4.00076	-82.3854	-78.3847
spk_ver/v10/v1009	SES162	-4.95972	-82.249	-77.2892
spk_ver/v10/v1010	SES167	-5.88605	-84.9271	-79.0411
spk_ver/v10/v1011	SES167	-1.10416	-80.9969	-79.8927
spk_ver/v10/v1012	SES167	-3.17323	-84.5134	-81.3401
spk_ver/v10/v1013	SES167	-7.76789	-84.3114	-76.5436
spk_ver/v10/v1014	SES167	-3.22507	-79.8437	-76.6186
spk_ver/v10/v1015	SES167	-1.07541	-81.6029	-80.5275
spk_ver/v10/v1016	SES167	-1.28038	-82.1281	-80.8477
spk_ver/v10/v1017	SES167	-0.315521	-84.7508	-84.4353
spk_ver/v10/v1018	SES167	-5.24923	-81.2532	-76.004
spk_ver/v10/v1019	SES167	-3.35208	-82.8009	-79.4489
spk_ver/v10/v1020	SES167	-8.40392	-85.3711	-76.9672
spk_ver/v10/v1021	SES167	-1.4893	-86.2009	-84.7116
spk_ver/v10/v1022	SES167	-6.36282	-84.4541	-78.0913
spk_ver/v10/v1023	SES167	-6.42879	-82.0399	-75.6111
spk_ver/v10/v1024	SES167	-6.20609	-87.0976	-80.8916
spk_ver/v10/v1025	SES167	-3.35774	-81.2726	-77.9149
spk_ver/v10/v1026	SES167	-2.94128	-82.4694	-79.5281
spk_ver/v10/v1027	SES167	-2.28214	-80.3253	-78.0432
spk_ver/v10/v1028	SES167	-8.41938	-81.9529	-73.5335
spk_ver/v10/v1029	SES167	-6.21215	-84.1567	-77.9445
spk_ver/v10/v1030	SES167	-5.51953	-83.082	-77.5625
spk_ver/v10/v1031	SES167	-7.81738	-88.7031	-80.8857
spk_ver/v10/v1032	SES167	-5.57527	-82.1541	-76.5789
spk_ver/v10/v1033	SES167	-9.33572	-82.7852	-73.4495
spk_ver/v10/v1034	SES002	2.17492	-72.3691	-74.544
spk_ver/v10/v1035	SES167	-2.3	-85.1671	-82.8671
spk_ver/v10/v1036	SES083	0.810966	-77.0895	-77.9004
spk_ver/v10/v1037	SES167	-2.41722	-82.4595	-80.0423
spk_ver/v10/v1038	SES167	-3.38377	-86.7208	-83.337
spk_ver/v10/v1039	SES167	-3.16705	-83.1175	-79.9505
spk_ver/v10/v1040	SES167	-8.05338	-84.0644	-76.011
spk_ver/v10/v1041	SES167	-1.75788	-83.3423	-81.5844
spk_ver/v10/v1042	SES087	2.16463	-77.5716	-79.7362
spk_ver/v10/v1043	SES029	-0.184082	-81.052	-80.8679
spk_ver/v10/v1044	SES206	1.26367	-74.0916	-75.3552
spk_ver/v10/v1045	SES172	-6.63173	-86.4255	-79.7938
spk_ver/v10/v1046	SES172	1.14671	-79.1775	-80.3242
spk_ver/v10/v1047	SES172	-3.05901	-82.5509	-79.4919
spk_ver/v10/v1048	SES259	2.71722	-70.6972	-73.4144
spk_ver/v10/v1049	SES172	-6.82631	-82.1818	-75.3555
spk_ver/v10/v1050	SES120	0.840416	-79.0379	-79.8784
spk_ver/v10/v1051	SES172	-1.49467	-81.4561	-79.9615
spk_ver/v10/v1052	SES172	-5.12443	-87.005	-81.8806
spk_ver/v10/v1053	SES172	-7.42516	-87.1309	-79.7057
spk_ver/v10/v1054	SES172	-5.64333	-83.3257	-77.6824
spk_ver/v10/v1055	SES189	4.26992	-82.1249	-86.3948
spk_ver/v10/v1056	SES172	-6.12672	-81.1942	-75.0675
spk_ver/v10/v1057	SES172	-1.82295	-80.9149	-79.0919
spk_ver/v10/v1058	SES172	-2.51933	-85.4316	-82.9123
spk_ver/v10/v1059	SES172	-2.59029	-81.6649	-79.0746
spk_ver/v10/v1060	SES029	0.631897	-78.796	-79.4279
spk_ver/v10/v1061	SES175	-7.17706	-84.3497	-77.1727
spk_ver/v10/v1062	SES187	-0.265457	-77.9447	-77.6792
spk_ver/v10/v1063	SES019	2.28089	-73.2822	-75.5631
spk_ver/v10/v1064	SES175	-5.8438	-85.4641	-79.6203
spk_ver/v10/v1065	SES175	-5.539	-84.5453	-79.0063
spk_ver/v10/v1066	SES175	-6.83186	-83.1661	-76.3343
spk_ver/v10/v1067	SES175	-3.45029	-81.577	-78.1268
spk_ver/v10/v1068	SES175	-6.34621	-85.7956	-79.4494
spk_ver/v10/v1069	SES016	0.448235	-75.8139	-76.2621
spk_ver/v10/v1070	SES175	-2.67404	-82.7535	-80.0794
spk_ver/v10/v1071	SES175	-2.91303	-80.813	-77.8999
spk_ver/v10/v1072	SES175	-8.98402	-86.0655	-77.0815
spk_ver/v10/v1073	SES029	0.842247	-79.7727	-80.615
spk_ver/v10/v1074	SES175	-4.71435	-80.422	-75.7076
spk_ver/v10/v1075	SES175	-0.851654	-78.9934	-78.1418
spk_ver/v10/v1076	SES175	-0.836967	-78.6301	-77.7932
spk_ver/v10/v1077	SES175	-6.31504	-81.5607	-75.2456
spk_ver/v10/v1078	SES127	1.39604	-77.2674	-78.6634
spk_ver/v10/v1079	SES175	-4.34508	-80.2426	-75.8975
spk_ver/v10/v1080	SES175	-2.01905	-80.7451	-78.726
spk_ver/v10/v1081	SES175	-4.68842	-81.8613	-77.1729
spk_ver/v10/v1082	SES175	-4.1909	-79.1765	-74.9856
spk_ver/v10/v1083	SES007	1.10875	-77.9462	-79.0549
spk_ver/v10/v1084	SES068	1.24418	-78.2825	-79.5267
spk_ver/v10/v1085	SES008	1.00996	-79.0648	-80.0748
spk_ver/v10/v1086	SES175	-0.435112	-76.9689	-76.5338
spk_ver/v10/v1087	SES175	-5.7855	-84.4527	-78.6672
spk_ver/v10/v1088	SES008	2.56875	-80.643	-83.2117
spk_ver/v10/v1089	SES177	-2.85815	-77.4617	-74.6035
spk_ver/v10/v1090	SES177	-3.82217	-81.6092	-77.787
spk_ver/v10/v1091	SES177	-4.9157	-87.5154	-82.5997
spk_ver/v10/v1092	SES177	-0.376144	-77.7546	-77.3785
spk_ver/v10/v1093	SES177	-4.77925	-80.9382	-76.159
spk_ver/v10/v1094	SES002	2.84351	-71.5638	-74.4073
spk_ver/v10/v1095	SES104	3.12154	-73.7522	-76.8737
spk_ver/v10/v1096	SES177	-1.30453	-78.9755	-77.671
spk_ver/v10/v1097	SES177	-3.46656	-88.9613	-85.4947
spk_ver/v10/v1098	SES177	-2.59874	-80.0421	-77.4434
spk_ver/v10/v1099	SES177	0.844521	-78.2238	-79.0683
spk_ver/v11/v1100	SES177	-4.42592	-81.9161	-77.4901
spk_ver/v11/v1101	SES085	-0.270042	-81.0428	-80.7728
spk_ver/v11/v1102	SES187	2.09982	-81.4641	-83.5639
spk_ver/v11/v1103	SES177	-0.229469	-80.1941	-79.9646
spk_ver/v11/v1104	SES177	1.38717	-78.351	-79.7382
spk_ver/v11/v1105	SES177	0.234032	-77.531	-77.7651
spk_ver/v11/v1106	SES177	-3.24039	-79.8742	-76.6338
spk_ver/v11/v1107	SES177	1.10746	-77.8768	-78.9842
spk_ver/v11/v1108	SES177	-0.0425415	-78.0621	-78.0196
spk_ver/v11/v1109	SES125	2.69143	-70.0728	-72.7643
spk_ver/v11/v1110	SES177	-3.9369	-79.6263	-75.6894
spk_ver/v11/v1111	SES177	-1.85496	-79.7881	-77.9331
spk_ver/v11/v1112	SES177	-2.9456	-79.3202	-76.3746
spk_ver/v11/v1113	SES177	-4.59714	-82.0474	-77.4503
spk_ver/v11/v1114	SES177	-1.39361	-83.776	-82.3824
spk_ver/v11/v1115	SES177	-2.7921	-84.6919	-81.8998
spk_ver/v11/v1116	SES085	0.983368	-78.3124	-79.2958
spk_ver/v11/v1117	SES147	-0.305336	-78.6899	-78.3846
spk_ver/v11/v1118	SES177	-0.624512	-78.449	-77.8245
spk_ver/v11/v1119	SES177	-3.9795	-80.0243	-76.0448
spk_ver/v11/v1120	SES180	-5.52467	-81.2573	-75.7326
spk_ver/v11/v1121	SES189	3.30315	-81.1657	-84.4689
spk_ver/v11/v1122	SES117	2.19061	-81.6701	-83.8607
spk_ver/v11/v1123	SES129	1.93501	-74.9525	-76.8875
spk_ver/v11/v1124	SES180	-1.9845	-80.2611	-78.2766
spk_ver/v11/v1125	SES180	-0.789085	-80.2438	-79.4547
spk_ver/v11/v1126	SES180	-1.05241	-79.9774	-78.925
spk_ver/v11/v1127	SES180	-3.87822	-83.8266	-79.9484
spk_ver/v11/v1128	SES016	0.106834	-80.0792	-80.186
spk_ver/v11/v1129	SES158	2.28593	-72.1128	-74.3987
spk_ver/v11/v1130	SES180	-3.40453	-81.8289	-78.4244
spk_ver/v11/v1131	SES180	-5.14059	-80.0935	-74.9529
spk_ver/v11/v1132	SES180	-2.47369	-83.2134	-80.7397
spk_ver/v11/v1133	SES180	-8.6256	-86.2467	-77.6211
spk_ver/v11/v1134	SES180	-4.74671	-85.3027	-80.556
spk_ver/v11/v1135	SES180	-0.57756	-78.3202	-77.7426
spk_ver/v11/v1136	SES180	-6.75579	-84.215	-77.4593
spk_ver/v11/v1137	SES148	0.165611	-80.4515	-80.6171
spk_ver/v11/v1138	SES104	3.27995	-70.9049	-74.1848
spk_ver/v11/v1139	SES180	-6.25474	-84.8944	-78.6397
spk_ver/v11/v1140	SES083	0.542282	-78.4962	-79.0385
spk_ver/v11/v1141	SES180	-4.447	-79.4708	-75.0238
spk_ver/v11/v1142	SES180	-2.07255	-81.1758	-79.1032
spk_ver/v11/v1143	SES180	-1.57866	-81.963	-80.3844
spk_ver/v11/v1144	SES099	2.43223	-75.8126	-78.2448
spk_ver/v11/v1145	SES180	-0.494987	-81.7994	-81.3044
spk_ver/v11/v1146	SES183	-2.60538	-80.7074	-78.102
spk_ver/v11/v1147	SES183	-0.192886	-78.3815	-78.1886
spk_ver/v11/v1148	SES183	-4.51077	-89.8867	-85.3759
spk_ver/v11/v1149	SES183	-5.57477	-81.5008	-75.9261
spk_ver/v11/v1150	SES183	-3.90977	-83.9643	-80.0545
spk_ver/v11/v1151	SES082	2.12361	-74.8329	-76.9565
spk_ver/v11/v1152	SES183	-1.77952	-80.998	-79.2185
spk_ver/v11/v1153	SES183	-1.53604	-80.5246	-78.9886
spk_ver/v11/v1154	SES002	2.63626	-69.8759	-72.5121
spk_ver/v11/v1155	SES183	-2.09142	-82.3469	-80.2555
spk_ver/v11/v1156	SES183	-4.63997	-86.5983	-81.9583
spk_ver/v11/v1157	SES183	-3.02465	-81.731	-78.7063
spk_ver/v11/v1158	SES183	-0.25531	-78.0431	-77.7878
spk_ver/v11/v1159	SES183	-2.81015	-78.7968	-75.9866
spk_ver/v11/v1160	SES183	-4.86152	-79.3545	-74.493
spk_ver/v11/v1161	SES183	-4.53196	-89.4571	-84.9251
spk_ver/v11/v1162	SES105	0.959511	-75.8175	-76.777
spk_ver/v11/v1163	SES183	-5.84175	-81.3893	-75.5475
spk_ver/v11/v1164	SES259	3.04591	-71.4334	-74.4793
spk_ver/v11/v1165	SES183	-2.72284	-83.4906	-80.7678
spk_ver/v11/v1166	SES183	-4.41138	-81.1828	-76.7715
spk_ver/v11/v1167	SES183	-2.18005	-81.2054	-79.0253
spk_ver/v11/v1168	SES183	-2.18867	-80.14	-77.9514
spk_ver/v11/v1169	SES183	-4.81425	-81.9482	-77.134
spk_ver/v11/v1170	SES183	-2.67913	-84.8873	-82.2081
spk_ver/v11/v1171	SES183	-6.49988	-86.025	-79.5251
spk_ver/v11/v1172	SES187	-4.92909	-81.1229	-76.1938
spk_ver/v11/v1173	SES019	2.61072	-74.7873	-77.398
spk_ver/v11/v1174	SES187	-6.9118	-84.9801	-78.0684
spk_ver/v11/v1175	SES187	-1.87767	-87.5195	-85.6419
spk_ver/v11/v1176	SES083	1.47559	-75.4355	-76.9111
spk_ver/v11/v1177	SES187	-8.35486	-92.6795	-84.3246
spk_ver/v11/v1178	SES187	-5.16987	-81.9343	-76.7644
spk_ver/v11/v1179	SES187	-3.18328	-80.8398	-77.6565
spk_ver/v11/v1180	SES187	0.706505	-79.5541	-80.2606
spk_ver/v11/v1181	SES187	-7.92156	-85.5269	-77.6053
spk_ver/v11/v1182	SES187	-0.687355	-80.5469	-79.8595
spk_ver/v11/v1183	SES187	-7.99832	-87.5719	-79.5736
spk_ver/v11/v1184	SES187	1.15726	-78.6188	-79.7761
spk_ver/v11/v1185	SES127	1.66478	-80.032	-81.6967
spk_ver/v11/v1186	SES187	-1.00762	-78.7078	-77.7002
spk_ver/v11/v1187	SES187	-2.6544	-83.0078	-80.3534
spk_ver/v11/v1188	SES187	-0.237862	-80.9756	-80.7378
spk_ver/v11/v1189	SES042	2.78992	-70.2862	-73.0761
spk_ver/v11/v1190	SES187	0.233513	-77.7565	-77.99
spk_ver/v11/v1191	SES187	-9.55006	-94.5906	-85.0405
spk_ver/v11/v1192	SES187	-5.89426	-83.3482	-77.4539
spk_ver/v11/v1193	SES183	0.681664	-80.2611	-80.9428
spk_ver/v11/v1194	SES187	0.502655	-81.7086	-82.2113
spk_ver/v11/v1195	SES187	-7.85217	-85.9801	-78.128
spk_ver/v11/v1196	SES146	1.59066	-74.7436	-76.3342
spk_ver/v11/v1197	SES189	-7.29196	-82.8916	-75.5996
spk_ver/v11/v1198	SES175	1.81183	-79.8498	-81.6617
spk_ver/v11/v1199	SES189	-10.1774	-92.7466	-82.5692
spk_ver/v12/v1200	SES189	-4.17897	-80.5948	-76.4158
spk_ver/v12/v1201	SES177	2.23417	-75.7537	-77.9879
spk_ver/v12/v1202	SES189	-1.56477	-82.7706	-81.2059
spk_ver/v12/v1203	SES143	0.50988	-80.4912	-81.001
spk_ver/v12/v1204	SES189	-4.6657	-83.0362	-78.3705
spk_ver/v12/v1205	SES189	-3.34418	-81.9206	-78.5764
spk_ver/v12/v1206	SES189	-6.6306	-83.3188	-76.6882
spk_ver/v12/v1207	SES189	-6.11142	-85.5608	-79.4494
spk_ver/v12/v1208	SES189	-5.85883	-82.2095	-76.3506
spk_ver/v12/v1209	SES189	-7.74767	-87.3064	-79.5587
spk_ver/v12/v1210	SES189	-1.36188	-85.3103	-83.9484
spk_ver/v12/v1211	SES062	0.674461	-76.4824	-77.1569
spk_ver/v12/v1212	SES189	-3.21574	-84.1998	-80.984
spk_ver/v12/v1213	SES048	1.76073	-76.0174	-77.7781
spk_ver/v12/v1214	SES042	3.03487	-70.6336	-73.6684
spk_ver/v12/v1215	SES008	2.77169	-75.7659	-78.5376
spk_ver/v12/v1216	SES202	-6.1002	-82.1135	-76.0133
spk_ver/v12/v1217	SES202	-2.70445	-82.3599	-79.6554
spk_ver/v12/v1218	SES085	0.892555	-74.376	-75.2685
spk_ver/v12/v1219	SES202	-4.4447	-83.1495	-78.7048
spk_ver/v12/v1220	SES202	-5.94362	-81.4555	-75.5119
spk_ver/v12/v1221	SES202	-2.32047	-82.7761	-80.4557
spk_ver/v12/v1222	SES202	-11.4477	-88.1659	-76.7182
spk_ver/v12/v1223	SES158	1.67558	-73.9442	-75.6197
spk_ver/v12/v1224	SES202	-1.83619	-88.1261	-86.2899
spk_ver/v12/v1225	SES202	-10.2671	-85.9243	-75.6573
spk_ver/v12/v1226	SES202	-10.9694	-97.3963	-86.4269
spk_ver/v12/v1227	SES202	-5.55345	-83.7034	-78.1499
spk_ver/v12/v1228	SES177	1.73664	-78.5854	-80.322
spk_ver/v12/v1229	SES202	-7.49725	-84.3018	-76.8046
spk_ver/v12/v1230	SES202	-2.19752	-80.9353	-78.7378
spk_ver/v12/v1231	SES202	-8.31764	-88.1589	-79.8412
spk_ver/v12/v1232	SES202	-0.895111	-84.1415	-83.2464
spk_ver/v12/v1233	SES206	1.72789	-70.8158	-72.5437
spk_ver/v12/v1234	SES202	-8.19119	-83.2925	-75.1013
spk_ver/v12/v1235	SES202	-6.42529	-88.4998	-82.0745
spk_ver/v12/v1236	SES125	3.50823	-72.2058	-75.714
spk_ver/v12/v1237	SES127	2.42528	-75.9746	-78.3999
spk_ver/v12/v1238	SES202	4.47958	-77.7604	-82.24
spk_ver/v12/v1239	SES167	2.20312	-80.6903	-82.8935
spk_ver/v12/v1240	SES206	-13.9658	-96.7067	-82.7408
spk_ver/v12/v1241	SES206	-16.2997	-99.6422	-83.3425
spk_ver/v12/v1242	SES206	0.689507	-73.795	-74.4845
spk_ver/v12/v1243	SES206	-1.52357	-78.8522	-77.3287
spk_ver/v12/v1244	SES259	2.04108	-73.7335	-75.7746
spk_ver/v12/v1245	SES206	-6.47573	-82.021	-75.5452
spk_ver/v12/v1246	SES206	-8.66563	-86.9844	-78.3188
spk_ver/v12/v1247	SES206	0.503838	-78.5958	-79.0996
spk_ver/v12/v1248	SES206	-18.3082	-106.33	-88.0222
spk_ver/v12/v1249	SES270	2.69261	-71.804	-74.4966
spk_ver/v12/v1250	SES206	-11.2142	-89.654	-78.4398
spk_ver/v12/v1251	SES206	-8.15393	-84.9022	-76.7482
spk_ver/v12/v1252	SES206	-7.01308	-84.5778	-77.5647
spk_ver/v12/v1253	SES206	0.900459	-75.7309	-76.6313
spk_ver/v12/v1254	SES206	0.975006	-74.268	-75.243
spk_ver/v12/v1255	SES125	2.64948	-71.3774	-74.0269
spk_ver/v12/v1256	SES206	-22.5822	-105.133	-82.5507
spk_ver/v12/v1257	SES206	-11.554	-89.6864	-78.1324
spk_ver/v12/v1258	SES206	-0.451706	-77.0766	-76.6249
spk_ver/v12/v1259	SES206	-15.7087	-96.8959	-81.1872
spk_ver/v12/v1260	SES206	-22.4069	-105.61	-83.203
spk_ver/v12/v1261	SES206	-14.1278	-92.0369	-77.9091
spk_ver/v12/v1262	SES206	-17.8767	-101.149	-83.2726
spk_ver/v12/v1263	SES206	-11.8305	-93.5087	-81.6781
spk_ver/v12/v1264	SES149	-0.611671	-74.628	-74.0163
spk_ver/v12/v1265	SES206	0.104767	-74.4639	-74.5686
spk_ver/v12/v1266	SES206	-18.673	-101.367	-82.6937
spk_ver/v12/v1267	SES206	0.612747	-76.3823	-76.995
spk_ver/v12/v1268	SES206	-8.13461	-85.1189	-76.9843
spk_ver/v12/v1269	SES206	-19.7172	-105.456	-85.739
spk_ver/v12/v1270	SES206	-21.0526	-111.926	-90.873
spk_ver/v12/v1271	SES226	-13.5494	-97.542	-83.9926
spk_ver/v12/v1272	SES226	1.31692	-74.4383	-75.7553
spk_ver/v12/v1273	SES226	-10.2059	-89.7611	-79.5552
spk_ver/v12/v1274	SES226	-8.32653	-86.1612	-77.8346
spk_ver/v12/v1275	SES226	1.40706	-76.7267	-78.1337
spk_ver/v12/v1276	SES226	-7.88348	-87.1608	-79.2774
spk_ver/v12/v1277	SES226	1.70741	-76.3014	-78.0088
spk_ver/v12/v1278	SES226	2.18045	-74.8891	-77.0695
spk_ver/v12/v1279	SES226	-9.57854	-86.4734	-76.8949
spk_ver/v12/v1280	SES226	0.142761	-79.7427	-79.8854
spk_ver/v12/v1281	SES226	1.58418	-76.1051	-77.6893
spk_ver/v12/v1282	SES226	-0.416565	-76.2919	-75.8753
spk_ver/v12/v1283	SES143	0.371292	-79.2455	-79.6168
spk_ver/v12/v1284	SES226	-5.22937	-79.6141	-74.3847
spk_ver/v12/v1285	SES226	1.45917	-75.3005	-76.7596
spk_ver/v12/v1286	SES226	-0.435204	-83.4592	-83.024
spk_ver/v12/v1287	SES226	-2.37206	-78.3623	-75.9902
spk_ver/v12/v1288	SES226	-8.44034	-88.621	-80.1807
spk_ver/v12/v1289	SES104	2.58024	-74.7063	-77.2865
spk_ver/v12/v1290	SES008	1.46136	-81.4219	-82.8832
spk_ver/v12/v1291	SES226	0.891708	-76.6497	-77.5414
spk_ver/v12/v1292	SES259	-1.79008	-80.4137	-78.6236
spk_ver/v12/v1293	SES062	1.69695	-76.8973	-78.5942
spk_ver/v12/v1294	SES099	2.02007	-79.0568	-81.0768
spk_ver/v12/v1295	SES158	1.55604	-72.9168	-74.4728
spk_ver/v12/v1296	SES259	-7.53489	-85.52	-77.9851
spk_ver/v12/v1297	SES259	-4.95231	-88.4764	-83.5241
spk_ver/v12/v1298	SES259	0.961594	-74.7751	-75.7367
spk_ver/v12/v1299	SES259	-9.42182	-88.468	-79.0462
spk_ver/v13/v1300	SES120	0.855713	-77.7015	-78.5573
spk_ver/v13/v1301	SES259	-12.3463	-96.2124	-83.8661
spk_ver/v13/v1302	SES259	-13.3808	-92.1016	-78.7207
spk_ver/v13/v1303	SES129	0.354263	-76.8291	-77.1834
spk_ver/v13/v1304	SES259	-6.90762	-87.8902	-80.9826
spk_ver/v13/v1305	SES259	-5.63927	-87.7819	-82.1427
spk_ver/v13/v1306	SES106	2.03719	-72.7538	-74.791
spk_ver/v13/v1307	SES259	-5.94085	-85.7233	-79.7824
spk_ver/v13/v1308	SES259	0.468338	-74.4783	-74.9466
spk_ver/v13/v1309	SES259	-8.26385	-84.7681	-76.5042
spk_ver/v13/v1310	SES259	-7.12849	-85.6518	-78.5233
spk_ver/v13/v1311	SES259	-7.78358	-84.2717	-76.4882
spk_ver/v13/v1312	SES259	0.384216	-77.3383	-77.7225
spk_ver/v13/v1313	SES144	-0.0470123	-78.3703	-78.3233
spk_ver/v13/v1314	SES259	-10.9484	-91.9736	-81.0252
spk_ver/v13/v1315	SES162	2.21027	-78.054	-80.2643
spk_ver/v13/v1316	SES206	2.01407	-73.9459	-75.96
spk_ver/v13/v1317	SES175	1.45934	-80.042	-81.5013
spk_ver/v13/v1318	SES259	-13.4043	-94.1226	-80.7183
spk_ver/v13/v1319	SES259	-12.5007	-94.9798	-82.4791
spk_ver/v13/v1320	SES270	2.70499	-71.8686	-74.5736
spk_ver/v13/v1321	SES101	0.504478	-78.288	-78.7924
spk_ver/v13/v1322	SES177	1.76881	-77.1511	-78.9199
spk_ver/v13/v1323	SES127	1.77639	-75.4773	-77.2537
spk_ver/v13/v1324	SES270	-10.2555	-92.0763	-81.8208
spk_ver/v13/v1325	SES062	1.13603	-76.1806	-77.3167
spk_ver/v13/v1326	SES270	2.36324	-72.2967	-74.6599
spk_ver/v13/v1327	SES120	0.322533	-79.9628	-80.2853
spk_ver/v13/v1328	SES270	-1.44963	-77.5443	-76.0946
spk_ver/v13/v1329	SES270	-5.99608	-82.5837	-76.5876
spk_ver/v13/v1330	SES270	1.70563	-74.202	-75.9077
spk_ver/v13/v1331	SES270	-4.29313	-81.8093	-77.5162
spk_ver/v13/v1332	SES270	2.54172	-72.2017	-74.7434
spk_ver/v13/v1333	SES270	0.251801	-81.2036	-81.4554
spk_ver/v13/v1334	SES270	0.860573	-74.2765	-75.137
spk_ver/v13/v1335	SES270	2.00873	-76.2868	-78.2955
spk_ver/v13/v1336	SES270	1.4109	-75.8266	-77.2375
spk_ver/v13/v1337	SES016	1.71828	-78.2534	-79.9717
spk_ver/v13/v1338	SES270	-3.98649	-81.5341	-77.5476
spk_ver/v13/v1339	SES002	2.46819	-72.1724	-74.6406
spk_ver/v13/v1340	SES105	1.21358	-75.2412	-76.4548
spk_ver/v13/v1341	SES275	-2.56117	-84.6913	-82.1302
spk_ver/v13/v1342	SES187	2.12518	-80.111	-82.2362
spk_ver/v13/v1343	SES275	-2.72546	-85.2595	-82.5341
spk_ver/v13/v1344	SES275	-3.75497	-81.8134	-78.0584
spk_ver/v13/v1345	SES275	-3.32007	-80.6745	-77.3544
spk_ver/v13/v1346	SES275	-3.91555	-78.2415	-74.3259
spk_ver/v13/v1347	SES275	-7.3858	-92.6365	-85.2507
spk_ver/v13/v1348	SES180	-0.0514679	-76.9443	-76.8929
spk_ver/v13/v1349	SES275	-4.93597	-87.8079	-82.8719
spk_ver/v13/v1350	SES275	-1.07677	-78.1489	-77.0721
spk_ver/v13/v1351	SES275	-5.88888	-91.0864	-85.1975
spk_ver/v13/v1352	SES275	-1.12312	-80.9122	-79.7891
spk_ver/v13/v1353	SES275	-4.05452	-88.3599	-84.3054
spk_ver/v13/v1354	SES189	3.17861	-81.8029	-84.9815
spk_ver/v13/v1355	SES068	0.876328	-74.358	-75.2343
spk_ver/v13/v1356	SES275	-3.68932	-81.5389	-77.8495
spk_ver/v13/v1357	SES048	1.42658	-76.9513	-78.3779
spk_ver/v13/v1358	SES226	2.2575	-70.6274	-72.8849
spk_ver/v13/v1359	SES016	-0.23468	-77.978	-77.7433
spk_ver/v13/v1360	SES275	-4.37469	-89.1819	-84.8072
spk_ver/v13/v1361	SES068	2.83897	-75.0457	-77.8847
spk_ver/v13/v1362	SES275	-4.21867	-77.727	-73.5083
spk_ver/v13/v1363	SES275	-4.07617	-86.7046	-82.6284
spk_ver/v13/v1364	SES275	-5.60822	-87.4074	-81.7992
spk_ver/v13/v1365	SES275	-4.0196	-82.5235	-78.5039
spk_ver/v13/v1366	SES187	1.57996	-79.6793	-81.2593
spk_ver/v13/v1367	SES275	-3.98529	-82.8378	-78.8525
spk_ver/v13/v1368	SES125	2.88477	-72.7069	-75.5917
spk_ver/v13/v1369	SES275	-2.43134	-86.5648	-84.1335
spk_ver/v13/v1370	SES292	-3.33061	-76.5696	-73.239
spk_ver/v13/v1371	SES292	-3.34322	-81.332	-77.9887
spk_ver/v13/v1372	SES292	-3.43166	-82.5238	-79.0922
spk_ver/v13/v1373	SES292	-1.5644	-81.08	-79.5156
spk_ver/v13/v1374	SES101	-0.139854	-78.7216	-78.5817
spk_ver/v13/v1375	SES292	-3.53678	-85.7622	-82.2254
spk_ver/v13/v1376	SES292	-1.9772	-79.8733	-77.8961
spk_ver/v13/v1377	SES292	-5.13953	-85.3651	-80.2255
spk_ver/v13/v1378	SES292	0.0267715	-79.9237	-79.9505
spk_ver/v13/v1379	SES292	-1.6748	-83.3334	-81.6586
spk_ver/v13/v1380	SES292	-2.41896	-79.1807	-76.7618
spk_ver/v13/v1381	SES292	-2.57272	-76.1095	-73.5368
spk_ver/v13/v1382	SES292	-5.25724	-86.6008	-81.3436
spk_ver/v13/v1383	SES292	-1.3822	-76.6848	-75.3026
spk_ver/v13/v1384	SES292	-1.88975	-81.5837	-79.6939
spk_ver/v13/v1385	SES292	-1.39007	-79.308	-77.9179
spk_ver/v13/v1386	SES292	-3.21514	-82.9432	-79.7281
spk_ver/v13/v1387	SES158	2.46887	-72.0707	-74.5396
spk_ver/v13/v1388	SES292	-0.156693	-78.7889	-78.6322
spk_ver/v13/v1389	SES292	-1.41429	-78.1131	-76.6988
spk_ver/v13/v1390	SES292	-3.27364	-86.2695	-82.9958
spk_ver/v13/v1391	SES292	-2.7532	-82.6422	-79.889
spk_ver/v13/v1392	SES292	-2.05131	-79.2649	-77.2136
spk_ver/v13/v1393	SES292	-3.82775	-80.1628	-76.335
spk_ver/v13/v1394	SES292	-4.72346	-86.9285	-82.205
spk_ver/v13/v1395	SES292	-3.63765	-79.6535	-76.0159
spk_ver/v13/v1396	SES117	1.59519	-80.0862	-81.6814
spk_ver/v13/v1397	SES292	-3.33965	-78.3631	-75.0235
spk_ver/v13/v1398	SES292	-2.62515	-83.0473	-80.4222
spk_ver/v13/v1399	SES292	-0.456009	-80.3692	-79.9132
