BLOCK00/SES002/SA002S12	SES002	0.736263	31.6431	30.9069
BLOCK00/SES002/SA002S13	SES002	1.31966	31.3002	29.9805
BLOCK00/SES002/SA002S23	SES002	1.08048	32.2511	31.1706
BLOCK00/SES002/SA002S26	SES002	1.12079	33.3943	32.2735
BLOCK00/SES002/SA002S28	SES002	0.853365	30.788	29.9346
BLOCK00/SES007/SA007S14	SES007	2.0272	32.5176	30.4904
BLOCK00/SES007/SA007S15	SES007	0.404472	29.8274	29.4229
BLOCK00/SES007/SA007S24	SES007	0.945166	29.8793	28.9341
BLOCK00/SES007/SA007S27	SES007	0.463446	28.7943	28.3308
BLOCK00/SES007/SA007S29	SES007	0.100798	30.2711	30.1703
BLOCK00/SES008/SA008S11	SES008	0.701021	29.2041	28.503
BLOCK00/SES008/SA008S12	SES008	0.13735	28.3304	28.193
BLOCK00/SES008/SA008S19	SES008	1.58572	31.9634	30.3777
BLOCK00/SES008/SA008S22	SES008	-0.192272	27.9226	28.1148
BLOCK00/SES008/SA008S29	SES008	0.942139	30.5681	29.626
BLOCK01/SES014/SA014S10	SES014	2.41501	30.9326	28.5176
BLOCK01/SES014/SA014S12	SES014	3.94087	35.1474	31.2065
BLOCK01/SES014/SA014S24	SES014	0.973312	32.3129	31.3396
BLOCK01/SES014/SA014S26	SES014	2.53168	36.2352	33.7035
BLOCK01/SES014/SA014S28	SES014	4.44992	35.7186	31.2687
BLOCK01/SES016/SA016S12	SES016	1.38823	27.4372	26.0489
BLOCK01/SES016/SA016S13	SES016	1.15123	29.6439	28.4926
BLOCK01/SES016/SA016S22	SES016	0.380543	28.8028	28.4222
BLOCK01/SES016/SA016S25	SES016	1.40646	32.4796	31.0731
BLOCK01/SES016/SA016S27	SES016	1.28571	33.2265	31.9408
BLOCK01/SES019/SA019S13	SES019	3.12412	30.5212	27.397
BLOCK01/SES019/SA019S14	SES019	2.78756	30.6232	27.8356
BLOCK01/SES019/SA019S22	SES019	3.10056	30.3687	27.2681
BLOCK01/SES019/SA019S25	SES019	2.47942	30.9235	28.444
BLOCK01/SES019/SA019S29	SES019	3.59394	32.4703	28.8763
BLOCK02/SES029/SA029S11	SES029	1.04606	30.5351	29.4891
BLOCK02/SES029/SA029S12	SES029	0.361071	31.0768	30.7158
BLOCK02/SES029/SA029S20	SES029	0.464323	29.6762	29.2118
BLOCK02/SES029/SA029S25	SES029	0.677958	30.6948	30.0169
BLOCK02/SES029/SA029S28	SES029	0.0471821	30.2369	30.1897
BLOCK04/SES042/SA042S12	SES042	2.11049	33.5761	31.4656
BLOCK04/SES042/SA042S15	SES042	2.43128	33.7174	31.2861
BLOCK04/SES042/SA042S22	SES042	3.42032	36.9919	33.5716
BLOCK04/SES042/SA042S25	SES042	1.40394	32.789	31.385
BLOCK04/SES042/SA042S27	SES042	1.53631	34.8306	33.2943
BLOCK04/SES048/SA048S11	SES048	1.91119	32.1897	30.2785
BLOCK04/SES048/SA048S12	SES048	0.728142	32.3469	31.6188
BLOCK04/SES048/SA048S20	SES048	0.92197	32.2426	31.3206
BLOCK04/SES048/SA048S23	SES048	2.06402	31.1086	29.0446
BLOCK04/SES048/SA048S27	SES048	1.15105	33.7318	32.5807
BLOCK06/SES060/SA060S11	SES060	0.488916	29.8913	29.4024
BLOCK06/SES060/SA060S12	SES060	-1.4369	26.8356	28.2725
BLOCK06/SES060/SA060S22	SES060	-0.531366	27.6651	28.1965
BLOCK06/SES060/SA060S24	SES060	1.22332	31.9409	30.7176
BLOCK06/SES060/SA060S28	SES060	1.09505	33.6674	32.5723
BLOCK06/SES062/SA062S10	SES062	0.139954	31.3869	31.2469
BLOCK06/SES062/SA062S11	SES062	1.38071	31.0689	29.6882
BLOCK06/SES062/SA062S21	SES062	1.76785	35.2139	33.446
BLOCK06/SES062/SA062S26	SES062	0.390299	32.0358	31.6455
BLOCK06/SES062/SA062S29	SES062	1.54243	33.2548	31.7123
BLOCK06/SES068/SA068S14	SES068	-0.22097	29.7911	30.0121
BLOCK06/SES068/SA068S15	SES068	0.562965	31.7655	31.2025
BLOCK06/SES068/SA068S23	SES068	1.3201	30.3049	28.9848
BLOCK06/SES068/SA068S27	SES068	1.59097	32.7871	31.1961
BLOCK06/SES068/SA068S29	SES068	-0.245399	30.2402	30.4856
BLOCK08/SES082/SA082S12	SES082	0.0866013	30.2885	30.2019
BLOCK08/SES082/SA082S14	SES082	-0.295103	29.2943	29.5894
BLOCK08/SES082/SA082S21	SES082	-0.181799	29.4847	29.6665
BLOCK08/SES082/SA082S24	SES082	0.29355	31.8718	31.5783
BLOCK08/SES082/SA082S28	SES082	-0.170853	30.2451	30.416
BLOCK08/SES083/SA083S14	SES083	-0.460522	29.8846	30.3451
BLOCK08/SES083/SA083S15	SES083	0.29694	31.5514	31.2544
BLOCK08/SES083/SA083S24	SES083	-0.251389	30.1009	30.3523
BLOCK08/SES083/SA083S26	SES083	0.248091	30.6386	30.3905
BLOCK08/SES083/SA083S29	SES083	0.410038	31.7731	31.3631
BLOCK08/SES085/SA085S10	SES085	-0.561396	30.1741	30.7355
BLOCK08/SES085/SA085S13	SES085	-0.0114174	28.9874	28.9988
BLOCK08/SES085/SA085S22	SES085	-1.32338	28.6097	29.9331
BLOCK08/SES085/SA085S26	SES085	-1.04217	28.6828	29.725
BLOCK08/SES085/SA085S28	SES085	0.540825	30.9448	30.404
BLOCK08/SES087/SA087S15	SES087	1.04494	31.4196	30.3747
BLOCK08/SES087/SA087S16	SES087	1.1982	31.9591	30.7609
BLOCK08/SES087/SA087S24	SES087	1.98959	33.1186	31.129
BLOCK08/SES087/SA087S26	SES087	1.50238	33.7023	32.1999
BLOCK08/SES087/SA087S29	SES087	1.0979	31.3312	30.2333
BLOCK09/SES099/SA099S15	SES099	1.58572	31.1971	29.6114
BLOCK09/SES099/SA099S16	SES099	1.45048	30.9271	29.4766
BLOCK09/SES099/SA099S24	SES099	1.56925	31.6311	30.0619
BLOCK09/SES099/SA099S26	SES099	2.23742	32.5208	30.2834
BLOCK09/SES099/SA099S29	SES099	2.05327	32.9582	30.905
BLOCK10/SES101/SA101S11	SES101	0.504877	30.4455	29.9407
BLOCK10/SES101/SA101S13	SES101	1.13566	32.5534	31.4178
BLOCK10/SES101/SA101S22	SES101	0.934889	29.0775	28.1426
BLOCK10/SES101/SA101S24	SES101	1.36583	30.717	29.3512
BLOCK10/SES101/SA101S28	SES101	-0.75765	27.8039	28.5616
BLOCK10/SES104/SA104S11	SES104	1.5718	34.075	32.5032
BLOCK10/SES104/SA104S12	SES104	0.738579	31.0984	30.3598
BLOCK10/SES104/SA104S21	SES104	1.46732	32.0761	30.6088
BLOCK10/SES104/SA104S24	SES104	1.03282	32.2421	31.2093
BLOCK10/SES104/SA104S28	SES104	1.25107	32.3869	31.1358
BLOCK10/SES105/SA105S12	SES105	-0.432388	29.0541	29.4865
BLOCK10/SES105/SA105S13	SES105	1.04725	30.859	29.8118
BLOCK10/SES105/SA105S22	SES105	0.191605	28.7839	28.5923
BLOCK10/SES105/SA105S26	SES105	1.20121	30.727	29.5258
BLOCK10/SES105/SA105S29	SES105	0.853237	31.0896	30.2363
BLOCK10/SES106/SA106S09	SES106	0.145821	29.6619	29.516
BLOCK10/SES106/SA106S11	SES106	1.72376	32.3682	30.6445
BLOCK10/SES106/SA106S22	SES106	3.53719	32.3685	28.8313
BLOCK10/SES106/SA106S27	SES106	0.822792	30.4647	29.6419
BLOCK10/SES106/SA106S29	SES106	0.757282	29.7812	29.0239
BLOCK11/SES117/SA117S12	SES117	-0.140579	28.198	28.3385
BLOCK11/SES117/SA117S13	SES117	-0.95615	28.3541	29.3103
BLOCK11/SES117/SA117S23	SES117	1.64948	25.8598	24.2103
BLOCK11/SES117/SA117S25	SES117	0.806746	26.9636	26.1569
BLOCK11/SES117/SA117S28	SES117	0.632233	27.0083	26.376
BLOCK12/SES120/SA120S08	SES120	0.601603	26.2705	25.6688
BLOCK12/SES120/SA120S11	SES120	0.504543	26.2112	25.7066
BLOCK12/SES120/SA120S22	SES120	-0.904009	29.1361	30.0401
BLOCK12/SES120/SA120S24	SES120	0.524632	27.7454	27.2207
BLOCK12/SES120/SA120S28	SES120	0.234447	24.9094	24.6749
BLOCK12/SES125/SA125S13	SES125	1.78493	31.5591	29.7742
BLOCK12/SES125/SA125S14	SES125	0.697992	30.9737	30.2757
BLOCK12/SES125/SA125S25	SES125	1.96648	32.5594	30.5929
BLOCK12/SES125/SA125S27	SES125	2.39584	33.8309	31.4351
BLOCK12/SES125/SA125S29	SES125	1.40248	30.9207	29.5182
BLOCK12/SES127/SA127S11	SES127	0.575199	29.187	28.6118
BLOCK12/SES127/SA127S12	SES127	-0.58087	29.3824	29.9633
BLOCK12/SES127/SA127S23	SES127	0.173597	28.959	28.7854
BLOCK12/SES127/SA127S25	SES127	-0.95001	27.5336	28.4836
BLOCK12/SES127/SA127S27	SES127	0.36726	28.6381	28.2709
BLOCK12/SES129/SA129S11	SES129	1.8512	32.8248	30.9736
BLOCK12/SES129/SA129S12	SES129	1.43504	32.1237	30.6886
BLOCK12/SES129/SA129S22	SES129	1.53833	31.8545	30.3162
BLOCK12/SES129/SA129S27	SES129	1.99763	32.2958	30.2982
BLOCK12/SES129/SA129S29	SES129	1.52205	33.213	31.6909
BLOCK14/SES142/SA142S11	SES142	2.68099	28.1465	25.4655
BLOCK14/SES142/SA142S12	SES142	0.674772	26.1964	25.5216
BLOCK14/SES142/SA142S24	SES142	2.21792	28.4804	26.2624
BLOCK14/SES142/SA142S27	SES142	2.45744	30.099	27.6415
BLOCK14/SES142/SA142S29	SES142	3.93713	30.7856	26.8485
BLOCK14/SES143/SA143S12	SES143	0.886387	28.2034	27.317
BLOCK14/SES143/SA143S13	SES143	0.66551	27.6481	26.9826
BLOCK14/SES143/SA143S23	SES143	1.22821	27.0467	25.8185
BLOCK14/SES143/SA143S25	SES143	1.0146	28.8558	27.8412
BLOCK14/SES143/SA143S28	SES143	0.82015	27.8028	26.9826
BLOCK14/SES144/SA144S09	SES144	1.11281	30.4828	29.37
BLOCK14/SES144/SA144S11	SES144	0.978409	29.7821	28.8037
BLOCK14/SES144/SA144S21	SES144	0.00259972	29.0034	29.0008
BLOCK14/SES144/SA144S25	SES144	0.117996	28.812	28.694
BLOCK14/SES144/SA144S29	SES144	-0.278938	29.2273	29.5062
BLOCK14/SES146/SA146S14	SES146	-0.317373	27.725	28.0424
BLOCK14/SES146/SA146S15	SES146	-0.00209999	28.4945	28.4966
BLOCK14/SES146/SA146S24	SES146	0.544779	28.4959	27.9511
BLOCK14/SES146/SA146S26	SES146	1.00142	28.9742	27.9727
BLOCK14/SES146/SA146S29	SES146	0.369635	27.4279	27.0582
BLOCK14/SES147/SA147S11	SES147	1.2617	28.1016	26.8399
BLOCK14/SES147/SA147S13	SES147	1.72473	29.6414	27.9167
BLOCK14/SES147/SA147S23	SES147	-0.218498	27.6473	27.8658
BLOCK14/SES147/SA147S26	SES147	0.835997	28.1128	27.2768
BLOCK14/SES147/SA147S28	SES147	0.94924	27.9535	27.0042
BLOCK14/SES148/SA148S10	SES148	0.975004	29.6441	28.6691
BLOCK14/SES148/SA148S12	SES148	1.12	28.7876	27.6676
BLOCK14/SES148/SA148S22	SES148	1.9312	31.2411	29.3099
BLOCK14/SES148/SA148S26	SES148	-0.457729	30.0681	30.5258
BLOCK14/SES148/SA148S29	SES148	0.531775	29.5073	28.9755
BLOCK14/SES149/SA149S13	SES149	-0.235855	30.5314	30.7673
BLOCK14/SES149/SA149S14	SES149	0.379665	31.6142	31.2346
BLOCK14/SES149/SA149S24	SES149	1.47672	32.3846	30.9078
BLOCK14/SES149/SA149S26	SES149	2.49005	33.4588	30.9687
BLOCK14/SES149/SA149S28	SES149	2.55023	34.1415	31.5913
BLOCK15/SES158/SA158S13	SES158	1.60976	30.5158	28.9061
BLOCK15/SES158/SA158S14	SES158	2.4656	29.1499	26.6843
BLOCK15/SES158/SA158S23	SES158	1.83456	31.1073	29.2727
BLOCK15/SES158/SA158S26	SES158	2.17477	29.9956	27.8208
BLOCK15/SES158/SA158S28	SES158	0.765211	29.3433	28.578
BLOCK16/SES162/SA162S10	SES162	0.742771	28.5891	27.8463
BLOCK16/SES162/SA162S11	SES162	0.650629	30.5978	29.9471
BLOCK16/SES162/SA162S21	SES162	1.39076	30.1254	28.7347
BLOCK16/SES162/SA162S24	SES162	0.514748	29.2718	28.757
BLOCK16/SES162/SA162S27	SES162	1.09462	28.9267	27.8321
BLOCK16/SES167/SA167S14	SES167	0.153116	30.7285	30.5754
BLOCK16/SES167/SA167S15	SES167	0.734222	29.223	28.4888
BLOCK16/SES167/SA167S21	SES167	1.55528	30.4538	28.8985
BLOCK16/SES167/SA167S25	SES167	2.5786	30.1784	27.5998
BLOCK16/SES167/SA167S29	SES167	2.64185	32.2565	29.6146
BLOCK17/SES172/SA172S12	SES172	1.27324	29.9006	28.6274
BLOCK17/SES172/SA172S13	SES172	0.880575	29.4837	28.6031
BLOCK17/SES172/SA172S23	SES172	0.466839	30.7461	30.2793
BLOCK17/SES172/SA172S27	SES172	0.947172	30.6312	29.6841
BLOCK17/SES172/SA172S29	SES172	2.00294	30.896	28.8931
BLOCK17/SES175/SA175S11	SES175	0.583483	29.6341	29.0507
BLOCK17/SES175/SA175S13	SES175	0.946825	30.0608	29.114
BLOCK17/SES175/SA175S23	SES175	0.73925	29.2404	28.5011
BLOCK17/SES175/SA175S25	SES175	-0.343277	26.3995	26.7428
BLOCK17/SES175/SA175S28	SES175	0.295992	29.3795	29.0835
BLOCK17/SES177/SA177S15	SES177	-0.0413151	29.8105	29.8518
BLOCK17/SES177/SA177S17	SES177	-0.0805664	29.9611	30.0417
BLOCK17/SES177/SA177S23	SES177	-0.675728	28.0168	28.6925
BLOCK17/SES177/SA177S26	SES177	-0.282473	31.4584	31.7409
BLOCK17/SES177/SA177S28	SES177	0.263062	30.0353	29.7722
BLOCK18/SES180/SA180S13	SES180	0.105524	28.6898	28.5843
BLOCK18/SES180/SA180S15	SES180	0.889448	28.9594	28.0699
BLOCK18/SES180/SA180S24	SES180	-0.34811	29.9456	30.2937
BLOCK18/SES180/SA180S26	SES180	0.186117	29.6898	29.5037
BLOCK18/SES180/SA180S29	SES180	1.05646	29.8066	28.7501
BLOCK18/SES183/SA183S13	SES183	1.41281	28.8682	27.4554
BLOCK18/SES183/SA183S14	SES183	0.0359669	28.1506	28.1147
BLOCK18/SES183/SA183S24	SES183	1.28839	27.729	26.4406
BLOCK18/SES183/SA183S27	SES183	1.09784	29.2004	28.1026
BLOCK18/SES183/SA183S29	SES183	1.04511	29.798	28.7529
BLOCK18/SES187/SA187S13	SES187	0.715225	28.3099	27.5946
BLOCK18/SES187/SA187S14	SES187	0.129704	27.0796	26.9499
BLOCK18/SES187/SA187S24	SES187	1.00175	26.707	25.7053
BLOCK18/SES187/SA187S27	SES187	0.685415	27.5744	26.8889
BLOCK18/SES187/SA187S29	SES187	1.03437	28.4612	27.4268
BLOCK18/SES189/SA189S10	SES189	1.31649	28.1782	26.8617
BLOCK18/SES189/SA189S13	SES189	2.21696	27.4108	25.1938
BLOCK18/SES189/SA189S24	SES189	2.6113	29.0897	26.4784
BLOCK18/SES189/SA189S26	SES189	0.765196	28.7716	28.0064
BLOCK18/SES189/SA189S29	SES189	1.71455	28.9569	27.2423
BLOCK20/SES202/SA202S12	SES202	1.87489	26.8828	25.0079
BLOCK20/SES202/SA202S14	SES202	2.83053	28.8141	25.9835
BLOCK20/SES202/SA202S24	SES202	1.51966	28.8994	27.3797
BLOCK20/SES202/SA202S27	SES202	1.81166	30.1393	28.3277
BLOCK20/SES202/SA202S29	SES202	2.38676	30.2457	27.8589
BLOCK20/SES206/SA206S15	SES206	-0.797483	30.9889	31.7864
BLOCK20/SES206/SA206S17	SES206	1.91766	33.8259	31.9082
BLOCK20/SES206/SA206S24	SES206	2.27869	34.1077	31.829
BLOCK20/SES206/SA206S27	SES206	1.81762	32.3861	30.5685
BLOCK20/SES206/SA206S29	SES206	1.40434	34.1647	32.7604
BLOCK22/SES226/SA226S12	SES226	1.14521	29.9611	28.8159
BLOCK22/SES226/SA226S13	SES226	-1.52846	27.8743	29.4028
BLOCK22/SES226/SA226S20	SES226	0.348465	30.3033	29.9549
BLOCK22/SES226/SA226S23	SES226	1.32572	31.6329	30.3071
BLOCK22/SES226/SA226S28	SES226	1.24557	30.9609	29.7154
BLOCK25/SES259/SA259S13	SES259	4.41327	34.2881	29.8749
BLOCK25/SES259/SA259S14	SES259	2.86367	31.6466	28.7829
BLOCK25/SES259/SA259S22	SES259	2.49911	32.6642	30.1651
BLOCK25/SES259/SA259S24	SES259	2.57181	33.7364	31.1646
BLOCK25/SES259/SA259S28	SES259	3.23822	33.5257	30.2874
BLOCK27/SES270/SA270S14	SES270	2.41579	29.8058	27.39
BLOCK27/SES270/SA270S16	SES270	0.187149	28.8162	28.629
BLOCK27/SES270/SA270S22	SES270	2.16472	31.2105	29.0458
BLOCK27/SES270/SA270S26	SES270	0.904572	28.6231	27.7185
BLOCK27/SES270/SA270S28	SES270	0.877657	30.4446	29.5669
BLOCK27/SES275/SA275S17	SES275	1.57502	30.3104	28.7354
BLOCK27/SES275/SA275S18	SES275	0.314583	29.0856	28.7711
BLOCK27/SES275/SA275S24	SES275	0.389086	29.0759	28.6869
BLOCK27/SES275/SA275S26	SES275	1.43026	30.9379	29.5076
BLOCK27/SES275/SA275S28	SES275	0.118601	30.7304	30.6118
BLOCK29/SES292/SA292S10	SES292	-0.248894	30.311	30.5599
BLOCK29/SES292/SA292S12	SES292	-0.541672	28.0405	28.5821
BLOCK29/SES292/SA292S22	SES292	-0.164309	30.0628	30.2271
BLOCK29/SES292/SA292S24	SES292	0.251179	30.2954	30.0443
BLOCK29/SES292/SA292S27	SES292	-0.12793	30.2458	30.3737
BLOCK00/SES001/SA001S14	SES062	-2.87396	25.7775	28.6515
BLOCK00/SES001/SA001S14	SES082	-4.46393	24.1875	28.6515
BLOCK00/SES001/SA001S14	SES106	-4.60788	24.0436	28.6515
BLOCK00/SES001/SA001S14	SES206	-3.56638	25.0851	28.6515
BLOCK00/SES001/SA001S15	SES062	-3.39403	27.5409	30.9349
BLOCK00/SES001/SA001S15	SES104	-3.84242	27.0925	30.9349
BLOCK00/SES001/SA001S15	SES106	-3.13745	27.7975	30.9349
BLOCK00/SES001/SA001S15	SES206	-2.48863	28.4463	30.9349
BLOCK00/SES001/SA001S24	SES062	-4.54258	24.0865	28.6291
BLOCK00/SES001/SA001S24	SES082	-3.58713	25.0419	28.6291
BLOCK00/SES001/SA001S24	SES087	-3.52926	25.0998	28.6291
BLOCK00/SES001/SA001S24	SES206	-2.4144	26.2147	28.6291
BLOCK00/SES001/SA001S27	SES062	-3.14916	27.5269	30.6761
BLOCK00/SES001/SA001S27	SES082	-3.18783	27.4883	30.6761
BLOCK00/SES001/SA001S27	SES087	-2.8081	27.868	30.6761
BLOCK00/SES001/SA001S27	SES206	-3.43718	27.2389	30.6761
BLOCK00/SES001/SA001S29	SES062	-4.04109	24.4626	28.5037
BLOCK00/SES001/SA001S29	SES082	-2.75606	25.7477	28.5037
BLOCK00/SES001/SA001S29	SES158	-2.12371	26.38	28.5037
BLOCK00/SES001/SA001S29	SES206	-3.09879	25.4049	28.5037
BLOCK00/SES003/SA003S11	SES002	-2.23227	26.9111	29.1433
BLOCK00/SES003/SA003S11	SES019	-3.8549	25.2884	29.1433
BLOCK00/SES003/SA003S11	SES082	-1.46261	27.6807	29.1433
BLOCK00/SES003/SA003S11	SES125	-3.08442	26.0589	29.1433
BLOCK00/SES003/SA003S15	SES016	-3.70174	27.9682	31.6699
BLOCK00/SES003/SA003S15	SES019	-3.72067	27.9493	31.6699
BLOCK00/SES003/SA003S15	SES062	-3.11042	28.5595	31.6699
BLOCK00/SES003/SA003S15	SES206	-2.96188	28.7081	31.6699
BLOCK00/SES003/SA003S22	SES002	-3.16856	26.4785	29.6471
BLOCK00/SES003/SA003S22	SES062	-1.8015	27.8456	29.6471
BLOCK00/SES003/SA003S22	SES082	-3.29862	26.3485	29.6471
BLOCK00/SES003/SA003S22	SES087	-3.22109	26.426	29.6471
BLOCK00/SES003/SA003S25	SES062	-4.14966	24.9105	29.0601
BLOCK00/SES003/SA003S25	SES082	-3.41561	25.6445	29.0601
BLOCK00/SES003/SA003S25	SES087	-2.94101	26.1191	29.0601
BLOCK00/SES003/SA003S25	SES206	-3.89973	25.1604	29.0601
BLOCK00/SES003/SA003S29	SES002	-2.56429	26.0452	28.6095
BLOCK00/SES003/SA003S29	SES062	-3.00286	25.6066	28.6095
BLOCK00/SES003/SA003S29	SES082	-2.42012	26.1894	28.6095
BLOCK00/SES003/SA003S29	SES087	-3.18238	25.4271	28.6095
BLOCK00/SES004/SA004S12	SES083	-3.29666	24.7956	28.0922
BLOCK00/SES004/SA004S12	SES148	-3.85423	24.238	28.0922
BLOCK00/SES004/SA004S12	SES172	-2.54688	25.5453	28.0922
BLOCK00/SES004/SA004S12	SES292	-3.20352	24.8887	28.0922
BLOCK00/SES004/SA004S17	SES083	-3.52983	24.4794	28.0092
BLOCK00/SES004/SA004S17	SES162	-2.30014	25.7091	28.0092
BLOCK00/SES004/SA004S17	SES172	-2.80688	25.2023	28.0092
BLOCK00/SES004/SA004S17	SES292	-3.0738	24.9354	28.0092
BLOCK00/SES004/SA004S24	SES083	-3.18561	25.0574	28.243
BLOCK00/SES004/SA004S24	SES148	-3.87986	24.3632	28.243
BLOCK00/SES004/SA004S24	SES172	-1.83243	26.4106	28.243
BLOCK00/SES004/SA004S24	SES292	-2.16494	26.0781	28.243
BLOCK00/SES004/SA004S26	SES083	-3.23091	23.7215	26.9524
BLOCK00/SES004/SA004S26	SES127	-2.50419	24.4482	26.9524
BLOCK00/SES004/SA004S26	SES148	-4.72913	22.2232	26.9524
BLOCK00/SES004/SA004S26	SES292	-3.32526	23.6271	26.9524
BLOCK00/SES004/SA004S28	SES083	-3.3424	25.0742	28.4166
BLOCK00/SES004/SA004S28	SES127	-3.28982	25.1268	28.4166
BLOCK00/SES004/SA004S28	SES187	-2.70114	25.7155	28.4166
BLOCK00/SES004/SA004S28	SES292	-4.62823	23.7884	28.4166
BLOCK00/SES006/SA006S10	SES014	-7.27339	16.7432	24.0166
BLOCK00/SES006/SA006S10	SES158	-2.90526	21.1113	24.0166
BLOCK00/SES006/SA006S10	SES226	-4.8713	19.1453	24.0166
BLOCK00/SES006/SA006S10	SES270	-2.10275	21.9138	24.0166
BLOCK00/SES006/SA006S11	SES158	-2.27326	23.4395	25.7128
BLOCK00/SES006/SA006S11	SES226	-4.07831	21.6345	25.7128
BLOCK00/SES006/SA006S11	SES270	-2.11652	23.5963	25.7128
BLOCK00/SES006/SA006S11	SES275	-3.82352	21.8893	25.7128
BLOCK00/SES006/SA006S23	SES062	-3.52135	24.8191	28.3404
BLOCK00/SES006/SA006S23	SES105	-4.68817	23.6522	28.3404
BLOCK00/SES006/SA006S23	SES158	-2.32751	26.0129	28.3404
BLOCK00/SES006/SA006S23	SES275	-3.63498	24.7054	28.3404
BLOCK00/SES006/SA006S26	SES104	-4.78089	22.8081	27.589
BLOCK00/SES006/SA006S26	SES158	-1.70604	25.8829	27.589
BLOCK00/SES006/SA006S26	SES270	-1.07958	26.5094	27.589
BLOCK00/SES006/SA006S26	SES275	-3.62495	23.964	27.589
BLOCK00/SES006/SA006S28	SES007	-4.16113	21.8792	26.0404
BLOCK00/SES006/SA006S28	SES105	-4.69258	21.3478	26.0404
BLOCK00/SES006/SA006S28	SES158	-2.98234	23.058	26.0404
BLOCK00/SES006/SA006S28	SES275	-4.66978	21.3706	26.0404
BLOCK00/SES009/SA009S12	SES083	-3.91964	26.214	30.1336
BLOCK00/SES009/SA009S12	SES148	-3.87375	26.2599	30.1336
BLOCK00/SES009/SA009S12	SES177	-2.45152	27.6821	30.1336
BLOCK00/SES009/SA009S12	SES292	-2.35035	27.7833	30.1336
BLOCK00/SES009/SA009S15	SES007	-0.886793	30.7925	31.6793
BLOCK00/SES009/SA009S15	SES099	-5.05905	26.6202	31.6793
BLOCK00/SES009/SA009S15	SES148	-4.0118	27.6675	31.6793
BLOCK00/SES009/SA009S15	SES172	-3.26772	28.4116	31.6793
BLOCK00/SES009/SA009S24	SES146	-2.47442	28.6059	31.0803
BLOCK00/SES009/SA009S24	SES148	-3.9367	27.1436	31.0803
BLOCK00/SES009/SA009S24	SES177	-1.79725	29.283	31.0803
BLOCK00/SES009/SA009S24	SES292	-2.33996	28.7403	31.0803
BLOCK00/SES009/SA009S26	SES083	-4.05479	26.0437	30.0985
BLOCK00/SES009/SA009S26	SES101	-3.16071	26.9378	30.0985
BLOCK00/SES009/SA009S26	SES120	-2.82844	27.27	30.0985
BLOCK00/SES009/SA009S26	SES177	-2.52328	27.5752	30.0985
BLOCK00/SES009/SA009S29	SES083	-3.66114	26.7387	30.3998
BLOCK00/SES009/SA009S29	SES101	-2.87058	27.5293	30.3998
BLOCK00/SES009/SA009S29	SES177	-2.24245	28.1574	30.3998
BLOCK00/SES009/SA009S29	SES292	-2.18957	28.2103	30.3998
BLOCK01/SES011/SA011S10	SES019	-2.57996	28.1604	30.7404
BLOCK01/SES011/SA011S10	SES042	-2.79815	27.9422	30.7404
BLOCK01/SES011/SA011S10	SES082	-2.9706	27.7698	30.7404
BLOCK01/SES011/SA011S10	SES206	-2.47944	28.261	30.7404
BLOCK01/SES011/SA011S11	SES019	-3.59591	24.6554	28.2513
BLOCK01/SES011/SA011S11	SES042	-3.03427	25.2171	28.2513
BLOCK01/SES011/SA011S11	SES082	-2.06937	26.182	28.2513
BLOCK01/SES011/SA011S11	SES206	-2.98653	25.2648	28.2513
BLOCK01/SES011/SA011S22	SES019	-2.16935	26.365	28.5344
BLOCK01/SES011/SA011S22	SES042	-2.63083	25.9036	28.5344
BLOCK01/SES011/SA011S22	SES082	-2.69192	25.8425	28.5344
BLOCK01/SES011/SA011S22	SES206	-3.06144	25.4729	28.5344
BLOCK01/SES011/SA011S24	SES019	-3.04979	26.5327	29.5825
BLOCK01/SES011/SA011S24	SES042	-2.24222	27.3403	29.5825
BLOCK01/SES011/SA011S24	SES104	-3.58211	26.0004	29.5825
BLOCK01/SES011/SA011S24	SES206	-2.4037	27.1788	29.5825
BLOCK01/SES011/SA011S27	SES082	-0.983706	27.66	28.6437
BLOCK01/SES011/SA011S27	SES087	-3.47675	25.167	28.6437
BLOCK01/SES011/SA011S27	SES125	-2.99084	25.6529	28.6437
BLOCK01/SES011/SA011S27	SES206	-2.98555	25.6582	28.6437
BLOCK01/SES012/SA012S11	SES007	-2.24497	30.6723	32.9173
BLOCK01/SES012/SA012S11	SES082	-2.87729	30.04	32.9173
BLOCK01/SES012/SA012S11	SES083	-3.43462	29.4826	32.9173
BLOCK01/SES012/SA012S11	SES206	-2.74163	30.1756	32.9173
BLOCK01/SES012/SA012S14	SES082	-2.06965	30.6278	32.6974
BLOCK01/SES012/SA012S14	SES087	-3.81934	28.8781	32.6974
BLOCK01/SES012/SA012S14	SES206	-2.61844	30.079	32.6974
BLOCK01/SES012/SA012S14	SES292	-3.43655	29.2609	32.6974
BLOCK01/SES012/SA012S24	SES082	-1.03581	29.6772	30.713
BLOCK01/SES012/SA012S24	SES087	-2.29508	28.4179	30.713
BLOCK01/SES012/SA012S24	SES120	-3.51119	27.2018	30.713
BLOCK01/SES012/SA012S24	SES206	-2.00377	28.7092	30.713
BLOCK01/SES012/SA012S26	SES019	-5.25289	27.1137	32.3666
BLOCK01/SES012/SA012S26	SES082	-3.15556	29.2111	32.3666
BLOCK01/SES012/SA012S26	SES206	-1.0623	31.3043	32.3666
BLOCK01/SES012/SA012S26	SES292	-2.62224	29.7444	32.3666
BLOCK01/SES012/SA012S29	SES062	-2.65421	29.659	32.3132
BLOCK01/SES012/SA012S29	SES082	-2.32129	29.9919	32.3132
BLOCK01/SES012/SA012S29	SES083	-4.18801	28.1252	32.3132
BLOCK01/SES012/SA012S29	SES206	-2.38536	29.9279	32.3132
BLOCK01/SES013/SA013S16	SES062	-4.63256	24.3182	28.9507
BLOCK01/SES013/SA013S16	SES106	-3.1543	25.7964	28.9507
BLOCK01/SES013/SA013S16	SES206	-3.35896	25.5918	28.9507
BLOCK01/SES013/SA013S16	SES226	-2.29847	26.6523	28.9507
BLOCK01/SES013/SA013S17	SES062	-4.24477	26.8632	31.1079
BLOCK01/SES013/SA013S17	SES106	-3.4836	27.6243	31.1079
BLOCK01/SES013/SA013S17	SES206	-2.0994	29.0085	31.1079
BLOCK01/SES013/SA013S17	SES226	-2.14197	28.966	31.1079
BLOCK01/SES013/SA013S23	SES104	-3.3743	26.969	30.3433
BLOCK01/SES013/SA013S23	SES106	-2.42319	27.9202	30.3433
BLOCK01/SES013/SA013S23	SES206	-2.96757	27.3758	30.3433
BLOCK01/SES013/SA013S23	SES270	-2.19151	28.1518	30.3433
BLOCK01/SES013/SA013S25	SES042	-2.67895	29.0441	31.7231
BLOCK01/SES013/SA013S25	SES104	-2.90675	28.8163	31.7231
BLOCK01/SES013/SA013S25	SES106	-2.39149	29.3316	31.7231
BLOCK01/SES013/SA013S25	SES206	-2.21311	29.51	31.7231
BLOCK01/SES013/SA013S29	SES062	-5.09027	25.352	30.4423
BLOCK01/SES013/SA013S29	SES104	-4.4021	26.0402	30.4423
BLOCK01/SES013/SA013S29	SES106	-3.16909	27.2732	30.4423
BLOCK01/SES013/SA013S29	SES206	-2.82969	27.6126	30.4423
BLOCK02/SES021/SA021S13	SES016	-5.38237	25.9557	31.338
BLOCK02/SES021/SA021S13	SES029	-2.94322	28.3948	31.338
BLOCK02/SES021/SA021S13	SES087	-3.23566	28.1024	31.338
BLOCK02/SES021/SA021S13	SES206	-3.29467	28.0434	31.338
BLOCK02/SES021/SA021S15	SES087	-2.81899	29.9277	32.7467
BLOCK02/SES021/SA021S15	SES125	-2.24375	30.503	32.7467
BLOCK02/SES021/SA021S15	SES206	-2.51637	30.2304	32.7467
BLOCK02/SES021/SA021S15	SES226	-3.66477	29.082	32.7467
BLOCK02/SES021/SA021S23	SES062	-4.54906	25.0527	29.6018
BLOCK02/SES021/SA021S23	SES087	-3.26456	26.3372	29.6018
BLOCK02/SES021/SA021S23	SES206	-2.7678	26.834	29.6018
BLOCK02/SES021/SA021S23	SES226	-2.90339	26.6984	29.6018
BLOCK02/SES021/SA021S27	SES002	-2.40527	29.781	32.1863
BLOCK02/SES021/SA021S27	SES016	-6.33461	25.8517	32.1863
BLOCK02/SES021/SA021S27	SES019	-3.5224	28.6639	32.1863
BLOCK02/SES021/SA021S27	SES062	-3.68425	28.502	32.1863
BLOCK02/SES021/SA021S29	SES087	-2.64971	28.2335	30.8832
BLOCK02/SES021/SA021S29	SES125	-1.77467	29.1085	30.8832
BLOCK02/SES021/SA021S29	SES206	-2.89808	27.9851	30.8832
BLOCK02/SES021/SA021S29	SES226	-3.52156	27.3616	30.8832
BLOCK04/SES043/SA043S09	SES083	-2.9957	25.3313	28.327
BLOCK04/SES043/SA043S09	SES101	-3.17116	25.1558	28.327
BLOCK04/SES043/SA043S09	SES144	-1.90655	26.4204	28.327
BLOCK04/SES043/SA043S09	SES172	-5.01399	23.313	28.327
BLOCK04/SES043/SA043S11	SES083	-2.28615	28.4076	30.6938
BLOCK04/SES043/SA043S11	SES101	-1.9683	28.7255	30.6938
BLOCK04/SES043/SA043S11	SES144	-1.23252	29.4612	30.6938
BLOCK04/SES043/SA043S11	SES172	-2.65502	28.0387	30.6938
BLOCK04/SES043/SA043S23	SES083	-1.98584	27.1489	29.1348
BLOCK04/SES043/SA043S23	SES144	-0.818657	28.3161	29.1348
BLOCK04/SES043/SA043S23	SES177	-1.98226	27.1525	29.1348
BLOCK04/SES043/SA043S23	SES275	-2.02688	27.1079	29.1348
BLOCK04/SES043/SA043S26	SES083	-2.38636	26.9505	29.3368
BLOCK04/SES043/SA043S26	SES101	-2.40641	26.9304	29.3368
BLOCK04/SES043/SA043S26	SES144	-1.2384	28.0984	29.3368
BLOCK04/SES043/SA043S26	SES177	-1.76096	27.5759	29.3368
BLOCK04/SES043/SA043S28	SES016	-3.24434	27.68	30.9243
BLOCK04/SES043/SA043S28	SES083	-1.83866	29.0857	30.9243
BLOCK04/SES043/SA043S28	SES101	-1.45128	29.473	30.9243
BLOCK04/SES043/SA043S28	SES144	-2.13272	28.7916	30.9243
BLOCK04/SES044/SA044S10	SES127	-3.82038	20.9828	24.8031
BLOCK04/SES044/SA044S10	SES144	-2.11005	22.6931	24.8031
BLOCK04/SES044/SA044S10	SES147	-3.01659	21.7865	24.8031
BLOCK04/SES044/SA044S10	SES148	-4.12644	20.6767	24.8031
BLOCK04/SES044/SA044S11	SES101	-2.02126	25.0668	27.088
BLOCK04/SES044/SA044S11	SES144	-1.99441	25.0936	27.088
BLOCK04/SES044/SA044S11	SES147	-3.22676	23.8613	27.088
BLOCK04/SES044/SA044S11	SES177	-3.49889	23.5891	27.088
BLOCK04/SES044/SA044S24	SES007	-4.10668	24.4904	28.5971
BLOCK04/SES044/SA044S24	SES101	-2.51643	26.0806	28.5971
BLOCK04/SES044/SA044S24	SES147	-3.85334	24.7437	28.5971
BLOCK04/SES044/SA044S24	SES177	-2.87922	25.7178	28.5971
BLOCK04/SES044/SA044S26	SES007	-3.63605	23.9266	27.5626
BLOCK04/SES044/SA044S26	SES016	-2.67737	24.8852	27.5626
BLOCK04/SES044/SA044S26	SES101	-2.90384	24.6588	27.5626
BLOCK04/SES044/SA044S26	SES147	-2.22879	25.3338	27.5626
BLOCK04/SES044/SA044S29	SES007	-3.95537	24.259	28.2144
BLOCK04/SES044/SA044S29	SES101	-1.70813	26.5062	28.2144
BLOCK04/SES044/SA044S29	SES147	-2.93587	25.2785	28.2144
BLOCK04/SES044/SA044S29	SES177	-2.18124	26.0331	28.2144
BLOCK04/SES046/SA046S13	SES101	-3.01747	23.5679	26.5854
BLOCK04/SES046/SA046S13	SES144	-1.90476	24.6806	26.5854
BLOCK04/SES046/SA046S13	SES147	-3.09558	23.4898	26.5854
BLOCK04/SES046/SA046S13	SES177	-2.22012	24.3653	26.5854
BLOCK04/SES046/SA046S15	SES048	-1.78829	28.8863	30.6746
BLOCK04/SES046/SA046S15	SES083	-2.14018	28.5344	30.6746
BLOCK04/SES046/SA046S15	SES120	-4.92888	25.7457	30.6746
BLOCK04/SES046/SA046S15	SES148	-3.56674	27.1078	30.6746
BLOCK04/SES046/SA046S22	SES101	-1.6721	26.7849	28.457
BLOCK04/SES046/SA046S22	SES144	-2.23961	26.2174	28.457
BLOCK04/SES046/SA046S22	SES147	-3.49939	24.9576	28.457
BLOCK04/SES046/SA046S22	SES172	-2.75809	25.6989	28.457
BLOCK04/SES046/SA046S25	SES083	-2.13177	25.2506	27.3824
BLOCK04/SES046/SA046S25	SES127	-2.66891	24.7135	27.3824
BLOCK04/SES046/SA046S25	SES144	-2.93319	24.4492	27.3824
BLOCK04/SES046/SA046S25	SES148	-3.32997	24.0524	27.3824
BLOCK04/SES046/SA046S28	SES007	-4.29439	24.772	29.0664
BLOCK04/SES046/SA046S28	SES105	-3.53963	25.5267	29.0664
BLOCK04/SES046/SA046S28	SES147	-2.34015	26.7262	29.0664
BLOCK04/SES046/SA046S28	SES148	-2.63082	26.4356	29.0664
BLOCK04/SES049/SA049S16	SES104	-5.27671	24.1483	29.425
BLOCK04/SES049/SA049S16	SES106	-4.42653	24.9985	29.425
BLOCK04/SES049/SA049S16	SES120	-3.97713	25.4479	29.425
BLOCK04/SES049/SA049S16	SES206	-3.53522	25.8898	29.425
BLOCK04/SES049/SA049S18	SES099	-2.03848	26.5386	28.5771
BLOCK04/SES049/SA049S18	SES104	-3.05843	25.5186	28.5771
BLOCK04/SES049/SA049S18	SES125	-3.90943	24.6676	28.5771
BLOCK04/SES049/SA049S18	SES206	-2.30865	26.2684	28.5771
BLOCK04/SES049/SA049S25	SES087	-3.34756	27.0512	30.3987
BLOCK04/SES049/SA049S25	SES104	-1.65552	28.7432	30.3987
BLOCK04/SES049/SA049S25	SES125	-3.8993	26.4994	30.3987
BLOCK04/SES049/SA049S25	SES206	-2.0307	28.368	30.3987
BLOCK04/SES049/SA049S27	SES099	-2.58625	26.629	29.2152
BLOCK04/SES049/SA049S27	SES104	-2.83022	26.385	29.2152
BLOCK04/SES049/SA049S27	SES125	-3.41661	25.7986	29.2152
BLOCK04/SES049/SA049S27	SES206	-2.65166	26.5635	29.2152
BLOCK04/SES049/SA049S29	SES099	-2.27255	28.7884	31.061
BLOCK04/SES049/SA049S29	SES104	-2.51629	28.5447	31.061
BLOCK04/SES049/SA049S29	SES125	-2.98475	28.0762	31.061
BLOCK04/SES049/SA049S29	SES206	-1.87561	29.1854	31.061
BLOCK06/SES063/SA063S09	SES068	-3.1565	28.1051	31.2616
BLOCK06/SES063/SA063S09	SES083	-1.40998	29.8517	31.2616
BLOCK06/SES063/SA063S09	SES177	-1.73447	29.5272	31.2616
BLOCK06/SES063/SA063S09	SES187	-2.37171	28.8899	31.2616
BLOCK06/SES063/SA063S10	SES068	-2.39724	27.3529	29.7501
BLOCK06/SES063/SA063S10	SES083	-1.0507	28.6994	29.7501
BLOCK06/SES063/SA063S10	SES172	-1.63506	28.115	29.7501
BLOCK06/SES063/SA063S10	SES187	-2.52736	27.2227	29.7501
BLOCK06/SES063/SA063S20	SES068	-3.74663	24.9288	28.6754
BLOCK06/SES063/SA063S20	SES083	-2.61241	26.063	28.6754
BLOCK06/SES063/SA063S20	SES172	-2.40075	26.2747	28.6754
BLOCK06/SES063/SA063S20	SES187	-1.7571	26.9183	28.6754
BLOCK06/SES063/SA063S24	SES029	-3.41951	25.9689	29.3884
BLOCK06/SES063/SA063S24	SES083	-2.82084	26.5676	29.3884
BLOCK06/SES063/SA063S24	SES177	-1.54303	27.8454	29.3884
BLOCK06/SES063/SA063S24	SES189	-3.08073	26.3077	29.3884
BLOCK06/SES063/SA063S27	SES083	-2.40688	26.364	28.7709
BLOCK06/SES063/SA063S27	SES172	-1.94117	26.8298	28.7709
BLOCK06/SES063/SA063S27	SES187	-1.69882	27.0721	28.7709
BLOCK06/SES063/SA063S27	SES292	-4.03216	24.7388	28.7709
BLOCK06/SES067/SA067S12	SES083	-3.6452	26.3511	29.9963
BLOCK06/SES067/SA067S12	SES172	-3.71023	26.286	29.9963
BLOCK06/SES067/SA067S12	SES202	-2.20895	27.7873	29.9963
BLOCK06/SES067/SA067S12	SES292	-3.75056	26.2457	29.9963
BLOCK06/SES067/SA067S14	SES085	-3.11679	28.3033	31.4201
BLOCK06/SES067/SA067S14	SES177	-3.78951	27.6306	31.4201
BLOCK06/SES067/SA067S14	SES183	-3.64469	27.7754	31.4201
BLOCK06/SES067/SA067S14	SES202	-2.43006	28.99	31.4201
BLOCK06/SES067/SA067S21	SES144	-1.64765	27.0801	28.7278
BLOCK06/SES067/SA067S21	SES177	-1.8325	26.8953	28.7278
BLOCK06/SES067/SA067S21	SES183	-2.40466	26.3231	28.7278
BLOCK06/SES067/SA067S21	SES189	-1.35352	27.3743	28.7278
BLOCK06/SES067/SA067S25	SES085	-2.03511	26.9396	28.9747
BLOCK06/SES067/SA067S25	SES177	-2.41856	26.5561	28.9747
BLOCK06/SES067/SA067S25	SES183	-1.91342	27.0613	28.9747
BLOCK06/SES067/SA067S25	SES202	-2.19186	26.7828	28.9747
BLOCK06/SES067/SA067S29	SES085	-2.2314	27.7802	30.0116
BLOCK06/SES067/SA067S29	SES177	-2.86613	27.1455	30.0116
BLOCK06/SES067/SA067S29	SES183	-1.80997	28.2016	30.0116
BLOCK06/SES067/SA067S29	SES202	-1.32462	28.687	30.0116
BLOCK06/SES069/SA069S12	SES029	-4.03752	27.2928	31.3304
BLOCK06/SES069/SA069S12	SES082	-1.48744	29.8429	31.3304
BLOCK06/SES069/SA069S12	SES087	-2.96786	28.3625	31.3304
BLOCK06/SES069/SA069S12	SES206	-2.14559	29.1848	31.3304
BLOCK06/SES069/SA069S13	SES029	-4.07927	26.8166	30.8958
BLOCK06/SES069/SA069S13	SES087	-2.19702	28.6988	30.8958
BLOCK06/SES069/SA069S13	SES206	-2.22587	28.67	30.8958
BLOCK06/SES069/SA069S13	SES226	-1.71798	29.1779	30.8958
BLOCK06/SES069/SA069S23	SES029	-2.67792	31.3644	34.0423
BLOCK06/SES069/SA069S23	SES087	-2.16637	31.876	34.0423
BLOCK06/SES069/SA069S23	SES206	-3.26458	30.7778	34.0423
BLOCK06/SES069/SA069S23	SES226	-1.88174	32.1606	34.0423
BLOCK06/SES069/SA069S25	SES087	-2.10515	29.7422	31.8474
BLOCK06/SES069/SA069S25	SES206	-4.07955	27.7678	31.8474
BLOCK06/SES069/SA069S25	SES226	-1.96313	29.8843	31.8474
BLOCK06/SES069/SA069S25	SES270	-3.37622	28.4712	31.8474
BLOCK06/SES069/SA069S27	SES087	-3.45811	28.4185	31.8766
BLOCK06/SES069/SA069S27	SES206	-1.3375	30.5391	31.8766
BLOCK06/SES069/SA069S27	SES226	-1.23345	30.6432	31.8766
BLOCK06/SES069/SA069S27	SES270	-2.25208	29.6246	31.8766
BLOCK08/SES081/SA081S11	SES060	-3.40064	24.5452	27.9459
BLOCK08/SES081/SA081S11	SES062	-3.88385	24.062	27.9459
BLOCK08/SES081/SA081S11	SES117	-4.12927	23.8166	27.9459
BLOCK08/SES081/SA081S11	SES162	-3.1263	24.8196	27.9459
BLOCK08/SES081/SA081S13	SES016	-2.58962	27.8664	30.456
BLOCK08/SES081/SA081S13	SES060	-1.37823	29.0778	30.456
BLOCK08/SES081/SA081S13	SES068	-1.89483	28.5612	30.456
BLOCK08/SES081/SA081S13	SES129	-3.58893	26.8671	30.456
BLOCK08/SES081/SA081S24	SES060	-2.9825	25.8622	28.8447
BLOCK08/SES081/SA081S24	SES068	-2.66183	26.1829	28.8447
BLOCK08/SES081/SA081S24	SES117	-3.84838	24.9963	28.8447
BLOCK08/SES081/SA081S24	SES275	-4.01531	24.8294	28.8447
BLOCK08/SES081/SA081S27	SES007	-2.2178	25.531	27.7488
BLOCK08/SES081/SA081S27	SES060	-3.36713	24.3817	27.7488
BLOCK08/SES081/SA081S27	SES117	-2.07287	25.676	27.7488
BLOCK08/SES081/SA081S27	SES275	-2.71499	25.0338	27.7488
BLOCK08/SES081/SA081S29	SES007	-2.76465	26.7187	29.4833
BLOCK08/SES081/SA081S29	SES060	-2.35689	27.1264	29.4833
BLOCK08/SES081/SA081S29	SES117	-2.79441	26.6889	29.4833
BLOCK08/SES081/SA081S29	SES275	-3.03269	26.4506	29.4833
BLOCK08/SES086/SA086S11	SES029	-5.00118	24.9164	29.9176
BLOCK08/SES086/SA086S11	SES082	-2.18169	27.7359	29.9176
BLOCK08/SES086/SA086S11	SES087	-1.76563	28.1519	29.9176
BLOCK08/SES086/SA086S11	SES206	-2.99271	26.9248	29.9176
BLOCK08/SES086/SA086S12	SES029	-3.63592	27.6298	31.2657
BLOCK08/SES086/SA086S12	SES082	-2.96973	28.2959	31.2657
BLOCK08/SES086/SA086S12	SES087	-1.28792	29.9778	31.2657
BLOCK08/SES086/SA086S12	SES206	-2.64845	28.6172	31.2657
BLOCK08/SES086/SA086S20	SES029	-4.87048	27.1135	31.984
BLOCK08/SES086/SA086S20	SES082	-3.52084	28.4632	31.984
BLOCK08/SES086/SA086S20	SES087	-1.15256	30.8314	31.984
BLOCK08/SES086/SA086S20	SES206	-1.7824	30.2016	31.984
BLOCK08/SES086/SA086S24	SES087	-1.56591	29.534	31.0999
BLOCK08/SES086/SA086S24	SES104	-3.28549	27.8144	31.0999
BLOCK08/SES086/SA086S24	SES120	-4.27846	26.8214	31.0999
BLOCK08/SES086/SA086S24	SES206	-1.07911	30.0208	31.0999
BLOCK08/SES086/SA086S28	SES029	-3.57492	27.2481	30.823
BLOCK08/SES086/SA086S28	SES082	-2.84696	27.976	30.823
BLOCK08/SES086/SA086S28	SES087	-1.47744	29.3455	30.823
BLOCK08/SES086/SA086S28	SES206	-1.83816	28.9848	30.823
BLOCK08/SES089/SA089S13	SES087	-2.6082	26.5137	29.1219
BLOCK08/SES089/SA089S13	SES206	-3.15174	25.9701	29.1219
BLOCK08/SES089/SA089S13	SES226	-2.72151	26.4004	29.1219
BLOCK08/SES089/SA089S13	SES270	-4.36512	24.7568	29.1219
BLOCK08/SES089/SA089S14	SES062	-3.14407	26.9276	30.0716
BLOCK08/SES089/SA089S14	SES087	-1.77992	28.2917	30.0716
BLOCK08/SES089/SA089S14	SES206	-2.60009	27.4715	30.0716
BLOCK08/SES089/SA089S14	SES226	-2.43881	27.6328	30.0716
BLOCK08/SES089/SA089S23	SES087	-2.06763	24.6714	26.739
BLOCK08/SES089/SA089S23	SES206	-3.01968	23.7194	26.739
BLOCK08/SES089/SA089S23	SES226	-2.452	24.287	26.739
BLOCK08/SES089/SA089S23	SES270	-3.32352	23.4155	26.739
BLOCK08/SES089/SA089S25	SES062	-3.72112	25.9819	29.703
BLOCK08/SES089/SA089S25	SES087	-2.76458	26.9384	29.703
BLOCK08/SES089/SA089S25	SES206	-4.52348	25.1795	29.703
BLOCK08/SES089/SA089S25	SES226	-2.08864	27.6143	29.703
BLOCK08/SES089/SA089S28	SES062	-3.00053	27.0038	30.0043
BLOCK08/SES089/SA089S28	SES087	-1.78847	28.2159	30.0043
BLOCK08/SES089/SA089S28	SES206	-2.56374	27.4406	30.0043
BLOCK08/SES089/SA089S28	SES226	-1.57757	28.4268	30.0043
BLOCK09/SES097/SA097S11	SES099	-1.28098	27.9368	29.2177
BLOCK09/SES097/SA097S11	SES125	-3.19199	26.0258	29.2177
BLOCK09/SES097/SA097S11	SES206	-2.83325	26.3845	29.2177
BLOCK09/SES097/SA097S11	SES226	-1.53429	27.6835	29.2177
BLOCK09/SES097/SA097S14	SES062	-3.13743	25.3119	28.4494
BLOCK09/SES097/SA097S14	SES099	-1.90301	26.5464	28.4494
BLOCK09/SES097/SA097S14	SES104	-2.77957	25.6698	28.4494
BLOCK09/SES097/SA097S14	SES206	-3.38876	25.0606	28.4494
BLOCK09/SES097/SA097S22	SES099	-0.570982	28.354	28.9249
BLOCK09/SES097/SA097S22	SES206	-2.46974	26.4552	28.9249
BLOCK09/SES097/SA097S22	SES226	-3.21717	25.7078	28.9249
BLOCK09/SES097/SA097S22	SES270	-1.34384	27.5811	28.9249
BLOCK09/SES097/SA097S26	SES099	-1.01647	28.9394	29.9558
BLOCK09/SES097/SA097S26	SES120	-2.61361	27.3422	29.9558
BLOCK09/SES097/SA097S26	SES206	-3.01341	26.9424	29.9558
BLOCK09/SES097/SA097S26	SES226	-3.82353	26.1323	29.9558
BLOCK09/SES097/SA097S28	SES099	-2.09829	27.5338	29.6321
BLOCK09/SES097/SA097S28	SES120	-2.97099	26.6611	29.6321
BLOCK09/SES097/SA097S28	SES206	-3.73987	25.8922	29.6321
BLOCK09/SES097/SA097S28	SES226	-4.78241	24.8497	29.6321
BLOCK09/SES098/SA098S11	SES127	-3.76878	22.9355	26.7043
BLOCK09/SES098/SA098S11	SES144	-2.74525	23.959	26.7043
BLOCK09/SES098/SA098S11	SES147	-1.85632	24.8479	26.7043
BLOCK09/SES098/SA098S11	SES148	-5.2039	21.5004	26.7043
BLOCK09/SES098/SA098S12	SES127	-6.10233	17.9989	24.1012
BLOCK09/SES098/SA098S12	SES144	-3.81272	20.2885	24.1012
BLOCK09/SES098/SA098S12	SES147	-3.00807	21.0932	24.1012
BLOCK09/SES098/SA098S12	SES189	-2.77414	21.3271	24.1012
BLOCK09/SES098/SA098S20	SES127	-6.40867	19.7148	26.1234
BLOCK09/SES098/SA098S20	SES147	-2.0011	24.1223	26.1234
BLOCK09/SES098/SA098S20	SES148	-7.44812	18.6753	26.1234
BLOCK09/SES098/SA098S20	SES292	-6.46666	19.6568	26.1234
BLOCK09/SES098/SA098S23	SES127	-3.59307	23.8399	27.4329
BLOCK09/SES098/SA098S23	SES147	-1.55935	25.8736	27.4329
BLOCK09/SES098/SA098S23	SES187	-2.31755	25.1154	27.4329
BLOCK09/SES098/SA098S23	SES292	-4.4069	23.026	27.4329
BLOCK09/SES098/SA098S27	SES127	-3.57768	22.6691	26.2468
BLOCK09/SES098/SA098S27	SES147	-2.84975	23.397	26.2468
BLOCK09/SES098/SA098S27	SES148	-4.68157	21.5652	26.2468
BLOCK09/SES098/SA098S27	SES292	-2.71967	23.5271	26.2468
BLOCK10/SES102/SA102S13	SES101	-1.25581	26.6086	27.8644
BLOCK10/SES102/SA102S13	SES105	-1.93817	25.9262	27.8644
BLOCK10/SES102/SA102S13	SES120	-2.48883	25.3755	27.8644
BLOCK10/SES102/SA102S13	SES158	-5.42811	22.4363	27.8644
BLOCK10/SES102/SA102S14	SES007	-2.04142	27.944	29.9854
BLOCK10/SES102/SA102S14	SES101	-1.30587	28.6796	29.9854
BLOCK10/SES102/SA102S14	SES105	-1.73778	28.2477	29.9854
BLOCK10/SES102/SA102S14	SES147	-4.23643	25.749	29.9854
BLOCK10/SES102/SA102S22	SES007	-2.1857	28.1826	30.3683
BLOCK10/SES102/SA102S22	SES101	-1.17492	29.1934	30.3683
BLOCK10/SES102/SA102S22	SES105	-1.66989	28.6984	30.3683
BLOCK10/SES102/SA102S22	SES158	-4.10366	26.2646	30.3683
BLOCK10/SES102/SA102S25	SES007	-2.15771	28.674	30.8317
BLOCK10/SES102/SA102S25	SES101	-0.820868	30.0109	30.8317
BLOCK10/SES102/SA102S25	SES105	-2.43293	28.3988	30.8317
BLOCK10/SES102/SA102S25	SES147	-4.36399	26.4678	30.8317
BLOCK10/SES102/SA102S27	SES007	-2.367	26.5564	28.9234
BLOCK10/SES102/SA102S27	SES101	-1.16736	27.756	28.9234
BLOCK10/SES102/SA102S27	SES105	-2.32822	26.5952	28.9234
BLOCK10/SES102/SA102S27	SES147	-3.48173	25.4417	28.9234
BLOCK10/SES103/SA103S14	SES105	-3.78313	25.5259	29.309
BLOCK10/SES103/SA103S14	SES106	-2.90149	26.4075	29.309
BLOCK10/SES103/SA103S14	SES120	-3.78646	25.5225	29.309
BLOCK10/SES103/SA103S14	SES206	-3.80432	25.5047	29.309
BLOCK10/SES103/SA103S15	SES099	-3.12231	23.623	26.7453
BLOCK10/SES103/SA103S15	SES101	-5.56031	21.185	26.7453
BLOCK10/SES103/SA103S15	SES104	-3.49211	23.2532	26.7453
BLOCK10/SES103/SA103S15	SES125	-2.94221	23.8031	26.7453
BLOCK10/SES103/SA103S24	SES104	-2.65355	27.39	30.0436
BLOCK10/SES103/SA103S24	SES125	-3.01223	27.0314	30.0436
BLOCK10/SES103/SA103S24	SES148	-4.68827	25.3553	30.0436
BLOCK10/SES103/SA103S24	SES158	-2.02494	28.0186	30.0436
BLOCK10/SES103/SA103S26	SES104	-3.20759	24.9042	28.1118
BLOCK10/SES103/SA103S26	SES106	-2.25441	25.8574	28.1118
BLOCK10/SES103/SA103S26	SES125	-3.3059	24.8059	28.1118
BLOCK10/SES103/SA103S26	SES148	-5.60198	22.5098	28.1118
BLOCK10/SES103/SA103S28	SES104	-4.47595	21.8501	26.3261
BLOCK10/SES103/SA103S28	SES106	-2.50815	23.8179	26.3261
BLOCK10/SES103/SA103S28	SES125	-4.14307	22.183	26.3261
BLOCK10/SES103/SA103S28	SES206	-4.9756	21.3505	26.3261
BLOCK12/SES121/SA121S12	SES042	-4.27595	20.9791	25.255
BLOCK12/SES121/SA121S12	SES087	-3.46023	21.7948	25.255
BLOCK12/SES121/SA121S12	SES105	-2.52542	22.7296	25.255
BLOCK12/SES121/SA121S12	SES206	-3.29478	21.9602	25.255
BLOCK12/SES121/SA121S14	SES007	-3.21811	23.4107	26.6288
BLOCK12/SES121/SA121S14	SES105	-2.91473	23.7141	26.6288
BLOCK12/SES121/SA121S14	SES106	-3.76511	22.8637	26.6288
BLOCK12/SES121/SA121S14	SES206	-3.87691	22.7519	26.6288
BLOCK12/SES121/SA121S23	SES105	-2.57073	22.3199	24.8906
BLOCK12/SES121/SA121S23	SES106	-3.51141	21.3792	24.8906
BLOCK12/SES121/SA121S23	SES120	-3.10332	21.7873	24.8906
BLOCK12/SES121/SA121S23	SES206	-3.44589	21.4447	24.8906
BLOCK12/SES121/SA121S25	SES007	-2.86075	21.8448	24.7055
BLOCK12/SES121/SA121S25	SES105	-2.91968	21.7859	24.7055
BLOCK12/SES121/SA121S25	SES106	-4.3101	20.3954	24.7055
BLOCK12/SES121/SA121S25	SES206	-4.77878	19.9268	24.7055
BLOCK12/SES121/SA121S27	SES087	-2.64554	24.2102	26.8558
BLOCK12/SES121/SA121S27	SES105	-4.46217	22.3936	26.8558
BLOCK12/SES121/SA121S27	SES120	-2.4206	24.4352	26.8558
BLOCK12/SES121/SA121S27	SES206	-3.06492	23.7908	26.8558
BLOCK12/SES124/SA124S16	SES042	-1.07525	27.7823	28.8576
BLOCK12/SES124/SA124S16	SES082	-2.22719	26.6304	28.8576
BLOCK12/SES124/SA124S16	SES183	-4.12896	24.7286	28.8576
BLOCK12/SES124/SA124S16	SES206	-3.32509	25.5325	28.8576
BLOCK12/SES124/SA124S17	SES105	-3.41857	23.3004	26.719
BLOCK12/SES124/SA124S17	SES149	-5.45847	21.2605	26.719
BLOCK12/SES124/SA124S17	SES158	-4.11525	22.6037	26.719
BLOCK12/SES124/SA124S17	SES275	-2.46173	24.2573	26.719
BLOCK12/SES124/SA124S23	SES105	-4.37699	26.2575	30.6345
BLOCK12/SES124/SA124S23	SES125	-1.52001	29.1145	30.6345
BLOCK12/SES124/SA124S23	SES129	-3.79607	26.8384	30.6345
BLOCK12/SES124/SA124S23	SES158	-1.74947	28.885	30.6345
BLOCK12/SES124/SA124S26	SES105	-5.23717	24.4909	29.7281
BLOCK12/SES124/SA124S26	SES125	-2.72943	26.9987	29.7281
BLOCK12/SES124/SA124S26	SES129	-4.15272	25.5754	29.7281
BLOCK12/SES124/SA124S26	SES158	-2.60978	27.1183	29.7281
BLOCK12/SES124/SA124S28	SES104	-2.46332	28.1033	30.5666
BLOCK12/SES124/SA124S28	SES106	-2.89903	27.6676	30.5666
BLOCK12/SES124/SA124S28	SES125	-1.4837	29.0829	30.5666
BLOCK12/SES124/SA124S28	SES275	-4.06897	26.4976	30.5666
BLOCK12/SES126/SA126S13	SES007	-3.38466	24.0641	27.4488
BLOCK12/SES126/SA126S13	SES162	-2.8893	24.5595	27.4488
BLOCK12/SES126/SA126S13	SES177	-1.84057	25.6082	27.4488
BLOCK12/SES126/SA126S13	SES180	-3.29457	24.1542	27.4488
BLOCK12/SES126/SA126S14	SES144	-3.12959	26.8345	29.9641
BLOCK12/SES126/SA126S14	SES148	-3.27276	26.6913	29.9641
BLOCK12/SES126/SA126S14	SES177	-1.61523	28.3488	29.9641
BLOCK12/SES126/SA126S14	SES180	-3.53871	26.4253	29.9641
BLOCK12/SES126/SA126S20	SES007	-4.67128	23.8162	28.4875
BLOCK12/SES126/SA126S20	SES162	-4.33908	24.1484	28.4875
BLOCK12/SES126/SA126S20	SES172	-6.82678	21.6608	28.4875
BLOCK12/SES126/SA126S20	SES180	-4.1077	24.3798	28.4875
BLOCK12/SES126/SA126S24	SES120	-2.40076	27.2534	29.6541
BLOCK12/SES126/SA126S24	SES162	-3.31382	26.3403	29.6541
BLOCK12/SES126/SA126S24	SES177	-2.1023	27.5518	29.6541
BLOCK12/SES126/SA126S24	SES180	-2.69418	26.9599	29.6541
BLOCK12/SES126/SA126S26	SES120	-1.85168	25.836	27.6876
BLOCK12/SES126/SA126S26	SES177	-2.24546	25.4422	27.6876
BLOCK12/SES126/SA126S26	SES180	-3.53142	24.1562	27.6876
BLOCK12/SES126/SA126S26	SES202	-3.70629	23.9813	27.6876
BLOCK12/SES128/SA128S10	SES087	-3.96821	25.9058	29.874
BLOCK12/SES128/SA128S10	SES206	-2.70567	27.1684	29.874
BLOCK12/SES128/SA128S10	SES226	-2.52294	27.3511	29.874
BLOCK12/SES128/SA128S10	SES270	-2.25534	27.6187	29.874
BLOCK12/SES128/SA128S12	SES120	-2.57659	26.8963	29.4729
BLOCK12/SES128/SA128S12	SES158	-2.94146	26.5314	29.4729
BLOCK12/SES128/SA128S12	SES206	-2.39775	27.0751	29.4729
BLOCK12/SES128/SA128S12	SES226	-2.91607	26.5568	29.4729
BLOCK12/SES128/SA128S21	SES106	-5.56923	21.9571	27.5263
BLOCK12/SES128/SA128S21	SES120	-3.84672	23.6796	27.5263
BLOCK12/SES128/SA128S21	SES206	-3.75264	23.7736	27.5263
BLOCK12/SES128/SA128S21	SES226	-3.01296	24.5133	27.5263
BLOCK12/SES128/SA128S24	SES087	-3.31153	25.1389	28.4505
BLOCK12/SES128/SA128S24	SES120	-2.12854	26.3219	28.4505
BLOCK12/SES128/SA128S24	SES206	-2.62597	25.8245	28.4505
BLOCK12/SES128/SA128S24	SES226	-3.25726	25.1932	28.4505
BLOCK12/SES128/SA128S27	SES099	-2.44265	27.6917	30.1343
BLOCK12/SES128/SA128S27	SES120	-2.66397	27.4704	30.1343
BLOCK12/SES128/SA128S27	SES206	-2.62201	27.5123	30.1343
BLOCK12/SES128/SA128S27	SES226	-3.17999	26.9543	30.1343
BLOCK13/SES130/SA130S13	SES143	-2.3587	25.7867	28.1454
BLOCK13/SES130/SA130S13	SES144	-1.17387	26.9716	28.1454
BLOCK13/SES130/SA130S13	SES146	-1.27888	26.8665	28.1454
BLOCK13/SES130/SA130S13	SES275	-3.92348	24.2219	28.1454
BLOCK13/SES130/SA130S15	SES143	-3.18307	26.7849	29.9679
BLOCK13/SES130/SA130S15	SES144	-1.65064	28.3173	29.9679
BLOCK13/SES130/SA130S15	SES146	-1.87319	28.0947	29.9679
BLOCK13/SES130/SA130S15	SES275	-2.82585	27.1421	29.9679
BLOCK13/SES130/SA130S23	SES127	-4.8735	23.2538	28.1273
BLOCK13/SES130/SA130S23	SES144	-3.01975	25.1076	28.1273
BLOCK13/SES130/SA130S23	SES146	-2.04417	26.0831	28.1273
BLOCK13/SES130/SA130S23	SES162	-2.54683	25.5805	28.1273
BLOCK13/SES130/SA130S25	SES127	-3.40273	26.2762	29.679
BLOCK13/SES130/SA130S25	SES144	-1.53177	28.1472	29.679
BLOCK13/SES130/SA130S25	SES146	-1.41986	28.2591	29.679
BLOCK13/SES130/SA130S25	SES275	-1.78783	27.8911	29.679
BLOCK13/SES130/SA130S28	SES127	-2.49754	26.1227	28.6203
BLOCK13/SES130/SA130S28	SES144	-1.72919	26.8911	28.6203
BLOCK13/SES130/SA130S28	SES146	-2.0566	26.5637	28.6203
BLOCK13/SES130/SA130S28	SES275	-1.34954	27.2707	28.6203
BLOCK13/SES131/SA131S13	SES002	-2.6178	24.4776	27.0954
BLOCK13/SES131/SA131S13	SES007	-3.69032	23.4051	27.0954
BLOCK13/SES131/SA131S13	SES099	-4.1371	22.9583	27.0954
BLOCK13/SES131/SA131S13	SES105	-3.1316	23.9638	27.0954
BLOCK13/SES131/SA131S14	SES104	-1.37447	27.6023	28.9768
BLOCK13/SES131/SA131S14	SES106	-2.81342	26.1634	28.9768
BLOCK13/SES131/SA131S14	SES125	-3.63589	25.3409	28.9768
BLOCK13/SES131/SA131S14	SES148	-3.29377	25.683	28.9768
BLOCK13/SES131/SA131S20	SES104	-3.80998	22.6477	26.4577
BLOCK13/SES131/SA131S20	SES106	-3.19951	23.2581	26.4577
BLOCK13/SES131/SA131S20	SES125	-4.78154	21.6761	26.4577
BLOCK13/SES131/SA131S20	SES148	-3.5099	22.9477	26.4577
BLOCK13/SES131/SA131S22	SES099	-3.30878	25.2037	28.5124
BLOCK13/SES131/SA131S22	SES104	-3.17396	25.3385	28.5124
BLOCK13/SES131/SA131S22	SES125	-4.0137	24.4987	28.5124
BLOCK13/SES131/SA131S22	SES206	-3.79575	24.7167	28.5124
BLOCK13/SES131/SA131S29	SES087	-3.1237	24.2375	27.3612
BLOCK13/SES131/SA131S29	SES104	-3.98158	23.3796	27.3612
BLOCK13/SES131/SA131S29	SES125	-4.52264	22.8385	27.3612
BLOCK13/SES131/SA131S29	SES206	-3.3868	23.9744	27.3612
BLOCK13/SES132/SA132S11	SES083	-3.50617	26.8013	30.3074
BLOCK13/SES132/SA132S11	SES120	-1.11774	29.1897	30.3074
BLOCK13/SES132/SA132S11	SES127	-2.25418	28.0533	30.3074
BLOCK13/SES132/SA132S11	SES275	-2.78699	27.5204	30.3074
BLOCK13/SES132/SA132S12	SES083	-3.29749	27.674	30.9715
BLOCK13/SES132/SA132S12	SES143	-2.5054	28.4661	30.9715
BLOCK13/SES132/SA132S12	SES144	-2.88612	28.0854	30.9715
BLOCK13/SES132/SA132S12	SES148	-2.69783	28.2737	30.9715
BLOCK13/SES132/SA132S22	SES062	-1.7526	27.5918	29.3444
BLOCK13/SES132/SA132S22	SES083	-2.7702	26.5742	29.3444
BLOCK13/SES132/SA132S22	SES127	-1.58407	27.7604	29.3444
BLOCK13/SES132/SA132S22	SES275	-1.6688	27.6756	29.3444
BLOCK13/SES132/SA132S24	SES007	-2.57463	28.4663	31.0409
BLOCK13/SES132/SA132S24	SES083	-3.50392	27.537	31.0409
BLOCK13/SES132/SA132S24	SES127	-2.78177	28.2591	31.0409
BLOCK13/SES132/SA132S24	SES275	-2.69833	28.3426	31.0409
BLOCK13/SES132/SA132S27	SES083	-3.22346	25.9249	29.1484
BLOCK13/SES132/SA132S27	SES120	-1.10246	28.0459	29.1484
BLOCK13/SES132/SA132S27	SES127	-2.68498	26.4634	29.1484
BLOCK13/SES132/SA132S27	SES275	-3.06603	26.0823	29.1484
BLOCK14/SES141/SA141S09	SES143	-2.35441	26.8885	29.2429
BLOCK14/SES141/SA141S09	SES144	-1.94109	27.3018	29.2429
BLOCK14/SES141/SA141S09	SES162	-2.27073	26.9722	29.2429
BLOCK14/SES141/SA141S09	SES180	-2.47472	26.7682	29.2429
BLOCK14/SES141/SA141S15	SES127	-3.07767	25.7515	28.8292
BLOCK14/SES141/SA141S15	SES144	-2.89592	25.9332	28.8292
BLOCK14/SES141/SA141S15	SES162	-2.05894	26.7702	28.8292
BLOCK14/SES141/SA141S15	SES180	-2.84825	25.9809	28.8292
BLOCK14/SES141/SA141S24	SES127	-2.9149	26.7347	29.6496
BLOCK14/SES141/SA141S24	SES144	-3.31663	26.333	29.6496
BLOCK14/SES141/SA141S24	SES162	-2.46854	27.1811	29.6496
BLOCK14/SES141/SA141S24	SES183	-3.48484	26.1648	29.6496
BLOCK14/SES141/SA141S26	SES142	-2.47033	26.1809	28.6512
BLOCK14/SES141/SA141S26	SES144	-3.04074	25.6105	28.6512
BLOCK14/SES141/SA141S26	SES172	-2.65471	25.9965	28.6512
BLOCK14/SES141/SA141S26	SES180	-2.93195	25.7193	28.6512
BLOCK14/SES141/SA141S29	SES127	-1.92906	26.9748	28.9039
BLOCK14/SES141/SA141S29	SES142	-1.27855	27.6253	28.9039
BLOCK14/SES141/SA141S29	SES144	-2.95028	25.9536	28.9039
BLOCK14/SES141/SA141S29	SES180	-1.8924	27.0115	28.9039
BLOCK15/SES157/SA157S08	SES083	-3.4099	26.2756	29.6855
BLOCK15/SES157/SA157S08	SES127	-2.63662	27.0489	29.6855
BLOCK15/SES157/SA157S08	SES148	-2.66993	27.0155	29.6855
BLOCK15/SES157/SA157S08	SES292	-2.52788	27.1576	29.6855
BLOCK15/SES157/SA157S11	SES083	-4.06318	26.2759	30.3391
BLOCK15/SES157/SA157S11	SES127	-2.97067	27.3684	30.3391
BLOCK15/SES157/SA157S11	SES148	-2.85645	27.4827	30.3391
BLOCK15/SES157/SA157S11	SES292	-4.09021	26.2489	30.3391
BLOCK15/SES157/SA157S21	SES127	-1.90054	28.4616	30.3621
BLOCK15/SES157/SA157S21	SES148	-1.47631	28.8858	30.3621
BLOCK15/SES157/SA157S21	SES158	-5.86673	24.4954	30.3621
BLOCK15/SES157/SA157S21	SES292	-2.33505	28.0271	30.3621
BLOCK15/SES157/SA157S24	SES127	-2.79015	28.2143	31.0044
BLOCK15/SES157/SA157S24	SES148	-2.99294	28.0115	31.0044
BLOCK15/SES157/SA157S24	SES183	-4.11156	26.8929	31.0044
BLOCK15/SES157/SA157S24	SES292	-3.03729	27.9671	31.0044
BLOCK15/SES157/SA157S26	SES007	-1.38271	29.6386	31.0213
BLOCK15/SES157/SA157S26	SES127	-1.5563	29.465	31.0213
BLOCK15/SES157/SA157S26	SES147	-3.19552	27.8258	31.0213
BLOCK15/SES157/SA157S26	SES148	-1.89725	29.1241	31.0213
BLOCK16/SES161/SA161S10	SES007	-3.23214	25.8872	29.1193
BLOCK16/SES161/SA161S10	SES105	-2.72877	26.3906	29.1193
BLOCK16/SES161/SA161S10	SES158	-3.17215	25.9472	29.1193
BLOCK16/SES161/SA161S10	SES275	-2.89917	26.2202	29.1193
BLOCK16/SES161/SA161S12	SES007	-2.98873	25.0421	28.0308
BLOCK16/SES161/SA161S12	SES105	-3.93047	24.1003	28.0308
BLOCK16/SES161/SA161S12	SES158	-2.97592	25.0549	28.0308
BLOCK16/SES161/SA161S12	SES275	-2.956	25.0748	28.0308
BLOCK16/SES161/SA161S20	SES007	-2.73517	24.877	27.6122
BLOCK16/SES161/SA161S20	SES105	-3.0111	24.6011	27.6122
BLOCK16/SES161/SA161S20	SES158	-3.28139	24.3308	27.6122
BLOCK16/SES161/SA161S20	SES275	-2.87795	24.7342	27.6122
BLOCK16/SES161/SA161S23	SES007	-3.88525	24.245	28.1303
BLOCK16/SES161/SA161S23	SES105	-2.90679	25.2235	28.1303
BLOCK16/SES161/SA161S23	SES148	-3.04615	25.0841	28.1303
BLOCK16/SES161/SA161S23	SES158	-3.14863	24.9817	28.1303
BLOCK16/SES161/SA161S28	SES007	-3.23912	26.3874	29.6265
BLOCK16/SES161/SA161S28	SES105	-3.10724	26.5193	29.6265
BLOCK16/SES161/SA161S28	SES158	-2.64242	26.9841	29.6265
BLOCK16/SES161/SA161S28	SES206	-2.4232	27.2033	29.6265
BLOCK16/SES164/SA164S11	SES104	-2.78731	27.6862	30.4735
BLOCK16/SES164/SA164S11	SES125	-2.26904	28.2044	30.4735
BLOCK16/SES164/SA164S11	SES158	-1.0916	29.3819	30.4735
BLOCK16/SES164/SA164S11	SES206	-3.11038	27.3631	30.4735
BLOCK16/SES164/SA164S13	SES099	-2.61447	25.5412	28.1557
BLOCK16/SES164/SA164S13	SES104	-3.44366	24.712	28.1557
BLOCK16/SES164/SA164S13	SES125	-3.31863	24.8371	28.1557
BLOCK16/SES164/SA164S13	SES206	-2.76122	25.3945	28.1557
BLOCK16/SES164/SA164S24	SES002	-0.957531	28.2723	29.2299
BLOCK16/SES164/SA164S24	SES099	-2.87658	26.3533	29.2299
BLOCK16/SES164/SA164S24	SES125	-3.88473	25.3451	29.2299
BLOCK16/SES164/SA164S24	SES226	-1.81687	27.413	29.2299
BLOCK16/SES164/SA164S27	SES087	-2.83368	25.7149	28.5486
BLOCK16/SES164/SA164S27	SES125	-3.22768	25.3209	28.5486
BLOCK16/SES164/SA164S27	SES206	-3.10768	25.4409	28.5486
BLOCK16/SES164/SA164S27	SES226	-2.3428	26.2058	28.5486
BLOCK16/SES164/SA164S29	SES002	-0.624714	27.457	28.0817
BLOCK16/SES164/SA164S29	SES019	-2.63071	25.451	28.0817
BLOCK16/SES164/SA164S29	SES125	-2.62864	25.4531	28.0817
BLOCK16/SES164/SA164S29	SES226	-2.80663	25.2751	28.0817
BLOCK16/SES169/SA169S13	SES117	-2.37775	26.6827	29.0604
BLOCK16/SES169/SA169S13	SES144	-2.36572	26.6947	29.0604
BLOCK16/SES169/SA169S13	SES146	-1.83903	27.2214	29.0604
BLOCK16/SES169/SA169S13	SES162	-2.25417	26.8062	29.0604
BLOCK16/SES169/SA169S14	SES144	-3.0567	26.507	29.5637
BLOCK16/SES169/SA169S14	SES148	-2.76864	26.795	29.5637
BLOCK16/SES169/SA169S14	SES177	-1.83634	27.7273	29.5637
BLOCK16/SES169/SA169S14	SES180	-3.1979	26.3658	29.5637
BLOCK16/SES169/SA169S24	SES117	-2.13995	25.3846	27.5245
BLOCK16/SES169/SA169S24	SES144	-1.51455	26.01	27.5245
BLOCK16/SES169/SA169S24	SES146	-1.07056	26.454	27.5245
BLOCK16/SES169/SA169S24	SES162	-2.21756	25.307	27.5245
BLOCK16/SES169/SA169S27	SES127	-2.26891	26.6928	28.9617
BLOCK16/SES169/SA169S27	SES129	-2.72931	26.2324	28.9617
BLOCK16/SES169/SA169S27	SES144	-2.88186	26.0798	28.9617
BLOCK16/SES169/SA169S27	SES146	-1.33862	27.6231	28.9617
BLOCK16/SES169/SA169S29	SES144	-2.32205	27.4809	29.803
BLOCK16/SES169/SA169S29	SES162	-1.46397	28.339	29.803
BLOCK16/SES169/SA169S29	SES177	-3.0533	26.7497	29.803
BLOCK16/SES169/SA169S29	SES180	-1.6377	28.1653	29.803
BLOCK17/SES171/SA171S12	SES083	-2.43238	26.2386	28.671
BLOCK17/SES171/SA171S12	SES148	-3.22591	25.445	28.671
BLOCK17/SES171/SA171S12	SES172	-2.07279	26.5982	28.671
BLOCK17/SES171/SA171S12	SES292	-3.30586	25.3651	28.671
BLOCK17/SES171/SA171S15	SES148	-4.09633	22.8426	26.9389
BLOCK17/SES171/SA171S15	SES177	-1.84042	25.0985	26.9389
BLOCK17/SES171/SA171S15	SES180	-4.69786	22.241	26.9389
BLOCK17/SES171/SA171S15	SES292	-5.16203	21.7769	26.9389
BLOCK17/SES171/SA171S22	SES007	-2.62515	27.8136	30.4387
BLOCK17/SES171/SA171S22	SES148	-3.16482	27.2739	30.4387
BLOCK17/SES171/SA171S22	SES177	-0.726549	29.7122	30.4387
BLOCK17/SES171/SA171S22	SES180	-3.87746	26.5612	30.4387
BLOCK17/SES171/SA171S25	SES101	-4.57339	22.0808	26.6542
BLOCK17/SES171/SA171S25	SES120	-4.41091	22.2433	26.6542
BLOCK17/SES171/SA171S25	SES177	-2.33015	24.3241	26.6542
BLOCK17/SES171/SA171S25	SES180	-4.77478	21.8794	26.6542
BLOCK17/SES171/SA171S27	SES177	-1.63348	26.757	28.3905
BLOCK17/SES171/SA171S27	SES180	-3.87239	24.5181	28.3905
BLOCK17/SES171/SA171S27	SES189	-2.13516	26.2553	28.3905
BLOCK17/SES171/SA171S27	SES292	-4.17826	24.2122	28.3905
BLOCK17/SES173/SA173S13	SES162	-4.62997	23.4611	28.091
BLOCK17/SES173/SA173S13	SES177	-2.57505	25.516	28.091
BLOCK17/SES173/SA173S13	SES180	-4.58841	23.5026	28.091
BLOCK17/SES173/SA173S13	SES292	-3.79712	24.2939	28.091
BLOCK17/SES173/SA173S14	SES007	-3.77652	23.3111	27.0876
BLOCK17/SES173/SA173S14	SES162	-4.13605	22.9515	27.0876
BLOCK17/SES173/SA173S14	SES177	-1.79655	25.291	27.0876
BLOCK17/SES173/SA173S14	SES180	-4.87091	22.2167	27.0876
BLOCK17/SES173/SA173S24	SES144	-3.57048	23.1803	26.7508
BLOCK17/SES173/SA173S24	SES162	-4.1934	22.5574	26.7508
BLOCK17/SES173/SA173S24	SES177	-2.53615	24.2147	26.7508
BLOCK17/SES173/SA173S24	SES180	-5.03716	21.7137	26.7508
BLOCK17/SES173/SA173S27	SES162	-5.9332	21.3972	27.3304
BLOCK17/SES173/SA173S27	SES177	-3.14249	24.1879	27.3304
BLOCK17/SES173/SA173S27	SES180	-4.73866	22.5917	27.3304
BLOCK17/SES173/SA173S27	SES292	-4.63981	22.6906	27.3304
BLOCK17/SES173/SA173S29	SES162	-4.22034	22.9115	27.1318
BLOCK17/SES173/SA173S29	SES175	-2.81371	24.3181	27.1318
BLOCK17/SES173/SA173S29	SES177	-1.78557	25.3463	27.1318
BLOCK17/SES173/SA173S29	SES292	-4.56575	22.5661	27.1318
BLOCK18/SES182/SA182S10	SES144	-2.4841	26.5518	29.0359
BLOCK18/SES182/SA182S10	SES177	-1.96491	27.071	29.0359
BLOCK18/SES182/SA182S10	SES180	-3.72965	25.3062	29.0359
BLOCK18/SES182/SA182S10	SES275	-1.27494	27.7609	29.0359
BLOCK18/SES182/SA182S12	SES144	-2.47501	25.8705	28.3455
BLOCK18/SES182/SA182S12	SES177	-1.59121	26.7543	28.3455
BLOCK18/SES182/SA182S12	SES180	-2.58285	25.7626	28.3455
BLOCK18/SES182/SA182S12	SES275	-2.00506	26.3404	28.3455
BLOCK18/SES182/SA182S21	SES117	-2.01649	25.7283	27.7448
BLOCK18/SES182/SA182S21	SES144	-3.23261	24.5122	27.7448
BLOCK18/SES182/SA182S21	SES162	-1.6208	26.124	27.7448
BLOCK18/SES182/SA182S21	SES180	-3.58485	24.16	27.7448
BLOCK18/SES182/SA182S23	SES117	-2.35709	25.2928	27.6498
BLOCK18/SES182/SA182S23	SES144	-2.43592	25.2139	27.6498
BLOCK18/SES182/SA182S23	SES180	-2.54225	25.1076	27.6498
BLOCK18/SES182/SA182S23	SES275	-2.11693	25.5329	27.6498
BLOCK18/SES182/SA182S25	SES007	-1.68746	26.755	28.4424
BLOCK18/SES182/SA182S25	SES162	-2.17792	26.2645	28.4424
BLOCK18/SES182/SA182S25	SES177	-1.47286	26.9696	28.4424
BLOCK18/SES182/SA182S25	SES180	-2.66402	25.7784	28.4424
BLOCK18/SES184/SA184S12	SES177	-2.73864	26.0551	28.7937
BLOCK18/SES184/SA184S12	SES180	-3.24129	25.5524	28.7937
BLOCK18/SES184/SA184S12	SES189	-3.60052	25.1932	28.7937
BLOCK18/SES184/SA184S12	SES292	-3.21174	25.582	28.7937
BLOCK18/SES184/SA184S13	SES101	-3.02615	25.3132	28.3394
BLOCK18/SES184/SA184S13	SES177	-2.34161	25.9978	28.3394
BLOCK18/SES184/SA184S13	SES180	-2.94454	25.3948	28.3394
BLOCK18/SES184/SA184S13	SES292	-3.42007	24.9193	28.3394
BLOCK18/SES184/SA184S22	SES177	-2.93795	26.558	29.4959
BLOCK18/SES184/SA184S22	SES180	-3.8257	25.6702	29.4959
BLOCK18/SES184/SA184S22	SES189	-4.35819	25.1377	29.4959
BLOCK18/SES184/SA184S22	SES292	-3.77095	25.725	29.4959
BLOCK18/SES184/SA184S25	SES101	-2.62288	27.9002	30.5231
BLOCK18/SES184/SA184S25	SES177	-2.92445	27.5987	30.5231
BLOCK18/SES184/SA184S25	SES180	-3.46295	27.0602	30.5231
BLOCK18/SES184/SA184S25	SES292	-2.67094	27.8522	30.5231
BLOCK18/SES184/SA184S27	SES083	-2.1599	25.5994	27.7593
BLOCK18/SES184/SA184S27	SES177	-1.53839	26.2209	27.7593
BLOCK18/SES184/SA184S27	SES202	-2.82703	24.9323	27.7593
BLOCK18/SES184/SA184S27	SES292	-2.69966	25.0597	27.7593
BLOCK20/SES204/SA204S12	SES062	-2.44827	28.3759	30.8242
BLOCK20/SES204/SA204S12	SES083	-4.66049	26.1637	30.8242
BLOCK20/SES204/SA204S12	SES206	-2.61823	28.206	30.8242
BLOCK20/SES204/SA204S12	SES226	-4.09427	26.7299	30.8242
BLOCK20/SES204/SA204S14	SES068	-3.53186	28.508	32.0399
BLOCK20/SES204/SA204S14	SES087	-2.23883	29.801	32.0399
BLOCK20/SES204/SA204S14	SES206	-3.79597	28.2439	32.0399
BLOCK20/SES204/SA204S14	SES226	-5.07628	26.9636	32.0399
BLOCK20/SES204/SA204S22	SES068	-3.72865	27.3174	31.046
BLOCK20/SES204/SA204S22	SES082	-4.84372	26.2023	31.046
BLOCK20/SES204/SA204S22	SES083	-5.61277	25.4333	31.046
BLOCK20/SES204/SA204S22	SES206	-3.53094	27.5151	31.046
BLOCK20/SES204/SA204S25	SES062	-3.40845	27.8265	31.2349
BLOCK20/SES204/SA204S25	SES083	-5.11686	26.1181	31.2349
BLOCK20/SES204/SA204S25	SES206	-2.49722	28.7377	31.2349
BLOCK20/SES204/SA204S25	SES226	-4.81446	26.4205	31.2349
BLOCK20/SES204/SA204S27	SES068	-3.16827	27.9599	31.1281
BLOCK20/SES204/SA204S27	SES082	-4.24244	26.8857	31.1281
BLOCK20/SES204/SA204S27	SES087	-2.91007	28.2181	31.1281
BLOCK20/SES204/SA204S27	SES206	-2.62778	28.5004	31.1281
BLOCK20/SES207/SA207S10	SES127	-3.09086	25.4309	28.5218
BLOCK20/SES207/SA207S10	SES183	-3.66672	24.8551	28.5218
BLOCK20/SES207/SA207S10	SES189	-4.19765	24.3241	28.5218
BLOCK20/SES207/SA207S10	SES292	-2.59181	25.93	28.5218
BLOCK20/SES207/SA207S11	SES127	-3.43505	24.2206	27.6556
BLOCK20/SES207/SA207S11	SES183	-3.29008	24.3656	27.6556
BLOCK20/SES207/SA207S11	SES187	-3.04391	24.6117	27.6556
BLOCK20/SES207/SA207S11	SES292	-1.94811	25.7075	27.6556
BLOCK20/SES207/SA207S25	SES068	-3.06865	24.7934	27.8621
BLOCK20/SES207/SA207S25	SES083	-3.28548	24.5766	27.8621
BLOCK20/SES207/SA207S25	SES127	-2.55727	25.3048	27.8621
BLOCK20/SES207/SA207S25	SES187	-1.92017	25.9419	27.8621
BLOCK20/SES207/SA207S27	SES127	-3.3604	22.9384	26.2988
BLOCK20/SES207/SA207S27	SES183	-2.27051	24.0283	26.2988
BLOCK20/SES207/SA207S27	SES187	-2.35139	23.9474	26.2988
BLOCK20/SES207/SA207S27	SES292	-3.52929	22.7695	26.2988
BLOCK20/SES207/SA207S29	SES083	-3.21539	24.9274	28.1428
BLOCK20/SES207/SA207S29	SES085	-1.74301	26.3998	28.1428
BLOCK20/SES207/SA207S29	SES172	-2.41002	25.7328	28.1428
BLOCK20/SES207/SA207S29	SES189	-3.21052	24.9323	28.1428
BLOCK22/SES221/SA221S12	SES068	-3.82832	23.4441	27.2724
BLOCK22/SES221/SA221S12	SES143	-2.70535	24.5671	27.2724
BLOCK22/SES221/SA221S12	SES175	-2.28128	24.9912	27.2724
BLOCK22/SES221/SA221S12	SES202	-2.14534	25.1271	27.2724
BLOCK22/SES221/SA221S15	SES085	-2.73767	23.9274	26.6651
BLOCK22/SES221/SA221S15	SES143	-3.26531	23.3998	26.6651
BLOCK22/SES221/SA221S15	SES175	-2.32644	24.3386	26.6651
BLOCK22/SES221/SA221S15	SES187	-2.48205	24.183	26.6651
BLOCK22/SES221/SA221S23	SES068	-3.50509	24.6178	28.1228
BLOCK22/SES221/SA221S23	SES143	-3.11899	25.0038	28.1228
BLOCK22/SES221/SA221S23	SES175	-1.47728	26.6456	28.1228
BLOCK22/SES221/SA221S23	SES189	-1.44545	26.6774	28.1228
BLOCK22/SES221/SA221S27	SES085	-3.53469	23.9399	27.4746
BLOCK22/SES221/SA221S27	SES143	-3.60581	23.8687	27.4746
BLOCK22/SES221/SA221S27	SES175	-1.39746	26.0771	27.4746
BLOCK22/SES221/SA221S27	SES189	0.0870972	27.5617	27.4746
BLOCK22/SES221/SA221S29	SES085	-3.60525	21.8126	25.4178
BLOCK22/SES221/SA221S29	SES143	-3.40577	22.012	25.4178
BLOCK22/SES221/SA221S29	SES175	-2.65507	22.7627	25.4178
BLOCK22/SES221/SA221S29	SES187	-1.37316	24.0446	25.4178
BLOCK22/SES223/SA223S11	SES143	-1.75279	23.3129	25.0657
BLOCK22/SES223/SA223S11	SES144	-4.29182	20.7739	25.0657
BLOCK22/SES223/SA223S11	SES175	-2.22359	22.8421	25.0657
BLOCK22/SES223/SA223S11	SES187	-2.70349	22.3622	25.0657
BLOCK22/SES223/SA223S13	SES068	-4.05306	21.1599	25.2129
BLOCK22/SES223/SA223S13	SES143	-3.48267	21.7303	25.2129
BLOCK22/SES223/SA223S13	SES146	-3.9147	21.2982	25.2129
BLOCK22/SES223/SA223S13	SES202	-2.26966	22.9433	25.2129
BLOCK22/SES223/SA223S22	SES143	-2.80313	22.8684	25.6715
BLOCK22/SES223/SA223S22	SES144	-3.99331	21.6782	25.6715
BLOCK22/SES223/SA223S22	SES175	-2.61604	23.0555	25.6715
BLOCK22/SES223/SA223S22	SES187	-2.88226	22.7893	25.6715
BLOCK22/SES223/SA223S25	SES068	-4.43291	21.3939	25.8268
BLOCK22/SES223/SA223S25	SES143	-2.64454	23.1822	25.8268
BLOCK22/SES223/SA223S25	SES175	-2.27193	23.5548	25.8268
BLOCK22/SES223/SA223S25	SES187	-2.52802	23.2988	25.8268
BLOCK22/SES223/SA223S27	SES143	-2.34635	21.9026	24.2489
BLOCK22/SES223/SA223S27	SES146	-3.16596	21.083	24.2489
BLOCK22/SES223/SA223S27	SES187	-2.95942	21.2895	24.2489
BLOCK22/SES223/SA223S27	SES292	-4.85252	19.3964	24.2489
BLOCK27/SES273/SA273S12	SES099	-1.52635	31.7672	33.2935
BLOCK27/SES273/SA273S12	SES104	-1.85461	31.4389	33.2935
BLOCK27/SES273/SA273S12	SES125	-3.00395	30.2896	33.2935
BLOCK27/SES273/SA273S12	SES206	-1.57428	31.7192	33.2935
BLOCK27/SES273/SA273S13	SES099	-1.59072	31.9107	33.5014
BLOCK27/SES273/SA273S13	SES104	-2.09709	31.4043	33.5014
BLOCK27/SES273/SA273S13	SES206	-1.89994	31.6015	33.5014
BLOCK27/SES273/SA273S13	SES292	-2.938	30.5634	33.5014
BLOCK27/SES273/SA273S21	SES099	-1.53671	31.9695	33.5062
BLOCK27/SES273/SA273S21	SES148	-5.56036	27.9459	33.5062
BLOCK27/SES273/SA273S21	SES149	-2.27791	31.2283	33.5062
BLOCK27/SES273/SA273S21	SES177	-3.24071	30.2655	33.5062
BLOCK27/SES273/SA273S25	SES104	-2.84262	30.6651	33.5077
BLOCK27/SES273/SA273S25	SES125	-3.15392	30.3538	33.5077
BLOCK27/SES273/SA273S25	SES158	-2.01646	31.4912	33.5077
BLOCK27/SES273/SA273S25	SES206	-1.27136	32.2363	33.5077
BLOCK27/SES273/SA273S27	SES099	-1.30998	30.815	32.125
BLOCK27/SES273/SA273S27	SES104	-2.26408	29.8609	32.125
BLOCK27/SES273/SA273S27	SES149	-1.66506	30.4599	32.125
BLOCK27/SES273/SA273S27	SES275	-3.48417	28.6408	32.125
BLOCK27/SES274/SA274S10	SES105	-2.81534	28.0279	30.8433
BLOCK27/SES274/SA274S10	SES125	-4.33447	26.5088	30.8433
BLOCK27/SES274/SA274S10	SES129	-1.76882	29.0745	30.8433
BLOCK27/SES274/SA274S10	SES158	-3.92323	26.92	30.8433
BLOCK27/SES274/SA274S11	SES105	-2.49813	30.1059	32.604
BLOCK27/SES274/SA274S11	SES149	-3.02806	29.576	32.604
BLOCK27/SES274/SA274S11	SES158	-3.89292	28.7111	32.604
BLOCK27/SES274/SA274S11	SES275	-1.92307	30.681	32.604
BLOCK27/SES274/SA274S21	SES105	-3.22137	27.6647	30.8861
BLOCK27/SES274/SA274S21	SES129	-1.75896	29.1271	30.8861
BLOCK27/SES274/SA274S21	SES149	-3.78459	27.1015	30.8861
BLOCK27/SES274/SA274S21	SES158	-5.77478	25.1113	30.8861
BLOCK27/SES274/SA274S24	SES105	-3.02581	30.2494	33.2752
BLOCK27/SES274/SA274S24	SES129	-1.16102	32.1142	33.2752
BLOCK27/SES274/SA274S24	SES149	-3.02439	30.2508	33.2752
BLOCK27/SES274/SA274S24	SES158	-5.18626	28.089	33.2752
BLOCK27/SES274/SA274S29	SES105	-2.58931	27.726	30.3153
BLOCK27/SES274/SA274S29	SES106	-5.21832	25.097	30.3153
BLOCK27/SES274/SA274S29	SES120	-2.34836	27.9669	30.3153
BLOCK27/SES274/SA274S29	SES275	-2.44605	27.8692	30.3153
BLOCK27/SES276/SA276S16	SES148	-3.17725	25.7453	28.9226
BLOCK27/SES276/SA276S16	SES172	-3.58198	25.3406	28.9226
BLOCK27/SES276/SA276S16	SES180	-4.06391	24.8587	28.9226
BLOCK27/SES276/SA276S16	SES292	-2.38916	26.5334	28.9226
BLOCK27/SES276/SA276S17	SES101	-2.64796	26.953	29.601
BLOCK27/SES276/SA276S17	SES177	-2.20632	27.3947	29.601
BLOCK27/SES276/SA276S17	SES180	-2.52976	27.0712	29.601
BLOCK27/SES276/SA276S17	SES292	-3.11258	26.4884	29.601
BLOCK27/SES276/SA276S24	SES101	-2.13164	28.7832	30.9148
BLOCK27/SES276/SA276S24	SES177	-2.02191	28.8929	30.9148
BLOCK27/SES276/SA276S24	SES180	-3.1104	27.8044	30.9148
BLOCK27/SES276/SA276S24	SES292	-4.48409	26.4307	30.9148
BLOCK27/SES276/SA276S26	SES101	-4.03642	26.1779	30.2143
BLOCK27/SES276/SA276S26	SES177	-1.60589	28.6084	30.2143
BLOCK27/SES276/SA276S26	SES180	-1.97168	28.2426	30.2143
BLOCK27/SES276/SA276S26	SES292	-2.32587	27.8884	30.2143
BLOCK27/SES276/SA276S28	SES101	-2.4896	27.2425	29.7321
BLOCK27/SES276/SA276S28	SES177	-3.2644	26.4677	29.7321
BLOCK27/SES276/SA276S28	SES180	-2.39951	27.3325	29.7321
BLOCK27/SES276/SA276S28	SES292	-3.09972	26.6323	29.7321
BLOCK27/SES277/SA277S12	SES101	-2.23031	24.1522	26.3825
BLOCK27/SES277/SA277S12	SES177	-3.1462	23.2363	26.3825
BLOCK27/SES277/SA277S12	SES180	-4.70619	21.6764	26.3825
BLOCK27/SES277/SA277S12	SES292	-5.01859	21.364	26.3825
BLOCK27/SES277/SA277S14	SES177	-1.83735	24.3938	26.2311
BLOCK27/SES277/SA277S14	SES180	-3.61326	22.6179	26.2311
BLOCK27/SES277/SA277S14	SES189	-1.94698	24.2841	26.2311
BLOCK27/SES277/SA277S14	SES292	-4.60789	21.6232	26.2311
BLOCK27/SES277/SA277S21	SES177	-1.43393	26.7673	28.2013
BLOCK27/SES277/SA277S21	SES180	-4.10744	24.0938	28.2013
BLOCK27/SES277/SA277S21	SES189	-1.6578	26.5435	28.2013
BLOCK27/SES277/SA277S21	SES292	-5.00262	23.1987	28.2013
BLOCK27/SES277/SA277S24	SES144	-3.12249	22.4118	25.5343
BLOCK27/SES277/SA277S24	SES177	-2.56163	22.9727	25.5343
BLOCK27/SES277/SA277S24	SES180	-4.39582	21.1385	25.5343
BLOCK27/SES277/SA277S24	SES189	-1.7451	23.7892	25.5343
BLOCK27/SES277/SA277S29	SES177	-2.06996	27.4847	29.5546
BLOCK27/SES277/SA277S29	SES180	-3.58217	25.9724	29.5546
BLOCK27/SES277/SA277S29	SES202	-2.56702	26.9876	29.5546
BLOCK27/SES277/SA277S29	SES292	-4.49171	25.0629	29.5546
BLOCK27/SES279/SA279S09	SES120	-3.05329	27.3723	30.4256
BLOCK27/SES279/SA279S09	SES146	-3.21327	27.2123	30.4256
BLOCK27/SES279/SA279S09	SES206	-2.68487	27.7407	30.4256
BLOCK27/SES279/SA279S09	SES226	-4.51199	25.9136	30.4256
BLOCK27/SES279/SA279S10	SES099	-1.8721	29.1227	30.9948
BLOCK27/SES279/SA279S10	SES206	-2.17147	28.8233	30.9948
BLOCK27/SES279/SA279S10	SES226	-4.18612	26.8087	30.9948
BLOCK27/SES279/SA279S10	SES292	-1.67624	29.3185	30.9948
BLOCK27/SES279/SA279S20	SES099	-2.66528	28.1519	30.8172
BLOCK27/SES279/SA279S20	SES206	-1.20371	29.6135	30.8172
BLOCK27/SES279/SA279S20	SES226	-3.5467	27.2705	30.8172
BLOCK27/SES279/SA279S20	SES292	-1.33153	29.4857	30.8172
BLOCK27/SES279/SA279S26	SES099	-2.66388	27.8213	30.4852
BLOCK27/SES279/SA279S26	SES206	-1.66088	28.8243	30.4852
BLOCK27/SES279/SA279S26	SES226	-3.53906	26.9461	30.4852
BLOCK27/SES279/SA279S26	SES292	-1.26259	29.2226	30.4852
BLOCK27/SES279/SA279S28	SES099	-2.47158	30.757	33.2285
BLOCK27/SES279/SA279S28	SES120	-2.45315	30.7754	33.2285
BLOCK27/SES279/SA279S28	SES177	-3.48181	29.7467	33.2285
BLOCK27/SES279/SA279S28	SES206	-2.28949	30.9391	33.2285
BLOCK29/SES290/SA290S12	SES162	-3.2874	25.7497	29.0371
BLOCK29/SES290/SA290S12	SES177	-2.46032	26.5767	29.0371
BLOCK29/SES290/SA290S12	SES180	-3.96861	25.0685	29.0371
BLOCK29/SES290/SA290S12	SES292	-4.48815	24.5489	29.0371
BLOCK29/SES290/SA290S13	SES007	-3.88142	25.0128	28.8943
BLOCK29/SES290/SA290S13	SES162	-4.33477	24.5595	28.8943
BLOCK29/SES290/SA290S13	SES177	-1.44506	27.4492	28.8943
BLOCK29/SES290/SA290S13	SES180	-3.27199	25.6223	28.8943
BLOCK29/SES290/SA290S22	SES177	-1.67661	26.0037	27.6803
BLOCK29/SES290/SA290S22	SES180	-2.96301	24.7173	27.6803
BLOCK29/SES290/SA290S22	SES202	-2.95839	24.7219	27.6803
BLOCK29/SES290/SA290S22	SES292	-3.17537	24.5049	27.6803
BLOCK29/SES290/SA290S25	SES162	-3.11059	26.353	29.4636
BLOCK29/SES290/SA290S25	SES177	-2.60666	26.857	29.4636
BLOCK29/SES290/SA290S25	SES180	-3.37068	26.0929	29.4636
BLOCK29/SES290/SA290S25	SES292	-3.68121	25.7824	29.4636
BLOCK29/SES290/SA290S29	SES177	-1.10574	27.4648	28.5705
BLOCK29/SES290/SA290S29	SES180	-2.13188	26.4387	28.5705
BLOCK29/SES290/SA290S29	SES275	-2.68065	25.8899	28.5705
BLOCK29/SES290/SA290S29	SES292	-2.33051	26.24	28.5705
BLOCK29/SES291/SA291S11	SES105	-4.72711	24.3898	29.1169
BLOCK29/SES291/SA291S11	SES125	-2.2868	26.8301	29.1169
BLOCK29/SES291/SA291S11	SES158	-2.06469	27.0522	29.1169
BLOCK29/SES291/SA291S11	SES275	-4.27332	24.8436	29.1169
BLOCK29/SES291/SA291S12	SES158	-0.949627	29.8862	30.8359
BLOCK29/SES291/SA291S12	SES226	-3.88702	26.9489	30.8359
BLOCK29/SES291/SA291S12	SES270	-0.368612	30.4673	30.8359
BLOCK29/SES291/SA291S12	SES275	-6.16926	24.6666	30.8359
BLOCK29/SES291/SA291S22	SES082	-2.38736	27.4659	29.8532
BLOCK29/SES291/SA291S22	SES158	-2.26441	27.5888	29.8532
BLOCK29/SES291/SA291S22	SES259	-3.04948	26.8037	29.8532
BLOCK29/SES291/SA291S22	SES275	-4.27704	25.5762	29.8532
BLOCK29/SES291/SA291S24	SES104	-1.22406	30.6448	31.8688
BLOCK29/SES291/SA291S24	SES125	-2.65387	29.215	31.8688
BLOCK29/SES291/SA291S24	SES158	-1.03213	30.8367	31.8688
BLOCK29/SES291/SA291S24	SES275	-5.02475	26.8441	31.8688
BLOCK29/SES291/SA291S27	SES158	-0.808655	29.7365	30.5452
BLOCK29/SES291/SA291S27	SES172	-6.1243	24.4209	30.5452
BLOCK29/SES291/SA291S27	SES275	-6.15925	24.3859	30.5452
BLOCK29/SES291/SA291S27	SES292	-3.5855	26.9597	30.5452
Threshold search:
THR	-7.44813189804	9	0(0)	1(1000)
THR	-7.3291513790596	8.991	0(0)	0.999(999)
THR	-7.2101708600792	8.982	0(0)	0.998(998)
THR	-7.0911903410988	8.982	0(0)	0.998(998)
THR	-6.9722098221184	8.982	0(0)	0.998(998)
THR	-6.853229303138	8.982	0(0)	0.998(998)
THR	-6.7342487841576	8.973	0(0)	0.997(997)
THR	-6.6152682651772	8.973	0(0)	0.997(997)
THR	-6.4962877461968	8.973	0(0)	0.997(997)
THR	-6.3773072272164	8.955	0(0)	0.995(995)
THR	-6.258326708236	8.946	0(0)	0.994(994)
THR	-6.1393461892556	8.928	0(0)	0.992(992)
THR	-6.02036567027521	8.91	0(0)	0.99(990)
THR	-5.90138515129481	8.901	0(0)	0.989(989)
THR	-5.78240463231441	8.892	0(0)	0.988(988)
THR	-5.66342411333401	8.883	0(0)	0.987(987)
THR	-5.54444359435361	8.838	0(0)	0.982(982)
THR	-5.42546307537321	8.82	0(0)	0.98(980)
THR	-5.30648255639281	8.811	0(0)	0.979(979)
THR	-5.18750203741241	8.766	0(0)	0.974(974)
THR	-5.06852151843201	8.721	0(0)	0.969(969)
THR	-4.94954099945161	8.649	0(0)	0.961(961)
THR	-4.83056048047121	8.586	0(0)	0.954(954)
THR	-4.71157996149081	8.505	0(0)	0.945(945)
THR	-4.59259944251041	8.37	0(0)	0.93(930)
THR	-4.47361892353001	8.262	0(0)	0.918(918)
THR	-4.35463840454961	8.154	0(0)	0.906(906)
THR	-4.23565788556921	8.037	0(0)	0.893(893)
THR	-4.11667736658881	7.902	0(0)	0.878(878)
THR	-3.99769684760841	7.686	0(0)	0.854(854)
THR	-3.87871632862801	7.488	0(0)	0.832(832)
THR	-3.75973580964761	7.209	0(0)	0.801(801)
THR	-3.64075529066721	7.038	0(0)	0.782(782)
THR	-3.52177477168681	6.714	0(0)	0.746(746)
THR	-3.40279425270641	6.39	0(0)	0.71(710)
THR	-3.28381373372601	6.057	0(0)	0.673(673)
THR	-3.16483321474561	5.616	0(0)	0.624(624)
THR	-3.04585269576521	5.175	0(0)	0.575(575)
THR	-2.92687217678481	4.689	0(0)	0.521(521)
THR	-2.80789165780441	4.275	0(0)	0.475(475)
THR	-2.68891113882401	3.924	0(0)	0.436(436)
THR	-2.56993061984361	3.393	0(0)	0.377(377)
THR	-2.45095010086321	2.997	0(0)	0.333(333)
THR	-2.33196958188281	2.574	0(0)	0.286(286)
THR	-2.21298906290241	2.115	0(0)	0.235(235)
THR	-2.09400854392201	1.782	0(0)	0.198(198)
THR	-1.97502802494161	1.539	0(0)	0.171(171)
THR	-1.85604750596121	1.305	0(0)	0.145(145)
THR	-1.73706698698081	0.999	0(0)	0.111(111)
THR	-1.61808646800041	0.801	0(0)	0.089(89)
THR	-1.49910594902001	0.643	0.004(1)	0.071(71)
THR	-1.38012543003961	0.503	0.008(2)	0.055(55)
THR	-1.26114491105921	0.336	0.012(3)	0.036(36)
THR	-1.14216439207881	0.237	0.012(3)	0.025(25)
THR	-1.02318387309841	0.133	0.016(4)	0.013(13)
THR	-0.904203354118009	0.105	0.024(6)	0.009(9)
THR	-0.785222835137609	0.077	0.032(8)	0.005(5)
THR	-0.666242316157209	0.076	0.04(10)	0.004(4)
THR	-0.547261797176809	0.066	0.048(12)	0.002(2)
THR	-0.428281278196409	0.086	0.068(17)	0.002(2)
THR	-0.309300759216009	0.089	0.08(20)	0.001(1)
THR	-0.190320240235609	0.129	0.12(30)	0.001(1)
THR	-0.0713397212552092	0.153	0.144(36)	0.001(1)
THR	0.0476407977251908	0.177	0.168(42)	0.001(1)
THR	0.166621316705591	0.208	0.208(52)	0(0)
THR	0.285601835685991	0.24	0.24(60)	0(0)
THR	0.404582354666391	0.292	0.292(73)	0(0)
THR	0.523562873646791	0.324	0.324(81)	0(0)
THR	0.642543392627191	0.36	0.36(90)	0(0)
THR	0.761523911607591	0.42	0.42(105)	0(0)
THR	0.880504430587991	0.456	0.456(114)	0(0)
THR	0.999484949568391	0.512	0.512(128)	0(0)
THR	1.11846546854879	0.576	0.576(144)	0(0)
THR	1.23744598752919	0.616	0.616(154)	0(0)
THR	1.35642650650959	0.656	0.656(164)	0(0)
THR	1.47540702548999	0.708	0.708(177)	0(0)
THR	1.59438754447039	0.764	0.764(191)	0(0)
THR	1.71336806345079	0.772	0.772(193)	0(0)
THR	1.83234858243119	0.8	0.8(200)	0(0)
THR	1.95132910141159	0.824	0.824(206)	0(0)
THR	2.07030962039199	0.852	0.852(213)	0(0)
THR	2.18929013937239	0.864	0.864(216)	0(0)
THR	2.30827065835279	0.88	0.88(220)	0(0)
THR	2.42725117733319	0.896	0.896(224)	0(0)
THR	2.54623169631359	0.924	0.924(231)	0(0)
THR	2.66521221529399	0.944	0.944(236)	0(0)
THR	2.78419273427439	0.948	0.948(237)	0(0)
THR	2.90317325325479	0.96	0.96(240)	0(0)
THR	3.02215377223519	0.96	0.96(240)	0(0)
THR	3.14113429121559	0.968	0.968(242)	0(0)
THR	3.26011481019599	0.972	0.972(243)	0(0)
THR	3.37909532917639	0.972	0.972(243)	0(0)
THR	3.49807584815679	0.976	0.976(244)	0(0)
THR	3.61705636713719	0.984	0.984(246)	0(0)
THR	3.73603688611759	0.984	0.984(246)	0(0)
THR	3.85501740509799	0.984	0.984(246)	0(0)
THR	3.97399792407839	0.992	0.992(248)	0(0)
THR	4.09297844305879	0.992	0.992(248)	0(0)
THR	4.21195896203919	0.992	0.992(248)	0(0)
THR	4.33093948101959	0.992	0.992(248)	0(0)
THR	4.44991999999999	0.996	0.996(249)	0(0)
THR	4.56890051898039	1	1(250)	0(0)


==============================================
THR: -0.547261797176809
Missed:     12/250=0.0480
FalseAlarm: 2/1000=0.0020
----------------------------------------------
==> CostDetection: 6.6
==============================================
