BLOCK00/SES002/SA002S12	SES002	2.67371	-88.7773	-91.451
BLOCK00/SES002/SA002S13	SES002	2.80598	-89.7784	-92.5843
BLOCK00/SES002/SA002S23	SES002	2.56226	-88.9858	-91.548
BLOCK00/SES002/SA002S26	SES002	3.53257	-87.2589	-90.7915
BLOCK00/SES002/SA002S28	SES002	2.18093	-91.7153	-93.8962
BLOCK00/SES007/SA007S14	SES007	1.90127	-93.4063	-95.3076
BLOCK00/SES007/SA007S15	SES007	0.772812	-94.8916	-95.6645
BLOCK00/SES007/SA007S24	SES007	0.84362	-94.9801	-95.8237
BLOCK00/SES007/SA007S27	SES007	0.406097	-94.9366	-95.3427
BLOCK00/SES007/SA007S29	SES007	0.48349	-93.6632	-94.1466
BLOCK00/SES008/SA008S11	SES008	1.7534	-94.0316	-95.785
BLOCK00/SES008/SA008S12	SES008	1.22328	-94.4865	-95.7098
BLOCK00/SES008/SA008S19	SES008	2.57237	-92.3499	-94.9222
BLOCK00/SES008/SA008S22	SES008	1.38321	-94.486	-95.8692
BLOCK00/SES008/SA008S29	SES008	1.44143	-94.3506	-95.792
BLOCK01/SES014/SA014S10	SES014	3.5459	-92.1103	-95.6562
BLOCK01/SES014/SA014S12	SES014	4.41873	-87.2077	-91.6265
BLOCK01/SES014/SA014S24	SES014	3.06094	-89.3978	-92.4587
BLOCK01/SES014/SA014S26	SES014	3.87804	-85.6745	-89.5525
BLOCK01/SES014/SA014S28	SES014	5.4154	-86.2457	-91.6611
BLOCK01/SES016/SA016S12	SES016	0.660736	-97.8679	-98.5286
BLOCK01/SES016/SA016S13	SES016	0.988808	-96.8359	-97.8247
BLOCK01/SES016/SA016S22	SES016	0.874596	-97.1236	-97.9982
BLOCK01/SES016/SA016S25	SES016	1.40363	-93.1174	-94.5211
BLOCK01/SES016/SA016S27	SES016	2.64793	-92.0366	-94.6845
BLOCK01/SES019/SA019S13	SES019	2.69141	-92.4292	-95.1206
BLOCK01/SES019/SA019S14	SES019	2.16339	-91.9118	-94.0751
BLOCK01/SES019/SA019S22	SES019	3.30033	-91.147	-94.4473
BLOCK01/SES019/SA019S25	SES019	3.13095	-91.1414	-94.2724
BLOCK01/SES019/SA019S29	SES019	3.51374	-91.4674	-94.9812
BLOCK02/SES029/SA029S11	SES029	1.52664	-94.1828	-95.7094
BLOCK02/SES029/SA029S12	SES029	0.193817	-95.293	-95.4868
BLOCK02/SES029/SA029S20	SES029	0.828598	-95.3874	-96.216
BLOCK02/SES029/SA029S25	SES029	0.69281	-94.9242	-95.617
BLOCK02/SES029/SA029S28	SES029	0.912895	-93.7505	-94.6634
BLOCK04/SES042/SA042S12	SES042	3.39759	-89.715	-93.1126
BLOCK04/SES042/SA042S15	SES042	2.96825	-90.4944	-93.4626
BLOCK04/SES042/SA042S22	SES042	4.46444	-87.1513	-91.6157
BLOCK04/SES042/SA042S25	SES042	3.37019	-90.5409	-93.9111
BLOCK04/SES042/SA042S27	SES042	2.93468	-89.9729	-92.9076
BLOCK04/SES048/SA048S11	SES048	1.75285	-92.5937	-94.3466
BLOCK04/SES048/SA048S12	SES048	-0.210503	-94.2723	-94.0618
BLOCK04/SES048/SA048S20	SES048	2.01731	-92.2253	-94.2426
BLOCK04/SES048/SA048S23	SES048	2.46469	-92.7318	-95.1965
BLOCK04/SES048/SA048S27	SES048	1.56308	-91.73	-93.2931
BLOCK06/SES060/SA060S11	SES060	1.27671	-94.9404	-96.2171
BLOCK06/SES060/SA060S12	SES060	-1.8604	-99.9066	-98.0462
BLOCK06/SES060/SA060S22	SES060	-0.706253	-97.6109	-96.9047
BLOCK06/SES060/SA060S24	SES060	0.567352	-94.4376	-95.005
BLOCK06/SES060/SA060S28	SES060	1.19886	-92.2271	-93.426
BLOCK06/SES062/SA062S10	SES062	1.2764	-94.323	-95.5994
BLOCK06/SES062/SA062S11	SES062	1.44302	-94.6907	-96.1337
BLOCK06/SES062/SA062S21	SES062	2.46192	-90.7743	-93.2362
BLOCK06/SES062/SA062S26	SES062	1.81399	-93.4376	-95.2516
BLOCK06/SES062/SA062S29	SES062	2.19064	-92.4464	-94.6371
BLOCK06/SES068/SA068S14	SES068	0.824974	-95.1429	-95.9678
BLOCK06/SES068/SA068S15	SES068	1.74845	-92.666	-94.4144
BLOCK06/SES068/SA068S23	SES068	0.735641	-94.6928	-95.4285
BLOCK06/SES068/SA068S27	SES068	0.823074	-94.7056	-95.5287
BLOCK06/SES068/SA068S29	SES068	0.800705	-93.9861	-94.7868
BLOCK08/SES082/SA082S12	SES082	1.67427	-92.5981	-94.2723
BLOCK08/SES082/SA082S14	SES082	1.75415	-93.7447	-95.4988
BLOCK08/SES082/SA082S21	SES082	1.2188	-93.8198	-95.0386
BLOCK08/SES082/SA082S24	SES082	1.44561	-92.5938	-94.0394
BLOCK08/SES082/SA082S28	SES082	0.614792	-94.142	-94.7568
BLOCK08/SES083/SA083S14	SES083	-0.617096	-95.8019	-95.1848
BLOCK08/SES083/SA083S15	SES083	-0.0748138	-95.2377	-95.1629
BLOCK08/SES083/SA083S24	SES083	0.112053	-94.9979	-95.11
BLOCK08/SES083/SA083S26	SES083	-0.0502472	-95.1194	-95.0692
BLOCK08/SES083/SA083S29	SES083	0.0383835	-94.4566	-94.4949
BLOCK08/SES085/SA085S10	SES085	0.699043	-94.763	-95.4621
BLOCK08/SES085/SA085S13	SES085	1.1517	-96.2734	-97.425
BLOCK08/SES085/SA085S22	SES085	-5.94424	-102.758	-96.8133
BLOCK08/SES085/SA085S26	SES085	-0.166748	-97.0736	-96.9068
BLOCK08/SES085/SA085S28	SES085	0.677879	-94.6658	-95.3437
BLOCK08/SES087/SA087S15	SES087	2.16826	-91.6	-93.7682
BLOCK08/SES087/SA087S16	SES087	2.44565	-90.2843	-92.73
BLOCK08/SES087/SA087S24	SES087	2.67459	-90.9769	-93.6515
BLOCK08/SES087/SA087S26	SES087	1.63653	-90.0075	-91.644
BLOCK08/SES087/SA087S29	SES087	2.56589	-91.5849	-94.1508
BLOCK09/SES099/SA099S15	SES099	3.40963	-90.2799	-93.6895
BLOCK09/SES099/SA099S16	SES099	3.5462	-89.6558	-93.202
BLOCK09/SES099/SA099S24	SES099	3.05129	-90.5015	-93.5528
BLOCK09/SES099/SA099S26	SES099	3.28164	-89.7929	-93.0745
BLOCK09/SES099/SA099S29	SES099	3.2086	-89.5289	-92.7375
BLOCK10/SES101/SA101S11	SES101	0.887741	-94.8413	-95.7291
BLOCK10/SES101/SA101S13	SES101	2.33621	-94.0693	-96.4055
BLOCK10/SES101/SA101S22	SES101	0.691986	-95.9171	-96.6091
BLOCK10/SES101/SA101S24	SES101	1.41925	-94.9762	-96.3954
BLOCK10/SES101/SA101S28	SES101	-0.880798	-98.6835	-97.8027
BLOCK10/SES104/SA104S11	SES104	-0.0373001	-92.0023	-91.965
BLOCK10/SES104/SA104S12	SES104	1.79262	-92.3353	-94.1279
BLOCK10/SES104/SA104S21	SES104	1.29633	-92.1519	-93.4482
BLOCK10/SES104/SA104S24	SES104	0.0722656	-92.909	-92.9813
BLOCK10/SES104/SA104S28	SES104	1.12085	-92.2649	-93.3858
BLOCK10/SES105/SA105S12	SES105	0.941574	-95.7166	-96.6582
BLOCK10/SES105/SA105S13	SES105	1.24387	-94.3948	-95.6386
BLOCK10/SES105/SA105S22	SES105	1.26659	-94.9235	-96.19
BLOCK10/SES105/SA105S26	SES105	1.16968	-95.0244	-96.1941
BLOCK10/SES105/SA105S29	SES105	0.731697	-94.8041	-95.5358
BLOCK10/SES106/SA106S09	SES106	0.379524	-94.7584	-95.1379
BLOCK10/SES106/SA106S11	SES106	2.31197	-90.4951	-92.8071
BLOCK10/SES106/SA106S22	SES106	2.87175	-92.1729	-95.0447
BLOCK10/SES106/SA106S27	SES106	1.10004	-94.0793	-95.1793
BLOCK10/SES106/SA106S29	SES106	1.13322	-92.5896	-93.7228
BLOCK11/SES117/SA117S12	SES117	-0.384048	-97.5796	-97.1955
BLOCK11/SES117/SA117S13	SES117	0.150146	-95.524	-95.6742
BLOCK11/SES117/SA117S23	SES117	2.63839	-98.1002	-100.739
BLOCK11/SES117/SA117S25	SES117	2.27043	-96.1438	-98.4142
BLOCK11/SES117/SA117S28	SES117	1.76247	-97.4213	-99.1838
BLOCK12/SES120/SA120S08	SES120	0.871284	-97.3046	-98.1759
BLOCK12/SES120/SA120S11	SES120	0.233948	-97.7176	-97.9515
BLOCK12/SES120/SA120S22	SES120	0.542213	-94.6797	-95.2219
BLOCK12/SES120/SA120S24	SES120	0.544975	-96.0014	-96.5464
BLOCK12/SES120/SA120S28	SES120	0.527748	-97.7948	-98.3226
BLOCK12/SES125/SA125S13	SES125	2.21509	-92.1745	-94.3896
BLOCK12/SES125/SA125S14	SES125	1.8662	-92.3429	-94.2091
BLOCK12/SES125/SA125S25	SES125	3.25732	-90.6895	-93.9468
BLOCK12/SES125/SA125S27	SES125	3.12887	-89.3987	-92.5276
BLOCK12/SES125/SA125S29	SES125	2.54716	-91.3234	-93.8706
BLOCK12/SES127/SA127S11	SES127	0.5868	-95.0742	-95.661
BLOCK12/SES127/SA127S12	SES127	0.00370026	-95.4977	-95.5014
BLOCK12/SES127/SA127S23	SES127	0.521362	-95.8039	-96.3252
BLOCK12/SES127/SA127S25	SES127	0.270264	-95.653	-95.9232
BLOCK12/SES127/SA127S27	SES127	0.911995	-96.1185	-97.0305
BLOCK12/SES129/SA129S11	SES129	1.49494	-93.692	-95.1869
BLOCK12/SES129/SA129S12	SES129	2.194	-93.0851	-95.2791
BLOCK12/SES129/SA129S22	SES129	1.03372	-94.0396	-95.0733
BLOCK12/SES129/SA129S27	SES129	2.26056	-92.3691	-94.6296
BLOCK12/SES129/SA129S29	SES129	2.66398	-91.8802	-94.5442
BLOCK14/SES142/SA142S11	SES142	3.30527	-96.1488	-99.4541
BLOCK14/SES142/SA142S12	SES142	2.70514	-96.7139	-99.419
BLOCK14/SES142/SA142S24	SES142	4.3506	-94.0267	-98.3773
BLOCK14/SES142/SA142S27	SES142	3.56561	-93.9331	-97.4987
BLOCK14/SES142/SA142S29	SES142	4.51752	-94.3117	-98.8292
BLOCK14/SES143/SA143S12	SES143	1.03249	-96.0931	-97.1256
BLOCK14/SES143/SA143S13	SES143	0.912514	-96.0378	-96.9503
BLOCK14/SES143/SA143S23	SES143	1.66045	-95.7765	-97.4369
BLOCK14/SES143/SA143S25	SES143	1.27858	-95.692	-96.9706
BLOCK14/SES143/SA143S28	SES143	0.586784	-97.1656	-97.7524
BLOCK14/SES144/SA144S09	SES144	0.95462	-94.379	-95.3336
BLOCK14/SES144/SA144S11	SES144	1.43707	-95.1837	-96.6208
BLOCK14/SES144/SA144S21	SES144	0.605804	-95.8343	-96.4401
BLOCK14/SES144/SA144S25	SES144	1.60632	-95.3874	-96.9937
BLOCK14/SES144/SA144S29	SES144	0.0249405	-94.9166	-94.9415
BLOCK14/SES146/SA146S14	SES146	1.18922	-94.8306	-96.0198
BLOCK14/SES146/SA146S15	SES146	0.121971	-95.4779	-95.5998
BLOCK14/SES146/SA146S24	SES146	1.06644	-95.3875	-96.4539
BLOCK14/SES146/SA146S26	SES146	0.512589	-96.6151	-97.1277
BLOCK14/SES146/SA146S29	SES146	0.413956	-96.4037	-96.8176
BLOCK14/SES147/SA147S11	SES147	1.4243	-96.6822	-98.1065
BLOCK14/SES147/SA147S13	SES147	3.06732	-94.6766	-97.744
BLOCK14/SES147/SA147S23	SES147	2.21922	-96.7635	-98.9828
BLOCK14/SES147/SA147S26	SES147	1.87318	-96.4263	-98.2995
BLOCK14/SES147/SA147S28	SES147	2.75071	-94.5658	-97.3165
BLOCK14/SES148/SA148S10	SES148	1.78482	-93.5171	-95.3019
BLOCK14/SES148/SA148S12	SES148	0.338806	-95.8504	-96.1892
BLOCK14/SES148/SA148S22	SES148	0.94767	-93.8248	-94.7725
BLOCK14/SES148/SA148S26	SES148	1.11748	-94.3879	-95.5054
BLOCK14/SES148/SA148S29	SES148	0.559258	-94.7212	-95.2804
BLOCK14/SES149/SA149S13	SES149	-0.823059	-94.7418	-93.9187
BLOCK14/SES149/SA149S14	SES149	-1.25889	-94.6107	-93.3519
BLOCK14/SES149/SA149S24	SES149	1.08809	-92.9196	-94.0077
BLOCK14/SES149/SA149S26	SES149	2.32011	-91.6493	-93.9694
BLOCK14/SES149/SA149S28	SES149	1.66786	-91.3528	-93.0207
BLOCK15/SES158/SA158S13	SES158	0.913658	-94.5487	-95.4624
BLOCK15/SES158/SA158S14	SES158	1.60413	-95.0649	-96.669
BLOCK15/SES158/SA158S23	SES158	1.47881	-93.4053	-94.8841
BLOCK15/SES158/SA158S26	SES158	2.13385	-93.8574	-95.9912
BLOCK15/SES158/SA158S28	SES158	0.485901	-94.7721	-95.258
BLOCK16/SES162/SA162S10	SES162	1.83318	-95.6783	-97.5115
BLOCK16/SES162/SA162S11	SES162	1.65606	-93.9642	-95.6203
BLOCK16/SES162/SA162S21	SES162	1.75655	-94.6792	-96.4358
BLOCK16/SES162/SA162S24	SES162	1.74463	-94.7148	-96.4595
BLOCK16/SES162/SA162S27	SES162	1.89603	-95.9781	-97.8742
BLOCK16/SES167/SA167S14	SES167	1.50782	-94.0047	-95.5125
BLOCK16/SES167/SA167S15	SES167	1.53594	-95.3032	-96.8391
BLOCK16/SES167/SA167S21	SES167	2.00157	-93.7913	-95.7928
BLOCK16/SES167/SA167S25	SES167	2.06916	-95.0055	-97.0746
BLOCK16/SES167/SA167S29	SES167	3.16617	-92.5732	-95.7393
BLOCK17/SES172/SA172S12	SES172	1.49284	-94.3067	-95.7996
BLOCK17/SES172/SA172S13	SES172	2.02662	-95.5589	-97.5855
BLOCK17/SES172/SA172S23	SES172	0.505417	-94.2046	-94.71
BLOCK17/SES172/SA172S27	SES172	1.19871	-93.6981	-94.8968
BLOCK17/SES172/SA172S29	SES172	2.19379	-93.893	-96.0868
BLOCK17/SES175/SA175S11	SES175	1.71951	-95.193	-96.9126
BLOCK17/SES175/SA175S13	SES175	2.04953	-93.1252	-95.1748
BLOCK17/SES175/SA175S23	SES175	2.33849	-94.5049	-96.8434
BLOCK17/SES175/SA175S25	SES175	1.90867	-96.4941	-98.4028
BLOCK17/SES175/SA175S28	SES175	2.1149	-94.1647	-96.2796
BLOCK17/SES177/SA177S15	SES177	0.625565	-94.9066	-95.5322
BLOCK17/SES177/SA177S17	SES177	1.31091	-93.6981	-95.009
BLOCK17/SES177/SA177S23	SES177	0.247971	-96.0824	-96.3304
BLOCK17/SES177/SA177S26	SES177	1.6329	-92.5635	-94.1964
BLOCK17/SES177/SA177S28	SES177	1.4581	-93.2458	-94.7039
BLOCK18/SES180/SA180S13	SES180	1.59248	-95.6599	-97.2524
BLOCK18/SES180/SA180S15	SES180	1.58176	-95.3817	-96.9635
BLOCK18/SES180/SA180S24	SES180	1.3169	-94.4984	-95.8153
BLOCK18/SES180/SA180S26	SES180	0.784729	-95.1998	-95.9845
BLOCK18/SES180/SA180S29	SES180	1.99216	-95.85	-97.8422
BLOCK18/SES183/SA183S13	SES183	1.14548	-95.6354	-96.7809
BLOCK18/SES183/SA183S14	SES183	0.731865	-96.1788	-96.9106
BLOCK18/SES183/SA183S24	SES183	0.963142	-96.6958	-97.6589
BLOCK18/SES183/SA183S27	SES183	1.43828	-95.1353	-96.5736
BLOCK18/SES183/SA183S29	SES183	1.74116	-93.7578	-95.499
BLOCK18/SES187/SA187S13	SES187	1.92086	-96.404	-98.3249
BLOCK18/SES187/SA187S14	SES187	1.78078	-96.1486	-97.9294
BLOCK18/SES187/SA187S24	SES187	2.89365	-95.6344	-98.5281
BLOCK18/SES187/SA187S27	SES187	1.83694	-95.4442	-97.2812
BLOCK18/SES187/SA187S29	SES187	2.13788	-96.1132	-98.2511
BLOCK18/SES189/SA189S10	SES189	4.52848	-97.0282	-101.557
BLOCK18/SES189/SA189S13	SES189	5.81059	-97.262	-103.073
BLOCK18/SES189/SA189S24	SES189	4.78059	-98.1161	-102.897
BLOCK18/SES189/SA189S26	SES189	3.18931	-96.8754	-100.065
BLOCK18/SES189/SA189S29	SES189	4.48	-96.4563	-100.936
BLOCK20/SES202/SA202S12	SES202	3.33545	-95.751	-99.0865
BLOCK20/SES202/SA202S14	SES202	4.9622	-93.1217	-98.0839
BLOCK20/SES202/SA202S24	SES202	3.72854	-94.0951	-97.8237
BLOCK20/SES202/SA202S27	SES202	4.01747	-92.7916	-96.8091
BLOCK20/SES202/SA202S29	SES202	4.74821	-93.5589	-98.3071
BLOCK20/SES206/SA206S15	SES206	0.0567398	-92.2658	-92.3226
BLOCK20/SES206/SA206S17	SES206	2.52058	-88.9452	-91.4657
BLOCK20/SES206/SA206S24	SES206	1.9493	-90.3248	-92.2741
BLOCK20/SES206/SA206S27	SES206	2.2448	-89.6162	-91.861
BLOCK20/SES206/SA206S29	SES206	2.24511	-88.1051	-90.3502
BLOCK22/SES226/SA226S12	SES226	1.76324	-93.4707	-95.2339
BLOCK22/SES226/SA226S13	SES226	-1.05541	-94.6882	-93.6328
BLOCK22/SES226/SA226S20	SES226	1.56776	-92.7162	-94.284
BLOCK22/SES226/SA226S23	SES226	1.47799	-92.4281	-93.9061
BLOCK22/SES226/SA226S28	SES226	2.09668	-91.4529	-93.5496
BLOCK25/SES259/SA259S13	SES259	4.30042	-89.707	-94.0075
BLOCK25/SES259/SA259S14	SES259	2.73848	-90.4111	-93.1496
BLOCK25/SES259/SA259S22	SES259	2.74571	-89.7107	-92.4564
BLOCK25/SES259/SA259S24	SES259	3.16897	-88.5258	-91.6947
BLOCK25/SES259/SA259S28	SES259	3.42722	-89.5606	-92.9879
BLOCK27/SES270/SA270S14	SES270	2.9657	-91.5461	-94.5118
BLOCK27/SES270/SA270S16	SES270	2.57851	-91.6152	-94.1937
BLOCK27/SES270/SA270S22	SES270	3.47128	-90.4105	-93.8818
BLOCK27/SES270/SA270S26	SES270	1.91022	-93.3605	-95.2707
BLOCK27/SES270/SA270S28	SES270	1.84081	-91.9789	-93.8197
BLOCK27/SES275/SA275S17	SES275	1.01389	-95.3296	-96.3435
BLOCK27/SES275/SA275S18	SES275	0.845177	-95.8121	-96.6573
BLOCK27/SES275/SA275S24	SES275	0.682632	-96.693	-97.3757
BLOCK27/SES275/SA275S26	SES275	1.47742	-94.4823	-95.9597
BLOCK27/SES275/SA275S28	SES275	0.699081	-95.661	-96.3601
BLOCK29/SES292/SA292S10	SES292	0.506767	-94.9577	-95.4644
BLOCK29/SES292/SA292S12	SES292	-0.231064	-97.2763	-97.0452
BLOCK29/SES292/SA292S22	SES292	1.48662	-94.2165	-95.7031
BLOCK29/SES292/SA292S24	SES292	0.377968	-95.2078	-95.5857
BLOCK29/SES292/SA292S27	SES292	0.49395	-94.0909	-94.5848
BLOCK00/SES001/SA001S14	SES062	-2.03871	-99.8853	-97.8466
BLOCK00/SES001/SA001S14	SES082	-4.24411	-102.091	-97.8466
BLOCK00/SES001/SA001S14	SES106	-8.35651	-106.203	-97.8466
BLOCK00/SES001/SA001S14	SES206	-15.1636	-113.01	-97.8466
BLOCK00/SES001/SA001S15	SES062	-3.75289	-98.7423	-94.9894
BLOCK00/SES001/SA001S15	SES104	-9.67108	-104.66	-94.9894
BLOCK00/SES001/SA001S15	SES106	-8.78942	-103.779	-94.9894
BLOCK00/SES001/SA001S15	SES206	-14.8379	-109.827	-94.9894
BLOCK00/SES001/SA001S24	SES062	-5.32703	-102.922	-97.5953
BLOCK00/SES001/SA001S24	SES082	-4.49799	-102.093	-97.5953
BLOCK00/SES001/SA001S24	SES087	-13.0079	-110.603	-97.5953
BLOCK00/SES001/SA001S24	SES206	-8.19183	-105.787	-97.5953
BLOCK00/SES001/SA001S27	SES062	-2.88511	-96.8037	-93.9186
BLOCK00/SES001/SA001S27	SES082	-5.02222	-98.9409	-93.9186
BLOCK00/SES001/SA001S27	SES087	-8.65068	-102.569	-93.9186
BLOCK00/SES001/SA001S27	SES206	-7.62766	-101.546	-93.9186
BLOCK00/SES001/SA001S29	SES062	-3.37479	-100.601	-97.2266
BLOCK00/SES001/SA001S29	SES082	-4.11679	-101.343	-97.2266
BLOCK00/SES001/SA001S29	SES158	-7.4135	-104.64	-97.2266
BLOCK00/SES001/SA001S29	SES206	-14.3766	-111.603	-97.2266
BLOCK00/SES003/SA003S11	SES002	-7.2113	-102.154	-94.943
BLOCK00/SES003/SA003S11	SES019	-3.92371	-98.8667	-94.943
BLOCK00/SES003/SA003S11	SES082	-1.11481	-96.0578	-94.943
BLOCK00/SES003/SA003S11	SES125	-5.0777	-100.021	-94.943
BLOCK00/SES003/SA003S15	SES016	-7.66096	-101.966	-94.3051
BLOCK00/SES003/SA003S15	SES019	-4.28887	-98.594	-94.3051
BLOCK00/SES003/SA003S15	SES062	-4.38384	-98.689	-94.3051
BLOCK00/SES003/SA003S15	SES206	-2.31055	-96.6157	-94.3051
BLOCK00/SES003/SA003S22	SES002	-10.7951	-106.035	-95.2397
BLOCK00/SES003/SA003S22	SES062	-4.00219	-99.2419	-95.2397
BLOCK00/SES003/SA003S22	SES082	-1.51147	-96.7512	-95.2397
BLOCK00/SES003/SA003S22	SES087	-7.57211	-102.812	-95.2397
BLOCK00/SES003/SA003S25	SES062	-6.14995	-102.507	-96.3575
BLOCK00/SES003/SA003S25	SES082	-0.922012	-97.2795	-96.3575
BLOCK00/SES003/SA003S25	SES087	-9.99255	-106.35	-96.3575
BLOCK00/SES003/SA003S25	SES206	-7.26261	-103.62	-96.3575
BLOCK00/SES003/SA003S29	SES002	-9.71206	-104.841	-95.1285
BLOCK00/SES003/SA003S29	SES062	-3.82909	-98.9576	-95.1285
BLOCK00/SES003/SA003S29	SES082	-0.650032	-95.7785	-95.1285
BLOCK00/SES003/SA003S29	SES087	-7.51508	-102.644	-95.1285
BLOCK00/SES004/SA004S12	SES083	-2.35706	-99.5289	-97.1719
BLOCK00/SES004/SA004S12	SES148	-2.44246	-99.6143	-97.1719
BLOCK00/SES004/SA004S12	SES172	-2.58296	-99.7548	-97.1719
BLOCK00/SES004/SA004S12	SES292	-2.10258	-99.2745	-97.1719
BLOCK00/SES004/SA004S17	SES083	-1.3652	-98.6677	-97.3025
BLOCK00/SES004/SA004S17	SES162	-1.28854	-98.5911	-97.3025
BLOCK00/SES004/SA004S17	SES172	-2.18336	-99.4859	-97.3025
BLOCK00/SES004/SA004S17	SES292	-1.57117	-98.8737	-97.3025
BLOCK00/SES004/SA004S24	SES083	-1.16393	-97.9298	-96.7659
BLOCK00/SES004/SA004S24	SES148	-2.09264	-98.8585	-96.7659
BLOCK00/SES004/SA004S24	SES172	-1.36253	-98.1284	-96.7659
BLOCK00/SES004/SA004S24	SES292	-1.00729	-97.7732	-96.7659
BLOCK00/SES004/SA004S26	SES083	-0.739456	-98.1677	-97.4282
BLOCK00/SES004/SA004S26	SES127	-2.65615	-100.084	-97.4282
BLOCK00/SES004/SA004S26	SES148	-2.40681	-99.835	-97.4282
BLOCK00/SES004/SA004S26	SES292	-1.50814	-98.9364	-97.4282
BLOCK00/SES004/SA004S28	SES083	-1.01395	-97.335	-96.321
BLOCK00/SES004/SA004S28	SES127	-3.77576	-100.097	-96.321
BLOCK00/SES004/SA004S28	SES187	-2.37219	-98.6932	-96.321
BLOCK00/SES004/SA004S28	SES292	-1.69271	-98.0137	-96.321
BLOCK00/SES006/SA006S10	SES014	-4.19424	-102.828	-98.6341
BLOCK00/SES006/SA006S10	SES158	-1.20051	-99.8346	-98.6341
BLOCK00/SES006/SA006S10	SES226	-3.35337	-101.987	-98.6341
BLOCK00/SES006/SA006S10	SES270	-3.40373	-102.038	-98.6341
BLOCK00/SES006/SA006S11	SES158	-0.927551	-98.9289	-98.0013
BLOCK00/SES006/SA006S11	SES226	-2.96819	-100.97	-98.0013
BLOCK00/SES006/SA006S11	SES270	-1.65008	-99.6514	-98.0013
BLOCK00/SES006/SA006S11	SES275	-5.51789	-103.519	-98.0013
BLOCK00/SES006/SA006S23	SES062	-4.02442	-99.1063	-95.0819
BLOCK00/SES006/SA006S23	SES105	-3.96421	-99.0461	-95.0819
BLOCK00/SES006/SA006S23	SES158	-1.9437	-97.0256	-95.0819
BLOCK00/SES006/SA006S23	SES275	-3.97314	-99.055	-95.0819
BLOCK00/SES006/SA006S26	SES104	-2.27387	-98.3464	-96.0726
BLOCK00/SES006/SA006S26	SES158	-0.850433	-96.923	-96.0726
BLOCK00/SES006/SA006S26	SES270	-4.83636	-100.909	-96.0726
BLOCK00/SES006/SA006S26	SES275	-5.69934	-101.772	-96.0726
BLOCK00/SES006/SA006S28	SES007	-4.06215	-100.953	-96.8904
BLOCK00/SES006/SA006S28	SES105	-3.91132	-100.802	-96.8904
BLOCK00/SES006/SA006S28	SES158	-2.02962	-98.92	-96.8904
BLOCK00/SES006/SA006S28	SES275	-4.39764	-101.288	-96.8904
BLOCK00/SES009/SA009S12	SES083	-1.61535	-96.5229	-94.9076
BLOCK00/SES009/SA009S12	SES148	-1.85077	-96.7584	-94.9076
BLOCK00/SES009/SA009S12	SES177	-5.82092	-100.729	-94.9076
BLOCK00/SES009/SA009S12	SES292	0.108116	-94.7995	-94.9076
BLOCK00/SES009/SA009S15	SES007	1.04642	-93.4363	-94.4827
BLOCK00/SES009/SA009S15	SES099	-33.1643	-127.647	-94.4827
BLOCK00/SES009/SA009S15	SES148	-2.42425	-96.9069	-94.4827
BLOCK00/SES009/SA009S15	SES172	-3.026	-97.5087	-94.4827
BLOCK00/SES009/SA009S24	SES146	-0.739243	-95.3245	-94.5852
BLOCK00/SES009/SA009S24	SES148	-1.91621	-96.5014	-94.5852
BLOCK00/SES009/SA009S24	SES177	-5.08874	-99.674	-94.5852
BLOCK00/SES009/SA009S24	SES292	-0.264008	-94.8492	-94.5852
BLOCK00/SES009/SA009S26	SES083	-1.21349	-96.1861	-94.9726
BLOCK00/SES009/SA009S26	SES101	-1.24998	-96.2226	-94.9726
BLOCK00/SES009/SA009S26	SES120	-1.28354	-96.2561	-94.9726
BLOCK00/SES009/SA009S26	SES177	-4.57252	-99.5451	-94.9726
BLOCK00/SES009/SA009S29	SES083	-0.939598	-95.0044	-94.0648
BLOCK00/SES009/SA009S29	SES101	-1.56363	-95.6284	-94.0648
BLOCK00/SES009/SA009S29	SES177	-5.56254	-99.6273	-94.0648
BLOCK00/SES009/SA009S29	SES292	-0.32859	-94.3934	-94.0648
BLOCK01/SES011/SA011S10	SES019	-1.55308	-95.2828	-93.7297
BLOCK01/SES011/SA011S10	SES042	-1.50311	-95.2328	-93.7297
BLOCK01/SES011/SA011S10	SES082	0.111664	-93.6181	-93.7297
BLOCK01/SES011/SA011S10	SES206	-0.353966	-94.0837	-93.7297
BLOCK01/SES011/SA011S11	SES019	-1.97047	-97.6018	-95.6313
BLOCK01/SES011/SA011S11	SES042	-1.74566	-97.377	-95.6313
BLOCK01/SES011/SA011S11	SES082	-1.01291	-96.6442	-95.6313
BLOCK01/SES011/SA011S11	SES206	-0.967415	-96.5987	-95.6313
BLOCK01/SES011/SA011S22	SES019	-1.92244	-96.8122	-94.8897
BLOCK01/SES011/SA011S22	SES042	-1.48853	-96.3782	-94.8897
BLOCK01/SES011/SA011S22	SES082	0.219322	-94.6704	-94.8897
BLOCK01/SES011/SA011S22	SES206	-1.73233	-96.622	-94.8897
BLOCK01/SES011/SA011S24	SES019	-2.20679	-96.2108	-94.004
BLOCK01/SES011/SA011S24	SES042	-1.37161	-95.3756	-94.004
BLOCK01/SES011/SA011S24	SES104	-1.54395	-95.5479	-94.004
BLOCK01/SES011/SA011S24	SES206	-1.51821	-95.5222	-94.004
BLOCK01/SES011/SA011S27	SES082	0.576363	-94.7989	-95.3752
BLOCK01/SES011/SA011S27	SES087	-2.48673	-97.862	-95.3752
BLOCK01/SES011/SA011S27	SES125	-1.25177	-96.627	-95.3752
BLOCK01/SES011/SA011S27	SES206	-1.70583	-97.0811	-95.3752
BLOCK01/SES012/SA012S11	SES007	-4.99955	-96.3202	-91.3206
BLOCK01/SES012/SA012S11	SES082	-1.4141	-92.7347	-91.3206
BLOCK01/SES012/SA012S11	SES083	-4.97396	-96.2946	-91.3206
BLOCK01/SES012/SA012S11	SES206	-1.51833	-92.8389	-91.3206
BLOCK01/SES012/SA012S14	SES082	-1.35281	-93.7381	-92.3853
BLOCK01/SES012/SA012S14	SES087	-3.65499	-96.0403	-92.3853
BLOCK01/SES012/SA012S14	SES206	-0.622856	-93.0082	-92.3853
BLOCK01/SES012/SA012S14	SES292	-5.99438	-98.3797	-92.3853
BLOCK01/SES012/SA012S24	SES082	-0.094902	-93.2381	-93.1432
BLOCK01/SES012/SA012S24	SES087	-1.24197	-94.3852	-93.1432
BLOCK01/SES012/SA012S24	SES120	-7.3784	-100.522	-93.1432
BLOCK01/SES012/SA012S24	SES206	-0.890602	-94.0338	-93.1432
BLOCK01/SES012/SA012S26	SES019	-3.03726	-94.242	-91.2048
BLOCK01/SES012/SA012S26	SES082	-1.60703	-92.8118	-91.2048
BLOCK01/SES012/SA012S26	SES206	0.0882645	-91.1165	-91.2048
BLOCK01/SES012/SA012S26	SES292	-7.59132	-98.7961	-91.2048
BLOCK01/SES012/SA012S29	SES062	-4.59249	-96.3863	-91.7938
BLOCK01/SES012/SA012S29	SES082	-0.907188	-92.701	-91.7938
BLOCK01/SES012/SA012S29	SES083	-3.79514	-95.5889	-91.7938
BLOCK01/SES012/SA012S29	SES206	-0.443008	-92.2368	-91.7938
BLOCK01/SES013/SA013S16	SES062	-8.0135	-101.701	-93.6873
BLOCK01/SES013/SA013S16	SES106	-1.22115	-94.9084	-93.6873
BLOCK01/SES013/SA013S16	SES206	-1.15454	-94.8418	-93.6873
BLOCK01/SES013/SA013S16	SES226	-0.92926	-94.6165	-93.6873
BLOCK01/SES013/SA013S17	SES062	-7.01683	-99.0288	-92.012
BLOCK01/SES013/SA013S17	SES106	-1.69999	-93.712	-92.012
BLOCK01/SES013/SA013S17	SES206	0.152405	-91.8596	-92.012
BLOCK01/SES013/SA013S17	SES226	-0.834457	-92.8465	-92.012
BLOCK01/SES013/SA013S23	SES104	-1.8503	-94.7996	-92.9493
BLOCK01/SES013/SA013S23	SES106	-0.979568	-93.9289	-92.9493
BLOCK01/SES013/SA013S23	SES206	-0.679199	-93.6285	-92.9493
BLOCK01/SES013/SA013S23	SES270	-1.76192	-94.7112	-92.9493
BLOCK01/SES013/SA013S25	SES042	-2.46036	-94.1581	-91.6978
BLOCK01/SES013/SA013S25	SES104	-1.33454	-93.0323	-91.6978
BLOCK01/SES013/SA013S25	SES106	-0.419128	-92.1169	-91.6978
BLOCK01/SES013/SA013S25	SES206	-0.416512	-92.1143	-91.6978
BLOCK01/SES013/SA013S29	SES062	-8.64157	-101.461	-92.819
BLOCK01/SES013/SA013S29	SES104	-1.74165	-94.5607	-92.819
BLOCK01/SES013/SA013S29	SES106	-0.720818	-93.5398	-92.819
BLOCK01/SES013/SA013S29	SES206	-1.50102	-94.32	-92.819
BLOCK02/SES021/SA021S13	SES016	-14.1348	-107.226	-93.0915
BLOCK02/SES021/SA021S13	SES029	-13.0358	-106.127	-93.0915
BLOCK02/SES021/SA021S13	SES087	-2.54781	-95.6393	-93.0915
BLOCK02/SES021/SA021S13	SES206	-1.62185	-94.7133	-93.0915
BLOCK02/SES021/SA021S15	SES087	-2.54516	-94.3983	-91.8531
BLOCK02/SES021/SA021S15	SES125	-1.33158	-93.1847	-91.8531
BLOCK02/SES021/SA021S15	SES206	-1.09016	-92.9433	-91.8531
BLOCK02/SES021/SA021S15	SES226	-0.719109	-92.5722	-91.8531
BLOCK02/SES021/SA021S23	SES062	-5.3569	-99.8883	-94.5314
BLOCK02/SES021/SA021S23	SES087	-5.28064	-99.812	-94.5314
BLOCK02/SES021/SA021S23	SES206	-2.31517	-96.8466	-94.5314
BLOCK02/SES021/SA021S23	SES226	-1.02615	-95.5575	-94.5314
BLOCK02/SES021/SA021S27	SES002	-5.37241	-98.6619	-93.2895
BLOCK02/SES021/SA021S27	SES016	-8.02014	-101.31	-93.2895
BLOCK02/SES021/SA021S27	SES019	-2.45888	-95.7483	-93.2895
BLOCK02/SES021/SA021S27	SES062	-3.09676	-96.3862	-93.2895
BLOCK02/SES021/SA021S29	SES087	-4.89381	-97.7769	-92.8831
BLOCK02/SES021/SA021S29	SES125	-2.51159	-95.3947	-92.8831
BLOCK02/SES021/SA021S29	SES206	-2.58452	-95.4676	-92.8831
BLOCK02/SES021/SA021S29	SES226	-0.986603	-93.8697	-92.8831
BLOCK04/SES043/SA043S09	SES083	-2.04263	-99.6641	-97.6215
BLOCK04/SES043/SA043S09	SES101	-4.41815	-102.04	-97.6215
BLOCK04/SES043/SA043S09	SES144	-0.533539	-98.155	-97.6215
BLOCK04/SES043/SA043S09	SES172	-9.22166	-106.843	-97.6215
BLOCK04/SES043/SA043S11	SES083	-1.32533	-96.4868	-95.1614
BLOCK04/SES043/SA043S11	SES101	-2.2879	-97.4493	-95.1614
BLOCK04/SES043/SA043S11	SES144	-0.519295	-95.6807	-95.1614
BLOCK04/SES043/SA043S11	SES172	-4.87444	-100.036	-95.1614
BLOCK04/SES043/SA043S23	SES083	-0.220451	-96.4985	-96.2781
BLOCK04/SES043/SA043S23	SES144	-0.18541	-96.4635	-96.2781
BLOCK04/SES043/SA043S23	SES177	-5.52903	-101.807	-96.2781
BLOCK04/SES043/SA043S23	SES275	-0.98571	-97.2638	-96.2781
BLOCK04/SES043/SA043S26	SES083	-0.763672	-97.2881	-96.5244
BLOCK04/SES043/SA043S26	SES101	-1.40108	-97.9255	-96.5244
BLOCK04/SES043/SA043S26	SES144	-1.18327	-97.7077	-96.5244
BLOCK04/SES043/SA043S26	SES177	-4.10853	-100.633	-96.5244
BLOCK04/SES043/SA043S28	SES016	-1.13263	-96.2655	-95.1329
BLOCK04/SES043/SA043S28	SES083	-0.725685	-95.8586	-95.1329
BLOCK04/SES043/SA043S28	SES101	-1.17184	-96.3048	-95.1329
BLOCK04/SES043/SA043S28	SES144	-0.751724	-95.8846	-95.1329
BLOCK04/SES044/SA044S10	SES127	-3.56355	-102.954	-99.3909
BLOCK04/SES044/SA044S10	SES144	-1.46323	-100.854	-99.3909
BLOCK04/SES044/SA044S10	SES147	-2.68817	-102.079	-99.3909
BLOCK04/SES044/SA044S10	SES148	-3.16943	-102.56	-99.3909
BLOCK04/SES044/SA044S11	SES101	-1.57891	-100.703	-99.1242
BLOCK04/SES044/SA044S11	SES144	-1.18537	-100.31	-99.1242
BLOCK04/SES044/SA044S11	SES147	-2.04993	-101.174	-99.1242
BLOCK04/SES044/SA044S11	SES177	-1.92268	-101.047	-99.1242
BLOCK04/SES044/SA044S24	SES007	-2.97449	-100.73	-97.7552
BLOCK04/SES044/SA044S24	SES101	-1.53491	-99.2901	-97.7552
BLOCK04/SES044/SA044S24	SES147	-5.00604	-102.761	-97.7552
BLOCK04/SES044/SA044S24	SES177	-4.91068	-102.666	-97.7552
BLOCK04/SES044/SA044S26	SES007	-2.49706	-99.6828	-97.1857
BLOCK04/SES044/SA044S26	SES016	-0.514069	-97.6998	-97.1857
BLOCK04/SES044/SA044S26	SES101	-1.54642	-98.7321	-97.1857
BLOCK04/SES044/SA044S26	SES147	-1.79825	-98.9839	-97.1857
BLOCK04/SES044/SA044S29	SES007	-1.97655	-98.3641	-96.3876
BLOCK04/SES044/SA044S29	SES101	-0.323425	-96.711	-96.3876
BLOCK04/SES044/SA044S29	SES147	-1.3082	-97.6958	-96.3876
BLOCK04/SES044/SA044S29	SES177	-1.20545	-97.593	-96.3876
BLOCK04/SES046/SA046S13	SES101	-4.73725	-102.781	-98.0439
BLOCK04/SES046/SA046S13	SES144	-0.901176	-98.9451	-98.0439
BLOCK04/SES046/SA046S13	SES147	-2.29542	-100.339	-98.0439
BLOCK04/SES046/SA046S13	SES177	-1.41904	-99.463	-98.0439
BLOCK04/SES046/SA046S15	SES048	-4.6867	-100.218	-95.5313
BLOCK04/SES046/SA046S15	SES083	-0.827942	-96.3593	-95.5313
BLOCK04/SES046/SA046S15	SES120	-2.10375	-97.6351	-95.5313
BLOCK04/SES046/SA046S15	SES148	-2.04951	-97.5809	-95.5313
BLOCK04/SES046/SA046S22	SES101	-2.09043	-99.2999	-97.2094
BLOCK04/SES046/SA046S22	SES144	-0.12899	-97.3384	-97.2094
BLOCK04/SES046/SA046S22	SES147	-0.36306	-97.5725	-97.2094
BLOCK04/SES046/SA046S22	SES172	-2.50166	-99.7111	-97.2094
BLOCK04/SES046/SA046S25	SES083	-1.88979	-98.4868	-96.597
BLOCK04/SES046/SA046S25	SES127	-2.61718	-99.2142	-96.597
BLOCK04/SES046/SA046S25	SES144	-1.27346	-97.8704	-96.597
BLOCK04/SES046/SA046S25	SES148	-1.56384	-98.1608	-96.597
BLOCK04/SES046/SA046S28	SES007	-3.42719	-100.446	-97.0188
BLOCK04/SES046/SA046S28	SES105	-3.69032	-100.709	-97.0188
BLOCK04/SES046/SA046S28	SES147	-2.88315	-99.9019	-97.0188
BLOCK04/SES046/SA046S28	SES148	-1.65511	-98.6739	-97.0188
BLOCK04/SES049/SA049S16	SES104	-2.11063	-96.7377	-94.6271
BLOCK04/SES049/SA049S16	SES106	-1.3278	-95.9549	-94.6271
BLOCK04/SES049/SA049S16	SES120	-5.68294	-100.31	-94.6271
BLOCK04/SES049/SA049S16	SES206	-1.66862	-96.2957	-94.6271
BLOCK04/SES049/SA049S18	SES099	-7.80341	-103.621	-95.8181
BLOCK04/SES049/SA049S18	SES104	-2.30899	-98.1271	-95.8181
BLOCK04/SES049/SA049S18	SES125	-2.92564	-98.7437	-95.8181
BLOCK04/SES049/SA049S18	SES206	-1.8475	-97.6656	-95.8181
BLOCK04/SES049/SA049S25	SES087	-3.19085	-97.5002	-94.3093
BLOCK04/SES049/SA049S25	SES104	-1.00253	-95.3118	-94.3093
BLOCK04/SES049/SA049S25	SES125	-3.85399	-98.1633	-94.3093
BLOCK04/SES049/SA049S25	SES206	-1.88622	-96.1955	-94.3093
BLOCK04/SES049/SA049S27	SES099	-4.93204	-99.0148	-94.0827
BLOCK04/SES049/SA049S27	SES104	-0.411858	-94.4946	-94.0827
BLOCK04/SES049/SA049S27	SES125	-2.21749	-96.3002	-94.0827
BLOCK04/SES049/SA049S27	SES206	-1.90644	-95.9892	-94.0827
BLOCK04/SES049/SA049S29	SES099	-5.58496	-98.9808	-93.3958
BLOCK04/SES049/SA049S29	SES104	-0.365601	-93.7614	-93.3958
BLOCK04/SES049/SA049S29	SES125	-2.17454	-95.5704	-93.3958
BLOCK04/SES049/SA049S29	SES206	-1.35099	-94.7468	-93.3958
BLOCK06/SES063/SA063S09	SES068	-1.54643	-96.6966	-95.1502
BLOCK06/SES063/SA063S09	SES083	-0.148888	-95.2991	-95.1502
BLOCK06/SES063/SA063S09	SES177	-0.329849	-95.4801	-95.1502
BLOCK06/SES063/SA063S09	SES187	-1.08138	-96.2316	-95.1502
BLOCK06/SES063/SA063S10	SES068	-1.84933	-98.28	-96.4306
BLOCK06/SES063/SA063S10	SES083	-1.19496	-97.6256	-96.4306
BLOCK06/SES063/SA063S10	SES172	0.1791	-96.2515	-96.4306
BLOCK06/SES063/SA063S10	SES187	-0.44223	-96.8729	-96.4306
BLOCK06/SES063/SA063S20	SES068	-3.95055	-100.516	-96.5652
BLOCK06/SES063/SA063S20	SES083	-1.6323	-98.1975	-96.5652
BLOCK06/SES063/SA063S20	SES172	-1.6035	-98.1687	-96.5652
BLOCK06/SES063/SA063S20	SES187	-0.0806122	-96.6458	-96.5652
BLOCK06/SES063/SA063S24	SES029	-1.21194	-97.3724	-96.1604
BLOCK06/SES063/SA063S24	SES083	-0.551048	-96.7115	-96.1604
BLOCK06/SES063/SA063S24	SES177	-1.03236	-97.1928	-96.1604
BLOCK06/SES063/SA063S24	SES189	-1.46175	-97.6222	-96.1604
BLOCK06/SES063/SA063S27	SES083	-0.587288	-97.7242	-97.1369
BLOCK06/SES063/SA063S27	SES172	-1.25078	-98.3877	-97.1369
BLOCK06/SES063/SA063S27	SES187	-1.77277	-98.9097	-97.1369
BLOCK06/SES063/SA063S27	SES292	-2.12807	-99.265	-97.1369
BLOCK06/SES067/SA067S12	SES083	-1.36372	-96.0566	-94.6929
BLOCK06/SES067/SA067S12	SES172	-3.65022	-98.3431	-94.6929
BLOCK06/SES067/SA067S12	SES202	0.480652	-94.2122	-94.6929
BLOCK06/SES067/SA067S12	SES292	-3.04579	-97.7387	-94.6929
BLOCK06/SES067/SA067S14	SES085	-3.36563	-96.9192	-93.5536
BLOCK06/SES067/SA067S14	SES177	-1.14785	-94.7015	-93.5536
BLOCK06/SES067/SA067S14	SES183	-3.44735	-97.001	-93.5536
BLOCK06/SES067/SA067S14	SES202	-0.418449	-93.9721	-93.5536
BLOCK06/SES067/SA067S21	SES144	-0.920692	-97.0422	-96.1215
BLOCK06/SES067/SA067S21	SES177	-0.733887	-96.8553	-96.1215
BLOCK06/SES067/SA067S21	SES183	-4.71841	-100.84	-96.1215
BLOCK06/SES067/SA067S21	SES189	-0.643852	-96.7653	-96.1215
BLOCK06/SES067/SA067S25	SES085	-1.01229	-96.7075	-95.6952
BLOCK06/SES067/SA067S25	SES177	-1.32113	-97.0163	-95.6952
BLOCK06/SES067/SA067S25	SES183	-3.66257	-99.3578	-95.6952
BLOCK06/SES067/SA067S25	SES202	-0.017662	-95.7129	-95.6952
BLOCK06/SES067/SA067S29	SES085	-0.927849	-96.2545	-95.3266
BLOCK06/SES067/SA067S29	SES177	-1.05803	-96.3847	-95.3266
BLOCK06/SES067/SA067S29	SES183	-3.52216	-98.8488	-95.3266
BLOCK06/SES067/SA067S29	SES202	0.712646	-94.614	-95.3266
BLOCK06/SES069/SA069S12	SES029	-5.09912	-98.9286	-93.8295
BLOCK06/SES069/SA069S12	SES082	-0.588058	-94.4175	-93.8295
BLOCK06/SES069/SA069S12	SES087	-7.21642	-101.046	-93.8295
BLOCK06/SES069/SA069S12	SES206	-5.32184	-99.1513	-93.8295
BLOCK06/SES069/SA069S13	SES029	-5.93356	-98.8042	-92.8706
BLOCK06/SES069/SA069S13	SES087	-5.09328	-97.9639	-92.8706
BLOCK06/SES069/SA069S13	SES206	-4.80315	-97.6738	-92.8706
BLOCK06/SES069/SA069S13	SES226	-3.42082	-96.2915	-92.8706
BLOCK06/SES069/SA069S23	SES029	-4.68382	-96.5456	-91.8618
BLOCK06/SES069/SA069S23	SES087	-8.53752	-100.399	-91.8618
BLOCK06/SES069/SA069S23	SES206	-7.6884	-99.5502	-91.8618
BLOCK06/SES069/SA069S23	SES226	-1.57385	-93.4356	-91.8618
BLOCK06/SES069/SA069S25	SES087	-4.17228	-95.8021	-91.6298
BLOCK06/SES069/SA069S25	SES206	-3.49903	-95.1289	-91.6298
BLOCK06/SES069/SA069S25	SES226	-2.48939	-94.1192	-91.6298
BLOCK06/SES069/SA069S25	SES270	-5.92073	-97.5506	-91.6298
BLOCK06/SES069/SA069S27	SES087	-5.3045	-97.5378	-92.2333
BLOCK06/SES069/SA069S27	SES206	-2.52255	-94.7559	-92.2333
BLOCK06/SES069/SA069S27	SES226	-0.248718	-92.482	-92.2333
BLOCK06/SES069/SA069S27	SES270	-7.87521	-100.109	-92.2333
BLOCK08/SES081/SA081S11	SES060	-2.2065	-98.3903	-96.1838
BLOCK08/SES081/SA081S11	SES062	-2.71364	-98.8974	-96.1838
BLOCK08/SES081/SA081S11	SES117	-2.18729	-98.3711	-96.1838
BLOCK08/SES081/SA081S11	SES162	-0.962097	-97.1459	-96.1838
BLOCK08/SES081/SA081S13	SES016	-0.471329	-95.1665	-94.6952
BLOCK08/SES081/SA081S13	SES060	-0.256264	-94.9515	-94.6952
BLOCK08/SES081/SA081S13	SES068	-0.48764	-95.1828	-94.6952
BLOCK08/SES081/SA081S13	SES129	-1.94274	-96.6379	-94.6952
BLOCK08/SES081/SA081S24	SES060	-0.811913	-96.4986	-95.6867
BLOCK08/SES081/SA081S24	SES068	-1.54867	-97.2354	-95.6867
BLOCK08/SES081/SA081S24	SES117	-2.05299	-97.7397	-95.6867
BLOCK08/SES081/SA081S24	SES275	-3.00349	-98.6902	-95.6867
BLOCK08/SES081/SA081S27	SES007	-3.57281	-99.4939	-95.9211
BLOCK08/SES081/SA081S27	SES060	-2.30044	-98.2215	-95.9211
BLOCK08/SES081/SA081S27	SES117	-1.13367	-97.0548	-95.9211
BLOCK08/SES081/SA081S27	SES275	-3.07751	-98.9986	-95.9211
BLOCK08/SES081/SA081S29	SES007	-2.21416	-97.7129	-95.4987
BLOCK08/SES081/SA081S29	SES060	-0.937111	-96.4359	-95.4987
BLOCK08/SES081/SA081S29	SES117	-1.00734	-96.5061	-95.4987
BLOCK08/SES081/SA081S29	SES275	-3.00304	-98.5018	-95.4987
BLOCK08/SES086/SA086S11	SES029	-6.21101	-101.099	-94.888
BLOCK08/SES086/SA086S11	SES082	-1.92332	-96.8113	-94.888
BLOCK08/SES086/SA086S11	SES087	-1.5173	-96.4053	-94.888
BLOCK08/SES086/SA086S11	SES206	-2.24226	-97.1302	-94.888
BLOCK08/SES086/SA086S12	SES029	-8.46972	-102.221	-93.751
BLOCK08/SES086/SA086S12	SES082	-1.65073	-95.4017	-93.751
BLOCK08/SES086/SA086S12	SES087	-0.0466766	-93.7977	-93.751
BLOCK08/SES086/SA086S12	SES206	-1.28385	-95.0349	-93.751
BLOCK08/SES086/SA086S20	SES029	-9.51006	-101.912	-92.4023
BLOCK08/SES086/SA086S20	SES082	-1.85649	-94.2587	-92.4023
BLOCK08/SES086/SA086S20	SES087	-0.237984	-92.6402	-92.4023
BLOCK08/SES086/SA086S20	SES206	-0.953255	-93.3555	-92.4023
BLOCK08/SES086/SA086S24	SES087	-0.441071	-94.4946	-94.0536
BLOCK08/SES086/SA086S24	SES104	-1.9492	-96.0028	-94.0536
BLOCK08/SES086/SA086S24	SES120	-7.76711	-101.821	-94.0536
BLOCK08/SES086/SA086S24	SES206	-0.816605	-94.8702	-94.0536
BLOCK08/SES086/SA086S28	SES029	-5.58726	-98.4914	-92.9041
BLOCK08/SES086/SA086S28	SES082	-1.07095	-93.9751	-92.9041
BLOCK08/SES086/SA086S28	SES087	-0.755806	-93.6599	-92.9041
BLOCK08/SES086/SA086S28	SES206	-0.827187	-93.7313	-92.9041
BLOCK08/SES089/SA089S13	SES087	-8.55741	-104.338	-95.7807
BLOCK08/SES089/SA089S13	SES206	-7.54247	-103.323	-95.7807
BLOCK08/SES089/SA089S13	SES226	-2.28344	-98.0641	-95.7807
BLOCK08/SES089/SA089S13	SES270	-12.0039	-107.785	-95.7807
BLOCK08/SES089/SA089S14	SES062	-5.4077	-100.738	-95.3308
BLOCK08/SES089/SA089S14	SES087	-4.85049	-100.181	-95.3308
BLOCK08/SES089/SA089S14	SES206	-2.63976	-97.9705	-95.3308
BLOCK08/SES089/SA089S14	SES226	-0.752663	-96.0834	-95.3308
BLOCK08/SES089/SA089S23	SES087	-11.5485	-108.756	-97.2074
BLOCK08/SES089/SA089S23	SES206	-9.13725	-106.345	-97.2074
BLOCK08/SES089/SA089S23	SES226	-0.886658	-98.094	-97.2074
BLOCK08/SES089/SA089S23	SES270	-16.0562	-113.264	-97.2074
BLOCK08/SES089/SA089S25	SES062	-6.41396	-102.19	-95.7758
BLOCK08/SES089/SA089S25	SES087	-8.41094	-104.187	-95.7758
BLOCK08/SES089/SA089S25	SES206	-5.04928	-100.825	-95.7758
BLOCK08/SES089/SA089S25	SES226	-0.261314	-96.0371	-95.7758
BLOCK08/SES089/SA089S28	SES062	-5.49801	-101.125	-95.6265
BLOCK08/SES089/SA089S28	SES087	-5.60067	-101.227	-95.6265
BLOCK08/SES089/SA089S28	SES206	-4.69197	-100.319	-95.6265
BLOCK08/SES089/SA089S28	SES226	-0.380768	-96.0073	-95.6265
BLOCK09/SES097/SA097S11	SES099	-1.91581	-96.4757	-94.5599
BLOCK09/SES097/SA097S11	SES125	-2.00189	-96.5618	-94.5599
BLOCK09/SES097/SA097S11	SES206	-1.70445	-96.2643	-94.5599
BLOCK09/SES097/SA097S11	SES226	-1.11552	-95.6754	-94.5599
BLOCK09/SES097/SA097S14	SES062	-7.18845	-103.182	-95.9932
BLOCK09/SES097/SA097S14	SES099	-5.40194	-101.395	-95.9932
BLOCK09/SES097/SA097S14	SES104	-1.48214	-97.4754	-95.9932
BLOCK09/SES097/SA097S14	SES206	-2.16881	-98.162	-95.9932
BLOCK09/SES097/SA097S22	SES099	-3.47932	-97.424	-93.9447
BLOCK09/SES097/SA097S22	SES206	-1.60867	-95.5533	-93.9447
BLOCK09/SES097/SA097S22	SES226	-0.978348	-94.923	-93.9447
BLOCK09/SES097/SA097S22	SES270	-3.25024	-97.1949	-93.9447
BLOCK09/SES097/SA097S26	SES099	-3.82214	-98.2008	-94.3786
BLOCK09/SES097/SA097S26	SES120	-5.6041	-99.9827	-94.3786
BLOCK09/SES097/SA097S26	SES206	-1.93848	-96.3171	-94.3786
BLOCK09/SES097/SA097S26	SES226	-1.65376	-96.0324	-94.3786
BLOCK09/SES097/SA097S28	SES099	-4.8848	-99.6302	-94.7454
BLOCK09/SES097/SA097S28	SES120	-4.77686	-99.5223	-94.7454
BLOCK09/SES097/SA097S28	SES206	-3.0823	-97.8277	-94.7454
BLOCK09/SES097/SA097S28	SES226	-2.02649	-96.7719	-94.7454
BLOCK09/SES098/SA098S11	SES127	-4.15202	-102.711	-98.5592
BLOCK09/SES098/SA098S11	SES144	-0.925644	-99.4849	-98.5592
BLOCK09/SES098/SA098S11	SES147	-0.301666	-98.8609	-98.5592
BLOCK09/SES098/SA098S11	SES148	-3.93392	-102.493	-98.5592
BLOCK09/SES098/SA098S12	SES127	-8.42346	-108.843	-100.42
BLOCK09/SES098/SA098S12	SES144	-1.51261	-101.932	-100.42
BLOCK09/SES098/SA098S12	SES147	-0.525513	-100.945	-100.42
BLOCK09/SES098/SA098S12	SES189	0.226822	-100.193	-100.42
BLOCK09/SES098/SA098S20	SES127	-8.58913	-107.385	-98.7962
BLOCK09/SES098/SA098S20	SES147	0.376991	-98.4193	-98.7962
BLOCK09/SES098/SA098S20	SES148	-5.22346	-104.02	-98.7962
BLOCK09/SES098/SA098S20	SES292	-4.51414	-103.31	-98.7962
BLOCK09/SES098/SA098S23	SES127	-4.42119	-102.053	-97.6321
BLOCK09/SES098/SA098S23	SES147	-0.573593	-98.2057	-97.6321
BLOCK09/SES098/SA098S23	SES187	-0.564072	-98.1962	-97.6321
BLOCK09/SES098/SA098S23	SES292	-3.54815	-101.18	-97.6321
BLOCK09/SES098/SA098S27	SES127	-2.89118	-101.832	-98.9412
BLOCK09/SES098/SA098S27	SES147	-0.743828	-99.6851	-98.9412
BLOCK09/SES098/SA098S27	SES148	-5.34623	-104.287	-98.9412
BLOCK09/SES098/SA098S27	SES292	-3.88608	-102.827	-98.9412
BLOCK10/SES102/SA102S13	SES101	-0.392723	-97.5754	-97.1827
BLOCK10/SES102/SA102S13	SES105	-3.20389	-100.387	-97.1827
BLOCK10/SES102/SA102S13	SES120	-2.47102	-99.6537	-97.1827
BLOCK10/SES102/SA102S13	SES158	-29.3677	-126.55	-97.1827
BLOCK10/SES102/SA102S14	SES007	-0.239853	-95.6698	-95.4299
BLOCK10/SES102/SA102S14	SES101	0.618057	-94.8119	-95.4299
BLOCK10/SES102/SA102S14	SES105	-0.807732	-96.2377	-95.4299
BLOCK10/SES102/SA102S14	SES147	-2.57809	-98.008	-95.4299
BLOCK10/SES102/SA102S22	SES007	-0.954926	-96.7467	-95.7917
BLOCK10/SES102/SA102S22	SES101	0.233414	-95.5583	-95.7917
BLOCK10/SES102/SA102S22	SES105	-1.1865	-96.9782	-95.7917
BLOCK10/SES102/SA102S22	SES158	-13.9651	-109.757	-95.7917
BLOCK10/SES102/SA102S25	SES007	-0.627312	-97.0617	-96.4344
BLOCK10/SES102/SA102S25	SES101	-0.553154	-96.9875	-96.4344
BLOCK10/SES102/SA102S25	SES105	-1.47177	-97.9062	-96.4344
BLOCK10/SES102/SA102S25	SES147	-5.83585	-102.27	-96.4344
BLOCK10/SES102/SA102S27	SES007	-1.99747	-97.7166	-95.7192
BLOCK10/SES102/SA102S27	SES101	-0.628296	-96.3475	-95.7192
BLOCK10/SES102/SA102S27	SES105	-1.84983	-97.569	-95.7192
BLOCK10/SES102/SA102S27	SES147	-3.1011	-98.8203	-95.7192
BLOCK10/SES103/SA103S14	SES105	-6.54756	-102.38	-95.832
BLOCK10/SES103/SA103S14	SES106	-1.71643	-97.5484	-95.832
BLOCK10/SES103/SA103S14	SES120	-6.52792	-102.36	-95.832
BLOCK10/SES103/SA103S14	SES206	-1.79977	-97.6317	-95.832
BLOCK10/SES103/SA103S15	SES099	-5.85358	-103.313	-97.4596
BLOCK10/SES103/SA103S15	SES101	-10.9214	-108.381	-97.4596
BLOCK10/SES103/SA103S15	SES104	-1.73799	-99.1976	-97.4596
BLOCK10/SES103/SA103S15	SES125	-2.1996	-99.6592	-97.4596
BLOCK10/SES103/SA103S24	SES104	-2.74543	-96.7739	-94.0285
BLOCK10/SES103/SA103S24	SES125	-3.27165	-97.3001	-94.0285
BLOCK10/SES103/SA103S24	SES148	-9.78416	-103.813	-94.0285
BLOCK10/SES103/SA103S24	SES158	-2.51456	-96.543	-94.0285
BLOCK10/SES103/SA103S26	SES104	-2.8504	-99.6489	-96.7985
BLOCK10/SES103/SA103S26	SES106	-2.04462	-98.8431	-96.7985
BLOCK10/SES103/SA103S26	SES125	-4.28212	-101.081	-96.7985
BLOCK10/SES103/SA103S26	SES148	-7.20717	-104.006	-96.7985
BLOCK10/SES103/SA103S28	SES104	-4.40074	-101.974	-97.5734
BLOCK10/SES103/SA103S28	SES106	-4.6784	-102.252	-97.5734
BLOCK10/SES103/SA103S28	SES125	-7.61962	-105.193	-97.5734
BLOCK10/SES103/SA103S28	SES206	-7.88505	-105.458	-97.5734
BLOCK12/SES121/SA121S12	SES042	-5.63835	-103.866	-98.2276
BLOCK12/SES121/SA121S12	SES087	-5.84617	-104.074	-98.2276
BLOCK12/SES121/SA121S12	SES105	-5.40557	-103.633	-98.2276
BLOCK12/SES121/SA121S12	SES206	-4.65887	-102.887	-98.2276
BLOCK12/SES121/SA121S14	SES007	-7.82317	-106.25	-98.427
BLOCK12/SES121/SA121S14	SES105	-6.67939	-105.106	-98.427
BLOCK12/SES121/SA121S14	SES106	-3.99059	-102.418	-98.427
BLOCK12/SES121/SA121S14	SES206	-4.35792	-102.785	-98.427
BLOCK12/SES121/SA121S23	SES105	-4.3765	-103.546	-99.1696
BLOCK12/SES121/SA121S23	SES106	-2.25261	-101.422	-99.1696
BLOCK12/SES121/SA121S23	SES120	-5.62013	-104.79	-99.1696
BLOCK12/SES121/SA121S23	SES206	-2.53161	-101.701	-99.1696
BLOCK12/SES121/SA121S25	SES007	-6.65826	-106.973	-100.314
BLOCK12/SES121/SA121S25	SES105	-6.31177	-106.626	-100.314
BLOCK12/SES121/SA121S25	SES106	-2.70404	-103.018	-100.314
BLOCK12/SES121/SA121S25	SES206	-3.71484	-104.029	-100.314
BLOCK12/SES121/SA121S27	SES087	-5.90289	-104.581	-98.6777
BLOCK12/SES121/SA121S27	SES105	-8.83904	-107.517	-98.6777
BLOCK12/SES121/SA121S27	SES120	-7.59277	-106.27	-98.6777
BLOCK12/SES121/SA121S27	SES206	-5.35281	-104.03	-98.6777
BLOCK12/SES124/SA124S16	SES042	-0.655121	-96.6316	-95.9765
BLOCK12/SES124/SA124S16	SES082	-1.01163	-96.9881	-95.9765
BLOCK12/SES124/SA124S16	SES183	-7.67646	-103.653	-95.9765
BLOCK12/SES124/SA124S16	SES206	-2.21356	-98.1901	-95.9765
BLOCK12/SES124/SA124S17	SES105	-5.97548	-105.078	-99.1026
BLOCK12/SES124/SA124S17	SES149	-2.49392	-101.596	-99.1026
BLOCK12/SES124/SA124S17	SES158	-2.16035	-101.263	-99.1026
BLOCK12/SES124/SA124S17	SES275	-7.38213	-106.485	-99.1026
BLOCK12/SES124/SA124S23	SES105	-6.62611	-99.7398	-93.1137
BLOCK12/SES124/SA124S23	SES125	0.665276	-92.4484	-93.1137
BLOCK12/SES124/SA124S23	SES129	-7.35474	-100.468	-93.1137
BLOCK12/SES124/SA124S23	SES158	-1.15513	-94.2688	-93.1137
BLOCK12/SES124/SA124S26	SES105	-7.64743	-101.892	-94.2441
BLOCK12/SES124/SA124S26	SES125	-0.302666	-94.5468	-94.2441
BLOCK12/SES124/SA124S26	SES129	-7.39744	-101.642	-94.2441
BLOCK12/SES124/SA124S26	SES158	-2.23886	-96.483	-94.2441
BLOCK12/SES124/SA124S28	SES104	-0.737114	-95.103	-94.3659
BLOCK12/SES124/SA124S28	SES106	-1.18401	-95.5499	-94.3659
BLOCK12/SES124/SA124S28	SES125	0.507767	-93.8582	-94.3659
BLOCK12/SES124/SA124S28	SES275	-8.47217	-102.838	-94.3659
BLOCK12/SES126/SA126S13	SES007	-2.78717	-103.16	-100.373
BLOCK12/SES126/SA126S13	SES162	-0.753204	-101.126	-100.373
BLOCK12/SES126/SA126S13	SES177	-0.259109	-100.632	-100.373
BLOCK12/SES126/SA126S13	SES180	-0.909248	-101.282	-100.373
BLOCK12/SES126/SA126S14	SES144	-1.37762	-98.2076	-96.83
BLOCK12/SES126/SA126S14	SES148	-1.8924	-98.7224	-96.83
BLOCK12/SES126/SA126S14	SES177	-0.404358	-97.2344	-96.83
BLOCK12/SES126/SA126S14	SES180	-0.613693	-97.4437	-96.83
BLOCK12/SES126/SA126S20	SES007	-3.37203	-100.255	-96.8833
BLOCK12/SES126/SA126S20	SES162	-2.5124	-99.3957	-96.8833
BLOCK12/SES126/SA126S20	SES172	-8.10815	-104.991	-96.8833
BLOCK12/SES126/SA126S20	SES180	-2.45402	-99.3373	-96.8833
BLOCK12/SES126/SA126S24	SES120	-1.81245	-99.1289	-97.3165
BLOCK12/SES126/SA126S24	SES162	-1.1717	-98.4882	-97.3165
BLOCK12/SES126/SA126S24	SES177	-0.31636	-97.6328	-97.3165
BLOCK12/SES126/SA126S24	SES180	-0.0877151	-97.4042	-97.3165
BLOCK12/SES126/SA126S26	SES120	-1.69983	-99.0797	-97.3798
BLOCK12/SES126/SA126S26	SES177	-0.315926	-97.6957	-97.3798
BLOCK12/SES126/SA126S26	SES180	-1.42374	-98.8036	-97.3798
BLOCK12/SES126/SA126S26	SES202	-4.19493	-101.575	-97.3798
BLOCK12/SES128/SA128S10	SES087	-5.32919	-99.7235	-94.3943
BLOCK12/SES128/SA128S10	SES206	-3.0526	-97.4469	-94.3943
BLOCK12/SES128/SA128S10	SES226	-1.17402	-95.5683	-94.3943
BLOCK12/SES128/SA128S10	SES270	-5.89041	-100.285	-94.3943
BLOCK12/SES128/SA128S12	SES120	-6.18366	-101.166	-94.9825
BLOCK12/SES128/SA128S12	SES158	-1.87668	-96.8592	-94.9825
BLOCK12/SES128/SA128S12	SES206	-2.53767	-97.5202	-94.9825
BLOCK12/SES128/SA128S12	SES226	-1.26167	-96.2442	-94.9825
BLOCK12/SES128/SA128S21	SES106	-8.27742	-104.64	-96.3623
BLOCK12/SES128/SA128S21	SES120	-4.54733	-100.91	-96.3623
BLOCK12/SES128/SA128S21	SES206	-9.98269	-106.345	-96.3623
BLOCK12/SES128/SA128S21	SES226	-3.92529	-100.288	-96.3623
BLOCK12/SES128/SA128S24	SES087	-10.6308	-107.352	-96.7215
BLOCK12/SES128/SA128S24	SES120	-3.25064	-99.9722	-96.7215
BLOCK12/SES128/SA128S24	SES206	-7.92622	-104.648	-96.7215
BLOCK12/SES128/SA128S24	SES226	-4.47848	-101.2	-96.7215
BLOCK12/SES128/SA128S27	SES099	-9.68457	-104.594	-94.9092
BLOCK12/SES128/SA128S27	SES120	-3.3604	-98.2696	-94.9092
BLOCK12/SES128/SA128S27	SES206	-6.82851	-101.738	-94.9092
BLOCK12/SES128/SA128S27	SES226	-2.9261	-97.8353	-94.9092
BLOCK13/SES130/SA130S13	SES143	-5.71383	-104.247	-98.5328
BLOCK13/SES130/SA130S13	SES144	-0.145287	-98.6781	-98.5328
BLOCK13/SES130/SA130S13	SES146	-1.12989	-99.6627	-98.5328
BLOCK13/SES130/SA130S13	SES275	-2.95867	-101.491	-98.5328
BLOCK13/SES130/SA130S15	SES143	-2.13717	-98.2708	-96.1337
BLOCK13/SES130/SA130S15	SES144	-0.102196	-96.2359	-96.1337
BLOCK13/SES130/SA130S15	SES146	-0.543594	-96.6773	-96.1337
BLOCK13/SES130/SA130S15	SES275	-1.10536	-97.239	-96.1337
BLOCK13/SES130/SA130S23	SES127	-7.96444	-107.239	-99.275
BLOCK13/SES130/SA130S23	SES144	-0.342934	-99.6179	-99.275
BLOCK13/SES130/SA130S23	SES146	-0.317757	-99.5928	-99.275
BLOCK13/SES130/SA130S23	SES162	-5.51422	-104.789	-99.275
BLOCK13/SES130/SA130S25	SES127	-7.02174	-103.889	-96.8672
BLOCK13/SES130/SA130S25	SES144	-0.21933	-97.0865	-96.8672
BLOCK13/SES130/SA130S25	SES146	-0.124413	-96.9916	-96.8672
BLOCK13/SES130/SA130S25	SES275	-0.88221	-97.7494	-96.8672
BLOCK13/SES130/SA130S28	SES127	-4.48765	-102.008	-97.5199
BLOCK13/SES130/SA130S28	SES144	-0.272919	-97.7929	-97.5199
BLOCK13/SES130/SA130S28	SES146	-0.525444	-98.0454	-97.5199
BLOCK13/SES130/SA130S28	SES275	-0.635376	-98.1553	-97.5199
BLOCK13/SES131/SA131S13	SES002	-3.48746	-101.254	-97.7661
BLOCK13/SES131/SA131S13	SES007	-6.74149	-104.508	-97.7661
BLOCK13/SES131/SA131S13	SES099	-5.55157	-103.318	-97.7661
BLOCK13/SES131/SA131S13	SES105	-6.37828	-104.144	-97.7661
BLOCK13/SES131/SA131S14	SES104	-0.21682	-95.6128	-95.396
BLOCK13/SES131/SA131S14	SES106	-0.599449	-95.9954	-95.396
BLOCK13/SES131/SA131S14	SES125	-1.72701	-97.123	-95.396
BLOCK13/SES131/SA131S14	SES148	-4.02128	-99.4172	-95.396
BLOCK13/SES131/SA131S20	SES104	-2.82177	-99.8206	-96.9989
BLOCK13/SES131/SA131S20	SES106	-1.31401	-98.3129	-96.9989
BLOCK13/SES131/SA131S20	SES125	-2.54718	-99.5461	-96.9989
BLOCK13/SES131/SA131S20	SES148	-7.53889	-104.538	-96.9989
BLOCK13/SES131/SA131S22	SES099	-4.05019	-100.374	-96.3236
BLOCK13/SES131/SA131S22	SES104	-2.09155	-98.4152	-96.3236
BLOCK13/SES131/SA131S22	SES125	-2.03935	-98.363	-96.3236
BLOCK13/SES131/SA131S22	SES206	-2.19801	-98.5216	-96.3236
BLOCK13/SES131/SA131S29	SES087	-2.08962	-98.2267	-96.1371
BLOCK13/SES131/SA131S29	SES104	-3.17287	-99.31	-96.1371
BLOCK13/SES131/SA131S29	SES125	-2.81464	-98.9517	-96.1371
BLOCK13/SES131/SA131S29	SES206	-2.38224	-98.5193	-96.1371
BLOCK13/SES132/SA132S11	SES083	-1.79089	-98.2549	-96.464
BLOCK13/SES132/SA132S11	SES120	-0.348099	-96.8121	-96.464
BLOCK13/SES132/SA132S11	SES127	-2.55492	-99.0189	-96.464
BLOCK13/SES132/SA132S11	SES275	-1.45341	-97.9174	-96.464
BLOCK13/SES132/SA132S12	SES083	-1.77563	-97.0961	-95.3205
BLOCK13/SES132/SA132S12	SES143	-0.9188	-96.2393	-95.3205
BLOCK13/SES132/SA132S12	SES144	-0.584969	-95.9054	-95.3205
BLOCK13/SES132/SA132S12	SES148	-1.47916	-96.7996	-95.3205
BLOCK13/SES132/SA132S22	SES062	-0.662956	-95.8687	-95.2057
BLOCK13/SES132/SA132S22	SES083	-0.0300369	-95.2358	-95.2057
BLOCK13/SES132/SA132S22	SES127	-2.49934	-97.7051	-95.2057
BLOCK13/SES132/SA132S22	SES275	-1.26612	-96.4719	-95.2057
BLOCK13/SES132/SA132S24	SES007	-1.12817	-96.5254	-95.3973
BLOCK13/SES132/SA132S24	SES083	-0.84478	-96.242	-95.3973
BLOCK13/SES132/SA132S24	SES127	-0.82267	-96.2199	-95.3973
BLOCK13/SES132/SA132S24	SES275	-2.01453	-97.4118	-95.3973
BLOCK13/SES132/SA132S27	SES083	-1.50849	-97.7598	-96.2513
BLOCK13/SES132/SA132S27	SES120	-0.573181	-96.8244	-96.2513
BLOCK13/SES132/SA132S27	SES127	-2.4066	-98.6579	-96.2513
BLOCK13/SES132/SA132S27	SES275	-2.16592	-98.4172	-96.2513
BLOCK14/SES141/SA141S09	SES143	-0.166275	-96.4701	-96.3038
BLOCK14/SES141/SA141S09	SES144	-0.784462	-97.0883	-96.3038
BLOCK14/SES141/SA141S09	SES162	-0.66169	-96.9655	-96.3038
BLOCK14/SES141/SA141S09	SES180	-0.673355	-96.9772	-96.3038
BLOCK14/SES141/SA141S15	SES127	-1.95887	-98.7703	-96.8114
BLOCK14/SES141/SA141S15	SES144	-0.952614	-97.764	-96.8114
BLOCK14/SES141/SA141S15	SES162	-0.544571	-97.356	-96.8114
BLOCK14/SES141/SA141S15	SES180	-0.581062	-97.3925	-96.8114
BLOCK14/SES141/SA141S24	SES127	-0.652199	-96.9852	-96.333
BLOCK14/SES141/SA141S24	SES144	-1.80116	-98.1342	-96.333
BLOCK14/SES141/SA141S24	SES162	0.146698	-96.1863	-96.333
BLOCK14/SES141/SA141S24	SES183	-2.92461	-99.2576	-96.333
BLOCK14/SES141/SA141S26	SES142	-2.45826	-99.2423	-96.7841
BLOCK14/SES141/SA141S26	SES144	-1.80533	-98.5894	-96.7841
BLOCK14/SES141/SA141S26	SES172	-2.8873	-99.6714	-96.7841
BLOCK14/SES141/SA141S26	SES180	-0.696907	-97.481	-96.7841
BLOCK14/SES141/SA141S29	SES127	-0.490295	-97.0832	-96.5929
BLOCK14/SES141/SA141S29	SES142	-0.763718	-97.3567	-96.5929
BLOCK14/SES141/SA141S29	SES144	-1.64833	-98.2413	-96.5929
BLOCK14/SES141/SA141S29	SES180	0.181671	-96.4113	-96.5929
BLOCK15/SES157/SA157S08	SES083	-2.02252	-97.8521	-95.8296
BLOCK15/SES157/SA157S08	SES127	-2.96875	-98.7983	-95.8296
BLOCK15/SES157/SA157S08	SES148	-0.246796	-96.0764	-95.8296
BLOCK15/SES157/SA157S08	SES292	-1.61855	-97.4481	-95.8296
BLOCK15/SES157/SA157S11	SES083	-1.3356	-96.9601	-95.6245
BLOCK15/SES157/SA157S11	SES127	-6.9421	-102.567	-95.6245
BLOCK15/SES157/SA157S11	SES148	-2.32293	-97.9474	-95.6245
BLOCK15/SES157/SA157S11	SES292	-1.66839	-97.2929	-95.6245
BLOCK15/SES157/SA157S21	SES127	-5.04595	-99.6023	-94.5563
BLOCK15/SES157/SA157S21	SES148	-1.42516	-95.9815	-94.5563
BLOCK15/SES157/SA157S21	SES158	-8.8168	-103.373	-94.5563
BLOCK15/SES157/SA157S21	SES292	-0.626472	-95.1828	-94.5563
BLOCK15/SES157/SA157S24	SES127	-7.24185	-102.276	-95.0341
BLOCK15/SES157/SA157S24	SES148	-1.4336	-96.4677	-95.0341
BLOCK15/SES157/SA157S24	SES183	-1.99732	-97.0314	-95.0341
BLOCK15/SES157/SA157S24	SES292	-1.6061	-96.6402	-95.0341
BLOCK15/SES157/SA157S26	SES007	-1.08878	-96.4867	-95.3979
BLOCK15/SES157/SA157S26	SES127	-2.10021	-97.4981	-95.3979
BLOCK15/SES157/SA157S26	SES147	-3.1152	-98.5131	-95.3979
BLOCK15/SES157/SA157S26	SES148	-0.657906	-96.0558	-95.3979
BLOCK16/SES161/SA161S10	SES007	-4.03722	-101.955	-97.9174
BLOCK16/SES161/SA161S10	SES105	-1.94347	-99.8609	-97.9174
BLOCK16/SES161/SA161S10	SES158	-4.50423	-102.422	-97.9174
BLOCK16/SES161/SA161S10	SES275	-3.00585	-100.923	-97.9174
BLOCK16/SES161/SA161S12	SES007	-3.89708	-101.32	-97.423
BLOCK16/SES161/SA161S12	SES105	-3.40444	-100.827	-97.423
BLOCK16/SES161/SA161S12	SES158	-2.26631	-99.6893	-97.423
BLOCK16/SES161/SA161S12	SES275	-3.28838	-100.711	-97.423
BLOCK16/SES161/SA161S20	SES007	-3.7288	-102.012	-98.2828
BLOCK16/SES161/SA161S20	SES105	-2.39272	-100.675	-98.2828
BLOCK16/SES161/SA161S20	SES158	-4.37807	-102.661	-98.2828
BLOCK16/SES161/SA161S20	SES275	-3.48533	-101.768	-98.2828
BLOCK16/SES161/SA161S23	SES007	-2.69827	-99.556	-96.8577
BLOCK16/SES161/SA161S23	SES105	-2.35617	-99.2139	-96.8577
BLOCK16/SES161/SA161S23	SES148	-6.2138	-103.072	-96.8577
BLOCK16/SES161/SA161S23	SES158	-4.18768	-101.045	-96.8577
BLOCK16/SES161/SA161S28	SES007	-4.45075	-101.196	-96.7449
BLOCK16/SES161/SA161S28	SES105	-3.9876	-100.733	-96.7449
BLOCK16/SES161/SA161S28	SES158	-1.99919	-98.7441	-96.7449
BLOCK16/SES161/SA161S28	SES206	-4.4029	-101.148	-96.7449
BLOCK16/SES164/SA164S11	SES104	-2.69424	-94.742	-92.0477
BLOCK16/SES164/SA164S11	SES125	-1.03074	-93.0785	-92.0477
BLOCK16/SES164/SA164S11	SES158	-0.971054	-93.0188	-92.0477
BLOCK16/SES164/SA164S11	SES206	-0.879181	-92.9269	-92.0477
BLOCK16/SES164/SA164S13	SES099	-0.0850296	-94.1956	-94.1105
BLOCK16/SES164/SA164S13	SES104	-2.92637	-97.0369	-94.1105
BLOCK16/SES164/SA164S13	SES125	-1.73808	-95.8486	-94.1105
BLOCK16/SES164/SA164S13	SES206	-0.619331	-94.7299	-94.1105
BLOCK16/SES164/SA164S24	SES002	0.428482	-93.1784	-93.6069
BLOCK16/SES164/SA164S24	SES099	0.367966	-93.2389	-93.6069
BLOCK16/SES164/SA164S24	SES125	-1.55271	-95.1596	-93.6069
BLOCK16/SES164/SA164S24	SES226	-1.48907	-95.0959	-93.6069
BLOCK16/SES164/SA164S27	SES087	-2.27283	-95.7104	-93.4376
BLOCK16/SES164/SA164S27	SES125	-1.11494	-94.5525	-93.4376
BLOCK16/SES164/SA164S27	SES206	-0.467484	-93.9051	-93.4376
BLOCK16/SES164/SA164S27	SES226	-2.43398	-95.8716	-93.4376
BLOCK16/SES164/SA164S29	SES002	-0.714554	-93.8309	-93.1163
BLOCK16/SES164/SA164S29	SES019	-2.38278	-95.4991	-93.1163
BLOCK16/SES164/SA164S29	SES125	-1.41637	-94.5327	-93.1163
BLOCK16/SES164/SA164S29	SES226	-1.64438	-94.7607	-93.1163
BLOCK16/SES169/SA169S13	SES117	-3.84076	-101.283	-97.4419
BLOCK16/SES169/SA169S13	SES144	-1.05993	-98.5019	-97.4419
BLOCK16/SES169/SA169S13	SES146	-0.746872	-98.1888	-97.4419
BLOCK16/SES169/SA169S13	SES162	-4.17078	-101.613	-97.4419
BLOCK16/SES169/SA169S14	SES144	-0.810822	-96.3396	-95.5287
BLOCK16/SES169/SA169S14	SES148	-1.86271	-97.3915	-95.5287
BLOCK16/SES169/SA169S14	SES177	-4.8148	-100.344	-95.5287
BLOCK16/SES169/SA169S14	SES180	-8.12524	-103.654	-95.5287
BLOCK16/SES169/SA169S24	SES117	-3.67188	-101.264	-97.5921
BLOCK16/SES169/SA169S24	SES144	-1.11526	-98.7073	-97.5921
BLOCK16/SES169/SA169S24	SES146	-1.05383	-98.6459	-97.5921
BLOCK16/SES169/SA169S24	SES162	-5.34664	-102.939	-97.5921
BLOCK16/SES169/SA169S27	SES127	-5.41821	-102.107	-96.6883
BLOCK16/SES169/SA169S27	SES129	-1.58249	-98.2708	-96.6883
BLOCK16/SES169/SA169S27	SES144	-1.67289	-98.3612	-96.6883
BLOCK16/SES169/SA169S27	SES146	-0.712753	-97.4011	-96.6883
BLOCK16/SES169/SA169S29	SES144	-0.0559921	-96.2002	-96.1442
BLOCK16/SES169/SA169S29	SES162	-3.66608	-99.8103	-96.1442
BLOCK16/SES169/SA169S29	SES177	-4.5465	-100.691	-96.1442
BLOCK16/SES169/SA169S29	SES180	-4.77714	-100.921	-96.1442
BLOCK17/SES171/SA171S12	SES083	-1.42324	-97.6616	-96.2384
BLOCK17/SES171/SA171S12	SES148	-2.09747	-98.3358	-96.2384
BLOCK17/SES171/SA171S12	SES172	-2.27584	-98.5142	-96.2384
BLOCK17/SES171/SA171S12	SES292	-1.64072	-97.8791	-96.2384
BLOCK17/SES171/SA171S15	SES148	-2.7534	-101.237	-98.4838
BLOCK17/SES171/SA171S15	SES177	-1.94535	-100.429	-98.4838
BLOCK17/SES171/SA171S15	SES180	-5.69088	-104.175	-98.4838
BLOCK17/SES171/SA171S15	SES292	-4.0655	-102.549	-98.4838
BLOCK17/SES171/SA171S22	SES007	-2.04712	-97.2482	-95.2011
BLOCK17/SES171/SA171S22	SES148	-1.92357	-97.1246	-95.2011
BLOCK17/SES171/SA171S22	SES177	-0.683487	-95.8846	-95.2011
BLOCK17/SES171/SA171S22	SES180	-3.15739	-98.3585	-95.2011
BLOCK17/SES171/SA171S25	SES101	-5.20965	-104.619	-99.4098
BLOCK17/SES171/SA171S25	SES120	-6.0491	-105.459	-99.4098
BLOCK17/SES171/SA171S25	SES177	-1.11824	-100.528	-99.4098
BLOCK17/SES171/SA171S25	SES180	-3.42212	-102.832	-99.4098
BLOCK17/SES171/SA171S27	SES177	-0.190559	-97.3063	-97.1157
BLOCK17/SES171/SA171S27	SES180	-3.04826	-100.164	-97.1157
BLOCK17/SES171/SA171S27	SES189	-0.956291	-98.072	-97.1157
BLOCK17/SES171/SA171S27	SES292	-2.39956	-99.5153	-97.1157
BLOCK17/SES173/SA173S13	SES162	-2.68739	-101.529	-98.8416
BLOCK17/SES173/SA173S13	SES177	-0.8321	-99.6737	-98.8416
BLOCK17/SES173/SA173S13	SES180	-2.02694	-100.869	-98.8416
BLOCK17/SES173/SA173S13	SES292	-3.54037	-102.382	-98.8416
BLOCK17/SES173/SA173S14	SES007	-4.56766	-102.833	-98.2651
BLOCK17/SES173/SA173S14	SES162	-1.8792	-100.144	-98.2651
BLOCK17/SES173/SA173S14	SES177	-0.48455	-98.7496	-98.2651
BLOCK17/SES173/SA173S14	SES180	-2.30256	-100.568	-98.2651
BLOCK17/SES173/SA173S24	SES144	-1.11827	-100.751	-99.6332
BLOCK17/SES173/SA173S24	SES162	-1.91238	-101.546	-99.6332
BLOCK17/SES173/SA173S24	SES177	-0.850815	-100.484	-99.6332
BLOCK17/SES173/SA173S24	SES180	-1.76005	-101.393	-99.6332
BLOCK17/SES173/SA173S27	SES162	-3.56896	-102.238	-98.6689
BLOCK17/SES173/SA173S27	SES177	-0.36879	-99.0376	-98.6689
BLOCK17/SES173/SA173S27	SES180	-1.89137	-100.56	-98.6689
BLOCK17/SES173/SA173S27	SES292	-4.86484	-103.534	-98.6689
BLOCK17/SES173/SA173S29	SES162	-2.5235	-101.033	-98.5099
BLOCK17/SES173/SA173S29	SES175	0.274818	-98.2351	-98.5099
BLOCK17/SES173/SA173S29	SES177	-0.430908	-98.9408	-98.5099
BLOCK17/SES173/SA173S29	SES292	-4.44099	-102.951	-98.5099
BLOCK18/SES182/SA182S10	SES144	-1.36294	-97.5919	-96.2289
BLOCK18/SES182/SA182S10	SES177	-1.2214	-97.4503	-96.2289
BLOCK18/SES182/SA182S10	SES180	-2.20773	-98.4366	-96.2289
BLOCK18/SES182/SA182S10	SES275	-1.9511	-98.18	-96.2289
BLOCK18/SES182/SA182S12	SES144	-1.27266	-97.5978	-96.3252
BLOCK18/SES182/SA182S12	SES177	-0.93618	-97.2614	-96.3252
BLOCK18/SES182/SA182S12	SES180	-2.6357	-98.9609	-96.3252
BLOCK18/SES182/SA182S12	SES275	-2.81932	-99.1445	-96.3252
BLOCK18/SES182/SA182S21	SES117	-0.309441	-98.407	-98.0975
BLOCK18/SES182/SA182S21	SES144	-1.42113	-99.5187	-98.0975
BLOCK18/SES182/SA182S21	SES162	-0.280495	-98.378	-98.0975
BLOCK18/SES182/SA182S21	SES180	-1.79214	-99.8897	-98.0975
BLOCK18/SES182/SA182S23	SES117	-0.708519	-97.8308	-97.1222
BLOCK18/SES182/SA182S23	SES144	-1.80406	-98.9263	-97.1222
BLOCK18/SES182/SA182S23	SES180	-2.9128	-100.035	-97.1222
BLOCK18/SES182/SA182S23	SES275	-3.08521	-100.207	-97.1222
BLOCK18/SES182/SA182S25	SES007	-1.14913	-98.2211	-97.0719
BLOCK18/SES182/SA182S25	SES162	-0.437119	-97.509	-97.0719
BLOCK18/SES182/SA182S25	SES177	-0.178062	-97.25	-97.0719
BLOCK18/SES182/SA182S25	SES180	-1.04893	-98.1209	-97.0719
BLOCK18/SES184/SA184S12	SES177	-2.57289	-99.8198	-97.2469
BLOCK18/SES184/SA184S12	SES180	-3.94996	-101.197	-97.2469
BLOCK18/SES184/SA184S12	SES189	-5.13985	-102.387	-97.2469
BLOCK18/SES184/SA184S12	SES292	-1.09748	-98.3444	-97.2469
BLOCK18/SES184/SA184S13	SES101	-1.05311	-98.4374	-97.3843
BLOCK18/SES184/SA184S13	SES177	-1.88283	-99.2672	-97.3843
BLOCK18/SES184/SA184S13	SES180	-3.05732	-100.442	-97.3843
BLOCK18/SES184/SA184S13	SES292	-1.20026	-98.5846	-97.3843
BLOCK18/SES184/SA184S22	SES177	-1.72299	-98.1366	-96.4136
BLOCK18/SES184/SA184S22	SES180	-2.51659	-98.9302	-96.4136
BLOCK18/SES184/SA184S22	SES189	-4.01048	-100.424	-96.4136
BLOCK18/SES184/SA184S22	SES292	-1.05592	-97.4695	-96.4136
BLOCK18/SES184/SA184S25	SES101	-0.4786	-95.794	-95.3154
BLOCK18/SES184/SA184S25	SES177	-1.41663	-96.7321	-95.3154
BLOCK18/SES184/SA184S25	SES180	-4.4533	-99.7687	-95.3154
BLOCK18/SES184/SA184S25	SES292	-0.471054	-95.7865	-95.3154
BLOCK18/SES184/SA184S27	SES083	-1.42898	-97.7993	-96.3703
BLOCK18/SES184/SA184S27	SES177	-1.48467	-97.855	-96.3703
BLOCK18/SES184/SA184S27	SES202	-6.54771	-102.918	-96.3703
BLOCK18/SES184/SA184S27	SES292	-1.21716	-97.5875	-96.3703
BLOCK20/SES204/SA204S12	SES062	-5.66549	-99.2982	-93.6327
BLOCK20/SES204/SA204S12	SES083	-3.5666	-97.1993	-93.6327
BLOCK20/SES204/SA204S12	SES206	-2.11407	-95.7468	-93.6327
BLOCK20/SES204/SA204S12	SES226	-2.07877	-95.7115	-93.6327
BLOCK20/SES204/SA204S14	SES068	-8.29364	-100.95	-92.6567
BLOCK20/SES204/SA204S14	SES087	-3.02245	-95.6791	-92.6567
BLOCK20/SES204/SA204S14	SES206	-2.76098	-95.4177	-92.6567
BLOCK20/SES204/SA204S14	SES226	-1.49052	-94.1472	-92.6567
BLOCK20/SES204/SA204S22	SES068	-7.26187	-100.504	-93.2426
BLOCK20/SES204/SA204S22	SES082	-2.34952	-95.5921	-93.2426
BLOCK20/SES204/SA204S22	SES083	-4.14756	-97.3901	-93.2426
BLOCK20/SES204/SA204S22	SES206	-1.74444	-94.987	-93.2426
BLOCK20/SES204/SA204S25	SES062	-6.71887	-100.058	-93.3391
BLOCK20/SES204/SA204S25	SES083	-4.51685	-97.856	-93.3391
BLOCK20/SES204/SA204S25	SES206	-1.57476	-94.9139	-93.3391
BLOCK20/SES204/SA204S25	SES226	-1.79898	-95.1381	-93.3391
BLOCK20/SES204/SA204S27	SES068	-8.5993	-102.561	-93.9612
BLOCK20/SES204/SA204S27	SES082	-1.75401	-95.7152	-93.9612
BLOCK20/SES204/SA204S27	SES087	-1.43764	-95.3988	-93.9612
BLOCK20/SES204/SA204S27	SES206	-1.42676	-95.388	-93.9612
BLOCK20/SES207/SA207S10	SES127	-0.53418	-96.5993	-96.0651
BLOCK20/SES207/SA207S10	SES183	-1.69286	-97.758	-96.0651
BLOCK20/SES207/SA207S10	SES189	-1.66147	-97.7266	-96.0651
BLOCK20/SES207/SA207S10	SES292	-1.52869	-97.5938	-96.0651
BLOCK20/SES207/SA207S11	SES127	-2.73989	-98.3996	-95.6597
BLOCK20/SES207/SA207S11	SES183	-1.74889	-97.4086	-95.6597
BLOCK20/SES207/SA207S11	SES187	-0.597618	-96.2573	-95.6597
BLOCK20/SES207/SA207S11	SES292	-1.48041	-97.1401	-95.6597
BLOCK20/SES207/SA207S25	SES068	-1.87114	-99.5117	-97.6405
BLOCK20/SES207/SA207S25	SES083	-1.67921	-99.3197	-97.6405
BLOCK20/SES207/SA207S25	SES127	-1.86859	-99.5091	-97.6405
BLOCK20/SES207/SA207S25	SES187	-0.74234	-98.3829	-97.6405
BLOCK20/SES207/SA207S27	SES127	-2.99501	-100.116	-97.1208
BLOCK20/SES207/SA207S27	SES183	-1.8672	-98.988	-97.1208
BLOCK20/SES207/SA207S27	SES187	-2.6698	-99.7906	-97.1208
BLOCK20/SES207/SA207S27	SES292	-2.18895	-99.3098	-97.1208
BLOCK20/SES207/SA207S29	SES083	-1.8838	-98.7623	-96.8785
BLOCK20/SES207/SA207S29	SES085	-0.838478	-97.7169	-96.8785
BLOCK20/SES207/SA207S29	SES172	-3.93764	-100.816	-96.8785
BLOCK20/SES207/SA207S29	SES189	-2.61439	-99.4928	-96.8785
BLOCK22/SES221/SA221S12	SES068	-4.09221	-101.497	-97.4044
BLOCK22/SES221/SA221S12	SES143	-1.09071	-98.4951	-97.4044
BLOCK22/SES221/SA221S12	SES175	-0.76545	-98.1699	-97.4044
BLOCK22/SES221/SA221S12	SES202	-0.303513	-97.7079	-97.4044
BLOCK22/SES221/SA221S15	SES085	-7.95675	-106.882	-98.9248
BLOCK22/SES221/SA221S15	SES143	-1.52255	-100.447	-98.9248
BLOCK22/SES221/SA221S15	SES175	-1.75494	-100.68	-98.9248
BLOCK22/SES221/SA221S15	SES187	-0.120201	-99.045	-98.9248
BLOCK22/SES221/SA221S23	SES068	-4.97233	-103.226	-98.2538
BLOCK22/SES221/SA221S23	SES143	-1.78537	-100.039	-98.2538
BLOCK22/SES221/SA221S23	SES175	-1.32658	-99.5804	-98.2538
BLOCK22/SES221/SA221S23	SES189	1.22725	-97.0266	-98.2538
BLOCK22/SES221/SA221S27	SES085	-9.61666	-107.847	-98.2306
BLOCK22/SES221/SA221S27	SES143	0.375435	-97.8551	-98.2306
BLOCK22/SES221/SA221S27	SES175	-0.637947	-98.8685	-98.2306
BLOCK22/SES221/SA221S27	SES189	1.35364	-96.8769	-98.2306
BLOCK22/SES221/SA221S29	SES085	-16.3771	-117.848	-101.47
BLOCK22/SES221/SA221S29	SES143	-3.08285	-104.553	-101.47
BLOCK22/SES221/SA221S29	SES175	-4.20864	-105.679	-101.47
BLOCK22/SES221/SA221S29	SES187	0.991623	-100.479	-101.47
BLOCK22/SES223/SA223S11	SES143	-0.184776	-98.9793	-98.7945
BLOCK22/SES223/SA223S11	SES144	-2.29934	-101.094	-98.7945
BLOCK22/SES223/SA223S11	SES175	-2.21582	-101.01	-98.7945
BLOCK22/SES223/SA223S11	SES187	-0.833626	-99.6281	-98.7945
BLOCK22/SES223/SA223S13	SES068	-3.70535	-103.677	-99.9718
BLOCK22/SES223/SA223S13	SES143	-1.22359	-101.195	-99.9718
BLOCK22/SES223/SA223S13	SES146	-3.26757	-103.239	-99.9718
BLOCK22/SES223/SA223S13	SES202	-4.11311	-104.085	-99.9718
BLOCK22/SES223/SA223S22	SES143	-0.231606	-98.7244	-98.4928
BLOCK22/SES223/SA223S22	SES144	-1.66665	-100.159	-98.4928
BLOCK22/SES223/SA223S22	SES175	-1.53368	-100.026	-98.4928
BLOCK22/SES223/SA223S22	SES187	0.0255814	-98.4672	-98.4928
BLOCK22/SES223/SA223S25	SES068	-4.64316	-103.194	-98.5505
BLOCK22/SES223/SA223S25	SES143	-0.942802	-99.4933	-98.5505
BLOCK22/SES223/SA223S25	SES175	-1.11016	-99.6607	-98.5505
BLOCK22/SES223/SA223S25	SES187	-0.337341	-98.8878	-98.5505
BLOCK22/SES223/SA223S27	SES143	-1.99216	-100.852	-98.8598
BLOCK22/SES223/SA223S27	SES146	-3.18058	-102.04	-98.8598
BLOCK22/SES223/SA223S27	SES187	-2.23139	-101.091	-98.8598
BLOCK22/SES223/SA223S27	SES292	-4.18649	-103.046	-98.8598
BLOCK27/SES273/SA273S12	SES099	-5.08531	-96.2166	-91.1312
BLOCK27/SES273/SA273S12	SES104	-0.322365	-91.4536	-91.1312
BLOCK27/SES273/SA273S12	SES125	-1.20097	-92.3322	-91.1312
BLOCK27/SES273/SA273S12	SES206	0.127968	-91.0033	-91.1312
BLOCK27/SES273/SA273S13	SES099	-4.75365	-95.5003	-90.7467
BLOCK27/SES273/SA273S13	SES104	-0.775642	-91.5223	-90.7467
BLOCK27/SES273/SA273S13	SES206	-0.341515	-91.0882	-90.7467
BLOCK27/SES273/SA273S13	SES292	-7.73044	-98.4771	-90.7467
BLOCK27/SES273/SA273S21	SES099	-2.92466	-93.4799	-90.5553
BLOCK27/SES273/SA273S21	SES148	-8.66826	-99.2235	-90.5553
BLOCK27/SES273/SA273S21	SES149	-1.70678	-92.2621	-90.5553
BLOCK27/SES273/SA273S21	SES177	-6.6753	-97.2306	-90.5553
BLOCK27/SES273/SA273S25	SES104	-1.02477	-91.9558	-90.9311
BLOCK27/SES273/SA273S25	SES125	-0.561768	-91.4928	-90.9311
BLOCK27/SES273/SA273S25	SES158	-0.884125	-91.8152	-90.9311
BLOCK27/SES273/SA273S25	SES206	0.468918	-90.4622	-90.9311
BLOCK27/SES273/SA273S27	SES099	-1.67719	-93.2019	-91.5247
BLOCK27/SES273/SA273S27	SES104	-0.861732	-92.3864	-91.5247
BLOCK27/SES273/SA273S27	SES149	-1.07267	-92.5974	-91.5247
BLOCK27/SES273/SA273S27	SES275	-4.11094	-95.6357	-91.5247
BLOCK27/SES274/SA274S10	SES105	-4.11915	-98.0126	-93.8934
BLOCK27/SES274/SA274S10	SES125	-1.24837	-95.1418	-93.8934
BLOCK27/SES274/SA274S10	SES129	-3.77489	-97.6683	-93.8934
BLOCK27/SES274/SA274S10	SES158	-2.42015	-96.3136	-93.8934
BLOCK27/SES274/SA274S11	SES105	-4.45641	-99.1487	-94.6923
BLOCK27/SES274/SA274S11	SES149	-1.94022	-96.6325	-94.6923
BLOCK27/SES274/SA274S11	SES158	-1.64547	-96.3378	-94.6923
BLOCK27/SES274/SA274S11	SES275	-5.36486	-100.057	-94.6923
BLOCK27/SES274/SA274S21	SES105	-5.3949	-100.114	-94.7189
BLOCK27/SES274/SA274S21	SES129	-4.53768	-99.2565	-94.7189
BLOCK27/SES274/SA274S21	SES149	-1.18892	-95.9078	-94.7189
BLOCK27/SES274/SA274S21	SES158	-2.74548	-97.4643	-94.7189
BLOCK27/SES274/SA274S24	SES105	-7.31709	-99.7626	-92.4455
BLOCK27/SES274/SA274S24	SES129	-6.32519	-98.7707	-92.4455
BLOCK27/SES274/SA274S24	SES149	-1.95756	-94.403	-92.4455
BLOCK27/SES274/SA274S24	SES158	-3.26994	-95.7154	-92.4455
BLOCK27/SES274/SA274S29	SES105	-5.10253	-99.5871	-94.4845
BLOCK27/SES274/SA274S29	SES106	-2.53899	-97.0235	-94.4845
BLOCK27/SES274/SA274S29	SES120	-4.51914	-99.0037	-94.4845
BLOCK27/SES274/SA274S29	SES275	-4.28029	-98.7648	-94.4845
BLOCK27/SES276/SA276S16	SES148	-2.02026	-99.0764	-97.0561
BLOCK27/SES276/SA276S16	SES172	-2.28532	-99.3414	-97.0561
BLOCK27/SES276/SA276S16	SES180	-7.61917	-104.675	-97.0561
BLOCK27/SES276/SA276S16	SES292	-0.0723724	-97.1285	-97.0561
BLOCK27/SES276/SA276S17	SES101	-1.23363	-98.1079	-96.8743
BLOCK27/SES276/SA276S17	SES177	-2.90906	-99.7833	-96.8743
BLOCK27/SES276/SA276S17	SES180	-4.75262	-101.627	-96.8743
BLOCK27/SES276/SA276S17	SES292	-1.02106	-97.8953	-96.8743
BLOCK27/SES276/SA276S24	SES101	-0.807793	-96.6853	-95.8775
BLOCK27/SES276/SA276S24	SES177	-4.42241	-100.3	-95.8775
BLOCK27/SES276/SA276S24	SES180	-6.24843	-102.126	-95.8775
BLOCK27/SES276/SA276S24	SES292	-1.45864	-97.3361	-95.8775
BLOCK27/SES276/SA276S26	SES101	-2.23751	-97.8137	-95.5762
BLOCK27/SES276/SA276S26	SES177	-2.25674	-97.8329	-95.5762
BLOCK27/SES276/SA276S26	SES180	-3.4423	-99.0185	-95.5762
BLOCK27/SES276/SA276S26	SES292	-1.03991	-96.6161	-95.5762
BLOCK27/SES276/SA276S28	SES101	-1.67506	-98.1863	-96.5112
BLOCK27/SES276/SA276S28	SES177	-0.950027	-97.4612	-96.5112
BLOCK27/SES276/SA276S28	SES180	-3.55326	-100.064	-96.5112
BLOCK27/SES276/SA276S28	SES292	-1.47571	-97.9869	-96.5112
BLOCK27/SES277/SA277S12	SES101	-2.15553	-100.391	-98.2351
BLOCK27/SES277/SA277S12	SES177	-2.93536	-101.171	-98.2351
BLOCK27/SES277/SA277S12	SES180	-2.23183	-100.467	-98.2351
BLOCK27/SES277/SA277S12	SES292	-2.1462	-100.381	-98.2351
BLOCK27/SES277/SA277S14	SES177	-0.444176	-98.6346	-98.1904
BLOCK27/SES277/SA277S14	SES180	-0.966011	-99.1564	-98.1904
BLOCK27/SES277/SA277S14	SES189	-0.588531	-98.7789	-98.1904
BLOCK27/SES277/SA277S14	SES292	-2.28358	-100.474	-98.1904
BLOCK27/SES277/SA277S21	SES177	-0.454536	-97.583	-97.1284
BLOCK27/SES277/SA277S21	SES180	-2.35653	-99.4849	-97.1284
BLOCK27/SES277/SA277S21	SES189	-2.16927	-99.2977	-97.1284
BLOCK27/SES277/SA277S21	SES292	-2.11625	-99.2447	-97.1284
BLOCK27/SES277/SA277S24	SES144	-1.33472	-100.549	-99.2148
BLOCK27/SES277/SA277S24	SES177	-1.46568	-100.68	-99.2148
BLOCK27/SES277/SA277S24	SES180	-4.55598	-103.771	-99.2148
BLOCK27/SES277/SA277S24	SES189	-1.39532	-100.61	-99.2148
BLOCK27/SES277/SA277S29	SES177	-0.815201	-96.6274	-95.8122
BLOCK27/SES277/SA277S29	SES180	-1.83826	-97.6505	-95.8122
BLOCK27/SES277/SA277S29	SES202	-3.37042	-99.1826	-95.8122
BLOCK27/SES277/SA277S29	SES292	-1.67584	-97.4881	-95.8122
BLOCK27/SES279/SA279S09	SES120	-3.12538	-97.5778	-94.4524
BLOCK27/SES279/SA279S09	SES146	-1.39906	-95.8515	-94.4524
BLOCK27/SES279/SA279S09	SES206	-5.38401	-99.8365	-94.4524
BLOCK27/SES279/SA279S09	SES226	-4.32702	-98.7795	-94.4524
BLOCK27/SES279/SA279S10	SES099	-9.98058	-104.834	-94.8535
BLOCK27/SES279/SA279S10	SES206	-6.13161	-100.985	-94.8535
BLOCK27/SES279/SA279S10	SES226	-3.21356	-98.067	-94.8535
BLOCK27/SES279/SA279S10	SES292	-2.6344	-97.4879	-94.8535
BLOCK27/SES279/SA279S20	SES099	-10.7592	-106.878	-96.1187
BLOCK27/SES279/SA279S20	SES206	-6.50358	-102.622	-96.1187
BLOCK27/SES279/SA279S20	SES226	-3.35233	-99.471	-96.1187
BLOCK27/SES279/SA279S20	SES292	-2.31879	-98.4374	-96.1187
BLOCK27/SES279/SA279S26	SES099	-12.8783	-108.102	-95.2234
BLOCK27/SES279/SA279S26	SES206	-7.81031	-103.034	-95.2234
BLOCK27/SES279/SA279S26	SES226	-3.81759	-99.041	-95.2234
BLOCK27/SES279/SA279S26	SES292	-2.60539	-97.8288	-95.2234
BLOCK27/SES279/SA279S28	SES099	-7.57069	-100.716	-93.1457
BLOCK27/SES279/SA279S28	SES120	-2.44467	-95.5903	-93.1457
BLOCK27/SES279/SA279S28	SES177	-5.07955	-98.2252	-93.1457
BLOCK27/SES279/SA279S28	SES206	-5.97933	-99.125	-93.1457
BLOCK29/SES290/SA290S12	SES162	-3.35296	-100.149	-96.7957
BLOCK29/SES290/SA290S12	SES177	-1.06212	-97.8578	-96.7957
BLOCK29/SES290/SA290S12	SES180	-4.43353	-101.229	-96.7957
BLOCK29/SES290/SA290S12	SES292	-3.03104	-99.8267	-96.7957
BLOCK29/SES290/SA290S13	SES007	-4.22613	-101.748	-97.5216
BLOCK29/SES290/SA290S13	SES162	-4.23651	-101.758	-97.5216
BLOCK29/SES290/SA290S13	SES177	-2.66579	-100.187	-97.5216
BLOCK29/SES290/SA290S13	SES180	-3.95438	-101.476	-97.5216
BLOCK29/SES290/SA290S22	SES177	-0.406441	-97.1716	-96.7652
BLOCK29/SES290/SA290S22	SES180	-0.564781	-97.33	-96.7652
BLOCK29/SES290/SA290S22	SES202	-1.45114	-98.2163	-96.7652
BLOCK29/SES290/SA290S22	SES292	-2.71022	-99.4754	-96.7652
BLOCK29/SES290/SA290S25	SES162	-2.76495	-99.6699	-96.9049
BLOCK29/SES290/SA290S25	SES177	-1.20976	-98.1147	-96.9049
BLOCK29/SES290/SA290S25	SES180	-3.7056	-100.611	-96.9049
BLOCK29/SES290/SA290S25	SES292	-2.89423	-99.7991	-96.9049
BLOCK29/SES290/SA290S29	SES177	0.184357	-95.3684	-95.5528
BLOCK29/SES290/SA290S29	SES180	-0.485413	-96.0382	-95.5528
BLOCK29/SES290/SA290S29	SES275	-3.96883	-99.5216	-95.5528
BLOCK29/SES290/SA290S29	SES292	-2.36262	-97.9154	-95.5528
BLOCK29/SES291/SA291S11	SES105	-5.47807	-100.264	-94.7858
BLOCK29/SES291/SA291S11	SES125	-0.969978	-95.7558	-94.7858
BLOCK29/SES291/SA291S11	SES158	-1.44499	-96.2308	-94.7858
BLOCK29/SES291/SA291S11	SES275	-5.91984	-100.706	-94.7858
BLOCK29/SES291/SA291S12	SES158	-0.804871	-93.9313	-93.1264
BLOCK29/SES291/SA291S12	SES226	-1.61018	-94.7366	-93.1264
BLOCK29/SES291/SA291S12	SES270	0.13958	-92.9868	-93.1264
BLOCK29/SES291/SA291S12	SES275	-6.33994	-99.4663	-93.1264
BLOCK29/SES291/SA291S22	SES082	-1.67043	-95.3057	-93.6353
BLOCK29/SES291/SA291S22	SES158	-0.994957	-94.6302	-93.6353
BLOCK29/SES291/SA291S22	SES259	-2.04614	-95.6814	-93.6353
BLOCK29/SES291/SA291S22	SES275	-5.4809	-99.1162	-93.6353
BLOCK29/SES291/SA291S24	SES104	-0.334351	-92.3573	-92.023
BLOCK29/SES291/SA291S24	SES125	-0.198135	-92.2211	-92.023
BLOCK29/SES291/SA291S24	SES158	-0.325462	-92.3484	-92.023
BLOCK29/SES291/SA291S24	SES275	-5.50487	-97.5278	-92.023
BLOCK29/SES291/SA291S27	SES158	-0.237137	-93.5153	-93.2782
BLOCK29/SES291/SA291S27	SES172	-5.53535	-98.8135	-93.2782
BLOCK29/SES291/SA291S27	SES275	-5.51327	-98.7914	-93.2782
BLOCK29/SES291/SA291S27	SES292	-4.56108	-97.8392	-93.2782
Threshold search:
THR	-33.16433897489	9	0(0)	1(1000)
THR	-32.7745896851411	8.991	0(0)	0.999(999)
THR	-32.3848403953922	8.991	0(0)	0.999(999)
THR	-31.9950911056433	8.991	0(0)	0.999(999)
THR	-31.6053418158944	8.991	0(0)	0.999(999)
THR	-31.2155925261455	8.991	0(0)	0.999(999)
THR	-30.8258432363966	8.991	0(0)	0.999(999)
THR	-30.4360939466477	8.991	0(0)	0.999(999)
THR	-30.0463446568988	8.991	0(0)	0.999(999)
THR	-29.6565953671499	8.991	0(0)	0.999(999)
THR	-29.266846077401	8.982	0(0)	0.998(998)
THR	-28.8770967876521	8.982	0(0)	0.998(998)
THR	-28.4873474979032	8.982	0(0)	0.998(998)
THR	-28.0975982081543	8.982	0(0)	0.998(998)
THR	-27.7078489184054	8.982	0(0)	0.998(998)
THR	-27.3180996286565	8.982	0(0)	0.998(998)
THR	-26.9283503389076	8.982	0(0)	0.998(998)
THR	-26.5386010491587	8.982	0(0)	0.998(998)
THR	-26.1488517594098	8.982	0(0)	0.998(998)
THR	-25.7591024696609	8.982	0(0)	0.998(998)
THR	-25.369353179912	8.982	0(0)	0.998(998)
THR	-24.9796038901631	8.982	0(0)	0.998(998)
THR	-24.5898546004142	8.982	0(0)	0.998(998)
THR	-24.2001053106653	8.982	0(0)	0.998(998)
THR	-23.8103560209164	8.982	0(0)	0.998(998)
THR	-23.4206067311675	8.982	0(0)	0.998(998)
THR	-23.0308574414186	8.982	0(0)	0.998(998)
THR	-22.6411081516697	8.982	0(0)	0.998(998)
THR	-22.2513588619208	8.982	0(0)	0.998(998)
THR	-21.8616095721719	8.982	0(0)	0.998(998)
THR	-21.471860282423	8.982	0(0)	0.998(998)
THR	-21.0821109926741	8.982	0(0)	0.998(998)
THR	-20.6923617029252	8.982	0(0)	0.998(998)
THR	-20.3026124131763	8.982	0(0)	0.998(998)
THR	-19.9128631234274	8.982	0(0)	0.998(998)
THR	-19.5231138336785	8.982	0(0)	0.998(998)
THR	-19.1333645439296	8.982	0(0)	0.998(998)
THR	-18.7436152541807	8.982	0(0)	0.998(998)
THR	-18.3538659644318	8.982	0(0)	0.998(998)
THR	-17.9641166746829	8.982	0(0)	0.998(998)
THR	-17.574367384934	8.982	0(0)	0.998(998)
THR	-17.1846180951852	8.982	0(0)	0.998(998)
THR	-16.7948688054363	8.982	0(0)	0.998(998)
THR	-16.4051195156874	8.982	0(0)	0.998(998)
THR	-16.0153702259385	8.964	0(0)	0.996(996)
THR	-15.6256209361896	8.964	0(0)	0.996(996)
THR	-15.2358716464407	8.964	0(0)	0.996(996)
THR	-14.8461223566918	8.955	0(0)	0.995(995)
THR	-14.4563730669429	8.946	0(0)	0.994(994)
THR	-14.066623777194	8.928	0(0)	0.992(992)
THR	-13.6768744874451	8.919	0(0)	0.991(991)
THR	-13.2871251976962	8.919	0(0)	0.991(991)
THR	-12.8973759079473	8.901	0(0)	0.989(989)
THR	-12.5076266181983	8.892	0(0)	0.988(988)
THR	-12.1178773284494	8.892	0(0)	0.988(988)
THR	-11.7281280387005	8.883	0(0)	0.987(987)
THR	-11.3383787489516	8.874	0(0)	0.986(986)
THR	-10.9486294592027	8.874	0(0)	0.986(986)
THR	-10.5588801694538	8.838	0(0)	0.982(982)
THR	-10.1691308797049	8.838	0(0)	0.982(982)
THR	-9.77938158995605	8.802	0(0)	0.978(978)
THR	-9.38963230020715	8.757	0(0)	0.973(973)
THR	-8.99988301045824	8.739	0(0)	0.971(971)
THR	-8.61013372070934	8.685	0(0)	0.965(965)
THR	-8.22038443096044	8.586	0(0)	0.954(954)
THR	-7.83063514121154	8.496	0(0)	0.944(944)
THR	-7.44088585146264	8.325	0(0)	0.925(925)
THR	-7.05113656171374	8.208	0(0)	0.912(912)
THR	-6.66138727196484	8.136	0(0)	0.904(904)
THR	-6.27163798221595	8.037	0(0)	0.893(893)
THR	-5.88188869246705	7.906	0.004(1)	0.878(878)
THR	-5.49213940271815	7.69	0.004(1)	0.854(854)
THR	-5.10239011296925	7.483	0.004(1)	0.831(831)
THR	-4.71264082322035	7.222	0.004(1)	0.802(802)
THR	-4.32289153347145	6.889	0.004(1)	0.765(765)
THR	-3.93314224372255	6.538	0.004(1)	0.726(726)
THR	-3.54339295397365	6.268	0.004(1)	0.696(696)
THR	-3.15364366422475	5.962	0.004(1)	0.662(662)
THR	-2.76389437447585	5.575	0.004(1)	0.619(619)
THR	-2.37414508472695	5.035	0.004(1)	0.559(559)
THR	-1.98439579497805	4.288	0.004(1)	0.476(476)
THR	-1.59464650522915	3.401	0.008(2)	0.377(377)
THR	-1.20489721548025	2.541	0.012(3)	0.281(281)
THR	-0.815147925731346	1.626	0.024(6)	0.178(178)
THR	-0.425398635982446	0.887	0.032(8)	0.095(95)
THR	-0.035649346233546	0.348	0.06(15)	0.032(32)
THR	0.354099943515354	0.247	0.112(28)	0.015(15)
THR	0.743849233264254	0.272	0.236(59)	0.004(4)
THR	1.13359852301315	0.37	0.352(88)	0.002(2)
THR	1.52334781276205	0.484	0.484(121)	0(0)
THR	1.91309710251095	0.632	0.632(158)	0(0)
THR	2.30284639225985	0.728	0.728(182)	0(0)
THR	2.69259568200875	0.804	0.804(201)	0(0)
THR	3.08234497175765	0.856	0.856(214)	0(0)
THR	3.47209426150655	0.92	0.92(230)	0(0)
THR	3.86184355125545	0.944	0.944(236)	0(0)
THR	4.25159284100435	0.952	0.952(238)	0(0)
THR	4.64134213075325	0.98	0.98(245)	0(0)
THR	5.03109142050215	0.992	0.992(248)	0(0)
THR	5.42084071025105	0.996	0.996(249)	0(0)
THR	5.81058999999995	0.996	0.996(249)	0(0)
THR	6.20033928974885	1	1(250)	0(0)


==============================================
THR: 0.354099943515354
Missed:     28/250=0.1120
FalseAlarm: 15/1000=0.0150
----------------------------------------------
==> CostDetection: 24.7
==============================================
