BLOCK00/SES002/SA002S12	SES002	0.75765	-9.4488	-10.2064
BLOCK00/SES002/SA002S13	SES002	1.27198	-10.216	-11.488
BLOCK00/SES002/SA002S23	SES002	0.627642	-9.80447	-10.4321
BLOCK00/SES002/SA002S26	SES002	0.872044	-11.0103	-11.8824
BLOCK00/SES002/SA002S28	SES002	0.887276	-9.43121	-10.3185
BLOCK00/SES007/SA007S14	SES007	0.920475	-8.56028	-9.48075
BLOCK00/SES007/SA007S15	SES007	0.913567	-9.23171	-10.1453
BLOCK00/SES007/SA007S24	SES007	0.790555	-8.84247	-9.63302
BLOCK00/SES007/SA007S27	SES007	0.800286	-10.5561	-11.3564
BLOCK00/SES007/SA007S29	SES007	0.691257	-8.52048	-9.21173
BLOCK00/SES008/SA008S11	SES008	1.29346	-7.47787	-8.77133
BLOCK00/SES008/SA008S12	SES008	0.870985	-8.0053	-8.87629
BLOCK00/SES008/SA008S19	SES008	1.10056	-8.21244	-9.313
BLOCK00/SES008/SA008S22	SES008	0.939933	-8.6644	-9.60434
BLOCK00/SES008/SA008S29	SES008	1.12876	-7.8445	-8.97326
BLOCK01/SES014/SA014S10	SES014	0.507626	-9.81317	-10.3208
BLOCK01/SES014/SA014S12	SES014	1.15021	-9.37714	-10.5273
BLOCK01/SES014/SA014S24	SES014	2.00569	-8.91026	-10.9159
BLOCK01/SES014/SA014S26	SES014	1.41254	-9.40107	-10.8136
BLOCK01/SES014/SA014S28	SES014	1.4626	-8.58888	-10.0515
BLOCK01/SES016/SA016S12	SES016	1.00865	-10.8668	-11.8754
BLOCK01/SES016/SA016S13	SES016	1.25732	-9.42779	-10.6851
BLOCK01/SES016/SA016S22	SES016	1.19324	-9.00913	-10.2024
BLOCK01/SES016/SA016S25	SES016	0.684089	-8.38493	-9.06901
BLOCK01/SES016/SA016S27	SES016	0.936253	-9.5767	-10.5129
BLOCK01/SES019/SA019S13	SES019	2.30411	-8.73654	-11.0406
BLOCK01/SES019/SA019S14	SES019	1.1304	-9.96651	-11.0969
BLOCK01/SES019/SA019S22	SES019	1.63882	-9.26316	-10.902
BLOCK01/SES019/SA019S25	SES019	1.50503	-9.64703	-11.1521
BLOCK01/SES019/SA019S29	SES019	2.50111	-9.82783	-12.3289
BLOCK02/SES029/SA029S11	SES029	0.127626	-9.36295	-9.49058
BLOCK02/SES029/SA029S12	SES029	0.324226	-9.2935	-9.61773
BLOCK02/SES029/SA029S20	SES029	0.40695	-8.96545	-9.3724
BLOCK02/SES029/SA029S25	SES029	0.452443	-9.49298	-9.94542
BLOCK02/SES029/SA029S28	SES029	0.0212812	-9.67861	-9.69989
BLOCK04/SES042/SA042S12	SES042	0.648479	-9.44444	-10.0929
BLOCK04/SES042/SA042S15	SES042	0.922663	-8.96481	-9.88747
BLOCK04/SES042/SA042S22	SES042	2.2054	-10.2964	-12.5018
BLOCK04/SES042/SA042S25	SES042	1.15114	-10.9015	-12.0526
BLOCK04/SES042/SA042S27	SES042	1.23837	-10.7801	-12.0185
BLOCK04/SES048/SA048S11	SES048	0.857676	-8.71167	-9.56935
BLOCK04/SES048/SA048S12	SES048	0.872339	-9.3508	-10.2231
BLOCK04/SES048/SA048S20	SES048	0.862631	-9.45231	-10.3149
BLOCK04/SES048/SA048S23	SES048	1.09855	-8.781	-9.87955
BLOCK04/SES048/SA048S27	SES048	0.386703	-9.6451	-10.0318
BLOCK06/SES060/SA060S11	SES060	2.00717	-8.70692	-10.7141
BLOCK06/SES060/SA060S12	SES060	1.76848	-9.32783	-11.0963
BLOCK06/SES060/SA060S22	SES060	-1.04265	-11.7263	-10.6836
BLOCK06/SES060/SA060S24	SES060	1.0162	-8.09786	-9.11406
BLOCK06/SES060/SA060S28	SES060	1.16761	-7.92861	-9.09622
BLOCK06/SES062/SA062S10	SES062	0.417985	-9.71129	-10.1293
BLOCK06/SES062/SA062S11	SES062	0.430081	-9.89861	-10.3287
BLOCK06/SES062/SA062S21	SES062	0.982867	-7.87156	-8.85443
BLOCK06/SES062/SA062S26	SES062	0.328062	-9.4327	-9.76077
BLOCK06/SES062/SA062S29	SES062	0.918055	-8.48859	-9.40665
BLOCK06/SES068/SA068S14	SES068	0.455972	-9.62116	-10.0771
BLOCK06/SES068/SA068S15	SES068	0.790518	-9.29086	-10.0814
BLOCK06/SES068/SA068S23	SES068	0.353495	-9.55458	-9.90808
BLOCK06/SES068/SA068S27	SES068	1.44621	-8.70221	-10.1484
BLOCK06/SES068/SA068S29	SES068	0.852635	-9.07453	-9.92717
BLOCK08/SES082/SA082S12	SES082	-0.0608244	-9.76574	-9.70492
BLOCK08/SES082/SA082S14	SES082	0.419604	-9.85764	-10.2772
BLOCK08/SES082/SA082S21	SES082	0.370872	-9.19834	-9.56921
BLOCK08/SES082/SA082S24	SES082	0.524152	-9.324	-9.84815
BLOCK08/SES082/SA082S28	SES082	0.53327	-9.6625	-10.1958
BLOCK08/SES083/SA083S14	SES083	0.569838	-9.74533	-10.3152
BLOCK08/SES083/SA083S15	SES083	0.599716	-9.097	-9.69671
BLOCK08/SES083/SA083S24	SES083	0.511393	-9.27919	-9.79058
BLOCK08/SES083/SA083S26	SES083	0.316045	-10.29	-10.606
BLOCK08/SES083/SA083S29	SES083	-0.0720434	-10.1626	-10.0905
BLOCK08/SES085/SA085S10	SES085	0.926359	-8.27047	-9.19683
BLOCK08/SES085/SA085S13	SES085	0.471658	-9.59647	-10.0681
BLOCK08/SES085/SA085S22	SES085	1.41139	-8.49639	-9.90778
BLOCK08/SES085/SA085S26	SES085	0.68434	-9.92465	-10.609
BLOCK08/SES085/SA085S28	SES085	0.550817	-8.92904	-9.47986
BLOCK08/SES087/SA087S15	SES087	0.825413	-9.97824	-10.8036
BLOCK08/SES087/SA087S16	SES087	1.35868	-10.1289	-11.4876
BLOCK08/SES087/SA087S24	SES087	0.965828	-10.2147	-11.1805
BLOCK08/SES087/SA087S26	SES087	0.873236	-9.32246	-10.1957
BLOCK08/SES087/SA087S29	SES087	0.868294	-9.34064	-10.2089
BLOCK09/SES099/SA099S15	SES099	1.52581	-9.90017	-11.426
BLOCK09/SES099/SA099S16	SES099	0.849564	-9.41921	-10.2688
BLOCK09/SES099/SA099S24	SES099	0.993244	-9.55874	-10.552
BLOCK09/SES099/SA099S26	SES099	1.75381	-9.15438	-10.9082
BLOCK09/SES099/SA099S29	SES099	1.23472	-9.4443	-10.679
BLOCK10/SES101/SA101S11	SES101	0.435904	-8.92866	-9.36457
BLOCK10/SES101/SA101S13	SES101	0.735303	-8.43936	-9.17466
BLOCK10/SES101/SA101S22	SES101	0.668063	-10.2037	-10.8718
BLOCK10/SES101/SA101S24	SES101	0.622699	-9.40851	-10.0312
BLOCK10/SES101/SA101S28	SES101	0.871333	-9.32413	-10.1955
BLOCK10/SES104/SA104S11	SES104	0.216288	-9.36952	-9.58581
BLOCK10/SES104/SA104S12	SES104	0.812983	-9.27304	-10.086
BLOCK10/SES104/SA104S21	SES104	0.889926	-9.88933	-10.7793
BLOCK10/SES104/SA104S24	SES104	0.33115	-10.1526	-10.4838
BLOCK10/SES104/SA104S28	SES104	0.740419	-9.92183	-10.6622
BLOCK10/SES105/SA105S12	SES105	0.469849	-9.81982	-10.2897
BLOCK10/SES105/SA105S13	SES105	0.637129	-9.4374	-10.0745
BLOCK10/SES105/SA105S22	SES105	0.603591	-9.988	-10.5916
BLOCK10/SES105/SA105S26	SES105	0.465426	-10.4995	-10.9649
BLOCK10/SES105/SA105S29	SES105	0.822656	-9.00392	-9.82657
BLOCK10/SES106/SA106S09	SES106	0.942486	-9.87455	-10.817
BLOCK10/SES106/SA106S11	SES106	1.20097	-8.93214	-10.1331
BLOCK10/SES106/SA106S22	SES106	1.20794	-10.096	-11.3039
BLOCK10/SES106/SA106S27	SES106	0.503856	-9.27178	-9.77564
BLOCK10/SES106/SA106S29	SES106	0.808284	-8.1738	-8.98209
BLOCK11/SES117/SA117S12	SES117	0.0726938	-10.4118	-10.4845
BLOCK11/SES117/SA117S13	SES117	-0.256886	-10.3111	-10.0542
BLOCK11/SES117/SA117S23	SES117	1.10763	-9.99866	-11.1063
BLOCK11/SES117/SA117S25	SES117	0.882683	-9.39921	-10.2819
BLOCK11/SES117/SA117S28	SES117	0.857654	-9.68271	-10.5404
BLOCK12/SES120/SA120S08	SES120	0.898692	-9.99726	-10.8959
BLOCK12/SES120/SA120S11	SES120	1.29088	-12.8099	-14.1008
BLOCK12/SES120/SA120S22	SES120	0.446104	-9.05408	-9.50018
BLOCK12/SES120/SA120S24	SES120	0.701314	-10.0856	-10.787
BLOCK12/SES120/SA120S28	SES120	-0.113256	-10.6291	-10.5158
BLOCK12/SES125/SA125S13	SES125	0.998567	-9.24983	-10.2484
BLOCK12/SES125/SA125S14	SES125	0.606589	-9.93559	-10.5422
BLOCK12/SES125/SA125S25	SES125	1.29127	-9.56285	-10.8541
BLOCK12/SES125/SA125S27	SES125	1.14019	-8.72736	-9.86755
BLOCK12/SES125/SA125S29	SES125	0.735276	-9.00872	-9.74399
BLOCK12/SES127/SA127S11	SES127	0.6136	-9.15922	-9.77282
BLOCK12/SES127/SA127S12	SES127	0.489317	-7.99778	-8.4871
BLOCK12/SES127/SA127S23	SES127	0.352596	-8.54533	-8.89793
BLOCK12/SES127/SA127S25	SES127	0.389666	-8.58422	-8.97389
BLOCK12/SES127/SA127S27	SES127	0.986301	-8.33594	-9.32224
BLOCK12/SES129/SA129S11	SES129	1.01347	-8.01939	-9.03286
BLOCK12/SES129/SA129S12	SES129	0.980931	-8.00074	-8.98167
BLOCK12/SES129/SA129S22	SES129	0.58658	-9.1921	-9.77868
BLOCK12/SES129/SA129S27	SES129	1.01727	-8.28704	-9.30432
BLOCK12/SES129/SA129S29	SES129	0.423422	-9.8536	-10.277
BLOCK14/SES142/SA142S11	SES142	0.859199	-8.14297	-9.00216
BLOCK14/SES142/SA142S12	SES142	0.431364	-9.05207	-9.48343
BLOCK14/SES142/SA142S24	SES142	0.682476	-8.63541	-9.31789
BLOCK14/SES142/SA142S27	SES142	0.529943	-8.69789	-9.22783
BLOCK14/SES142/SA142S29	SES142	0.803527	-8.36847	-9.172
BLOCK14/SES143/SA143S12	SES143	0.842242	-9.34715	-10.1894
BLOCK14/SES143/SA143S13	SES143	0.920397	-8.95552	-9.87592
BLOCK14/SES143/SA143S23	SES143	0.952466	-9.10584	-10.0583
BLOCK14/SES143/SA143S25	SES143	0.537945	-9.98822	-10.5262
BLOCK14/SES143/SA143S28	SES143	0.906013	-9.42521	-10.3312
BLOCK14/SES144/SA144S09	SES144	0.301323	-9.55228	-9.8536
BLOCK14/SES144/SA144S11	SES144	-0.0433455	-9.82146	-9.77812
BLOCK14/SES144/SA144S21	SES144	-0.292505	-10.1044	-9.8119
BLOCK14/SES144/SA144S25	SES144	0.166906	-9.30064	-9.46754
BLOCK14/SES144/SA144S29	SES144	-0.316273	-10.733	-10.4167
BLOCK14/SES146/SA146S14	SES146	0.81261	-9.68681	-10.4994
BLOCK14/SES146/SA146S15	SES146	0.693295	-10.0404	-10.7337
BLOCK14/SES146/SA146S24	SES146	0.916592	-9.44917	-10.3658
BLOCK14/SES146/SA146S26	SES146	0.433277	-9.89972	-10.333
BLOCK14/SES146/SA146S29	SES146	1.20084	-9.73094	-10.9318
BLOCK14/SES147/SA147S11	SES147	0.0442677	-10.0812	-10.1254
BLOCK14/SES147/SA147S13	SES147	0.530609	-9.02652	-9.55713
BLOCK14/SES147/SA147S23	SES147	0.689102	-9.08784	-9.77694
BLOCK14/SES147/SA147S26	SES147	0.696693	-9.21345	-9.91014
BLOCK14/SES147/SA147S28	SES147	0.600047	-8.54219	-9.14223
BLOCK14/SES148/SA148S10	SES148	-0.00162888	-9.02283	-9.02121
BLOCK14/SES148/SA148S12	SES148	0.610118	-9.52724	-10.1374
BLOCK14/SES148/SA148S22	SES148	0.354596	-9.0669	-9.4215
BLOCK14/SES148/SA148S26	SES148	0.178571	-8.56076	-8.73933
BLOCK14/SES148/SA148S29	SES148	0.599948	-9.36083	-9.96077
BLOCK14/SES149/SA149S13	SES149	0.673135	-8.99824	-9.67137
BLOCK14/SES149/SA149S14	SES149	0.897809	-8.98109	-9.8789
BLOCK14/SES149/SA149S24	SES149	0.848081	-9.10601	-9.95409
BLOCK14/SES149/SA149S26	SES149	1.04083	-8.68542	-9.72625
BLOCK14/SES149/SA149S28	SES149	1.09209	-8.23928	-9.33138
BLOCK15/SES158/SA158S13	SES158	1.28922	-9.5869	-10.8761
BLOCK15/SES158/SA158S14	SES158	0.464019	-10.8969	-11.3609
BLOCK15/SES158/SA158S23	SES158	1.01929	-8.78049	-9.79978
BLOCK15/SES158/SA158S26	SES158	1.26233	-9.42277	-10.6851
BLOCK15/SES158/SA158S28	SES158	0.717552	-9.76893	-10.4865
BLOCK16/SES162/SA162S10	SES162	0.554047	-9.62247	-10.1765
BLOCK16/SES162/SA162S11	SES162	0.779158	-8.62209	-9.40125
BLOCK16/SES162/SA162S21	SES162	0.909829	-8.56546	-9.47529
BLOCK16/SES162/SA162S24	SES162	1.03833	-8.55175	-9.59009
BLOCK16/SES162/SA162S27	SES162	0.833985	-9.75232	-10.5863
BLOCK16/SES167/SA167S14	SES167	0.893239	-7.87529	-8.76853
BLOCK16/SES167/SA167S15	SES167	0.797874	-7.74853	-8.5464
BLOCK16/SES167/SA167S21	SES167	0.734474	-7.6246	-8.35907
BLOCK16/SES167/SA167S25	SES167	0.948198	-8.02568	-8.97388
BLOCK16/SES167/SA167S29	SES167	1.44453	-6.88029	-8.32481
BLOCK17/SES172/SA172S12	SES172	0.189117	-10.335	-10.5242
BLOCK17/SES172/SA172S13	SES172	0.488385	-9.96726	-10.4556
BLOCK17/SES172/SA172S23	SES172	0.751126	-8.72709	-9.47821
BLOCK17/SES172/SA172S27	SES172	0.536692	-10.4254	-10.9621
BLOCK17/SES172/SA172S29	SES172	1.05748	-9.10278	-10.1603
BLOCK17/SES175/SA175S11	SES175	0.618449	-9.88415	-10.5026
BLOCK17/SES175/SA175S13	SES175	0.428	-8.04729	-8.47529
BLOCK17/SES175/SA175S23	SES175	1.00382	-8.37297	-9.37679
BLOCK17/SES175/SA175S25	SES175	0.20295	-10.1697	-10.3727
BLOCK17/SES175/SA175S28	SES175	0.798078	-8.9083	-9.70637
BLOCK17/SES177/SA177S15	SES177	0.538301	-9.93864	-10.4769
BLOCK17/SES177/SA177S17	SES177	0.394313	-10.2056	-10.5999
BLOCK17/SES177/SA177S23	SES177	0.487439	-9.69031	-10.1778
BLOCK17/SES177/SA177S26	SES177	0.676385	-8.68323	-9.35961
BLOCK17/SES177/SA177S28	SES177	0.819916	-9.49196	-10.3119
BLOCK18/SES180/SA180S13	SES180	0.284476	-10.5081	-10.7926
BLOCK18/SES180/SA180S15	SES180	0.381045	-9.12893	-9.50998
BLOCK18/SES180/SA180S24	SES180	0.620064	-8.63254	-9.25261
BLOCK18/SES180/SA180S26	SES180	0.34603	-9.09827	-9.4443
BLOCK18/SES180/SA180S29	SES180	-0.311802	-10.3503	-10.0385
BLOCK18/SES183/SA183S13	SES183	0.6018	-9.22873	-9.83053
BLOCK18/SES183/SA183S14	SES183	0.314362	-9.85443	-10.1688
BLOCK18/SES183/SA183S24	SES183	0.980803	-9.71301	-10.6938
BLOCK18/SES183/SA183S27	SES183	0.670668	-9.86801	-10.5387
BLOCK18/SES183/SA183S29	SES183	0.809683	-9.34126	-10.1509
BLOCK18/SES187/SA187S13	SES187	0.133977	-10.6836	-10.8176
BLOCK18/SES187/SA187S14	SES187	0.654333	-10.5306	-11.1849
BLOCK18/SES187/SA187S24	SES187	0.395138	-10.0113	-10.4064
BLOCK18/SES187/SA187S27	SES187	0.712155	-9.9299	-10.6421
BLOCK18/SES187/SA187S29	SES187	0.829219	-11.4976	-12.3268
BLOCK18/SES189/SA189S10	SES189	0.596127	-10.1302	-10.7264
BLOCK18/SES189/SA189S13	SES189	1.11623	-11.1723	-12.2885
BLOCK18/SES189/SA189S24	SES189	0.885137	-9.4603	-10.3454
BLOCK18/SES189/SA189S26	SES189	0.559166	-9.8501	-10.4093
BLOCK18/SES189/SA189S29	SES189	1.04702	-9.4526	-10.4996
BLOCK20/SES202/SA202S12	SES202	0.684775	-9.2337	-9.91848
BLOCK20/SES202/SA202S14	SES202	0.835676	-9.24888	-10.0846
BLOCK20/SES202/SA202S24	SES202	0.565897	-9.69934	-10.2652
BLOCK20/SES202/SA202S27	SES202	0.75738	-8.78888	-9.54626
BLOCK20/SES202/SA202S29	SES202	0.924955	-8.97342	-9.89838
BLOCK20/SES206/SA206S15	SES206	-0.320738	-9.65993	-9.33919
BLOCK20/SES206/SA206S17	SES206	1.20901	-9.95265	-11.1617
BLOCK20/SES206/SA206S24	SES206	0.631055	-9.40209	-10.0331
BLOCK20/SES206/SA206S27	SES206	1.34381	-10.1268	-11.4706
BLOCK20/SES206/SA206S29	SES206	2.03191	-9.57482	-11.6067
BLOCK22/SES226/SA226S12	SES226	0.976904	-9.56756	-10.5445
BLOCK22/SES226/SA226S13	SES226	0.127393	-10.6578	-10.7852
BLOCK22/SES226/SA226S20	SES226	0.564419	-10.1121	-10.6765
BLOCK22/SES226/SA226S23	SES226	0.650847	-9.57343	-10.2243
BLOCK22/SES226/SA226S28	SES226	0.959559	-9.18593	-10.1455
BLOCK25/SES259/SA259S13	SES259	0.937724	-9.85054	-10.7883
BLOCK25/SES259/SA259S14	SES259	0.866436	-9.17343	-10.0399
BLOCK25/SES259/SA259S22	SES259	1.20752	-9.2874	-10.4949
BLOCK25/SES259/SA259S24	SES259	1.08497	-9.66347	-10.7484
BLOCK25/SES259/SA259S28	SES259	1.11247	-9.20477	-10.3172
BLOCK27/SES270/SA270S14	SES270	1.58982	-9.29383	-10.8837
BLOCK27/SES270/SA270S16	SES270	0.699414	-8.88025	-9.57967
BLOCK27/SES270/SA270S22	SES270	1.56188	-9.04679	-10.6087
BLOCK27/SES270/SA270S26	SES270	1.39046	-8.68831	-10.0788
BLOCK27/SES270/SA270S28	SES270	0.866244	-9.17282	-10.0391
BLOCK27/SES275/SA275S17	SES275	0.64142	-9.00636	-9.64778
BLOCK27/SES275/SA275S18	SES275	0.245913	-9.6371	-9.88301
BLOCK27/SES275/SA275S24	SES275	0.209174	-9.76273	-9.97191
BLOCK27/SES275/SA275S26	SES275	0.906425	-8.90095	-9.80738
BLOCK27/SES275/SA275S28	SES275	0.599741	-9.3009	-9.90064
BLOCK29/SES292/SA292S10	SES292	0.0497065	-9.43084	-9.48055
BLOCK29/SES292/SA292S12	SES292	0.308724	-11.1359	-11.4446
BLOCK29/SES292/SA292S22	SES292	0.445628	-9.874	-10.3196
BLOCK29/SES292/SA292S24	SES292	0.115608	-10.296	-10.4116
BLOCK29/SES292/SA292S27	SES292	0.190068	-9.48475	-9.67482
BLOCK00/SES001/SA001S14	SES062	-0.838028	-11.2893	-10.4513
BLOCK00/SES001/SA001S14	SES082	-0.121351	-10.5726	-10.4513
BLOCK00/SES001/SA001S14	SES106	-0.265895	-10.7172	-10.4513
BLOCK00/SES001/SA001S14	SES206	0.133272	-10.318	-10.4513
BLOCK00/SES001/SA001S15	SES062	-0.35083	-9.67394	-9.32311
BLOCK00/SES001/SA001S15	SES104	-0.192257	-9.51537	-9.32311
BLOCK00/SES001/SA001S15	SES106	0.134329	-9.18878	-9.32311
BLOCK00/SES001/SA001S15	SES206	-0.500019	-9.82313	-9.32311
BLOCK00/SES001/SA001S24	SES062	-0.0923576	-9.83552	-9.74317
BLOCK00/SES001/SA001S24	SES082	0.133531	-9.60964	-9.74317
BLOCK00/SES001/SA001S24	SES087	-0.550488	-10.2937	-9.74317
BLOCK00/SES001/SA001S24	SES206	0.0968285	-9.64634	-9.74317
BLOCK00/SES001/SA001S27	SES062	-0.174738	-8.40466	-8.22992
BLOCK00/SES001/SA001S27	SES082	0.0822964	-8.14763	-8.22992
BLOCK00/SES001/SA001S27	SES087	-0.251453	-8.48138	-8.22992
BLOCK00/SES001/SA001S27	SES206	-0.578857	-8.80878	-8.22992
BLOCK00/SES001/SA001S29	SES062	-0.691121	-10.6377	-9.94663
BLOCK00/SES001/SA001S29	SES082	-0.0556908	-10.0023	-9.94663
BLOCK00/SES001/SA001S29	SES158	-0.143875	-10.0905	-9.94663
BLOCK00/SES001/SA001S29	SES206	-0.470556	-10.4172	-9.94663
BLOCK00/SES003/SA003S11	SES002	0.0902538	-9.48065	-9.57091
BLOCK00/SES003/SA003S11	SES019	-0.400471	-9.97138	-9.57091
BLOCK00/SES003/SA003S11	SES082	-0.229885	-9.80079	-9.57091
BLOCK00/SES003/SA003S11	SES125	-0.271365	-9.84227	-9.57091
BLOCK00/SES003/SA003S15	SES016	-0.338572	-9.92021	-9.58163
BLOCK00/SES003/SA003S15	SES019	-2.52585	-12.1075	-9.58163
BLOCK00/SES003/SA003S15	SES062	0.259602	-9.32203	-9.58163
BLOCK00/SES003/SA003S15	SES206	0.167304	-9.41433	-9.58163
BLOCK00/SES003/SA003S22	SES002	0.457326	-9.34172	-9.79905
BLOCK00/SES003/SA003S22	SES062	0.77999	-9.01906	-9.79905
BLOCK00/SES003/SA003S22	SES082	0.166471	-9.63258	-9.79905
BLOCK00/SES003/SA003S22	SES087	-0.00916386	-9.80821	-9.79905
BLOCK00/SES003/SA003S25	SES062	0.118068	-11.2343	-11.3524
BLOCK00/SES003/SA003S25	SES082	-0.0453501	-11.3977	-11.3524
BLOCK00/SES003/SA003S25	SES087	0.604529	-10.7478	-11.3524
BLOCK00/SES003/SA003S25	SES206	-1.82995	-13.1823	-11.3524
BLOCK00/SES003/SA003S29	SES002	0.330997	-9.4648	-9.7958
BLOCK00/SES003/SA003S29	SES062	-0.215991	-10.0118	-9.7958
BLOCK00/SES003/SA003S29	SES082	-0.00816822	-9.80397	-9.7958
BLOCK00/SES003/SA003S29	SES087	-0.411937	-10.2077	-9.7958
BLOCK00/SES004/SA004S12	SES083	-0.584357	-9.68457	-9.10022
BLOCK00/SES004/SA004S12	SES148	-0.552455	-9.65267	-9.10022
BLOCK00/SES004/SA004S12	SES172	0.00210381	-9.09811	-9.10022
BLOCK00/SES004/SA004S12	SES292	-0.294724	-9.39494	-9.10022
BLOCK00/SES004/SA004S17	SES083	-0.807835	-10.0036	-9.19573
BLOCK00/SES004/SA004S17	SES162	-0.0804758	-9.27621	-9.19573
BLOCK00/SES004/SA004S17	SES172	-0.0922956	-9.28803	-9.19573
BLOCK00/SES004/SA004S17	SES292	-0.225804	-9.42154	-9.19573
BLOCK00/SES004/SA004S24	SES083	0.182552	-9.07864	-9.26119
BLOCK00/SES004/SA004S24	SES148	-0.813143	-10.0743	-9.26119
BLOCK00/SES004/SA004S24	SES172	0.039732	-9.22146	-9.26119
BLOCK00/SES004/SA004S24	SES292	-0.16382	-9.42501	-9.26119
BLOCK00/SES004/SA004S26	SES083	-0.444818	-10.2549	-9.81009
BLOCK00/SES004/SA004S26	SES127	0.375489	-9.43461	-9.81009
BLOCK00/SES004/SA004S26	SES148	-0.740026	-10.5501	-9.81009
BLOCK00/SES004/SA004S26	SES292	-0.498107	-10.3082	-9.81009
BLOCK00/SES004/SA004S28	SES083	-1.60713	-10.828	-9.22087
BLOCK00/SES004/SA004S28	SES127	0.706433	-8.51444	-9.22087
BLOCK00/SES004/SA004S28	SES187	0.35078	-8.87009	-9.22087
BLOCK00/SES004/SA004S28	SES292	-0.0606909	-9.28156	-9.22087
BLOCK00/SES006/SA006S10	SES014	-1.293	-12.6553	-11.3623
BLOCK00/SES006/SA006S10	SES158	-0.221025	-11.5834	-11.3623
BLOCK00/SES006/SA006S10	SES226	-0.569449	-11.9318	-11.3623
BLOCK00/SES006/SA006S10	SES270	0.633842	-10.7285	-11.3623
BLOCK00/SES006/SA006S11	SES158	0.129336	-11.0789	-11.2082
BLOCK00/SES006/SA006S11	SES226	-0.0879622	-11.2962	-11.2082
BLOCK00/SES006/SA006S11	SES270	0.839626	-10.3686	-11.2082
BLOCK00/SES006/SA006S11	SES275	-0.969191	-12.1774	-11.2082
BLOCK00/SES006/SA006S23	SES062	-1.04015	-12.7221	-11.682
BLOCK00/SES006/SA006S23	SES105	-0.610679	-12.2926	-11.682
BLOCK00/SES006/SA006S23	SES158	-0.529666	-12.2116	-11.682
BLOCK00/SES006/SA006S23	SES275	-1.10111	-12.7831	-11.682
BLOCK00/SES006/SA006S26	SES104	-0.644672	-11.7858	-11.1411
BLOCK00/SES006/SA006S26	SES158	-0.558144	-11.6993	-11.1411
BLOCK00/SES006/SA006S26	SES270	0.533455	-10.6077	-11.1411
BLOCK00/SES006/SA006S26	SES275	-0.979357	-12.1205	-11.1411
BLOCK00/SES006/SA006S28	SES007	-0.680988	-12.0879	-11.4069
BLOCK00/SES006/SA006S28	SES105	-0.580512	-11.9874	-11.4069
BLOCK00/SES006/SA006S28	SES158	-0.281234	-11.6881	-11.4069
BLOCK00/SES006/SA006S28	SES275	-1.15739	-12.5643	-11.4069
BLOCK00/SES009/SA009S12	SES083	-0.471461	-10.9938	-10.5223
BLOCK00/SES009/SA009S12	SES148	-2.73093	-13.2533	-10.5223
BLOCK00/SES009/SA009S12	SES177	0.229599	-10.2927	-10.5223
BLOCK00/SES009/SA009S12	SES292	0.0914927	-10.4308	-10.5223
BLOCK00/SES009/SA009S15	SES007	0.755783	-9.05137	-9.80715
BLOCK00/SES009/SA009S15	SES099	-1.66359	-11.4707	-9.80715
BLOCK00/SES009/SA009S15	SES148	-1.49149	-11.2986	-9.80715
BLOCK00/SES009/SA009S15	SES172	-0.144386	-9.95154	-9.80715
BLOCK00/SES009/SA009S24	SES146	0.377752	-10.0963	-10.4741
BLOCK00/SES009/SA009S24	SES148	-1.5133	-11.9874	-10.4741
BLOCK00/SES009/SA009S24	SES177	0.548508	-9.92556	-10.4741
BLOCK00/SES009/SA009S24	SES292	0.136308	-10.3378	-10.4741
BLOCK00/SES009/SA009S26	SES083	-0.528788	-10.3864	-9.85762
BLOCK00/SES009/SA009S26	SES101	-0.517389	-10.375	-9.85762
BLOCK00/SES009/SA009S26	SES120	0.228486	-9.62913	-9.85762
BLOCK00/SES009/SA009S26	SES177	0.171639	-9.68598	-9.85762
BLOCK00/SES009/SA009S29	SES083	-0.525151	-10.3194	-9.79429
BLOCK00/SES009/SA009S29	SES101	-0.725042	-10.5193	-9.79429
BLOCK00/SES009/SA009S29	SES177	0.287502	-9.50679	-9.79429
BLOCK00/SES009/SA009S29	SES292	0.0593224	-9.73497	-9.79429
BLOCK01/SES011/SA011S10	SES019	-1.46675	-13.4636	-11.9968
BLOCK01/SES011/SA011S10	SES042	1.18768	-10.8091	-11.9968
BLOCK01/SES011/SA011S10	SES082	0.493303	-11.5035	-11.9968
BLOCK01/SES011/SA011S10	SES206	0.708859	-11.2879	-11.9968
BLOCK01/SES011/SA011S11	SES019	-1.67723	-11.88	-10.2028
BLOCK01/SES011/SA011S11	SES042	0.132503	-10.0703	-10.2028
BLOCK01/SES011/SA011S11	SES082	0.0898619	-10.1129	-10.2028
BLOCK01/SES011/SA011S11	SES206	-0.0440044	-10.2468	-10.2028
BLOCK01/SES011/SA011S22	SES019	-0.124742	-11.2456	-11.1208
BLOCK01/SES011/SA011S22	SES042	0.685487	-10.4354	-11.1208
BLOCK01/SES011/SA011S22	SES082	0.0580997	-11.0627	-11.1208
BLOCK01/SES011/SA011S22	SES206	-0.0756779	-11.1965	-11.1208
BLOCK01/SES011/SA011S24	SES019	-1.21291	-11.7712	-10.5583
BLOCK01/SES011/SA011S24	SES042	1.15531	-9.40299	-10.5583
BLOCK01/SES011/SA011S24	SES104	1.06948	-9.48882	-10.5583
BLOCK01/SES011/SA011S24	SES206	1.0619	-9.49639	-10.5583
BLOCK01/SES011/SA011S27	SES082	0.359389	-9.75302	-10.1124
BLOCK01/SES011/SA011S27	SES087	-0.626773	-10.7392	-10.1124
BLOCK01/SES011/SA011S27	SES125	0.0962076	-10.0162	-10.1124
BLOCK01/SES011/SA011S27	SES206	-0.178695	-10.2911	-10.1124
BLOCK01/SES012/SA012S11	SES007	0.431621	-9.03791	-9.46953
BLOCK01/SES012/SA012S11	SES082	0.433196	-9.03634	-9.46953
BLOCK01/SES012/SA012S11	SES083	-0.585977	-10.0555	-9.46953
BLOCK01/SES012/SA012S11	SES206	0.107534	-9.362	-9.46953
BLOCK01/SES012/SA012S14	SES082	0.270359	-10.5975	-10.8678
BLOCK01/SES012/SA012S14	SES087	-0.262402	-11.1302	-10.8678
BLOCK01/SES012/SA012S14	SES206	0.542969	-10.3249	-10.8678
BLOCK01/SES012/SA012S14	SES292	-0.0288277	-10.8967	-10.8678
BLOCK01/SES012/SA012S24	SES082	0.737725	-10.2112	-10.9489
BLOCK01/SES012/SA012S24	SES087	-0.373869	-11.3228	-10.9489
BLOCK01/SES012/SA012S24	SES120	0.406514	-10.5424	-10.9489
BLOCK01/SES012/SA012S24	SES206	0.47898	-10.4699	-10.9489
BLOCK01/SES012/SA012S26	SES019	-2.33606	-14.61	-12.274
BLOCK01/SES012/SA012S26	SES082	0.534101	-11.7399	-12.274
BLOCK01/SES012/SA012S26	SES206	1.61818	-10.6558	-12.274
BLOCK01/SES012/SA012S26	SES292	0.52428	-11.7497	-12.274
BLOCK01/SES012/SA012S29	SES062	0.254887	-9.00687	-9.26176
BLOCK01/SES012/SA012S29	SES082	0.535449	-8.72631	-9.26176
BLOCK01/SES012/SA012S29	SES083	-0.28161	-9.54337	-9.26176
BLOCK01/SES012/SA012S29	SES206	0.574556	-8.6872	-9.26176
BLOCK01/SES013/SA013S16	SES062	-1.01936	-12.7697	-11.7504
BLOCK01/SES013/SA013S16	SES106	0.180696	-11.5697	-11.7504
BLOCK01/SES013/SA013S16	SES206	-0.796412	-12.5468	-11.7504
BLOCK01/SES013/SA013S16	SES226	-0.561506	-12.3119	-11.7504
BLOCK01/SES013/SA013S17	SES062	-0.214711	-10.572	-10.3573
BLOCK01/SES013/SA013S17	SES106	0.214467	-10.1429	-10.3573
BLOCK01/SES013/SA013S17	SES206	-0.564819	-10.9221	-10.3573
BLOCK01/SES013/SA013S17	SES226	-0.183492	-10.5408	-10.3573
BLOCK01/SES013/SA013S23	SES104	-0.167218	-11.6321	-11.4649
BLOCK01/SES013/SA013S23	SES106	0.618686	-10.8462	-11.4649
BLOCK01/SES013/SA013S23	SES206	-0.926774	-12.3916	-11.4649
BLOCK01/SES013/SA013S23	SES270	-0.405783	-11.8706	-11.4649
BLOCK01/SES013/SA013S25	SES042	-1.13067	-11.7878	-10.6571
BLOCK01/SES013/SA013S25	SES104	0.495095	-10.162	-10.6571
BLOCK01/SES013/SA013S25	SES106	0.388004	-10.2691	-10.6571
BLOCK01/SES013/SA013S25	SES206	-1.15565	-11.8128	-10.6571
BLOCK01/SES013/SA013S29	SES062	-0.73276	-11.6731	-10.9404
BLOCK01/SES013/SA013S29	SES104	-0.316935	-11.2573	-10.9404
BLOCK01/SES013/SA013S29	SES106	0.55133	-10.389	-10.9404
BLOCK01/SES013/SA013S29	SES206	-1.51295	-12.4533	-10.9404
BLOCK02/SES021/SA021S13	SES016	0.0271759	-10.3587	-10.3858
BLOCK02/SES021/SA021S13	SES029	-0.309031	-10.6949	-10.3858
BLOCK02/SES021/SA021S13	SES087	-1.6754	-12.0612	-10.3858
BLOCK02/SES021/SA021S13	SES206	-0.670257	-11.0561	-10.3858
BLOCK02/SES021/SA021S15	SES087	-0.539196	-10.3668	-9.82758
BLOCK02/SES021/SA021S15	SES125	0.235933	-9.59164	-9.82758
BLOCK02/SES021/SA021S15	SES206	-0.710603	-10.5382	-9.82758
BLOCK02/SES021/SA021S15	SES226	-0.277677	-10.1053	-9.82758
BLOCK02/SES021/SA021S23	SES062	-0.562401	-11.6896	-11.1272
BLOCK02/SES021/SA021S23	SES087	0.107794	-11.0194	-11.1272
BLOCK02/SES021/SA021S23	SES206	0.0065279	-11.1206	-11.1272
BLOCK02/SES021/SA021S23	SES226	0.364924	-10.7622	-11.1272
BLOCK02/SES021/SA021S27	SES002	0.445447	-9.75178	-10.1972
BLOCK02/SES021/SA021S27	SES016	-0.489866	-10.6871	-10.1972
BLOCK02/SES021/SA021S27	SES019	-0.252853	-10.4501	-10.1972
BLOCK02/SES021/SA021S27	SES062	-0.0794497	-10.2767	-10.1972
BLOCK02/SES021/SA021S29	SES087	0.014101	-11.7131	-11.7272
BLOCK02/SES021/SA021S29	SES125	0.526359	-11.2009	-11.7272
BLOCK02/SES021/SA021S29	SES206	0.444109	-11.2831	-11.7272
BLOCK02/SES021/SA021S29	SES226	0.405367	-11.3218	-11.7272
BLOCK04/SES043/SA043S09	SES083	0.229378	-10.2591	-10.4885
BLOCK04/SES043/SA043S09	SES101	0.261984	-10.2265	-10.4885
BLOCK04/SES043/SA043S09	SES144	0.510958	-9.97755	-10.4885
BLOCK04/SES043/SA043S09	SES172	-0.0145912	-10.5031	-10.4885
BLOCK04/SES043/SA043S11	SES083	0.309773	-9.18518	-9.49496
BLOCK04/SES043/SA043S11	SES101	0.527552	-8.9674	-9.49496
BLOCK04/SES043/SA043S11	SES144	0.562175	-8.93278	-9.49496
BLOCK04/SES043/SA043S11	SES172	-0.095396	-9.59035	-9.49496
BLOCK04/SES043/SA043S23	SES083	0.291154	-9.5147	-9.80585
BLOCK04/SES043/SA043S23	SES144	0.635735	-9.17012	-9.80585
BLOCK04/SES043/SA043S23	SES177	0.274735	-9.53112	-9.80585
BLOCK04/SES043/SA043S23	SES275	0.214544	-9.59131	-9.80585
BLOCK04/SES043/SA043S26	SES083	0.422033	-10.329	-10.751
BLOCK04/SES043/SA043S26	SES101	-0.171214	-10.9222	-10.751
BLOCK04/SES043/SA043S26	SES144	0.208839	-10.5422	-10.751
BLOCK04/SES043/SA043S26	SES177	0.146614	-10.6044	-10.751
BLOCK04/SES043/SA043S28	SES016	-0.653154	-10.5624	-9.90923
BLOCK04/SES043/SA043S28	SES083	0.0629578	-9.84627	-9.90923
BLOCK04/SES043/SA043S28	SES101	0.229032	-9.6802	-9.90923
BLOCK04/SES043/SA043S28	SES144	0.0535164	-9.85571	-9.90923
BLOCK04/SES044/SA044S10	SES127	-0.851703	-11.7665	-10.9148
BLOCK04/SES044/SA044S10	SES144	0.0549889	-10.8598	-10.9148
BLOCK04/SES044/SA044S10	SES147	-0.639279	-11.5541	-10.9148
BLOCK04/SES044/SA044S10	SES148	-0.576566	-11.4914	-10.9148
BLOCK04/SES044/SA044S11	SES101	0.355079	-9.76378	-10.1189
BLOCK04/SES044/SA044S11	SES144	0.599709	-9.51915	-10.1189
BLOCK04/SES044/SA044S11	SES147	-0.531015	-10.6499	-10.1189
BLOCK04/SES044/SA044S11	SES177	0.223525	-9.89534	-10.1189
BLOCK04/SES044/SA044S24	SES007	-1.39444	-11.6618	-10.2674
BLOCK04/SES044/SA044S24	SES101	0.383257	-9.8841	-10.2674
BLOCK04/SES044/SA044S24	SES147	-0.117268	-10.3846	-10.2674
BLOCK04/SES044/SA044S24	SES177	0.164618	-10.1027	-10.2674
BLOCK04/SES044/SA044S26	SES007	-0.220506	-9.96537	-9.74487
BLOCK04/SES044/SA044S26	SES016	0.424148	-9.32072	-9.74487
BLOCK04/SES044/SA044S26	SES101	0.253148	-9.49172	-9.74487
BLOCK04/SES044/SA044S26	SES147	0.810659	-8.93421	-9.74487
BLOCK04/SES044/SA044S29	SES007	-0.229575	-10.1874	-9.95786
BLOCK04/SES044/SA044S29	SES101	0.593256	-9.3646	-9.95786
BLOCK04/SES044/SA044S29	SES147	-0.275962	-10.2338	-9.95786
BLOCK04/SES044/SA044S29	SES177	-0.588191	-10.5461	-9.95786
BLOCK04/SES046/SA046S13	SES101	0.00533962	-10.7998	-10.8052
BLOCK04/SES046/SA046S13	SES144	0.0704432	-10.7347	-10.8052
BLOCK04/SES046/SA046S13	SES147	-0.430763	-11.2359	-10.8052
BLOCK04/SES046/SA046S13	SES177	-0.031971	-10.8371	-10.8052
BLOCK04/SES046/SA046S15	SES048	-0.0558453	-9.65698	-9.60113
BLOCK04/SES046/SA046S15	SES083	-0.194353	-9.79549	-9.60113
BLOCK04/SES046/SA046S15	SES120	-0.914898	-10.516	-9.60113
BLOCK04/SES046/SA046S15	SES148	-0.559882	-10.161	-9.60113
BLOCK04/SES046/SA046S22	SES101	0.568344	-9.88954	-10.4579
BLOCK04/SES046/SA046S22	SES144	0.479093	-9.97879	-10.4579
BLOCK04/SES046/SA046S22	SES147	-0.209735	-10.6676	-10.4579
BLOCK04/SES046/SA046S22	SES172	0.537946	-9.91994	-10.4579
BLOCK04/SES046/SA046S25	SES083	0.196857	-9.18206	-9.37891
BLOCK04/SES046/SA046S25	SES127	-0.133493	-9.51241	-9.37891
BLOCK04/SES046/SA046S25	SES144	0.432522	-8.94639	-9.37891
BLOCK04/SES046/SA046S25	SES148	-0.472351	-9.85127	-9.37891
BLOCK04/SES046/SA046S28	SES007	-0.567963	-10.1195	-9.55154
BLOCK04/SES046/SA046S28	SES105	0.0447683	-9.50677	-9.55154
BLOCK04/SES046/SA046S28	SES147	0.31506	-9.23648	-9.55154
BLOCK04/SES046/SA046S28	SES148	-0.696766	-10.2483	-9.55154
BLOCK04/SES049/SA049S16	SES104	0.147699	-11.646	-11.7937
BLOCK04/SES049/SA049S16	SES106	-1.09948	-12.8932	-11.7937
BLOCK04/SES049/SA049S16	SES120	0.0326281	-11.7611	-11.7937
BLOCK04/SES049/SA049S16	SES206	-0.921895	-12.7156	-11.7937
BLOCK04/SES049/SA049S18	SES099	0.509419	-10.3124	-10.8218
BLOCK04/SES049/SA049S18	SES104	-0.321518	-11.1433	-10.8218
BLOCK04/SES049/SA049S18	SES125	0.129352	-10.6924	-10.8218
BLOCK04/SES049/SA049S18	SES206	-0.579216	-11.401	-10.8218
BLOCK04/SES049/SA049S25	SES087	0.0154724	-12.0118	-12.0273
BLOCK04/SES049/SA049S25	SES104	0.567971	-11.4593	-12.0273
BLOCK04/SES049/SA049S25	SES125	0.0608931	-11.9664	-12.0273
BLOCK04/SES049/SA049S25	SES206	-0.707035	-12.7343	-12.0273
BLOCK04/SES049/SA049S27	SES099	-0.79165	-10.8504	-10.0587
BLOCK04/SES049/SA049S27	SES104	0.0914993	-9.96724	-10.0587
BLOCK04/SES049/SA049S27	SES125	-0.585006	-10.6437	-10.0587
BLOCK04/SES049/SA049S27	SES206	-1.39223	-11.451	-10.0587
BLOCK04/SES049/SA049S29	SES099	0.262967	-9.73682	-9.99979
BLOCK04/SES049/SA049S29	SES104	0.858946	-9.14084	-9.99979
BLOCK04/SES049/SA049S29	SES125	0.750777	-9.24901	-9.99979
BLOCK04/SES049/SA049S29	SES206	-1.64487	-11.6447	-9.99979
BLOCK06/SES063/SA063S09	SES068	-1.03687	-12.0783	-11.0414
BLOCK06/SES063/SA063S09	SES083	-0.407189	-11.4486	-11.0414
BLOCK06/SES063/SA063S09	SES177	-0.0605135	-11.1019	-11.0414
BLOCK06/SES063/SA063S09	SES187	-0.510905	-11.5523	-11.0414
BLOCK06/SES063/SA063S10	SES068	-0.522323	-11.0547	-10.5324
BLOCK06/SES063/SA063S10	SES083	-0.54451	-11.0769	-10.5324
BLOCK06/SES063/SA063S10	SES172	0.216343	-10.316	-10.5324
BLOCK06/SES063/SA063S10	SES187	-0.629086	-11.1614	-10.5324
BLOCK06/SES063/SA063S20	SES068	-0.892903	-12.0877	-11.1948
BLOCK06/SES063/SA063S20	SES083	-0.547526	-11.7423	-11.1948
BLOCK06/SES063/SA063S20	SES172	0.244807	-10.95	-11.1948
BLOCK06/SES063/SA063S20	SES187	-0.421596	-11.6164	-11.1948
BLOCK06/SES063/SA063S24	SES029	-1.09751	-12.2421	-11.1446
BLOCK06/SES063/SA063S24	SES083	0.285186	-10.8594	-11.1446
BLOCK06/SES063/SA063S24	SES177	0.00273609	-11.1419	-11.1446
BLOCK06/SES063/SA063S24	SES189	0.202684	-10.9419	-11.1446
BLOCK06/SES063/SA063S27	SES083	0.225085	-10.5687	-10.7938
BLOCK06/SES063/SA063S27	SES172	0.0184278	-10.7754	-10.7938
BLOCK06/SES063/SA063S27	SES187	-0.315351	-11.1092	-10.7938
BLOCK06/SES063/SA063S27	SES292	0.0449362	-10.7489	-10.7938
BLOCK06/SES067/SA067S12	SES083	-0.0971537	-9.2077	-9.11055
BLOCK06/SES067/SA067S12	SES172	-0.381131	-9.49168	-9.11055
BLOCK06/SES067/SA067S12	SES202	0.595397	-8.51515	-9.11055
BLOCK06/SES067/SA067S12	SES292	-0.154965	-9.26551	-9.11055
BLOCK06/SES067/SA067S14	SES085	0.345593	-7.63605	-7.98164
BLOCK06/SES067/SA067S14	SES177	0.105504	-7.87614	-7.98164
BLOCK06/SES067/SA067S14	SES183	0.330992	-7.65065	-7.98164
BLOCK06/SES067/SA067S14	SES202	0.504401	-7.47724	-7.98164
BLOCK06/SES067/SA067S21	SES144	-0.821781	-11.2637	-10.4419
BLOCK06/SES067/SA067S21	SES177	0.227701	-10.2142	-10.4419
BLOCK06/SES067/SA067S21	SES183	-0.291139	-10.7331	-10.4419
BLOCK06/SES067/SA067S21	SES189	-0.388219	-10.8302	-10.4419
BLOCK06/SES067/SA067S25	SES085	-1.33331	-11.1838	-9.8505
BLOCK06/SES067/SA067S25	SES177	-0.220104	-10.0706	-9.8505
BLOCK06/SES067/SA067S25	SES183	-0.0171547	-9.86766	-9.8505
BLOCK06/SES067/SA067S25	SES202	-0.399076	-10.2496	-9.8505
BLOCK06/SES067/SA067S29	SES085	-1.32107	-11.3373	-10.0163
BLOCK06/SES067/SA067S29	SES177	-0.312159	-10.3284	-10.0163
BLOCK06/SES067/SA067S29	SES183	-0.238826	-10.2551	-10.0163
BLOCK06/SES067/SA067S29	SES202	-0.122817	-10.1391	-10.0163
BLOCK06/SES069/SA069S12	SES029	-0.3472	-10.4579	-10.1107
BLOCK06/SES069/SA069S12	SES082	0.354237	-9.75644	-10.1107
BLOCK06/SES069/SA069S12	SES087	-0.0899153	-10.2006	-10.1107
BLOCK06/SES069/SA069S12	SES206	0.264007	-9.84667	-10.1107
BLOCK06/SES069/SA069S13	SES029	0.115306	-9.88193	-9.99723
BLOCK06/SES069/SA069S13	SES087	0.366302	-9.63093	-9.99723
BLOCK06/SES069/SA069S13	SES206	-0.628293	-10.6255	-9.99723
BLOCK06/SES069/SA069S13	SES226	0.649484	-9.34775	-9.99723
BLOCK06/SES069/SA069S23	SES029	0.208702	-8.77641	-8.98512
BLOCK06/SES069/SA069S23	SES087	0.0457354	-8.93938	-8.98512
BLOCK06/SES069/SA069S23	SES206	-0.454972	-9.44009	-8.98512
BLOCK06/SES069/SA069S23	SES226	0.0800705	-8.90505	-8.98512
BLOCK06/SES069/SA069S25	SES087	-0.517385	-10.2974	-9.77998
BLOCK06/SES069/SA069S25	SES206	-1.37416	-11.1541	-9.77998
BLOCK06/SES069/SA069S25	SES226	0.130868	-9.64911	-9.77998
BLOCK06/SES069/SA069S25	SES270	-0.12259	-9.90257	-9.77998
BLOCK06/SES069/SA069S27	SES087	-0.304876	-10.9355	-10.6306
BLOCK06/SES069/SA069S27	SES206	-0.0532999	-10.6839	-10.6306
BLOCK06/SES069/SA069S27	SES226	0.0945759	-10.536	-10.6306
BLOCK06/SES069/SA069S27	SES270	-0.918045	-11.5487	-10.6306
BLOCK08/SES081/SA081S11	SES060	0.109	-10.2146	-10.3236
BLOCK08/SES081/SA081S11	SES062	-0.0679531	-10.3915	-10.3236
BLOCK08/SES081/SA081S11	SES117	-0.46052	-10.7841	-10.3236
BLOCK08/SES081/SA081S11	SES162	-0.974077	-11.2977	-10.3236
BLOCK08/SES081/SA081S13	SES016	0.100682	-9.19139	-9.29207
BLOCK08/SES081/SA081S13	SES060	0.506919	-8.78515	-9.29207
BLOCK08/SES081/SA081S13	SES068	0.137669	-9.1544	-9.29207
BLOCK08/SES081/SA081S13	SES129	-0.543208	-9.83528	-9.29207
BLOCK08/SES081/SA081S24	SES060	-0.0864067	-9.9344	-9.84799
BLOCK08/SES081/SA081S24	SES068	0.156962	-9.69103	-9.84799
BLOCK08/SES081/SA081S24	SES117	-0.564175	-10.4122	-9.84799
BLOCK08/SES081/SA081S24	SES275	-0.660655	-10.5086	-9.84799
BLOCK08/SES081/SA081S27	SES007	0.998771	-10.77	-11.7688
BLOCK08/SES081/SA081S27	SES060	0.788848	-10.98	-11.7688
BLOCK08/SES081/SA081S27	SES117	-0.0577936	-11.8266	-11.7688
BLOCK08/SES081/SA081S27	SES275	-1.15978	-12.9286	-11.7688
BLOCK08/SES081/SA081S29	SES007	1.10663	-10.3324	-11.439
BLOCK08/SES081/SA081S29	SES060	0.880849	-10.5582	-11.439
BLOCK08/SES081/SA081S29	SES117	-0.0992918	-11.5383	-11.439
BLOCK08/SES081/SA081S29	SES275	-1.93418	-13.3732	-11.439
BLOCK08/SES086/SA086S11	SES029	-1.11977	-13.164	-12.0442
BLOCK08/SES086/SA086S11	SES082	-0.0148039	-12.059	-12.0442
BLOCK08/SES086/SA086S11	SES087	0.5453	-11.4989	-12.0442
BLOCK08/SES086/SA086S11	SES206	-0.185967	-12.2302	-12.0442
BLOCK08/SES086/SA086S12	SES029	-0.464729	-11.9426	-11.4779
BLOCK08/SES086/SA086S12	SES082	0.115153	-11.3628	-11.4779
BLOCK08/SES086/SA086S12	SES087	0.860786	-10.6171	-11.4779
BLOCK08/SES086/SA086S12	SES206	0.318778	-11.1591	-11.4779
BLOCK08/SES086/SA086S20	SES029	-0.958591	-12.0005	-11.0419
BLOCK08/SES086/SA086S20	SES082	-0.110511	-11.1524	-11.0419
BLOCK08/SES086/SA086S20	SES087	0.870335	-10.1716	-11.0419
BLOCK08/SES086/SA086S20	SES206	-0.12617	-11.1681	-11.0419
BLOCK08/SES086/SA086S24	SES087	0.888288	-11.4304	-12.3187
BLOCK08/SES086/SA086S24	SES104	-0.00693703	-12.3256	-12.3187
BLOCK08/SES086/SA086S24	SES120	0.465748	-11.8529	-12.3187
BLOCK08/SES086/SA086S24	SES206	0.274116	-12.0446	-12.3187
BLOCK08/SES086/SA086S28	SES029	-0.57686	-11.0948	-10.5179
BLOCK08/SES086/SA086S28	SES082	0.0975418	-10.4204	-10.5179
BLOCK08/SES086/SA086S28	SES087	0.793019	-9.72492	-10.5179
BLOCK08/SES086/SA086S28	SES206	-0.166124	-10.6841	-10.5179
BLOCK08/SES089/SA089S13	SES087	0.627507	-10.619	-11.2465
BLOCK08/SES089/SA089S13	SES206	-0.274129	-11.5206	-11.2465
BLOCK08/SES089/SA089S13	SES226	0.458826	-10.7877	-11.2465
BLOCK08/SES089/SA089S13	SES270	-0.20922	-11.4557	-11.2465
BLOCK08/SES089/SA089S14	SES062	-0.476067	-10.5434	-10.0673
BLOCK08/SES089/SA089S14	SES087	0.538055	-9.52925	-10.0673
BLOCK08/SES089/SA089S14	SES206	-0.186752	-10.2541	-10.0673
BLOCK08/SES089/SA089S14	SES226	-0.464207	-10.5315	-10.0673
BLOCK08/SES089/SA089S23	SES087	0.103933	-12.0133	-12.1172
BLOCK08/SES089/SA089S23	SES206	-0.234576	-12.3518	-12.1172
BLOCK08/SES089/SA089S23	SES226	0.799391	-11.3179	-12.1172
BLOCK08/SES089/SA089S23	SES270	-0.9221	-13.0393	-12.1172
BLOCK08/SES089/SA089S25	SES062	-0.321597	-11.0732	-10.7516
BLOCK08/SES089/SA089S25	SES087	0.241636	-10.51	-10.7516
BLOCK08/SES089/SA089S25	SES206	-0.804166	-11.5558	-10.7516
BLOCK08/SES089/SA089S25	SES226	0.311707	-10.4399	-10.7516
BLOCK08/SES089/SA089S28	SES062	0.139394	-10.9458	-11.0852
BLOCK08/SES089/SA089S28	SES087	0.917655	-10.1675	-11.0852
BLOCK08/SES089/SA089S28	SES206	-0.343578	-11.4288	-11.0852
BLOCK08/SES089/SA089S28	SES226	0.668325	-10.4169	-11.0852
BLOCK09/SES097/SA097S11	SES099	-0.199982	-11.1127	-10.9127
BLOCK09/SES097/SA097S11	SES125	0.0153189	-10.8974	-10.9127
BLOCK09/SES097/SA097S11	SES206	-1.61135	-12.524	-10.9127
BLOCK09/SES097/SA097S11	SES226	0.204925	-10.7078	-10.9127
BLOCK09/SES097/SA097S14	SES062	-0.484665	-11.0429	-10.5583
BLOCK09/SES097/SA097S14	SES099	-0.800448	-11.3587	-10.5583
BLOCK09/SES097/SA097S14	SES104	-0.158941	-10.7172	-10.5583
BLOCK09/SES097/SA097S14	SES206	-1.9521	-12.5104	-10.5583
BLOCK09/SES097/SA097S22	SES099	0.634316	-10.1253	-10.7597
BLOCK09/SES097/SA097S22	SES206	-1.69526	-12.4549	-10.7597
BLOCK09/SES097/SA097S22	SES226	0.234745	-10.5249	-10.7597
BLOCK09/SES097/SA097S22	SES270	-0.495641	-11.2553	-10.7597
BLOCK09/SES097/SA097S26	SES099	1.09051	-10.7164	-11.8069
BLOCK09/SES097/SA097S26	SES120	-0.122202	-11.9291	-11.8069
BLOCK09/SES097/SA097S26	SES206	-1.25507	-13.062	-11.8069
BLOCK09/SES097/SA097S26	SES226	1.03525	-10.7716	-11.8069
BLOCK09/SES097/SA097S28	SES099	0.23634	-9.76994	-10.0063
BLOCK09/SES097/SA097S28	SES120	-0.0353479	-10.0416	-10.0063
BLOCK09/SES097/SA097S28	SES206	-0.793359	-10.7996	-10.0063
BLOCK09/SES097/SA097S28	SES226	0.193625	-9.81266	-10.0063
BLOCK09/SES098/SA098S11	SES127	-0.111418	-9.80556	-9.69414
BLOCK09/SES098/SA098S11	SES144	0.360387	-9.33375	-9.69414
BLOCK09/SES098/SA098S11	SES147	0.175848	-9.51829	-9.69414
BLOCK09/SES098/SA098S11	SES148	-1.89686	-11.591	-9.69414
BLOCK09/SES098/SA098S12	SES127	-0.830988	-12.302	-11.471
BLOCK09/SES098/SA098S12	SES144	-0.942999	-12.414	-11.471
BLOCK09/SES098/SA098S12	SES147	-0.502674	-11.9737	-11.471
BLOCK09/SES098/SA098S12	SES189	-1.07909	-12.5501	-11.471
BLOCK09/SES098/SA098S20	SES127	-1.22337	-12.5968	-11.3735
BLOCK09/SES098/SA098S20	SES147	-1.30111	-12.6746	-11.3735
BLOCK09/SES098/SA098S20	SES148	-5.5941	-16.9676	-11.3735
BLOCK09/SES098/SA098S20	SES292	-0.0763683	-11.4498	-11.3735
BLOCK09/SES098/SA098S23	SES127	-0.642191	-11.0534	-10.4112
BLOCK09/SES098/SA098S23	SES147	-0.612217	-11.0234	-10.4112
BLOCK09/SES098/SA098S23	SES187	-0.243312	-10.6545	-10.4112
BLOCK09/SES098/SA098S23	SES292	-0.136097	-10.5473	-10.4112
BLOCK09/SES098/SA098S27	SES127	-1.05054	-11.7911	-10.7405
BLOCK09/SES098/SA098S27	SES147	-0.791248	-11.5318	-10.7405
BLOCK09/SES098/SA098S27	SES148	-1.89455	-12.6351	-10.7405
BLOCK09/SES098/SA098S27	SES292	0.320276	-10.4203	-10.7405
BLOCK10/SES102/SA102S13	SES101	-0.199429	-11.6322	-11.4328
BLOCK10/SES102/SA102S13	SES105	-0.892494	-12.3253	-11.4328
BLOCK10/SES102/SA102S13	SES120	-1.5034	-12.9362	-11.4328
BLOCK10/SES102/SA102S13	SES158	-0.51538	-11.9482	-11.4328
BLOCK10/SES102/SA102S14	SES007	0.42482	-9.17905	-9.60387
BLOCK10/SES102/SA102S14	SES101	-0.185366	-9.78924	-9.60387
BLOCK10/SES102/SA102S14	SES105	-0.312807	-9.91668	-9.60387
BLOCK10/SES102/SA102S14	SES147	-0.539516	-10.1434	-9.60387
BLOCK10/SES102/SA102S22	SES007	-0.664734	-10.4821	-9.81739
BLOCK10/SES102/SA102S22	SES101	0.268125	-9.54927	-9.81739
BLOCK10/SES102/SA102S22	SES105	-0.093194	-9.91059	-9.81739
BLOCK10/SES102/SA102S22	SES158	-1.03767	-10.8551	-9.81739
BLOCK10/SES102/SA102S25	SES007	0.361026	-9.72179	-10.0828
BLOCK10/SES102/SA102S25	SES101	0.37465	-9.70816	-10.0828
BLOCK10/SES102/SA102S25	SES105	-0.228115	-10.3109	-10.0828
BLOCK10/SES102/SA102S25	SES147	-0.444592	-10.5274	-10.0828
BLOCK10/SES102/SA102S27	SES007	0.179338	-9.81034	-9.98968
BLOCK10/SES102/SA102S27	SES101	-0.170492	-10.1602	-9.98968
BLOCK10/SES102/SA102S27	SES105	-0.817085	-10.8068	-9.98968
BLOCK10/SES102/SA102S27	SES147	-0.431832	-10.4215	-9.98968
BLOCK10/SES103/SA103S14	SES105	-0.219822	-11.7835	-11.5637
BLOCK10/SES103/SA103S14	SES106	-0.316176	-11.8799	-11.5637
BLOCK10/SES103/SA103S14	SES120	-0.562515	-12.1262	-11.5637
BLOCK10/SES103/SA103S14	SES206	0.299141	-11.2646	-11.5637
BLOCK10/SES103/SA103S15	SES099	-0.311038	-12.0275	-11.7165
BLOCK10/SES103/SA103S15	SES101	-1.00253	-12.719	-11.7165
BLOCK10/SES103/SA103S15	SES104	-0.481786	-12.1983	-11.7165
BLOCK10/SES103/SA103S15	SES125	-0.0783567	-11.7948	-11.7165
BLOCK10/SES103/SA103S24	SES104	-0.690533	-12.0363	-11.3458
BLOCK10/SES103/SA103S24	SES125	-0.350654	-11.6964	-11.3458
BLOCK10/SES103/SA103S24	SES148	-0.51418	-11.8599	-11.3458
BLOCK10/SES103/SA103S24	SES158	-0.742857	-12.0886	-11.3458
BLOCK10/SES103/SA103S26	SES104	-0.410272	-11.2219	-10.8116
BLOCK10/SES103/SA103S26	SES106	-0.299747	-11.1114	-10.8116
BLOCK10/SES103/SA103S26	SES125	0.466523	-10.3451	-10.8116
BLOCK10/SES103/SA103S26	SES148	-0.939	-11.7506	-10.8116
BLOCK10/SES103/SA103S28	SES104	-0.288975	-11.8166	-11.5276
BLOCK10/SES103/SA103S28	SES106	-1.27642	-12.8041	-11.5276
BLOCK10/SES103/SA103S28	SES125	0.0422182	-11.4854	-11.5276
BLOCK10/SES103/SA103S28	SES206	0.256527	-11.2711	-11.5276
BLOCK12/SES121/SA121S12	SES042	0.0870094	-10.6891	-10.7761
BLOCK12/SES121/SA121S12	SES087	-0.146848	-10.9229	-10.7761
BLOCK12/SES121/SA121S12	SES105	-0.13818	-10.9143	-10.7761
BLOCK12/SES121/SA121S12	SES206	0.13613	-10.64	-10.7761
BLOCK12/SES121/SA121S14	SES007	0.56201	-13.6036	-14.1656
BLOCK12/SES121/SA121S14	SES105	-1.61096	-15.7766	-14.1656
BLOCK12/SES121/SA121S14	SES106	0.387401	-13.7782	-14.1656
BLOCK12/SES121/SA121S14	SES206	-0.246837	-14.4124	-14.1656
BLOCK12/SES121/SA121S23	SES105	-1.6645	-15.6101	-13.9456
BLOCK12/SES121/SA121S23	SES106	-0.938207	-14.8838	-13.9456
BLOCK12/SES121/SA121S23	SES120	-0.763865	-14.7094	-13.9456
BLOCK12/SES121/SA121S23	SES206	0.0990152	-13.8466	-13.9456
BLOCK12/SES121/SA121S25	SES007	0.990876	-13.0049	-13.9958
BLOCK12/SES121/SA121S25	SES105	-2.02216	-16.018	-13.9958
BLOCK12/SES121/SA121S25	SES106	1.45992	-12.5359	-13.9958
BLOCK12/SES121/SA121S25	SES206	-0.238524	-14.2343	-13.9958
BLOCK12/SES121/SA121S27	SES087	1.20784	-12.1406	-13.3484
BLOCK12/SES121/SA121S27	SES105	-2.17248	-15.5209	-13.3484
BLOCK12/SES121/SA121S27	SES120	0.175167	-13.1733	-13.3484
BLOCK12/SES121/SA121S27	SES206	-0.234554	-13.583	-13.3484
BLOCK12/SES124/SA124S16	SES042	0.460039	-8.16519	-8.62523
BLOCK12/SES124/SA124S16	SES082	0.154848	-8.47038	-8.62523
BLOCK12/SES124/SA124S16	SES183	-0.467192	-9.09242	-8.62523
BLOCK12/SES124/SA124S16	SES206	-0.265617	-8.89085	-8.62523
BLOCK12/SES124/SA124S17	SES105	-0.323405	-10.3479	-10.0245
BLOCK12/SES124/SA124S17	SES149	0.0548935	-9.96961	-10.0245
BLOCK12/SES124/SA124S17	SES158	-0.464779	-10.4893	-10.0245
BLOCK12/SES124/SA124S17	SES275	-0.135474	-10.16	-10.0245
BLOCK12/SES124/SA124S23	SES105	-0.814833	-9.72227	-8.90743
BLOCK12/SES124/SA124S23	SES125	1.15563	-7.75181	-8.90743
BLOCK12/SES124/SA124S23	SES129	-0.361642	-9.26908	-8.90743
BLOCK12/SES124/SA124S23	SES158	0.0764475	-8.83099	-8.90743
BLOCK12/SES124/SA124S26	SES105	-0.83548	-10.2415	-9.406
BLOCK12/SES124/SA124S26	SES125	-0.0280628	-9.43406	-9.406
BLOCK12/SES124/SA124S26	SES129	-0.506265	-9.91226	-9.406
BLOCK12/SES124/SA124S26	SES158	-0.091094	-9.49709	-9.406
BLOCK12/SES124/SA124S28	SES104	0.523273	-8.66317	-9.18644
BLOCK12/SES124/SA124S28	SES106	0.33784	-8.8486	-9.18644
BLOCK12/SES124/SA124S28	SES125	1.11544	-8.071	-9.18644
BLOCK12/SES124/SA124S28	SES275	-0.158334	-9.34478	-9.18644
BLOCK12/SES126/SA126S13	SES007	0.713026	-9.75203	-10.4651
BLOCK12/SES126/SA126S13	SES162	-0.202693	-10.6677	-10.4651
BLOCK12/SES126/SA126S13	SES177	0.312649	-10.1524	-10.4651
BLOCK12/SES126/SA126S13	SES180	-0.480292	-10.9453	-10.4651
BLOCK12/SES126/SA126S14	SES144	0.0492868	-9.70498	-9.75427
BLOCK12/SES126/SA126S14	SES148	-1.03881	-10.7931	-9.75427
BLOCK12/SES126/SA126S14	SES177	0.458008	-9.29626	-9.75427
BLOCK12/SES126/SA126S14	SES180	-0.0995464	-9.85382	-9.75427
BLOCK12/SES126/SA126S20	SES007	0.0577126	-8.76324	-8.82095
BLOCK12/SES126/SA126S20	SES162	-0.105132	-8.92608	-8.82095
BLOCK12/SES126/SA126S20	SES172	-0.328245	-9.14919	-8.82095
BLOCK12/SES126/SA126S20	SES180	-0.132738	-8.95369	-8.82095
BLOCK12/SES126/SA126S24	SES120	0.515685	-8.95915	-9.47483
BLOCK12/SES126/SA126S24	SES162	-0.0983639	-9.5732	-9.47483
BLOCK12/SES126/SA126S24	SES177	0.377041	-9.09779	-9.47483
BLOCK12/SES126/SA126S24	SES180	-0.345682	-9.82052	-9.47483
BLOCK12/SES126/SA126S26	SES120	0.814675	-9.20699	-10.0217
BLOCK12/SES126/SA126S26	SES177	0.156839	-9.86483	-10.0217
BLOCK12/SES126/SA126S26	SES180	0.275819	-9.74585	-10.0217
BLOCK12/SES126/SA126S26	SES202	0.272097	-9.74957	-10.0217
BLOCK12/SES128/SA128S10	SES087	-0.567382	-11.512	-10.9446
BLOCK12/SES128/SA128S10	SES206	-0.0917654	-11.0364	-10.9446
BLOCK12/SES128/SA128S10	SES226	-0.0904694	-11.0351	-10.9446
BLOCK12/SES128/SA128S10	SES270	-0.215649	-11.1603	-10.9446
BLOCK12/SES128/SA128S12	SES120	1.13074	-9.68789	-10.8186
BLOCK12/SES128/SA128S12	SES158	0.462791	-10.3558	-10.8186
BLOCK12/SES128/SA128S12	SES206	0.597609	-10.221	-10.8186
BLOCK12/SES128/SA128S12	SES226	-0.716931	-11.5356	-10.8186
BLOCK12/SES128/SA128S21	SES106	-0.0916681	-10.8626	-10.771
BLOCK12/SES128/SA128S21	SES120	0.716602	-10.0544	-10.771
BLOCK12/SES128/SA128S21	SES206	-0.949562	-11.7205	-10.771
BLOCK12/SES128/SA128S21	SES226	0.804235	-9.96672	-10.771
BLOCK12/SES128/SA128S24	SES087	0.448406	-10.8791	-11.3275
BLOCK12/SES128/SA128S24	SES120	0.639966	-10.6875	-11.3275
BLOCK12/SES128/SA128S24	SES206	-0.295782	-11.6233	-11.3275
BLOCK12/SES128/SA128S24	SES226	-0.396572	-11.7241	-11.3275
BLOCK12/SES128/SA128S27	SES099	1.04588	-9.89277	-10.9386
BLOCK12/SES128/SA128S27	SES120	1.1052	-9.83344	-10.9386
BLOCK12/SES128/SA128S27	SES206	0.0821676	-10.8565	-10.9386
BLOCK12/SES128/SA128S27	SES226	-0.294883	-11.2335	-10.9386
BLOCK13/SES130/SA130S13	SES143	0.545664	-10.3155	-10.8612
BLOCK13/SES130/SA130S13	SES144	0.781402	-10.0798	-10.8612
BLOCK13/SES130/SA130S13	SES146	-0.669113	-11.5303	-10.8612
BLOCK13/SES130/SA130S13	SES275	-0.803072	-11.6642	-10.8612
BLOCK13/SES130/SA130S15	SES143	0.104079	-9.55554	-9.65962
BLOCK13/SES130/SA130S15	SES144	0.662689	-8.99693	-9.65962
BLOCK13/SES130/SA130S15	SES146	-0.0939074	-9.75353	-9.65962
BLOCK13/SES130/SA130S15	SES275	-0.0819683	-9.74159	-9.65962
BLOCK13/SES130/SA130S23	SES127	0.474815	-9.80667	-10.2815
BLOCK13/SES130/SA130S23	SES144	0.560684	-9.7208	-10.2815
BLOCK13/SES130/SA130S23	SES146	-0.163654	-10.4451	-10.2815
BLOCK13/SES130/SA130S23	SES162	0.276056	-10.0054	-10.2815
BLOCK13/SES130/SA130S25	SES127	0.0891447	-9.23502	-9.32417
BLOCK13/SES130/SA130S25	SES144	0.498062	-8.8261	-9.32417
BLOCK13/SES130/SA130S25	SES146	0.0277481	-9.29642	-9.32417
BLOCK13/SES130/SA130S25	SES275	-0.340101	-9.66427	-9.32417
BLOCK13/SES130/SA130S28	SES127	0.363302	-9.69055	-10.0539
BLOCK13/SES130/SA130S28	SES144	0.122626	-9.93122	-10.0539
BLOCK13/SES130/SA130S28	SES146	0.214719	-9.83913	-10.0539
BLOCK13/SES130/SA130S28	SES275	-0.507662	-10.5615	-10.0539
BLOCK13/SES131/SA131S13	SES002	0.0960302	-10.2934	-10.3894
BLOCK13/SES131/SA131S13	SES007	-0.394939	-10.7843	-10.3894
BLOCK13/SES131/SA131S13	SES099	0.33481	-10.0546	-10.3894
BLOCK13/SES131/SA131S13	SES105	-0.180839	-10.5702	-10.3894
BLOCK13/SES131/SA131S14	SES104	0.0515022	-8.72235	-8.77385
BLOCK13/SES131/SA131S14	SES106	-0.229342	-9.00319	-8.77385
BLOCK13/SES131/SA131S14	SES125	-0.0214272	-8.79528	-8.77385
BLOCK13/SES131/SA131S14	SES148	0.309319	-8.46453	-8.77385
BLOCK13/SES131/SA131S20	SES104	0.000559807	-11.156	-11.1565
BLOCK13/SES131/SA131S20	SES106	-0.115068	-11.2716	-11.1565
BLOCK13/SES131/SA131S20	SES125	0.155357	-11.0012	-11.1565
BLOCK13/SES131/SA131S20	SES148	-0.740841	-11.8974	-11.1565
BLOCK13/SES131/SA131S22	SES099	0.448823	-9.28347	-9.7323
BLOCK13/SES131/SA131S22	SES104	0.622813	-9.10948	-9.7323
BLOCK13/SES131/SA131S22	SES125	0.728927	-9.00337	-9.7323
BLOCK13/SES131/SA131S22	SES206	0.158392	-9.57391	-9.7323
BLOCK13/SES131/SA131S29	SES087	-0.603463	-12.0846	-11.4812
BLOCK13/SES131/SA131S29	SES104	-0.664146	-12.1453	-11.4812
BLOCK13/SES131/SA131S29	SES125	-0.863131	-12.3443	-11.4812
BLOCK13/SES131/SA131S29	SES206	-0.193151	-11.6743	-11.4812
BLOCK13/SES132/SA132S11	SES083	-0.317127	-10.6921	-10.3749
BLOCK13/SES132/SA132S11	SES120	0.902409	-9.47253	-10.3749
BLOCK13/SES132/SA132S11	SES127	-1.03508	-11.41	-10.3749
BLOCK13/SES132/SA132S11	SES275	-0.719807	-11.0947	-10.3749
BLOCK13/SES132/SA132S12	SES083	-0.305634	-9.96112	-9.65548
BLOCK13/SES132/SA132S12	SES143	-1.33614	-10.9916	-9.65548
BLOCK13/SES132/SA132S12	SES144	-0.340668	-9.99615	-9.65548
BLOCK13/SES132/SA132S12	SES148	-1.64912	-11.3046	-9.65548
BLOCK13/SES132/SA132S22	SES062	0.189038	-10.3982	-10.5873
BLOCK13/SES132/SA132S22	SES083	-0.782558	-11.3698	-10.5873
BLOCK13/SES132/SA132S22	SES127	-1.35497	-11.9422	-10.5873
BLOCK13/SES132/SA132S22	SES275	-0.966297	-11.5536	-10.5873
BLOCK13/SES132/SA132S24	SES007	0.959881	-8.91685	-9.87674
BLOCK13/SES132/SA132S24	SES083	-0.384349	-10.2611	-9.87674
BLOCK13/SES132/SA132S24	SES127	-1.70301	-11.5797	-9.87674
BLOCK13/SES132/SA132S24	SES275	-0.824363	-10.7011	-9.87674
BLOCK13/SES132/SA132S27	SES083	-1.37745	-12.7035	-11.3261
BLOCK13/SES132/SA132S27	SES120	1.37855	-9.9475	-11.3261
BLOCK13/SES132/SA132S27	SES127	-2.15455	-13.4806	-11.3261
BLOCK13/SES132/SA132S27	SES275	-1.43602	-12.7621	-11.3261
BLOCK14/SES141/SA141S09	SES143	-0.0468826	-8.8132	-8.76632
BLOCK14/SES141/SA141S09	SES144	0.154801	-8.61152	-8.76632
BLOCK14/SES141/SA141S09	SES162	0.223012	-8.54331	-8.76632
BLOCK14/SES141/SA141S09	SES180	-0.121551	-8.88787	-8.76632
BLOCK14/SES141/SA141S15	SES127	-0.606418	-10.0516	-9.44515
BLOCK14/SES141/SA141S15	SES144	-0.352772	-9.79792	-9.44515
BLOCK14/SES141/SA141S15	SES162	-0.344173	-9.78933	-9.44515
BLOCK14/SES141/SA141S15	SES180	-0.20558	-9.65073	-9.44515
BLOCK14/SES141/SA141S24	SES127	-0.60458	-10.5045	-9.89992
BLOCK14/SES141/SA141S24	SES144	-0.388916	-10.2888	-9.89992
BLOCK14/SES141/SA141S24	SES162	-0.0181198	-9.91804	-9.89992
BLOCK14/SES141/SA141S24	SES183	-0.759199	-10.6591	-9.89992
BLOCK14/SES141/SA141S26	SES142	0.691401	-9.69009	-10.3815
BLOCK14/SES141/SA141S26	SES144	-0.11349	-10.495	-10.3815
BLOCK14/SES141/SA141S26	SES172	0.087347	-10.2941	-10.3815
BLOCK14/SES141/SA141S26	SES180	0.0253086	-10.3562	-10.3815
BLOCK14/SES141/SA141S29	SES127	0.0922651	-9.29666	-9.38892
BLOCK14/SES141/SA141S29	SES142	0.0868998	-9.30202	-9.38892
BLOCK14/SES141/SA141S29	SES144	0.130901	-9.25802	-9.38892
BLOCK14/SES141/SA141S29	SES180	0.325258	-9.06366	-9.38892
BLOCK15/SES157/SA157S08	SES083	-0.412221	-9.45524	-9.04302
BLOCK15/SES157/SA157S08	SES127	0.0210762	-9.02194	-9.04302
BLOCK15/SES157/SA157S08	SES148	-0.459194	-9.50221	-9.04302
BLOCK15/SES157/SA157S08	SES292	-0.0473032	-9.09032	-9.04302
BLOCK15/SES157/SA157S11	SES083	-0.290298	-10.1149	-9.82465
BLOCK15/SES157/SA157S11	SES127	-0.522634	-10.3473	-9.82465
BLOCK15/SES157/SA157S11	SES148	-0.843437	-10.6681	-9.82465
BLOCK15/SES157/SA157S11	SES292	-0.0781803	-9.90283	-9.82465
BLOCK15/SES157/SA157S21	SES127	0.724606	-8.34172	-9.06632
BLOCK15/SES157/SA157S21	SES148	0.524646	-8.54168	-9.06632
BLOCK15/SES157/SA157S21	SES158	-1.09612	-10.1624	-9.06632
BLOCK15/SES157/SA157S21	SES292	0.050787	-9.01554	-9.06632
BLOCK15/SES157/SA157S24	SES127	0.055522	-9.62968	-9.6852
BLOCK15/SES157/SA157S24	SES148	-0.517827	-10.203	-9.6852
BLOCK15/SES157/SA157S24	SES183	-0.383156	-10.0684	-9.6852
BLOCK15/SES157/SA157S24	SES292	-0.0705013	-9.7557	-9.6852
BLOCK15/SES157/SA157S26	SES007	-0.0789413	-9.23388	-9.15494
BLOCK15/SES157/SA157S26	SES127	0.294559	-8.86038	-9.15494
BLOCK15/SES157/SA157S26	SES147	0.0998325	-9.05511	-9.15494
BLOCK15/SES157/SA157S26	SES148	-0.335475	-9.49042	-9.15494
BLOCK16/SES161/SA161S10	SES007	0.205228	-9.94145	-10.1467
BLOCK16/SES161/SA161S10	SES105	0.028389	-10.1183	-10.1467
BLOCK16/SES161/SA161S10	SES158	-0.299911	-10.4466	-10.1467
BLOCK16/SES161/SA161S10	SES275	-0.176645	-10.3233	-10.1467
BLOCK16/SES161/SA161S12	SES007	0.451688	-12.8756	-13.3273
BLOCK16/SES161/SA161S12	SES105	-0.0153322	-13.3426	-13.3273
BLOCK16/SES161/SA161S12	SES158	-0.127894	-13.4551	-13.3273
BLOCK16/SES161/SA161S12	SES275	-1.65787	-14.9851	-13.3273
BLOCK16/SES161/SA161S20	SES007	0.758245	-11.2387	-11.997
BLOCK16/SES161/SA161S20	SES105	-0.802814	-12.7998	-11.997
BLOCK16/SES161/SA161S20	SES158	0.89537	-11.1016	-11.997
BLOCK16/SES161/SA161S20	SES275	-1.91194	-13.9089	-11.997
BLOCK16/SES161/SA161S23	SES007	-0.652927	-13.1875	-12.5346
BLOCK16/SES161/SA161S23	SES105	0.774453	-11.7602	-12.5346
BLOCK16/SES161/SA161S23	SES148	-0.0838442	-12.6185	-12.5346
BLOCK16/SES161/SA161S23	SES158	-3.01612	-15.5507	-12.5346
BLOCK16/SES161/SA161S28	SES007	0.595989	-11.7122	-12.3082
BLOCK16/SES161/SA161S28	SES105	-0.992605	-13.3008	-12.3082
BLOCK16/SES161/SA161S28	SES158	0.940849	-11.3674	-12.3082
BLOCK16/SES161/SA161S28	SES206	0.63244	-11.6758	-12.3082
BLOCK16/SES164/SA164S11	SES104	-0.260602	-10.4152	-10.1546
BLOCK16/SES164/SA164S11	SES125	0.518938	-9.63566	-10.1546
BLOCK16/SES164/SA164S11	SES158	0.0949049	-10.0597	-10.1546
BLOCK16/SES164/SA164S11	SES206	-1.70768	-11.8623	-10.1546
BLOCK16/SES164/SA164S13	SES099	-1.49734	-12.1017	-10.6044
BLOCK16/SES164/SA164S13	SES104	-0.861341	-11.4657	-10.6044
BLOCK16/SES164/SA164S13	SES125	-0.703367	-11.3077	-10.6044
BLOCK16/SES164/SA164S13	SES206	-1.18138	-11.7858	-10.6044
BLOCK16/SES164/SA164S24	SES002	1.1965	-8.67191	-9.86841
BLOCK16/SES164/SA164S24	SES099	-0.865154	-10.7336	-9.86841
BLOCK16/SES164/SA164S24	SES125	-0.247037	-10.1154	-9.86841
BLOCK16/SES164/SA164S24	SES226	0.830927	-9.03748	-9.86841
BLOCK16/SES164/SA164S27	SES087	-0.62993	-10.7196	-10.0897
BLOCK16/SES164/SA164S27	SES125	-0.307325	-10.397	-10.0897
BLOCK16/SES164/SA164S27	SES206	-1.49242	-11.5821	-10.0897
BLOCK16/SES164/SA164S27	SES226	0.325393	-9.76429	-10.0897
BLOCK16/SES164/SA164S29	SES002	0.485371	-9.56136	-10.0467
BLOCK16/SES164/SA164S29	SES019	-0.00477982	-10.0515	-10.0467
BLOCK16/SES164/SA164S29	SES125	-0.012989	-10.0597	-10.0467
BLOCK16/SES164/SA164S29	SES226	0.15404	-9.89269	-10.0467
BLOCK16/SES169/SA169S13	SES117	-0.0750866	-10.325	-10.2499
BLOCK16/SES169/SA169S13	SES144	-0.231357	-10.4813	-10.2499
BLOCK16/SES169/SA169S13	SES146	0.440048	-9.80985	-10.2499
BLOCK16/SES169/SA169S13	SES162	0.0296097	-10.2203	-10.2499
BLOCK16/SES169/SA169S14	SES144	0.0326452	-8.89453	-8.92717
BLOCK16/SES169/SA169S14	SES148	-0.276509	-9.20368	-8.92717
BLOCK16/SES169/SA169S14	SES177	0.543763	-8.38341	-8.92717
BLOCK16/SES169/SA169S14	SES180	0.179996	-8.74718	-8.92717
BLOCK16/SES169/SA169S24	SES117	-0.0786066	-10.397	-10.3184
BLOCK16/SES169/SA169S24	SES144	-0.254179	-10.5726	-10.3184
BLOCK16/SES169/SA169S24	SES146	0.409648	-9.90878	-10.3184
BLOCK16/SES169/SA169S24	SES162	-0.0876513	-10.4061	-10.3184
BLOCK16/SES169/SA169S27	SES127	-0.0634518	-9.93979	-9.87634
BLOCK16/SES169/SA169S27	SES129	0.0237188	-9.85262	-9.87634
BLOCK16/SES169/SA169S27	SES144	-0.341564	-10.2179	-9.87634
BLOCK16/SES169/SA169S27	SES146	0.300633	-9.57571	-9.87634
BLOCK16/SES169/SA169S29	SES144	-0.0175457	-8.91777	-8.90023
BLOCK16/SES169/SA169S29	SES162	0.128388	-8.77184	-8.90023
BLOCK16/SES169/SA169S29	SES177	0.062253	-8.83797	-8.90023
BLOCK16/SES169/SA169S29	SES180	-0.275744	-9.17597	-8.90023
BLOCK17/SES171/SA171S12	SES083	-0.606901	-11.3666	-10.7597
BLOCK17/SES171/SA171S12	SES148	-0.697989	-11.4577	-10.7597
BLOCK17/SES171/SA171S12	SES172	-0.417409	-11.1771	-10.7597
BLOCK17/SES171/SA171S12	SES292	-0.878254	-11.638	-10.7597
BLOCK17/SES171/SA171S15	SES148	-0.808254	-10.5152	-9.70697
BLOCK17/SES171/SA171S15	SES177	-0.366392	-10.0734	-9.70697
BLOCK17/SES171/SA171S15	SES180	-0.691183	-10.3982	-9.70697
BLOCK17/SES171/SA171S15	SES292	-0.467668	-10.1746	-9.70697
BLOCK17/SES171/SA171S22	SES007	-0.0235376	-8.46698	-8.44344
BLOCK17/SES171/SA171S22	SES148	-0.0896997	-8.53314	-8.44344
BLOCK17/SES171/SA171S22	SES177	0.140292	-8.30315	-8.44344
BLOCK17/SES171/SA171S22	SES180	-0.0354004	-8.47884	-8.44344
BLOCK17/SES171/SA171S25	SES101	-0.35015	-10.9147	-10.5645
BLOCK17/SES171/SA171S25	SES120	-1.25913	-11.8236	-10.5645
BLOCK17/SES171/SA171S25	SES177	-0.321129	-10.8856	-10.5645
BLOCK17/SES171/SA171S25	SES180	-0.272394	-10.8369	-10.5645
BLOCK17/SES171/SA171S27	SES177	0.0209379	-10.6513	-10.6722
BLOCK17/SES171/SA171S27	SES180	-0.658535	-11.3307	-10.6722
BLOCK17/SES171/SA171S27	SES189	0.273834	-10.3984	-10.6722
BLOCK17/SES171/SA171S27	SES292	-0.371602	-11.0438	-10.6722
BLOCK17/SES173/SA173S13	SES162	-0.855233	-11.2452	-10.39
BLOCK17/SES173/SA173S13	SES177	-0.440246	-10.8302	-10.39
BLOCK17/SES173/SA173S13	SES180	-0.321134	-10.7111	-10.39
BLOCK17/SES173/SA173S13	SES292	0.820331	-9.56963	-10.39
BLOCK17/SES173/SA173S14	SES007	-0.0222759	-9.7651	-9.74282
BLOCK17/SES173/SA173S14	SES162	-0.905578	-10.6484	-9.74282
BLOCK17/SES173/SA173S14	SES177	-0.0532494	-9.79607	-9.74282
BLOCK17/SES173/SA173S14	SES180	-0.380475	-10.1233	-9.74282
BLOCK17/SES173/SA173S24	SES144	-0.697185	-11.3438	-10.6466
BLOCK17/SES173/SA173S24	SES162	-0.788028	-11.4346	-10.6466
BLOCK17/SES173/SA173S24	SES177	0.0187578	-10.6278	-10.6466
BLOCK17/SES173/SA173S24	SES180	-0.623052	-11.2696	-10.6466
BLOCK17/SES173/SA173S27	SES162	-1.50772	-12.0201	-10.5124
BLOCK17/SES173/SA173S27	SES177	-0.321621	-10.834	-10.5124
BLOCK17/SES173/SA173S27	SES180	-0.874513	-11.3869	-10.5124
BLOCK17/SES173/SA173S27	SES292	0.411951	-10.1005	-10.5124
BLOCK17/SES173/SA173S29	SES162	-0.522881	-10.6223	-10.0994
BLOCK17/SES173/SA173S29	SES175	-0.0473213	-10.1467	-10.0994
BLOCK17/SES173/SA173S29	SES177	0.0428486	-10.0565	-10.0994
BLOCK17/SES173/SA173S29	SES292	-0.139807	-10.2392	-10.0994
BLOCK18/SES182/SA182S10	SES144	-0.576093	-10.2303	-9.65426
BLOCK18/SES182/SA182S10	SES177	-0.0431337	-9.69739	-9.65426
BLOCK18/SES182/SA182S10	SES180	-1.2218	-10.8761	-9.65426
BLOCK18/SES182/SA182S10	SES275	-0.830839	-10.4851	-9.65426
BLOCK18/SES182/SA182S12	SES144	-0.666879	-10.2085	-9.54158
BLOCK18/SES182/SA182S12	SES177	-0.0600119	-9.60159	-9.54158
BLOCK18/SES182/SA182S12	SES180	-1.27989	-10.8215	-9.54158
BLOCK18/SES182/SA182S12	SES275	-0.474936	-10.0165	-9.54158
BLOCK18/SES182/SA182S21	SES117	-0.412751	-11.5723	-11.1596
BLOCK18/SES182/SA182S21	SES144	-0.644122	-11.8037	-11.1596
BLOCK18/SES182/SA182S21	SES162	-0.139796	-11.2994	-11.1596
BLOCK18/SES182/SA182S21	SES180	-1.48898	-12.6485	-11.1596
BLOCK18/SES182/SA182S23	SES117	-0.617198	-12.5567	-11.9395
BLOCK18/SES182/SA182S23	SES144	-1.63031	-13.5698	-11.9395
BLOCK18/SES182/SA182S23	SES180	-2.08518	-14.0247	-11.9395
BLOCK18/SES182/SA182S23	SES275	-1.76433	-13.7038	-11.9395
BLOCK18/SES182/SA182S25	SES007	1.17839	-9.25763	-10.436
BLOCK18/SES182/SA182S25	SES162	0.390119	-10.0459	-10.436
BLOCK18/SES182/SA182S25	SES177	0.115313	-10.3207	-10.436
BLOCK18/SES182/SA182S25	SES180	-2.05792	-12.4939	-10.436
BLOCK18/SES184/SA184S12	SES177	-0.104146	-9.91343	-9.80928
BLOCK18/SES184/SA184S12	SES180	0.411448	-9.39783	-9.80928
BLOCK18/SES184/SA184S12	SES189	-0.749441	-10.5587	-9.80928
BLOCK18/SES184/SA184S12	SES292	0.226914	-9.58237	-9.80928
BLOCK18/SES184/SA184S13	SES101	-0.104163	-9.7231	-9.61893
BLOCK18/SES184/SA184S13	SES177	-0.0599089	-9.67884	-9.61893
BLOCK18/SES184/SA184S13	SES180	0.0353546	-9.58358	-9.61893
BLOCK18/SES184/SA184S13	SES292	-0.180812	-9.79975	-9.61893
BLOCK18/SES184/SA184S22	SES177	0.17162	-9.92753	-10.0992
BLOCK18/SES184/SA184S22	SES180	0.290731	-9.80842	-10.0992
BLOCK18/SES184/SA184S22	SES189	-0.78972	-10.8889	-10.0992
BLOCK18/SES184/SA184S22	SES292	-0.406229	-10.5054	-10.0992
BLOCK18/SES184/SA184S25	SES101	0.130022	-9.41687	-9.54689
BLOCK18/SES184/SA184S25	SES177	-0.282801	-9.82969	-9.54689
BLOCK18/SES184/SA184S25	SES180	0.20565	-9.34124	-9.54689
BLOCK18/SES184/SA184S25	SES292	0.0891485	-9.45774	-9.54689
BLOCK18/SES184/SA184S27	SES083	-0.744036	-10.161	-9.41694
BLOCK18/SES184/SA184S27	SES177	0.181976	-9.23496	-9.41694
BLOCK18/SES184/SA184S27	SES202	0.238029	-9.17891	-9.41694
BLOCK18/SES184/SA184S27	SES292	0.0112705	-9.40567	-9.41694
BLOCK20/SES204/SA204S12	SES062	-0.21717	-10.1926	-9.97544
BLOCK20/SES204/SA204S12	SES083	-0.231058	-10.2065	-9.97544
BLOCK20/SES204/SA204S12	SES206	0.418631	-9.55681	-9.97544
BLOCK20/SES204/SA204S12	SES226	-0.359116	-10.3346	-9.97544
BLOCK20/SES204/SA204S14	SES068	0.290504	-9.23338	-9.52388
BLOCK20/SES204/SA204S14	SES087	0.59369	-8.93019	-9.52388
BLOCK20/SES204/SA204S14	SES206	0.237026	-9.28686	-9.52388
BLOCK20/SES204/SA204S14	SES226	-0.386817	-9.9107	-9.52388
BLOCK20/SES204/SA204S22	SES068	0.616158	-9.29844	-9.91459
BLOCK20/SES204/SA204S22	SES082	0.612995	-9.3016	-9.91459
BLOCK20/SES204/SA204S22	SES083	-0.72725	-10.6418	-9.91459
BLOCK20/SES204/SA204S22	SES206	0.748927	-9.16567	-9.91459
BLOCK20/SES204/SA204S25	SES062	-0.0205326	-9.80157	-9.78104
BLOCK20/SES204/SA204S25	SES083	0.0181675	-9.76287	-9.78104
BLOCK20/SES204/SA204S25	SES206	0.491755	-9.28928	-9.78104
BLOCK20/SES204/SA204S25	SES226	-0.223851	-10.0049	-9.78104
BLOCK20/SES204/SA204S27	SES068	0.392348	-9.73322	-10.1256
BLOCK20/SES204/SA204S27	SES082	0.284211	-9.84136	-10.1256
BLOCK20/SES204/SA204S27	SES087	0.557639	-9.56793	-10.1256
BLOCK20/SES204/SA204S27	SES206	-0.442872	-10.5684	-10.1256
BLOCK20/SES207/SA207S10	SES127	-0.703671	-9.87914	-9.17547
BLOCK20/SES207/SA207S10	SES183	-0.338573	-9.51404	-9.17547
BLOCK20/SES207/SA207S10	SES189	0.269588	-8.90588	-9.17547
BLOCK20/SES207/SA207S10	SES292	-0.389065	-9.56453	-9.17547
BLOCK20/SES207/SA207S11	SES127	-1.01879	-10.7311	-9.71227
BLOCK20/SES207/SA207S11	SES183	-0.492759	-10.205	-9.71227
BLOCK20/SES207/SA207S11	SES187	-0.153525	-9.8658	-9.71227
BLOCK20/SES207/SA207S11	SES292	-0.0377007	-9.74997	-9.71227
BLOCK20/SES207/SA207S25	SES068	0.263733	-9.92365	-10.1874
BLOCK20/SES207/SA207S25	SES083	-0.682462	-10.8698	-10.1874
BLOCK20/SES207/SA207S25	SES127	0.196193	-9.99119	-10.1874
BLOCK20/SES207/SA207S25	SES187	0.0923557	-10.095	-10.1874
BLOCK20/SES207/SA207S27	SES127	-0.401011	-10.4959	-10.0949
BLOCK20/SES207/SA207S27	SES183	-0.721618	-10.8165	-10.0949
BLOCK20/SES207/SA207S27	SES187	-0.032918	-10.1278	-10.0949
BLOCK20/SES207/SA207S27	SES292	0.0446253	-10.0503	-10.0949
BLOCK20/SES207/SA207S29	SES083	-0.727944	-10.2781	-9.55013
BLOCK20/SES207/SA207S29	SES085	-0.37118	-9.92131	-9.55013
BLOCK20/SES207/SA207S29	SES172	0.148804	-9.40133	-9.55013
BLOCK20/SES207/SA207S29	SES189	-0.793404	-10.3435	-9.55013
BLOCK22/SES221/SA221S12	SES068	0.540045	-8.81457	-9.35462
BLOCK22/SES221/SA221S12	SES143	-0.294058	-9.64867	-9.35462
BLOCK22/SES221/SA221S12	SES175	-0.114707	-9.46932	-9.35462
BLOCK22/SES221/SA221S12	SES202	0.485324	-8.86929	-9.35462
BLOCK22/SES221/SA221S15	SES085	0.292807	-9.19037	-9.48318
BLOCK22/SES221/SA221S15	SES143	-0.366905	-9.85009	-9.48318
BLOCK22/SES221/SA221S15	SES175	0.10171	-9.38147	-9.48318
BLOCK22/SES221/SA221S15	SES187	-0.263383	-9.74656	-9.48318
BLOCK22/SES221/SA221S23	SES068	0.940929	-8.70018	-9.64111
BLOCK22/SES221/SA221S23	SES143	-0.498799	-10.1399	-9.64111
BLOCK22/SES221/SA221S23	SES175	-0.413465	-10.0546	-9.64111
BLOCK22/SES221/SA221S23	SES189	-0.461544	-10.1027	-9.64111
BLOCK22/SES221/SA221S27	SES085	0.375483	-9.4543	-9.82978
BLOCK22/SES221/SA221S27	SES143	-0.116438	-9.94622	-9.82978
BLOCK22/SES221/SA221S27	SES175	0.142589	-9.68719	-9.82978
BLOCK22/SES221/SA221S27	SES189	-0.607647	-10.4374	-9.82978
BLOCK22/SES221/SA221S29	SES085	1.12625	-8.5884	-9.71465
BLOCK22/SES221/SA221S29	SES143	0.197323	-9.51732	-9.71465
BLOCK22/SES221/SA221S29	SES175	0.299133	-9.41551	-9.71465
BLOCK22/SES221/SA221S29	SES187	-0.645686	-10.3603	-9.71465
BLOCK22/SES223/SA223S11	SES143	-0.070817	-9.96855	-9.89773
BLOCK22/SES223/SA223S11	SES144	-0.758131	-10.6559	-9.89773
BLOCK22/SES223/SA223S11	SES175	0.0896416	-9.80809	-9.89773
BLOCK22/SES223/SA223S11	SES187	-0.191249	-10.089	-9.89773
BLOCK22/SES223/SA223S13	SES068	0.68049	-9.09408	-9.77457
BLOCK22/SES223/SA223S13	SES143	-0.156055	-9.93062	-9.77457
BLOCK22/SES223/SA223S13	SES146	-0.0306692	-9.80524	-9.77457
BLOCK22/SES223/SA223S13	SES202	0.632117	-9.14245	-9.77457
BLOCK22/SES223/SA223S22	SES143	-0.230699	-9.94317	-9.71248
BLOCK22/SES223/SA223S22	SES144	-0.704005	-10.4165	-9.71248
BLOCK22/SES223/SA223S22	SES175	-0.0350599	-9.74754	-9.71248
BLOCK22/SES223/SA223S22	SES187	-0.441626	-10.1541	-9.71248
BLOCK22/SES223/SA223S25	SES068	0.0636311	-10.2085	-10.2721
BLOCK22/SES223/SA223S25	SES143	-0.271934	-10.544	-10.2721
BLOCK22/SES223/SA223S25	SES175	0.259621	-10.0125	-10.2721
BLOCK22/SES223/SA223S25	SES187	-0.210824	-10.4829	-10.2721
BLOCK22/SES223/SA223S27	SES143	0.648477	-10.0619	-10.7104
BLOCK22/SES223/SA223S27	SES146	-0.412436	-11.1228	-10.7104
BLOCK22/SES223/SA223S27	SES187	0.134294	-10.5761	-10.7104
BLOCK22/SES223/SA223S27	SES292	0.165143	-10.5452	-10.7104
BLOCK27/SES273/SA273S12	SES099	0.882869	-9.62539	-10.5083
BLOCK27/SES273/SA273S12	SES104	0.908944	-9.59932	-10.5083
BLOCK27/SES273/SA273S12	SES125	0.911359	-9.5969	-10.5083
BLOCK27/SES273/SA273S12	SES206	0.88855	-9.61971	-10.5083
BLOCK27/SES273/SA273S13	SES099	-0.780475	-10.1929	-9.41241
BLOCK27/SES273/SA273S13	SES104	-0.00430965	-9.41672	-9.41241
BLOCK27/SES273/SA273S13	SES206	-1.28496	-10.6974	-9.41241
BLOCK27/SES273/SA273S13	SES292	-0.0160341	-9.42845	-9.41241
BLOCK27/SES273/SA273S21	SES099	-0.279146	-10.0992	-9.82008
BLOCK27/SES273/SA273S21	SES148	-1.47053	-11.2906	-9.82008
BLOCK27/SES273/SA273S21	SES149	-0.317524	-10.1376	-9.82008
BLOCK27/SES273/SA273S21	SES177	-0.282293	-10.1024	-9.82008
BLOCK27/SES273/SA273S25	SES104	0.767044	-10.204	-10.9711
BLOCK27/SES273/SA273S25	SES125	0.527471	-10.4436	-10.9711
BLOCK27/SES273/SA273S25	SES158	1.16497	-9.80612	-10.9711
BLOCK27/SES273/SA273S25	SES206	0.632797	-10.3383	-10.9711
BLOCK27/SES273/SA273S27	SES099	-0.233331	-9.13335	-8.90002
BLOCK27/SES273/SA273S27	SES104	0.174569	-8.72545	-8.90002
BLOCK27/SES273/SA273S27	SES149	0.0419044	-8.85812	-8.90002
BLOCK27/SES273/SA273S27	SES275	-0.36237	-9.26239	-8.90002
BLOCK27/SES274/SA274S10	SES105	-0.57715	-9.49381	-8.91666
BLOCK27/SES274/SA274S10	SES125	-1.08789	-10.0045	-8.91666
BLOCK27/SES274/SA274S10	SES129	0.982815	-7.93384	-8.91666
BLOCK27/SES274/SA274S10	SES158	-0.885227	-9.80189	-8.91666
BLOCK27/SES274/SA274S11	SES105	-0.44347	-9.4121	-8.96863
BLOCK27/SES274/SA274S11	SES149	-0.0820694	-9.0507	-8.96863
BLOCK27/SES274/SA274S11	SES158	-0.48326	-9.45189	-8.96863
BLOCK27/SES274/SA274S11	SES275	-0.226778	-9.19541	-8.96863
BLOCK27/SES274/SA274S21	SES105	-0.105751	-9.46274	-9.35699
BLOCK27/SES274/SA274S21	SES129	0.179712	-9.17727	-9.35699
BLOCK27/SES274/SA274S21	SES149	-0.310983	-9.66797	-9.35699
BLOCK27/SES274/SA274S21	SES158	-0.886849	-10.2438	-9.35699
BLOCK27/SES274/SA274S24	SES105	-0.490019	-10.4333	-9.94327
BLOCK27/SES274/SA274S24	SES129	0.567941	-9.37533	-9.94327
BLOCK27/SES274/SA274S24	SES149	-0.716497	-10.6598	-9.94327
BLOCK27/SES274/SA274S24	SES158	-0.819967	-10.7632	-9.94327
BLOCK27/SES274/SA274S29	SES105	-0.301545	-10.0044	-9.70285
BLOCK27/SES274/SA274S29	SES106	-0.525696	-10.2285	-9.70285
BLOCK27/SES274/SA274S29	SES120	0.125287	-9.57756	-9.70285
BLOCK27/SES274/SA274S29	SES275	-0.318734	-10.0216	-9.70285
BLOCK27/SES276/SA276S16	SES148	-0.259789	-9.77628	-9.51649
BLOCK27/SES276/SA276S16	SES172	0.480659	-9.03583	-9.51649
BLOCK27/SES276/SA276S16	SES180	0.438951	-9.07754	-9.51649
BLOCK27/SES276/SA276S16	SES292	0.409502	-9.10699	-9.51649
BLOCK27/SES276/SA276S17	SES101	0.107594	-9.77675	-9.88434
BLOCK27/SES276/SA276S17	SES177	-0.103299	-9.98764	-9.88434
BLOCK27/SES276/SA276S17	SES180	0.142403	-9.74194	-9.88434
BLOCK27/SES276/SA276S17	SES292	-0.14178	-10.0261	-9.88434
BLOCK27/SES276/SA276S24	SES101	0.507674	-8.74327	-9.25095
BLOCK27/SES276/SA276S24	SES177	0.346177	-8.90477	-9.25095
BLOCK27/SES276/SA276S24	SES180	0.100015	-9.15093	-9.25095
BLOCK27/SES276/SA276S24	SES292	-0.122301	-9.37325	-9.25095
BLOCK27/SES276/SA276S26	SES101	0.106407	-8.91602	-9.02243
BLOCK27/SES276/SA276S26	SES177	-0.0252523	-9.04768	-9.02243
BLOCK27/SES276/SA276S26	SES180	-0.0221901	-9.04462	-9.02243
BLOCK27/SES276/SA276S26	SES292	0.0595512	-8.96288	-9.02243
BLOCK27/SES276/SA276S28	SES101	0.225281	-8.82039	-9.04567
BLOCK27/SES276/SA276S28	SES177	-0.0815592	-9.12723	-9.04567
BLOCK27/SES276/SA276S28	SES180	0.469078	-8.57659	-9.04567
BLOCK27/SES276/SA276S28	SES292	0.159566	-8.88611	-9.04567
BLOCK27/SES277/SA277S12	SES101	0.405005	-10.4592	-10.8642
BLOCK27/SES277/SA277S12	SES177	-0.371757	-11.236	-10.8642
BLOCK27/SES277/SA277S12	SES180	-0.295286	-11.1595	-10.8642
BLOCK27/SES277/SA277S12	SES292	-0.176826	-11.041	-10.8642
BLOCK27/SES277/SA277S14	SES177	-0.241822	-11.1914	-10.9495
BLOCK27/SES277/SA277S14	SES180	-0.676836	-11.6264	-10.9495
BLOCK27/SES277/SA277S14	SES189	0.362672	-10.5869	-10.9495
BLOCK27/SES277/SA277S14	SES292	-0.611197	-11.5607	-10.9495
BLOCK27/SES277/SA277S21	SES177	-0.0943508	-10.4593	-10.3649
BLOCK27/SES277/SA277S21	SES180	0.056428	-10.3085	-10.3649
BLOCK27/SES277/SA277S21	SES189	0.286934	-10.078	-10.3649
BLOCK27/SES277/SA277S21	SES292	-0.680943	-11.0459	-10.3649
BLOCK27/SES277/SA277S24	SES144	0.438342	-10.6533	-11.0917
BLOCK27/SES277/SA277S24	SES177	-0.248888	-11.3405	-11.0917
BLOCK27/SES277/SA277S24	SES180	-0.937746	-12.0294	-11.0917
BLOCK27/SES277/SA277S24	SES189	0.505332	-10.5863	-11.0917
BLOCK27/SES277/SA277S29	SES177	0.148547	-8.70193	-8.85048
BLOCK27/SES277/SA277S29	SES180	-0.228859	-9.07934	-8.85048
BLOCK27/SES277/SA277S29	SES202	0.258872	-8.59161	-8.85048
BLOCK27/SES277/SA277S29	SES292	-0.638108	-9.48859	-8.85048
BLOCK27/SES279/SA279S09	SES120	0.22566	-9.54796	-9.77362
BLOCK27/SES279/SA279S09	SES146	0.0389776	-9.73464	-9.77362
BLOCK27/SES279/SA279S09	SES206	0.471376	-9.30224	-9.77362
BLOCK27/SES279/SA279S09	SES226	-0.389305	-10.1629	-9.77362
BLOCK27/SES279/SA279S10	SES099	0.447782	-9.8707	-10.3185
BLOCK27/SES279/SA279S10	SES206	-0.103095	-10.4216	-10.3185
BLOCK27/SES279/SA279S10	SES226	-0.861827	-11.1803	-10.3185
BLOCK27/SES279/SA279S10	SES292	0.103182	-10.2153	-10.3185
BLOCK27/SES279/SA279S20	SES099	-0.149175	-10.8586	-10.7094
BLOCK27/SES279/SA279S20	SES206	0.0451355	-10.6643	-10.7094
BLOCK27/SES279/SA279S20	SES226	-0.476869	-11.1863	-10.7094
BLOCK27/SES279/SA279S20	SES292	-0.0682878	-10.7777	-10.7094
BLOCK27/SES279/SA279S26	SES099	1.69413	-9.99302	-11.6871
BLOCK27/SES279/SA279S26	SES206	1.1647	-10.5225	-11.6871
BLOCK27/SES279/SA279S26	SES226	0.127109	-11.56	-11.6871
BLOCK27/SES279/SA279S26	SES292	0.498847	-11.1883	-11.6871
BLOCK27/SES279/SA279S28	SES099	0.26617	-9.0872	-9.35337
BLOCK27/SES279/SA279S28	SES120	0.161492	-9.19188	-9.35337
BLOCK27/SES279/SA279S28	SES177	-0.381083	-9.73446	-9.35337
BLOCK27/SES279/SA279S28	SES206	-0.258089	-9.61146	-9.35337
BLOCK29/SES290/SA290S12	SES162	0.467421	-8.54171	-9.00913
BLOCK29/SES290/SA290S12	SES177	0.434016	-8.57511	-9.00913
BLOCK29/SES290/SA290S12	SES180	0.193892	-8.81524	-9.00913
BLOCK29/SES290/SA290S12	SES292	-0.284156	-9.29329	-9.00913
BLOCK29/SES290/SA290S13	SES007	0.798038	-8.44889	-9.24693
BLOCK29/SES290/SA290S13	SES162	-0.105045	-9.35197	-9.24693
BLOCK29/SES290/SA290S13	SES177	0.215497	-9.03143	-9.24693
BLOCK29/SES290/SA290S13	SES180	0.283917	-8.96301	-9.24693
BLOCK29/SES290/SA290S22	SES177	0.109729	-8.89142	-9.00115
BLOCK29/SES290/SA290S22	SES180	0.253578	-8.74757	-9.00115
BLOCK29/SES290/SA290S22	SES202	0.371306	-8.62984	-9.00115
BLOCK29/SES290/SA290S22	SES292	0.00360394	-8.99754	-9.00115
BLOCK29/SES290/SA290S25	SES162	0.22599	-9.38112	-9.60711
BLOCK29/SES290/SA290S25	SES177	0.572014	-9.03509	-9.60711
BLOCK29/SES290/SA290S25	SES180	0.666438	-8.94067	-9.60711
BLOCK29/SES290/SA290S25	SES292	0.000688553	-9.60642	-9.60711
BLOCK29/SES290/SA290S29	SES177	0.39746	-8.36969	-8.76715
BLOCK29/SES290/SA290S29	SES180	0.425968	-8.34118	-8.76715
BLOCK29/SES290/SA290S29	SES275	-0.118842	-8.88599	-8.76715
BLOCK29/SES290/SA290S29	SES292	-0.039691	-8.80684	-8.76715
BLOCK29/SES291/SA291S11	SES105	-0.0685396	-10.7263	-10.6578
BLOCK29/SES291/SA291S11	SES125	0.518159	-10.1396	-10.6578
BLOCK29/SES291/SA291S11	SES158	0.0479164	-10.6099	-10.6578
BLOCK29/SES291/SA291S11	SES275	-0.166451	-10.8243	-10.6578
BLOCK29/SES291/SA291S12	SES158	1.18063	-9.90914	-11.0898
BLOCK29/SES291/SA291S12	SES226	-0.690139	-11.7799	-11.0898
BLOCK29/SES291/SA291S12	SES270	-0.349044	-11.4388	-11.0898
BLOCK29/SES291/SA291S12	SES275	-1.39391	-12.4837	-11.0898
BLOCK29/SES291/SA291S22	SES082	0.124093	-9.87725	-10.0013
BLOCK29/SES291/SA291S22	SES158	0.413305	-9.58804	-10.0013
BLOCK29/SES291/SA291S22	SES259	0.211488	-9.78986	-10.0013
BLOCK29/SES291/SA291S22	SES275	-1.41176	-11.4131	-10.0013
BLOCK29/SES291/SA291S24	SES104	0.58232	-9.40765	-9.98997
BLOCK29/SES291/SA291S24	SES125	0.366863	-9.62311	-9.98997
BLOCK29/SES291/SA291S24	SES158	0.50424	-9.48573	-9.98997
BLOCK29/SES291/SA291S24	SES275	-0.680251	-10.6702	-9.98997
BLOCK29/SES291/SA291S27	SES158	0.579875	-9.24384	-9.82372
BLOCK29/SES291/SA291S27	SES172	-0.168703	-9.99242	-9.82372
BLOCK29/SES291/SA291S27	SES275	-0.678006	-10.5017	-9.82372
BLOCK29/SES291/SA291S27	SES292	0.124294	-9.69942	-9.82372
Threshold search:
THR	-5.59410809521	9	0(0)	1(1000)
THR	-5.5131559142579	8.991	0(0)	0.999(999)
THR	-5.4322037333058	8.991	0(0)	0.999(999)
THR	-5.3512515523537	8.991	0(0)	0.999(999)
THR	-5.2702993714016	8.991	0(0)	0.999(999)
THR	-5.1893471904495	8.991	0(0)	0.999(999)
THR	-5.1083950094974	8.991	0(0)	0.999(999)
THR	-5.0274428285453	8.991	0(0)	0.999(999)
THR	-4.9464906475932	8.991	0(0)	0.999(999)
THR	-4.8655384666411	8.991	0(0)	0.999(999)
THR	-4.784586285689	8.991	0(0)	0.999(999)
THR	-4.7036341047369	8.991	0(0)	0.999(999)
THR	-4.6226819237848	8.991	0(0)	0.999(999)
THR	-4.5417297428327	8.991	0(0)	0.999(999)
THR	-4.4607775618806	8.991	0(0)	0.999(999)
THR	-4.3798253809285	8.991	0(0)	0.999(999)
THR	-4.29887319997639	8.991	0(0)	0.999(999)
THR	-4.21792101902429	8.991	0(0)	0.999(999)
THR	-4.13696883807219	8.991	0(0)	0.999(999)
THR	-4.05601665712009	8.991	0(0)	0.999(999)
THR	-3.97506447616799	8.991	0(0)	0.999(999)
THR	-3.89411229521589	8.991	0(0)	0.999(999)
THR	-3.81316011426379	8.991	0(0)	0.999(999)
THR	-3.73220793331169	8.991	0(0)	0.999(999)
THR	-3.65125575235959	8.991	0(0)	0.999(999)
THR	-3.57030357140749	8.991	0(0)	0.999(999)
THR	-3.48935139045539	8.991	0(0)	0.999(999)
THR	-3.40839920950329	8.991	0(0)	0.999(999)
THR	-3.3274470285512	8.991	0(0)	0.999(999)
THR	-3.2464948475991	8.991	0(0)	0.999(999)
THR	-3.165542666647	8.991	0(0)	0.999(999)
THR	-3.0845904856949	8.991	0(0)	0.999(999)
THR	-3.0036383047428	8.982	0(0)	0.998(998)
THR	-2.9226861237907	8.982	0(0)	0.998(998)
THR	-2.8417339428386	8.982	0(0)	0.998(998)
THR	-2.7607817618865	8.982	0(0)	0.998(998)
THR	-2.6798295809344	8.973	0(0)	0.997(997)
THR	-2.5988773999823	8.973	0(0)	0.997(997)
THR	-2.5179252190302	8.964	0(0)	0.996(996)
THR	-2.4369730380781	8.964	0(0)	0.996(996)
THR	-2.356020857126	8.964	0(0)	0.996(996)
THR	-2.2750686761739	8.955	0(0)	0.995(995)
THR	-2.1941164952218	8.955	0(0)	0.995(995)
THR	-2.1131643142697	8.937	0(0)	0.993(993)
THR	-2.0322121333176	8.919	0(0)	0.991(991)
THR	-1.9512599523655	8.901	0(0)	0.989(989)
THR	-1.8703077714134	8.865	0(0)	0.985(985)
THR	-1.7893555904613	8.856	0(0)	0.984(984)
THR	-1.7084034095092	8.847	0(0)	0.983(983)
THR	-1.6274512285571	8.748	0(0)	0.972(972)
THR	-1.546499047605	8.721	0(0)	0.969(969)
THR	-1.4655468666529	8.631	0(0)	0.959(959)
THR	-1.3845946857008	8.586	0(0)	0.954(954)
THR	-1.3036425047487	8.532	0(0)	0.948(948)
THR	-1.2226903237966	8.46	0(0)	0.94(940)
THR	-1.1417381428445	8.406	0(0)	0.934(934)
THR	-1.0607859618924	8.334	0(0)	0.926(926)
THR	-0.979833780940296	8.248	0.004(1)	0.916(916)
THR	-0.898881599988196	8.104	0.004(1)	0.9(900)
THR	-0.817929419036096	7.924	0.004(1)	0.88(880)
THR	-0.736977238083996	7.69	0.004(1)	0.854(854)
THR	-0.656025057131896	7.393	0.004(1)	0.821(821)
THR	-0.575072876179796	7.096	0.004(1)	0.788(788)
THR	-0.494120695227696	6.754	0.004(1)	0.75(750)
THR	-0.413168514275596	6.457	0.004(1)	0.717(717)
THR	-0.332216333323496	6.034	0.004(1)	0.67(670)
THR	-0.251264152371396	5.55	0.024(6)	0.614(614)
THR	-0.170311971419296	5.082	0.024(6)	0.562(562)
THR	-0.0893597904671957	4.519	0.028(7)	0.499(499)
THR	-0.00840760951509564	3.973	0.04(10)	0.437(437)
THR	0.0725445714370044	3.476	0.056(14)	0.38(380)
THR	0.153496752389104	2.884	0.076(19)	0.312(312)
THR	0.234448933341204	2.426	0.104(26)	0.258(258)
THR	0.315401114293304	2.032	0.124(31)	0.212(212)
THR	0.396353295245404	1.8	0.18(45)	0.18(180)
THR	0.477305476197504	1.526	0.248(62)	0.142(142)
THR	0.558257657149604	1.235	0.308(77)	0.103(103)
THR	0.639209838101704	1.067	0.392(98)	0.075(75)
THR	0.720162019053804	1.03	0.472(118)	0.062(62)
THR	0.801114200005904	0.947	0.524(131)	0.047(47)
THR	0.882066380958004	0.965	0.632(158)	0.037(37)
THR	0.963018561910104	0.966	0.732(183)	0.026(26)
THR	1.0439707428622	0.994	0.796(199)	0.022(22)
THR	1.1249229238143	0.967	0.832(208)	0.015(15)
THR	1.2058751047664	0.913	0.868(217)	0.005(5)
THR	1.2868272857185	0.936	0.9(225)	0.004(4)
THR	1.3677794666706	0.96	0.924(231)	0.004(4)
THR	1.44873164762271	0.971	0.944(236)	0.003(3)
THR	1.52968382857481	0.974	0.956(239)	0.002(2)
THR	1.61063600952691	0.982	0.964(241)	0.002(2)
THR	1.69158819047901	0.977	0.968(242)	0.001(1)
THR	1.77254037143111	0.976	0.976(244)	0(0)
THR	1.85349255238321	0.976	0.976(244)	0(0)
THR	1.93444473333531	0.976	0.976(244)	0(0)
THR	2.01539691428741	0.984	0.984(246)	0(0)
THR	2.09634909523951	0.988	0.988(247)	0(0)
THR	2.17730127619161	0.988	0.988(247)	0(0)
THR	2.25825345714371	0.992	0.992(248)	0(0)
THR	2.33920563809581	0.996	0.996(249)	0(0)
THR	2.42015781904791	0.996	0.996(249)	0(0)
THR	2.50111000000001	1	1(250)	0(0)


==============================================
THR: 1.2058751047664
Missed:     217/250=0.8680
FalseAlarm: 5/1000=0.0050
----------------------------------------------
==> CostDetection: 91.3
==============================================
